2025-06-10 23:13:56,371 - INFO - π€ λ„¤μ΄λ²„ λ‰΄μ¤ ν¬λ΅¤λ¬ μ‹μ‘
2025-06-10 23:13:56,371 - INFO - β° μ‹μ‘ μ‹κ°„: 2025-06-10 23:13:56
2025-06-10 23:13:56,371 - INFO - --------------------------------------------------
2025-06-10 23:13:57,543 - INFO - ================================
2025-06-10 23:13:57,543 - INFO - π“„ 20240601λ¶€ν„° 20240607κΉμ§€μ λ‰΄μ¤ μμ§‘ μ‹μ‘
2025-06-10 23:13:57,543 - INFO - π μ ‘μ† URL: https://search.naver.com/search.naver?where=news&query="λ…Έν‚¤μ¦μ΅΄"&nso=so:r,p:from20240601to20240607,a:all&start=1&service_area=1&office_category=3
2025-06-10 23:14:00,788 - INFO - === π” νμ΄μ§€ λ””λ²„κΉ… μ‹μ‘ ===
2025-06-10 23:14:00,806 - INFO - β… #main_pack μ΅΄μ¬
2025-06-10 23:14:00,813 - INFO - π“¦ div[class*='news']: 1κ° λ°κ²¬
2025-06-10 23:14:00,821 - INFO -     ν΄λμ¤: news_option
2025-06-10 23:14:00,826 - INFO - π“¦ div[class*='group']: 20κ° λ°κ²¬
2025-06-10 23:14:00,830 - INFO -     ν΄λμ¤: header_group
2025-06-10 23:14:00,835 - INFO - π“¦ div[class*='api']: 17κ° λ°κ²¬
2025-06-10 23:14:00,839 - INFO -     ν΄λμ¤: api_floating_header
2025-06-10 23:14:00,843 - INFO - π“¦ div[class*='subject']: 3κ° λ°κ²¬
2025-06-10 23:14:00,846 - INFO -     ν΄λμ¤: api_subject_bx
2025-06-10 23:14:00,851 - INFO - π“¦ div[class*='area']: 38κ° λ°κ²¬
2025-06-10 23:14:00,854 - INFO -     ν΄λμ¤: search_area
2025-06-10 23:14:00,858 - INFO - π“¦ div[class*='wrap']: 33κ° λ°κ²¬
2025-06-10 23:14:00,862 - INFO -     ν΄λμ¤: gnb_wrap
2025-06-10 23:14:00,865 - INFO - π“¦ div[class*='item']: 4κ° λ°κ²¬
2025-06-10 23:14:00,868 - INFO -     ν΄λμ¤: item_title
2025-06-10 23:14:00,881 - INFO - π“¦ div[class*='list']: 13κ° λ°κ²¬
2025-06-10 23:14:00,884 - INFO -     ν΄λμ¤: mod_list_option_filter
2025-06-10 23:14:00,890 - INFO - === π“ λ§ν¬ μ”μ† λ¶„μ„ ===
2025-06-10 23:14:00,894 - INFO - π”— a[href*='news.naver.com']: 2κ°
2025-06-10 23:14:00,912 - INFO - === π·οΈ λ¨λ“  λ§ν¬ ν΄λμ¤λ… λ¶„μ„ ===
2025-06-10 23:14:01,011 - INFO - μ΄ 314κ°μ λ§ν¬ λ°κ²¬
2025-06-10 23:14:01,012 - INFO - === π― λ‰΄μ¤ μΉ΄λ“ νƒμ§€ μ‹μ‘ (νμ΄μ§€ 1) ===
2025-06-10 23:14:01,018 - INFO - β λ” μ΄μƒ λ‰΄μ¤κ°€ μ—†μµλ‹λ‹¤ (νμ΄μ§€ 1)
2025-06-10 23:14:01,018 - INFO - π“… 20240601 to 20240607 μμ§‘ μ™„λ£
2025-06-10 23:14:01,019 - INFO - ================================
2025-06-10 23:14:01,019 - INFO - π“„ 20240608λ¶€ν„° 20240614κΉμ§€μ λ‰΄μ¤ μμ§‘ μ‹μ‘
2025-06-10 23:14:01,019 - INFO - π μ ‘μ† URL: https://search.naver.com/search.naver?where=news&query="λ…Έν‚¤μ¦μ΅΄"&nso=so:r,p:from20240608to20240614,a:all&start=1&service_area=1&office_category=3
2025-06-10 23:14:04,206 - INFO - === π― λ‰΄μ¤ μΉ΄λ“ νƒμ§€ μ‹μ‘ (νμ΄μ§€ 1) ===
2025-06-10 23:14:04,230 - INFO - β… 10κ°μ λ‰΄μ¤ μΉ΄λ“ λ°κ²¬!
2025-06-10 23:14:04,230 - INFO - --- π“° λ‰΄μ¤ 1 μ²λ¦¬ μ¤‘ (νμ΄μ§€ 1) ---
2025-06-10 23:14:04,270 - INFO -         λ„¤μ΄λ²„ URL: https://n.news.naver.com/mnews/article/018/0005762566?sid=102
2025-06-10 23:14:04,270 - INFO -         μ›λ³Έ URL: http://www.edaily.co.kr/news/newspath.asp?newsid=01256246638921392
2025-06-10 23:14:04,296 - INFO -     β… μ¶”μ¶ μ™„λ£: β€λ…Έμ¤λ§μ΅΄β€™ ν—¬μ¤μ¥ μ‚¬μ¥ β€νƒμμ‹¤μ„ λ€λ³€κΉμ§€ λ³Έ κ³ κ°β€¦... | μ΄λ°μΌλ¦¬ | 2024.06.13.
2025-06-10 23:14:04,297 - INFO - --- π“° λ‰΄μ¤ 2 μ²λ¦¬ μ¤‘ (νμ΄μ§€ 1) ---
2025-06-10 23:14:04,315 - INFO -         λ„¤μ΄λ²„ URL: https://n.news.naver.com/mnews/article/277/0005430069?sid=102
2025-06-10 23:14:04,316 - INFO -         μ›λ³Έ URL: https://view.asiae.co.kr/article/2024061110211904655
2025-06-10 23:14:04,334 - INFO -     β… μ¶”μ¶ μ™„λ£: "κ³µμ§ μΆ‹μ•„ν•κ³  μ–΄λ”κ°€λ“  μ•λ¨ΉμΌλ©΄ μ•„μ¤λ§"β€¦ν—¬μ¤μ¥μ— λ‚΄... | μ•„μ‹μ•„κ²½μ  | 2024.06.11.
2025-06-10 23:14:04,334 - INFO - --- π“° λ‰΄μ¤ 3 μ²λ¦¬ μ¤‘ (νμ΄μ§€ 1) ---
2025-06-10 23:14:04,352 - INFO -         λ„¤μ΄λ²„ URL: https://n.news.naver.com/mnews/article/009/0005316896?sid=101
2025-06-10 23:14:04,352 - INFO -         μ›λ³Έ URL: https://www.mk.co.kr/article/11038212
2025-06-10 23:14:04,370 - INFO -     β… μ¶”μ¶ μ™„λ£: β€μ• κ°™μ€ μ–΄λ¥Έλ„ μ‚¬μ β€β€¦β€λ…Έ ν‚¤μ¦ μ΅΄β€™ μ•„λ‹ β€λ…Έ μ ... | λ§¤μΌκ²½μ  | 2024.06.11.
2025-06-10 23:14:04,370 - INFO - --- π“° λ‰΄μ¤ 4 μ²λ¦¬ μ¤‘ (νμ΄μ§€ 1) ---
2025-06-10 23:14:04,388 - INFO -         λ„¤μ΄λ²„ URL: https://n.news.naver.com/mnews/article/008/0005049995?sid=102
2025-06-10 23:14:04,388 - INFO -         μ›λ³Έ URL: http://news.mt.co.kr/mtview.php?no=2024061309160083706
2025-06-10 23:14:04,406 - INFO -     β… μ¶”μ¶ μ™„λ£: ν™”μ¥μ‹¤ λ‘κ³  λ°¥μƒ μ•μ—μ„ 'μ‰¬~'β€¦μ†λ³€ ννΈλ³‘ λ²„λ¦¬κ³  ... | λ¨Έλ‹ν¬λ°μ΄ | 2024.06.13.
2025-06-10 23:14:04,406 - INFO - --- π“° λ‰΄μ¤ 5 μ²λ¦¬ μ¤‘ (νμ΄μ§€ 1) ---
2025-06-10 23:14:04,425 - INFO -         λ„¤μ΄λ²„ URL: https://n.news.naver.com/mnews/article/277/0005431143?sid=102
2025-06-10 23:14:04,425 - INFO -         μ›λ³Έ URL: https://view.asiae.co.kr/article/2024061308290370668
2025-06-10 23:14:04,446 - INFO -     β… μ¶”μ¶ μ™„λ£: "λ“λΌμ΄κΈ° ν›”μΉκ³  νƒμμ‹¤μ„ λ€λ³€λ„"β€¦'λ…Έμ¤λ§' ν—¬μ¤μ¥μ... | μ•„μ‹μ•„κ²½μ  | 2024.06.13.
2025-06-10 23:14:04,446 - INFO - --- π“° λ‰΄μ¤ 6 μ²λ¦¬ μ¤‘ (νμ΄μ§€ 1) ---
2025-06-10 23:14:04,466 - INFO -         λ„¤μ΄λ²„ URL: https://n.news.naver.com/mnews/article/016/0002320159?sid=102
2025-06-10 23:14:04,466 - INFO -         μ›λ³Έ URL: https://news.heraldcorp.com/view.php?ud=20240611050255
2025-06-10 23:14:04,487 - INFO -     β… μ¶”μ¶ μ™„λ£: β€μ•„μ¤λ§ μ¶μ…κΈμ§€, β€μ°μ•„ν• μ—¬μ„±β€™λ§ μ¶μ…β€β€¦ν—¬μ¤μ¥ μ•... | ν—¤λ΄λ“κ²½μ  | 2024.06.11.
2025-06-10 23:14:04,487 - INFO - --- π“° λ‰΄μ¤ 7 μ²λ¦¬ μ¤‘ (νμ΄μ§€ 1) ---
2025-06-10 23:14:04,506 - INFO -         λ„¤μ΄λ²„ URL: https://n.news.naver.com/mnews/article/029/0002879352?sid=102
2025-06-10 23:14:04,506 - INFO -         μ›λ³Έ URL: https://www.dt.co.kr/contents.html?article_no=2024061102109919607005&ref=naver
2025-06-10 23:14:04,526 - INFO -     β… μ¶”μ¶ μ™„λ£: `μ•„μ¤λ§ μ¶μ…κΈμ§€` μ•λ‚΄λ¬Έ λ¶™μΈ ν—¬μ¤μ¥ β€μ°μ•„ν• μ—¬μ„±λ§... | λ””μ§€ν„Ένƒ€μ„μ¤ | 2024.06.11.
2025-06-10 23:14:04,526 - INFO - --- π“° λ‰΄μ¤ 8 μ²λ¦¬ μ¤‘ (νμ΄μ§€ 1) ---
2025-06-10 23:14:04,544 - INFO -         λ„¤μ΄λ²„ URL: https://n.news.naver.com/mnews/article/014/0005197531?sid=102
2025-06-10 23:14:04,544 - INFO -         μ›λ³Έ URL: http://www.fnnews.com/news/202406110921522287
2025-06-10 23:14:04,562 - INFO -     β… μ¶”μ¶ μ™„λ£: 'μ•„μ¤λ§ μ¶μ…κΈμ§€, κµμ–‘ μλ” μ—¬μ„±λ§ κ°€λ¥'..ν—¬μ¤μ¥μ—... | νμ΄λ‚Έμ…λ‰΄μ¤ | 2024.06.11.
2025-06-10 23:14:04,565 - INFO - --- π“° λ‰΄μ¤ 9 μ²λ¦¬ μ¤‘ (νμ΄μ§€ 1) ---
2025-06-10 23:14:04,581 - INFO -         λ„¤μ΄λ²„ URL: https://n.news.naver.com/mnews/article/008/0005048829?sid=102
2025-06-10 23:14:04,581 - INFO -         μ›λ³Έ URL: http://news.mt.co.kr/mtview.php?no=2024061107090643377
2025-06-10 23:14:04,599 - INFO -     β… μ¶”μ¶ μ™„λ£: "μ•„μ¤λ§ NO, μ°μ•„ν• μ—¬μ„±λ§"β€¦ν™©λ‹Ή μ•λ‚΄λ¬Έ λ¶™μΈ ν—¬μ¤... | λ¨Έλ‹ν¬λ°μ΄ | 2024.06.11.
2025-06-10 23:14:04,599 - INFO - --- π“° λ‰΄μ¤ 10 μ²λ¦¬ μ¤‘ (νμ΄μ§€ 1) ---
2025-06-10 23:14:04,617 - INFO -         λ„¤μ΄λ²„ URL: https://n.news.naver.com/mnews/article/277/0005429878?sid=102
2025-06-10 23:14:04,617 - INFO -         μ›λ³Έ URL: https://view.asiae.co.kr/article/2024061106464932188
2025-06-10 23:14:04,637 - INFO -     β… μ¶”μ¶ μ™„λ£: ν–‰λ³µμ§€μ μƒμΉλ¥  1μ„ μ„±λ™κµ¬...2023μ„μΈμ„λ² μ΄ κ²°κ³Ό... | μ•„μ‹μ•„κ²½μ  | 2024.06.11.
2025-06-10 23:14:04,637 - INFO - π“„ νμ΄μ§€ 1 μ™„λ£
2025-06-10 23:14:06,642 - INFO - π μ ‘μ† URL: https://search.naver.com/search.naver?where=news&query="λ…Έν‚¤μ¦μ΅΄"&nso=so:r,p:from20240608to20240614,a:all&start=11&service_area=1&office_category=3
2025-06-10 23:14:09,763 - INFO - === π― λ‰΄μ¤ μΉ΄λ“ νƒμ§€ μ‹μ‘ (νμ΄μ§€ 2) ===
2025-06-10 23:14:09,786 - INFO - β… 3κ°μ λ‰΄μ¤ μΉ΄λ“ λ°κ²¬!
2025-06-10 23:14:09,786 - INFO - --- π“° λ‰΄μ¤ 1 μ²λ¦¬ μ¤‘ (νμ΄μ§€ 2) ---
2025-06-10 23:14:09,815 - INFO -         λ„¤μ΄λ²„ URL: https://n.news.naver.com/mnews/article/008/0005049995?sid=102
2025-06-10 23:14:09,815 - INFO -         μ›λ³Έ URL: http://news.mt.co.kr/mtview.php?no=2024061309160083706
2025-06-10 23:14:09,837 - INFO -     β… μ¶”μ¶ μ™„λ£: ν™”μ¥μ‹¤ λ‘κ³  λ°¥μƒ μ•μ—μ„ 'μ‰¬~'β€¦μ†λ³€ ννΈλ³‘ λ²„λ¦¬κ³  ... | λ¨Έλ‹ν¬λ°μ΄ | 2024.06.13.
2025-06-10 23:14:09,837 - INFO - --- π“° λ‰΄μ¤ 2 μ²λ¦¬ μ¤‘ (νμ΄μ§€ 2) ---
2025-06-10 23:14:09,857 - INFO -         λ„¤μ΄λ²„ URL: https://n.news.naver.com/mnews/article/008/0005048829?sid=102
2025-06-10 23:14:09,857 - INFO -         μ›λ³Έ URL: http://news.mt.co.kr/mtview.php?no=2024061107090643377
2025-06-10 23:14:09,877 - INFO -     β… μ¶”μ¶ μ™„λ£: "μ•„μ¤λ§ NO, μ°μ•„ν• μ—¬μ„±λ§"β€¦ν™©λ‹Ή μ•λ‚΄λ¬Έ λ¶™μΈ ν—¬μ¤... | λ¨Έλ‹ν¬λ°μ΄ | 2024.06.11.
2025-06-10 23:14:09,877 - INFO - --- π“° λ‰΄μ¤ 3 μ²λ¦¬ μ¤‘ (νμ΄μ§€ 2) ---
2025-06-10 23:14:09,895 - INFO -         λ„¤μ΄λ²„ URL: https://n.news.naver.com/mnews/article/277/0005429878?sid=102
2025-06-10 23:14:09,895 - INFO -         μ›λ³Έ URL: https://view.asiae.co.kr/article/2024061106464932188
2025-06-10 23:14:09,913 - INFO -     β… μ¶”μ¶ μ™„λ£: ν–‰λ³µμ§€μ μƒμΉλ¥  1μ„ μ„±λ™κµ¬...2023μ„μΈμ„λ² μ΄ κ²°κ³Ό... | μ•„μ‹μ•„κ²½μ  | 2024.06.11.
2025-06-10 23:14:09,913 - INFO - π“„ νμ΄μ§€ 2 μ™„λ£
2025-06-10 23:14:11,916 - INFO - β… 20240608 to 20240614 λ‰΄μ¤ μμ§‘ μ™„λ£
2025-06-10 23:14:11,917 - INFO - π“… 20240608 to 20240614 μμ§‘ μ™„λ£
2025-06-10 23:14:11,917 - INFO - ================================
2025-06-10 23:14:11,917 - INFO - π“„ 20240615λ¶€ν„° 20240621κΉμ§€μ λ‰΄μ¤ μμ§‘ μ‹μ‘
2025-06-10 23:14:11,918 - INFO - π μ ‘μ† URL: https://search.naver.com/search.naver?where=news&query="λ…Έν‚¤μ¦μ΅΄"&nso=so:r,p:from20240615to20240621,a:all&start=1&service_area=1&office_category=3
2025-06-10 23:14:15,106 - INFO - === π― λ‰΄μ¤ μΉ΄λ“ νƒμ§€ μ‹μ‘ (νμ΄μ§€ 1) ===
2025-06-10 23:14:15,127 - INFO - β… 10κ°μ λ‰΄μ¤ μΉ΄λ“ λ°κ²¬!
2025-06-10 23:14:15,127 - INFO - --- π“° λ‰΄μ¤ 1 μ²λ¦¬ μ¤‘ (νμ΄μ§€ 1) ---
2025-06-10 23:14:15,157 - INFO -         λ„¤μ΄λ²„ URL: https://n.news.naver.com/mnews/article/277/0005435195?sid=110
2025-06-10 23:14:15,157 - INFO -         μ›λ³Έ URL: https://view.asiae.co.kr/article/2024062011032427845
2025-06-10 23:14:15,184 - INFO -     β… μ¶”μ¶ μ™„λ£: [μ‹μ‚¬μ»¬μ²]μ•„μ΄λ„ λ…ΈμΈλ„ μ•„μ¤λ§λ„ μ¶μ… κΈμ§€... | μ•„μ‹μ•„κ²½μ  | 2024.06.21.
2025-06-10 23:14:15,184 - INFO - --- π“° λ‰΄μ¤ 2 μ²λ¦¬ μ¤‘ (νμ΄μ§€ 1) ---
2025-06-10 23:14:15,204 - INFO -         λ„¤μ΄λ²„ URL: https://n.news.naver.com/mnews/article/018/0005769142?sid=102
2025-06-10 23:14:15,204 - INFO -         μ›λ³Έ URL: http://www.edaily.co.kr/news/newspath.asp?newsid=02656806638923688
2025-06-10 23:14:15,222 - INFO -     β… μ¶”μ¶ μ™„λ£: β€λ…μΌλ³΄λ‹¤ ν•κµ­ ν•™λΉ„ λ„λ¬΄ λΉ„μ‹Έβ€¦κµμ΅μ λ„κ°€ μ¶μ‚°μ¨ λ‚®μ¶°... | μ΄λ°μΌλ¦¬ | 2024.06.20.
2025-06-10 23:14:15,222 - INFO - --- π“° λ‰΄μ¤ 3 μ²λ¦¬ μ¤‘ (νμ΄μ§€ 1) ---
2025-06-10 23:14:15,240 - INFO -         λ„¤μ΄λ²„ URL: https://n.news.naver.com/mnews/article/014/0005200843?sid=102
2025-06-10 23:14:15,240 - INFO -         μ›λ³Έ URL: http://www.fnnews.com/news/202406181345390258
2025-06-10 23:14:15,258 - INFO -     β… μ¶”μ¶ μ™„λ£: '76μ„Έ μ΄μƒ λ…ΈμΈ λ“±λ΅ λ¶κ°€' λ‚΄κ±΄ λ€κµ¬ νΈν…” ν—¬μ¤μ¥... | νμ΄λ‚Έμ…λ‰΄μ¤ | 2024.06.18.
2025-06-10 23:14:15,258 - INFO - --- π“° λ‰΄μ¤ 4 μ²λ¦¬ μ¤‘ (νμ΄μ§€ 1) ---
2025-06-10 23:14:15,275 - INFO -         λ„¤μ΄λ²„ URL: https://n.news.naver.com/mnews/article/015/0004997349?sid=104
2025-06-10 23:14:15,275 - INFO -         μ›λ³Έ URL: https://www.hankyung.com/article/2024061583517
2025-06-10 23:14:15,294 - INFO -     β… μ¶”μ¶ μ™„λ£: 'μ•„μ¤λ§ μ¶μ…κΈμ§€' λ…Όλ€μ ν•κµ­ ν—¬μ¤μ¥β€¦BBCλ„ λ†€λλ‹¤... | ν•κµ­κ²½μ  | 2024.06.15.
2025-06-10 23:14:15,294 - INFO - --- π“° λ‰΄μ¤ 5 μ²λ¦¬ μ¤‘ (νμ΄μ§€ 1) ---
2025-06-10 23:14:15,311 - INFO -         λ„¤μ΄λ²„ URL: https://n.news.naver.com/mnews/article/011/0004355463?sid=102
2025-06-10 23:14:15,311 - INFO -         μ›λ³Έ URL: https://www.sedaily.com/NewsView/2DAJBGCBJE
2025-06-10 23:14:15,332 - INFO -     β… μ¶”μ¶ μ™„λ£: 'μ•„μ¤λ§ μ¶μ…κΈμ§€' λ…Όλ€μ— μ΄μ–΄ 'λ…ΈμΈ λ“±λ΅ λ¶κ°€' κ³µ... | μ„μΈκ²½μ  | 2024.06.20.
2025-06-10 23:14:15,332 - INFO - --- π“° λ‰΄μ¤ 6 μ²λ¦¬ μ¤‘ (νμ΄μ§€ 1) ---
2025-06-10 23:14:15,352 - INFO -         λ„¤μ΄λ²„ URL: https://n.news.naver.com/mnews/article/018/0005769344?sid=102
2025-06-10 23:14:15,352 - INFO -         μ›λ³Έ URL: http://www.edaily.co.kr/news/newspath.asp?newsid=03286566638923688
2025-06-10 23:14:15,378 - INFO -     β… μ¶”μ¶ μ™„λ£: "λ‚μ΄ λ¬»μ§€ λ§λΌβ€¦'μ°λ¦¬λ” λ¨λ‘ μ΄λ³΄'λ€ μƒκ°μ΄ κ³µμ΅΄ ... | μ΄λ°μΌλ¦¬ | 2024.06.20.
2025-06-10 23:14:15,378 - INFO - --- π“° λ‰΄μ¤ 7 μ²λ¦¬ μ¤‘ (νμ΄μ§€ 1) ---
2025-06-10 23:14:15,397 - INFO -         λ„¤μ΄λ²„ URL: https://n.news.naver.com/mnews/article/016/0002322172?sid=104
2025-06-10 23:14:15,397 - INFO -         μ›λ³Έ URL: https://news.heraldcorp.com/view.php?ud=20240615050030
2025-06-10 23:14:15,417 - INFO -     β… μ¶”μ¶ μ™„λ£: β€μ•„μ¤λ§ μ¶μ… κΈμ§€β€™β€¦μ™Έμ‹ λ„ μ£Όλ©ν• ν•κµ­ ν—¬μ¤μ¥ μ°¨λ³„ ... | ν—¤λ΄λ“κ²½μ  | 2024.06.15.
2025-06-10 23:14:15,417 - INFO - --- π“° λ‰΄μ¤ 8 μ²λ¦¬ μ¤‘ (νμ΄μ§€ 1) ---
2025-06-10 23:14:15,435 - INFO -         λ„¤μ΄λ²„ URL: https://n.news.naver.com/mnews/article/030/0003214784?sid=104
2025-06-10 23:14:15,435 - INFO -         μ›λ³Έ URL: https://www.etnews.com/20240617000091
2025-06-10 23:14:15,455 - INFO -     β… μ¶”μ¶ μ™„λ£: μ™Έμ‹ λ„ μ΅°λ…ν• ν•κµ­ ν—¬μ¤μ¥ μ°¨λ³„ λ…Όλ€β€¦ β€μ•„μ¤λ§ μ¶μ… ... | μ „μμ‹ λ¬Έ | 2024.06.17.
2025-06-10 23:14:15,455 - INFO - --- π“° λ‰΄μ¤ 9 μ²λ¦¬ μ¤‘ (νμ΄μ§€ 1) ---
2025-06-10 23:14:15,472 - INFO -         λ„¤μ΄λ²„ URL: https://n.news.naver.com/mnews/article/029/0002880618?sid=102
2025-06-10 23:14:15,472 - INFO -         μ›λ³Έ URL: https://www.dt.co.kr/contents.html?article_no=2024061602109919607014&ref=naver
2025-06-10 23:14:15,490 - INFO -     β… μ¶”μ¶ μ™„λ£: μ„¤λ§ν–λ”λ°β€¦`λ…Έλ€ μ•΅μ²΄` ννΈλ³‘, μ‹λ‹Ήμ£ΌμΈ μ—΄μ–΄λ³΄κ³  κ²½... | λ””μ§€ν„Ένƒ€μ„μ¤ | 2024.06.16.
2025-06-10 23:14:15,491 - INFO - --- π“° λ‰΄μ¤ 10 μ²λ¦¬ μ¤‘ (νμ΄μ§€ 1) ---
2025-06-10 23:14:15,508 - INFO -         λ„¤μ΄λ²„ URL: https://n.news.naver.com/mnews/article/016/0002322308?sid=102
2025-06-10 23:14:15,508 - INFO -         μ›λ³Έ URL: https://news.heraldcorp.com/view.php?ud=20240616050023
2025-06-10 23:14:15,527 - INFO -     β… μ¶”μ¶ μ™„λ£: [μμƒ] ν™”μ¥μ‹¤ μλ”λ° λ°¥μƒ μ•μ—μ„?β€¦β€λ…Έλ€ ννΈλ³‘β€™ ... | ν—¤λ΄λ“κ²½μ  | 2024.06.16.
2025-06-10 23:14:15,527 - INFO - π“„ νμ΄μ§€ 1 μ™„λ£
2025-06-10 23:14:17,531 - INFO - π μ ‘μ† URL: https://search.naver.com/search.naver?where=news&query="λ…Έν‚¤μ¦μ΅΄"&nso=so:r,p:from20240615to20240621,a:all&start=11&service_area=1&office_category=3
2025-06-10 23:14:20,674 - INFO - === π― λ‰΄μ¤ μΉ΄λ“ νƒμ§€ μ‹μ‘ (νμ΄μ§€ 2) ===
2025-06-10 23:14:20,696 - INFO - β… 5κ°μ λ‰΄μ¤ μΉ΄λ“ λ°κ²¬!
2025-06-10 23:14:20,696 - INFO - --- π“° λ‰΄μ¤ 1 μ²λ¦¬ μ¤‘ (νμ΄μ§€ 2) ---
2025-06-10 23:14:20,725 - INFO -         λ„¤μ΄λ²„ URL: https://n.news.naver.com/mnews/article/014/0005199574?sid=102
2025-06-10 23:14:20,725 - INFO -         μ›λ³Έ URL: http://www.fnnews.com/news/202406151314077022
2025-06-10 23:14:20,747 - INFO -     β… μ¶”μ¶ μ™„λ£: "ν•κµ­μ€ 'μ•„μ¤λ§'λ¥Ό μ°¨λ³„ν•λ” λ‚λΌ"...μκµ­ μ–Έλ΅ μ ... | νμ΄λ‚Έμ…λ‰΄μ¤ | 2024.06.15.
2025-06-10 23:14:20,747 - INFO - --- π“° λ‰΄μ¤ 2 μ²λ¦¬ μ¤‘ (νμ΄μ§€ 2) ---
2025-06-10 23:14:20,767 - INFO -         λ„¤μ΄λ²„ URL: https://n.news.naver.com/mnews/article/016/0002322172?sid=104
2025-06-10 23:14:20,767 - INFO -         μ›λ³Έ URL: https://news.heraldcorp.com/view.php?ud=20240615050030
2025-06-10 23:14:20,786 - INFO -     β… μ¶”μ¶ μ™„λ£: β€μ•„μ¤λ§ μ¶μ… κΈμ§€β€™β€¦μ™Έμ‹ λ„ μ£Όλ©ν• ν•κµ­ ν—¬μ¤μ¥ μ°¨λ³„ ... | ν—¤λ΄λ“κ²½μ  | 2024.06.15.
2025-06-10 23:14:20,786 - INFO - --- π“° λ‰΄μ¤ 3 μ²λ¦¬ μ¤‘ (νμ΄μ§€ 2) ---
2025-06-10 23:14:20,804 - INFO -         λ„¤μ΄λ²„ URL: https://n.news.naver.com/mnews/article/030/0003214784?sid=104
2025-06-10 23:14:20,804 - INFO -         μ›λ³Έ URL: https://www.etnews.com/20240617000091
2025-06-10 23:14:20,822 - INFO -     β… μ¶”μ¶ μ™„λ£: μ™Έμ‹ λ„ μ΅°λ…ν• ν•κµ­ ν—¬μ¤μ¥ μ°¨λ³„ λ…Όλ€β€¦ β€μ•„μ¤λ§ μ¶μ… ... | μ „μμ‹ λ¬Έ | 2024.06.17.
2025-06-10 23:14:20,822 - INFO - --- π“° λ‰΄μ¤ 4 μ²λ¦¬ μ¤‘ (νμ΄μ§€ 2) ---
2025-06-10 23:14:20,840 - INFO -         λ„¤μ΄λ²„ URL: https://n.news.naver.com/mnews/article/029/0002880618?sid=102
2025-06-10 23:14:20,840 - INFO -         μ›λ³Έ URL: https://www.dt.co.kr/contents.html?article_no=2024061602109919607014&ref=naver
2025-06-10 23:14:20,858 - INFO -     β… μ¶”μ¶ μ™„λ£: μ„¤λ§ν–λ”λ°β€¦`λ…Έλ€ μ•΅μ²΄` ννΈλ³‘, μ‹λ‹Ήμ£ΌμΈ μ—΄μ–΄λ³΄κ³  κ²½... | λ””μ§€ν„Ένƒ€μ„μ¤ | 2024.06.16.
2025-06-10 23:14:20,858 - INFO - --- π“° λ‰΄μ¤ 5 μ²λ¦¬ μ¤‘ (νμ΄μ§€ 2) ---
2025-06-10 23:14:20,876 - INFO -         λ„¤μ΄λ²„ URL: https://n.news.naver.com/mnews/article/016/0002322308?sid=102
2025-06-10 23:14:20,876 - INFO -         μ›λ³Έ URL: https://news.heraldcorp.com/view.php?ud=20240616050023
2025-06-10 23:14:20,896 - INFO -     β… μ¶”μ¶ μ™„λ£: [μμƒ] ν™”μ¥μ‹¤ μλ”λ° λ°¥μƒ μ•μ—μ„?β€¦β€λ…Έλ€ ννΈλ³‘β€™ ... | ν—¤λ΄λ“κ²½μ  | 2024.06.16.
2025-06-10 23:14:20,896 - INFO - π“„ νμ΄μ§€ 2 μ™„λ£
2025-06-10 23:14:22,897 - INFO - β… 20240615 to 20240621 λ‰΄μ¤ μμ§‘ μ™„λ£
2025-06-10 23:14:22,898 - INFO - π“… 20240615 to 20240621 μμ§‘ μ™„λ£
2025-06-10 23:14:22,898 - INFO - ================================
2025-06-10 23:14:22,898 - INFO - π“„ 20240622λ¶€ν„° 20240628κΉμ§€μ λ‰΄μ¤ μμ§‘ μ‹μ‘
2025-06-10 23:14:22,898 - INFO - π μ ‘μ† URL: https://search.naver.com/search.naver?where=news&query="λ…Έν‚¤μ¦μ΅΄"&nso=so:r,p:from20240622to20240628,a:all&start=1&service_area=1&office_category=3
2025-06-10 23:14:26,041 - INFO - === π― λ‰΄μ¤ μΉ΄λ“ νƒμ§€ μ‹μ‘ (νμ΄μ§€ 1) ===
2025-06-10 23:14:26,098 - INFO - β… 1κ°μ λ‰΄μ¤ μΉ΄λ“ λ°κ²¬!
2025-06-10 23:14:26,098 - INFO - --- π“° λ‰΄μ¤ 1 μ²λ¦¬ μ¤‘ (νμ΄μ§€ 1) ---
2025-06-10 23:14:26,119 - INFO -         λ„¤μ΄λ²„ URL: https://n.news.naver.com/mnews/article/277/0005435419?sid=101
2025-06-10 23:14:26,119 - INFO -         μ›λ³Έ URL: https://view.asiae.co.kr/article/2024062014414920293
2025-06-10 23:14:26,140 - INFO -     β… μ¶”μ¶ μ™„λ£: μ•„μ¤λ§Β·76μ„Έ μ¶μ… κΈμ§€κ°€ μμ•„ μ¬λ¦° νμ¤ λ…Όμ[λ§κ°ν›„... | μ•„μ‹μ•„κ²½μ  | 2024.06.22.
2025-06-10 23:14:26,140 - INFO - π“„ νμ΄μ§€ 1 μ™„λ£
2025-06-10 23:14:28,145 - INFO - β… 20240622 to 20240628 λ‰΄μ¤ μμ§‘ μ™„λ£
2025-06-10 23:14:28,145 - INFO - π“… 20240622 to 20240628 μμ§‘ μ™„λ£
2025-06-10 23:14:28,145 - INFO - ================================
2025-06-10 23:14:28,145 - INFO - π“„ 20240629λ¶€ν„° 20240705κΉμ§€μ λ‰΄μ¤ μμ§‘ μ‹μ‘
2025-06-10 23:14:28,146 - INFO - π μ ‘μ† URL: https://search.naver.com/search.naver?where=news&query="λ…Έν‚¤μ¦μ΅΄"&nso=so:r,p:from20240629to20240705,a:all&start=1&service_area=1&office_category=3
2025-06-10 23:14:31,291 - INFO - === π― λ‰΄μ¤ μΉ΄λ“ νƒμ§€ μ‹μ‘ (νμ΄μ§€ 1) ===
2025-06-10 23:14:31,313 - INFO - β… 6κ°μ λ‰΄μ¤ μΉ΄λ“ λ°κ²¬!
2025-06-10 23:14:31,313 - INFO - --- π“° λ‰΄μ¤ 1 μ²λ¦¬ μ¤‘ (νμ΄μ§€ 1) ---
2025-06-10 23:14:31,344 - INFO -         λ„¤μ΄λ²„ URL: https://n.news.naver.com/mnews/article/008/0005057158?sid=102
2025-06-10 23:14:31,344 - INFO -         μ›λ³Έ URL: http://news.mt.co.kr/mtview.php?no=2024062908431959280
2025-06-10 23:14:31,366 - INFO -     β… μ¶”μ¶ μ™„λ£: μ μ£Ό ν•΄λΉ„μΉλ§μ €β€¦"μ• λ“¤μ€ λ»λ“¤μ–΄κ°€" λ…Έν‚¤μ¦μ΅΄ μμμ¥ λ…Ό... | λ¨Έλ‹ν¬λ°μ΄ | 2024.06.29.
2025-06-10 23:14:31,366 - INFO - --- π“° λ‰΄μ¤ 2 μ²λ¦¬ μ¤‘ (νμ΄μ§€ 1) ---
2025-06-10 23:14:31,386 - INFO -         λ„¤μ΄λ²„ URL: https://n.news.naver.com/mnews/article/277/0005438836?sid=101
2025-06-10 23:14:31,386 - INFO -         μ›λ³Έ URL: https://view.asiae.co.kr/article/2024062912164754741
2025-06-10 23:14:31,406 - INFO -     β… μ¶”μ¶ μ™„λ£: "19μ„Έ μ΄μƒλ§"β€¦μ μ£Ό μ λ… λ¦¬μ΅°νΈμ„ 'λ…Έν‚¤μ¦μ΅΄ μμμ¥... | μ•„μ‹μ•„κ²½μ  | 2024.06.29.
2025-06-10 23:14:31,406 - INFO - --- π“° λ‰΄μ¤ 3 μ²λ¦¬ μ¤‘ (νμ΄μ§€ 1) ---
2025-06-10 23:14:31,424 - INFO -         λ„¤μ΄λ²„ URL: https://n.news.naver.com/mnews/article/009/0005327262?sid=101
2025-06-10 23:14:31,424 - INFO -         μ›λ³Έ URL: https://www.mk.co.kr/article/11055296
2025-06-10 23:14:31,442 - INFO -     β… μ¶”μ¶ μ™„λ£: β€μ„±μΈμΈμ¦ λ¨Όμ € ν•κ³ β€β€¦νΈν…”Β·λ¦¬μ΅°νΈ μμμ¥ β€λ…Έν‚¤μ¦μ΅΄β€™... | λ§¤μΌκ²½μ  | 2024.07.01.
2025-06-10 23:14:31,442 - INFO - --- π“° λ‰΄μ¤ 4 μ²λ¦¬ μ¤‘ (νμ΄μ§€ 1) ---
2025-06-10 23:14:31,460 - INFO -         λ„¤μ΄λ²„ URL: https://n.news.naver.com/mnews/article/015/0005003558?sid=103
2025-06-10 23:14:31,460 - INFO -         μ›λ³Έ URL: https://www.hankyung.com/article/2024062904077
2025-06-10 23:14:31,479 - INFO -     β… μ¶”μ¶ μ™„λ£: "19μ„Έ μ΄μƒλ§"β€¦μ λ… λ¦¬μ΅°νΈμ— λ€μ²΄ λ¬΄μ¨ μΌμ΄?... | ν•κµ­κ²½μ  | 2024.06.29.
2025-06-10 23:14:31,479 - INFO - --- π“° λ‰΄μ¤ 5 μ²λ¦¬ μ¤‘ (νμ΄μ§€ 1) ---
2025-06-10 23:14:31,496 - INFO -         λ„¤μ΄λ²„ URL: https://n.news.naver.com/mnews/article/277/0005440605?sid=110
2025-06-10 23:14:31,496 - INFO -         μ›λ³Έ URL: https://view.asiae.co.kr/article/2024070309213794863
2025-06-10 23:14:31,522 - INFO -     β… μ¶”μ¶ μ™„λ£: [μ‹μ‹λΉ„λΉ„] μ €μ¶μƒ κ·Έλ¦¬κ³  μΈμ„Όν‹°λΈμ λ°°μ‹ ... | μ•„μ‹μ•„κ²½μ  | 2024.07.03.
2025-06-10 23:14:31,522 - INFO - --- π“° λ‰΄μ¤ 6 μ²λ¦¬ μ¤‘ (νμ΄μ§€ 1) ---
2025-06-10 23:14:31,542 - INFO -         λ„¤μ΄λ²„ URL: https://n.news.naver.com/mnews/article/011/0004359729?sid=102
2025-06-10 23:14:31,542 - INFO -         μ›λ³Έ URL: https://www.sedaily.com/NewsView/2DANXQDN0S
2025-06-10 23:14:31,563 - INFO -     β… μ¶”μ¶ μ™„λ£: μ°λ¦¬λ‚λΌ μ λ… νΈν…” 19η¦ μμμ¥ λ“±μ¥μ— 'λ°μΉµ' λ¬΄μ¨... | μ„μΈκ²½μ  | 2024.06.30.
2025-06-10 23:14:31,563 - INFO - π“„ νμ΄μ§€ 1 μ™„λ£
2025-06-10 23:14:33,565 - INFO - β… 20240629 to 20240705 λ‰΄μ¤ μμ§‘ μ™„λ£
2025-06-10 23:14:33,566 - INFO - π“… 20240629 to 20240705 μμ§‘ μ™„λ£
2025-06-10 23:14:33,566 - INFO - ================================
2025-06-10 23:14:33,566 - INFO - π“„ 20240706λ¶€ν„° 20240712κΉμ§€μ λ‰΄μ¤ μμ§‘ μ‹μ‘
2025-06-10 23:14:33,566 - INFO - π μ ‘μ† URL: https://search.naver.com/search.naver?where=news&query="λ…Έν‚¤μ¦μ΅΄"&nso=so:r,p:from20240706to20240712,a:all&start=1&service_area=1&office_category=3
2025-06-10 23:14:36,686 - INFO - === π― λ‰΄μ¤ μΉ΄λ“ νƒμ§€ μ‹μ‘ (νμ΄μ§€ 1) ===
2025-06-10 23:14:36,703 - INFO - β λ” μ΄μƒ λ‰΄μ¤κ°€ μ—†μµλ‹λ‹¤ (νμ΄μ§€ 1)
2025-06-10 23:14:36,703 - INFO - π“… 20240706 to 20240712 μμ§‘ μ™„λ£
2025-06-10 23:14:36,703 - INFO - ================================
2025-06-10 23:14:36,703 - INFO - π“„ 20240713λ¶€ν„° 20240719κΉμ§€μ λ‰΄μ¤ μμ§‘ μ‹μ‘
2025-06-10 23:14:36,703 - INFO - π μ ‘μ† URL: https://search.naver.com/search.naver?where=news&query="λ…Έν‚¤μ¦μ΅΄"&nso=so:r,p:from20240713to20240719,a:all&start=1&service_area=1&office_category=3
2025-06-10 23:14:39,823 - INFO - === π― λ‰΄μ¤ μΉ΄λ“ νƒμ§€ μ‹μ‘ (νμ΄μ§€ 1) ===
2025-06-10 23:14:39,842 - INFO - β λ” μ΄μƒ λ‰΄μ¤κ°€ μ—†μµλ‹λ‹¤ (νμ΄μ§€ 1)
2025-06-10 23:14:39,842 - INFO - π“… 20240713 to 20240719 μμ§‘ μ™„λ£
2025-06-10 23:14:39,842 - INFO - ================================
2025-06-10 23:14:39,842 - INFO - π“„ 20240720λ¶€ν„° 20240726κΉμ§€μ λ‰΄μ¤ μμ§‘ μ‹μ‘
2025-06-10 23:14:39,842 - INFO - π“ μ”μ²­ ν†µκ³„: 10ν μ™„λ£, ν‰κ·  λ€κΈ°: 0.0μ΄
2025-06-10 23:14:39,842 - INFO - π μ ‘μ† URL: https://search.naver.com/search.naver?where=news&query="λ…Έν‚¤μ¦μ΅΄"&nso=so:r,p:from20240720to20240726,a:all&start=1&service_area=1&office_category=3
2025-06-10 23:14:42,977 - INFO - === π― λ‰΄μ¤ μΉ΄λ“ νƒμ§€ μ‹μ‘ (νμ΄μ§€ 1) ===
2025-06-10 23:14:42,999 - INFO - β… 4κ°μ λ‰΄μ¤ μΉ΄λ“ λ°κ²¬!
2025-06-10 23:14:42,999 - INFO - --- π“° λ‰΄μ¤ 1 μ²λ¦¬ μ¤‘ (νμ΄μ§€ 1) ---
2025-06-10 23:14:43,036 - INFO -         λ„¤μ΄λ²„ URL: https://n.news.naver.com/mnews/article/018/0005796121?sid=102
2025-06-10 23:14:43,036 - INFO -         μ›λ³Έ URL: http://www.edaily.co.kr/news/newspath.asp?newsid=03526006638957472
2025-06-10 23:14:43,059 - INFO -     β… μ¶”μ¶ μ™„λ£: "μ™ λ¬Έ μ• μ΅μ•„μ¤" μ† λΌμ΄μ λ¨Όμ € λ‚κ°„ ο¦μ— μ†λ°° ... | μ΄λ°μΌλ¦¬ | 2024.07.23.
2025-06-10 23:14:43,059 - INFO - --- π“° λ‰΄μ¤ 2 μ²λ¦¬ μ¤‘ (νμ΄μ§€ 1) ---
2025-06-10 23:14:43,078 - INFO -         λ„¤μ΄λ²„ URL: https://n.news.naver.com/mnews/article/015/0005013473?sid=102
2025-06-10 23:14:43,078 - INFO -         μ›λ³Έ URL: https://www.hankyung.com/article/2024072342777
2025-06-10 23:14:43,097 - INFO -     β… μ¶”μ¶ μ™„λ£: κ°€κ² λ¬Έμ— μ•„μ΄ μ† λΌμ΄μβ€¦λ°λν• λ¶€λ¨κ°€ λ³΄μΈ λ°μ‘ [... | ν•κµ­κ²½μ  | 2024.07.23.
2025-06-10 23:14:43,097 - INFO - --- π“° λ‰΄μ¤ 3 μ²λ¦¬ μ¤‘ (νμ΄μ§€ 1) ---
2025-06-10 23:14:43,114 - INFO -         λ„¤μ΄λ²„ URL: https://n.news.naver.com/mnews/article/014/0005217441?sid=102
2025-06-10 23:14:43,114 - INFO -         μ›λ³Έ URL: http://www.fnnews.com/news/202407231416311255
2025-06-10 23:14:43,133 - INFO -     β… μ¶”μ¶ μ™„λ£: κ°€κ² λ¬Έμ— μ† λΌμΈ μ•„μ΄β€¦λ¶€λ¨ "λ¬Έ μ΅μ•„μ¤μ•Όμ§€" ε¥³μ†λ‹... | νμ΄λ‚Έμ…λ‰΄μ¤ | 2024.07.23.
2025-06-10 23:14:43,133 - INFO - --- π“° λ‰΄μ¤ 4 μ²λ¦¬ μ¤‘ (νμ΄μ§€ 1) ---
2025-06-10 23:14:43,151 - INFO -         λ„¤μ΄λ²„ URL: https://n.news.naver.com/mnews/article/016/0002339697?sid=102
2025-06-10 23:14:43,151 - INFO -         μ›λ³Έ URL: https://news.heraldcorp.com/view.php?ud=20240723050754
2025-06-10 23:14:43,170 - INFO -     β… μ¶”μ¶ μ™„λ£: [μμƒ] κ°€κ² λ¬Έμ— μ† λΌμΈ μ•„μ΄β€¦λ’¤μ— λ‚μ¨ μ• κΏμ€ μ†... | ν—¤λ΄λ“κ²½μ  | 2024.07.23.
2025-06-10 23:14:43,170 - INFO - π“„ νμ΄μ§€ 1 μ™„λ£
2025-06-10 23:14:45,174 - INFO - β… 20240720 to 20240726 λ‰΄μ¤ μμ§‘ μ™„λ£
2025-06-10 23:14:45,174 - INFO - π“… 20240720 to 20240726 μμ§‘ μ™„λ£
2025-06-10 23:14:45,174 - INFO - ================================
2025-06-10 23:14:45,175 - INFO - π“„ 20240727λ¶€ν„° 20240802κΉμ§€μ λ‰΄μ¤ μμ§‘ μ‹μ‘
2025-06-10 23:14:45,175 - INFO - β° μλ„μ° μ ν•: 12.4μ΄ λ€κΈ° μ¤‘... (60μ΄μ— 10ν μ ν•)
2025-06-10 23:14:58,048 - INFO - π μ ‘μ† URL: https://search.naver.com/search.naver?where=news&query="λ…Έν‚¤μ¦μ΅΄"&nso=so:r,p:from20240727to20240802,a:all&start=1&service_area=1&office_category=3
2025-06-10 23:15:01,186 - INFO - === π― λ‰΄μ¤ μΉ΄λ“ νƒμ§€ μ‹μ‘ (νμ΄μ§€ 1) ===
2025-06-10 23:15:01,209 - INFO - β… 4κ°μ λ‰΄μ¤ μΉ΄λ“ λ°κ²¬!
2025-06-10 23:15:01,209 - INFO - --- π“° λ‰΄μ¤ 1 μ²λ¦¬ μ¤‘ (νμ΄μ§€ 1) ---
2025-06-10 23:15:01,238 - INFO -         λ„¤μ΄λ²„ URL: https://n.news.naver.com/mnews/article/277/0005453835?sid=102
2025-06-10 23:15:01,238 - INFO -         μ›λ³Έ URL: https://view.asiae.co.kr/article/2024080110520376983
2025-06-10 23:15:01,260 - INFO -     β… μ¶”μ¶ μ™„λ£: λ€κµ¬ λ™κµ¬μ²­, μ–΄λ¦°μ΄κ°€ μΆ‹μ•„ν•λ” β€μμ¤ν‚¤μ¦μ΅΄β€™ μμ‹μ  ... | μ•„μ‹μ•„κ²½μ  | 2024.08.01.
2025-06-10 23:15:01,260 - INFO - --- π“° λ‰΄μ¤ 2 μ²λ¦¬ μ¤‘ (νμ΄μ§€ 1) ---
2025-06-10 23:15:01,283 - INFO -         λ„¤μ΄λ²„ URL: https://n.news.naver.com/mnews/article/366/0001008115?sid=102
2025-06-10 23:15:01,283 - INFO -         μ›λ³Έ URL: https://biz.chosun.com/topics/topics_social/2024/07/28/HYRLHM3ZHJCV5L5NI2RCABJX6Y/?utm_source=naver&utm_medium=original&utm_campaign=biz
2025-06-10 23:15:01,303 - INFO -     β… μ¶”μ¶ μ™„λ£: μ•„μ΄κ°€ μ‹λ‹ΉΒ·μΉ΄νμ„ μ‚¬κ³ λ‚λ©΄ λ°°μƒβ€¦μ„μΈμ‹ 'μ›°μ»΄ν‚¤μ¦ μ•... | μ΅°μ„ λΉ„μ¦ | 2024.07.28.
2025-06-10 23:15:01,303 - INFO - --- π“° λ‰΄μ¤ 3 μ²λ¦¬ μ¤‘ (νμ΄μ§€ 1) ---
2025-06-10 23:15:01,326 - INFO -         λ„¤μ΄λ²„ URL: https://n.news.naver.com/mnews/article/277/0005451674?sid=101
2025-06-10 23:15:01,326 - INFO -         μ›λ³Έ URL: https://view.asiae.co.kr/article/2024072811322214978
2025-06-10 23:15:01,345 - INFO -     β… μ¶”μ¶ μ™„λ£: 'μ›°μ»΄ν‚¤μ¦ μ•μ‹¬λ³΄ν—' μ „κµ­ μ²« μ¶μ‹β€¦μμ‹μ Β·μΉ΄ν μ‚¬κ³  ... | μ•„μ‹μ•„κ²½μ  | 2024.07.28.
2025-06-10 23:15:01,345 - INFO - --- π“° λ‰΄μ¤ 4 μ²λ¦¬ μ¤‘ (νμ΄μ§€ 1) ---
2025-06-10 23:15:01,362 - INFO -         λ„¤μ΄λ²„ URL: https://n.news.naver.com/mnews/article/029/0002890920?sid=101
2025-06-10 23:15:01,363 - INFO -         μ›λ³Έ URL: https://www.dt.co.kr/contents.html?article_no=2024072802109963084008&ref=naver
2025-06-10 23:15:01,385 - INFO -     β… μ¶”μ¶ μ™„λ£: μ„μΈμ‹, λ§¤μ¥ λ°μƒ μ•„μ΄ μ‚¬κ³  μµλ€ 2000λ§μ› λ³΄μ¥λ³΄... | λ””μ§€ν„Ένƒ€μ„μ¤ | 2024.07.28.
2025-06-10 23:15:01,385 - INFO - π“„ νμ΄μ§€ 1 μ™„λ£
2025-06-10 23:15:03,389 - INFO - β… 20240727 to 20240802 λ‰΄μ¤ μμ§‘ μ™„λ£
2025-06-10 23:15:03,390 - INFO - π“… 20240727 to 20240802 μμ§‘ μ™„λ£
2025-06-10 23:15:03,390 - INFO - ================================
2025-06-10 23:15:03,390 - INFO - π“„ 20240803λ¶€ν„° 20240809κΉμ§€μ λ‰΄μ¤ μμ§‘ μ‹μ‘
2025-06-10 23:15:03,390 - INFO - π μ ‘μ† URL: https://search.naver.com/search.naver?where=news&query="λ…Έν‚¤μ¦μ΅΄"&nso=so:r,p:from20240803to20240809,a:all&start=1&service_area=1&office_category=3
2025-06-10 23:15:06,523 - INFO - === π― λ‰΄μ¤ μΉ΄λ“ νƒμ§€ μ‹μ‘ (νμ΄μ§€ 1) ===
2025-06-10 23:15:06,545 - INFO - β… 3κ°μ λ‰΄μ¤ μΉ΄λ“ λ°κ²¬!
2025-06-10 23:15:06,545 - INFO - --- π“° λ‰΄μ¤ 1 μ²λ¦¬ μ¤‘ (νμ΄μ§€ 1) ---
2025-06-10 23:15:06,575 - INFO -         λ„¤μ΄λ²„ URL: https://n.news.naver.com/mnews/article/015/0005019710?sid=101
2025-06-10 23:15:06,575 - INFO -         μ›λ³Έ URL: https://www.hankyung.com/article/2024080817801
2025-06-10 23:15:06,602 - INFO -     β… μ¶”μ¶ μ™„λ£: ν€΄μ¦ ν’€κ³  κ²μ„μΌλ΅ κ²½μ  κ³µλ¶€β€¦"ν•κ²½μΊ ν”„μ„ μƒκ°μ„ ν‚¤μ› ... | ν•κµ­κ²½μ  | 2024.08.08.
2025-06-10 23:15:06,602 - INFO - --- π“° λ‰΄μ¤ 2 μ²λ¦¬ μ¤‘ (νμ΄μ§€ 1) ---
2025-06-10 23:15:06,621 - INFO -         λ„¤μ΄λ²„ URL: https://n.news.naver.com/mnews/article/009/0005345654?sid=101
2025-06-10 23:15:06,621 - INFO -         μ›λ³Έ URL: https://www.mk.co.kr/article/11085393
2025-06-10 23:15:06,640 - INFO -     β… μ¶”μ¶ μ™„λ£: β€μ¥ λ³΄λ¬ κ°”λ‹¤κ°€ λ―Έμ ν’ μƒ€μ–΄μ”β€β€¦κ°¤λ¬λ¦¬ ν’μ€ λ€ν•λ§νΈ... | λ§¤μΌκ²½μ  | 2024.08.05.
2025-06-10 23:15:06,640 - INFO - --- π“° λ‰΄μ¤ 3 μ²λ¦¬ μ¤‘ (νμ΄μ§€ 1) ---
2025-06-10 23:15:06,659 - INFO -         λ„¤μ΄λ²„ URL: https://n.news.naver.com/mnews/article/009/0005345699?sid=101
2025-06-10 23:15:06,660 - INFO -         μ›λ³Έ URL: https://www.mk.co.kr/article/11085458
2025-06-10 23:15:06,691 - INFO -     β… μ¶”μ¶ μ™„λ£: λ―Έμ κ°μƒΒ·μμ β€¦ μ΄μ   λ§νΈμ„ μ¦κΈ΄λ‹¤... | λ§¤μΌκ²½μ  | 2024.08.05.
2025-06-10 23:15:06,691 - INFO - π“„ νμ΄μ§€ 1 μ™„λ£
2025-06-10 23:15:08,693 - INFO - β… 20240803 to 20240809 λ‰΄μ¤ μμ§‘ μ™„λ£
2025-06-10 23:15:08,694 - INFO - π“… 20240803 to 20240809 μμ§‘ μ™„λ£
2025-06-10 23:15:08,694 - INFO - ================================
2025-06-10 23:15:08,694 - INFO - π“„ 20240810λ¶€ν„° 20240816κΉμ§€μ λ‰΄μ¤ μμ§‘ μ‹μ‘
2025-06-10 23:15:08,695 - INFO - π μ ‘μ† URL: https://search.naver.com/search.naver?where=news&query="λ…Έν‚¤μ¦μ΅΄"&nso=so:r,p:from20240810to20240816,a:all&start=1&service_area=1&office_category=3
2025-06-10 23:15:11,825 - INFO - === π― λ‰΄μ¤ μΉ΄λ“ νƒμ§€ μ‹μ‘ (νμ΄μ§€ 1) ===
2025-06-10 23:15:11,847 - INFO - β… 3κ°μ λ‰΄μ¤ μΉ΄λ“ λ°κ²¬!
2025-06-10 23:15:11,847 - INFO - --- π“° λ‰΄μ¤ 1 μ²λ¦¬ μ¤‘ (νμ΄μ§€ 1) ---
2025-06-10 23:15:11,876 - INFO -         λ„¤μ΄λ²„ URL: https://n.news.naver.com/mnews/article/014/0005226465?sid=102
2025-06-10 23:15:11,876 - INFO -         μ›λ³Έ URL: http://www.fnnews.com/news/202408111145404144
2025-06-10 23:15:11,898 - INFO -     β… μ¶”μ¶ μ™„λ£: "μ•„μ΄ μ‚¬κ³  μ–΄λ–»κ² μ±…μ„μ§€λ‚" λ‹¬μ•„μ¤λ¥Έ 'λ…Έν‚¤μ¦μ΅΄' λ…Ό... | νμ΄λ‚Έμ…λ‰΄μ¤ | 2024.08.12.
2025-06-10 23:15:11,898 - INFO - --- π“° λ‰΄μ¤ 2 μ²λ¦¬ μ¤‘ (νμ΄μ§€ 1) ---
2025-06-10 23:15:11,917 - INFO -         λ„¤μ΄λ²„ URL: https://n.news.naver.com/mnews/article/014/0005226718?sid=102
2025-06-10 23:15:11,917 - INFO -         μ›λ³Έ URL: http://www.fnnews.com/news/202408121828022447
2025-06-10 23:15:11,950 - INFO -     β… μ¶”μ¶ μ™„λ£: "λ³΄ν— λ“ λ‹¤κ³  μ‚¬κ³  μ•λ‚λ‚μ”"β€¦ ν™μ λ» λ°›λ” 'μ›°μ»΄ν‚¤... | νμ΄λ‚Έμ…λ‰΄μ¤ | 2024.08.12.
2025-06-10 23:15:11,950 - INFO - --- π“° λ‰΄μ¤ 3 μ²λ¦¬ μ¤‘ (νμ΄μ§€ 1) ---
2025-06-10 23:15:11,974 - INFO -         λ„¤μ΄λ²„ URL: https://n.news.naver.com/mnews/article/009/0005348374?sid=103
2025-06-10 23:15:11,974 - INFO -         μ›λ³Έ URL: https://www.mk.co.kr/article/11089815
2025-06-10 23:15:11,993 - INFO -     β… μ¶”μ¶ μ™„λ£: λ°©ν•™ λ§μ€ μ•„μ΄λ“¤ κ·Έλ¦¬κ³  λ¶€λ¨μ μ—¬ν–‰λ¶€μ‹¬ λ¶λ¬μΌμΌν‚¬ β€... | λ§¤μΌκ²½μ  | 2024.08.11.
2025-06-10 23:15:11,993 - INFO - π“„ νμ΄μ§€ 1 μ™„λ£
2025-06-10 23:15:13,998 - INFO - β… 20240810 to 20240816 λ‰΄μ¤ μμ§‘ μ™„λ£
2025-06-10 23:15:13,999 - INFO - π“… 20240810 to 20240816 μμ§‘ μ™„λ£
2025-06-10 23:15:13,999 - INFO - ================================
2025-06-10 23:15:13,999 - INFO - π“„ 20240817λ¶€ν„° 20240823κΉμ§€μ λ‰΄μ¤ μμ§‘ μ‹μ‘
2025-06-10 23:15:14,000 - INFO - π μ ‘μ† URL: https://search.naver.com/search.naver?where=news&query="λ…Έν‚¤μ¦μ΅΄"&nso=so:r,p:from20240817to20240823,a:all&start=1&service_area=1&office_category=3
2025-06-10 23:15:17,119 - INFO - === π― λ‰΄μ¤ μΉ΄λ“ νƒμ§€ μ‹μ‘ (νμ΄μ§€ 1) ===
2025-06-10 23:15:17,125 - INFO - β λ” μ΄μƒ λ‰΄μ¤κ°€ μ—†μµλ‹λ‹¤ (νμ΄μ§€ 1)
2025-06-10 23:15:17,125 - INFO - π“… 20240817 to 20240823 μμ§‘ μ™„λ£
2025-06-10 23:15:17,126 - INFO - ================================
2025-06-10 23:15:17,126 - INFO - π“„ 20240824λ¶€ν„° 20240830κΉμ§€μ λ‰΄μ¤ μμ§‘ μ‹μ‘
2025-06-10 23:15:17,126 - INFO - β° μλ„μ° μ ν•: 0.4μ΄ λ€κΈ° μ¤‘... (60μ΄μ— 10ν μ ν•)
2025-06-10 23:15:18,033 - INFO - π μ ‘μ† URL: https://search.naver.com/search.naver?where=news&query="λ…Έν‚¤μ¦μ΅΄"&nso=so:r,p:from20240824to20240830,a:all&start=1&service_area=1&office_category=3
2025-06-10 23:15:21,193 - INFO - === π― λ‰΄μ¤ μΉ΄λ“ νƒμ§€ μ‹μ‘ (νμ΄μ§€ 1) ===
2025-06-10 23:15:21,215 - INFO - β… 10κ°μ λ‰΄μ¤ μΉ΄λ“ λ°κ²¬!
2025-06-10 23:15:21,216 - INFO - --- π“° λ‰΄μ¤ 1 μ²λ¦¬ μ¤‘ (νμ΄μ§€ 1) ---
2025-06-10 23:15:21,244 - INFO -         λ„¤μ΄λ²„ URL: https://n.news.naver.com/mnews/article/015/0005027570?sid=102
2025-06-10 23:15:21,244 - INFO -         μ›λ³Έ URL: https://www.hankyung.com/article/2024082952107
2025-06-10 23:15:21,267 - INFO -     β… μ¶”μ¶ μ™„λ£: "μ™ λ…Έν‚¤μ¦μ΅΄ ν•λ”μ§€ μ•κ² λ„¤μ”"β€¦μ‹λ‹Ήμ— λ—μλ¦¬ νΈ μ—„λ§... | ν•κµ­κ²½μ  | 2024.08.30.
2025-06-10 23:15:21,267 - INFO - --- π“° λ‰΄μ¤ 2 μ²λ¦¬ μ¤‘ (νμ΄μ§€ 1) ---
2025-06-10 23:15:21,287 - INFO -         λ„¤μ΄λ²„ URL: https://n.news.naver.com/mnews/article/016/0002354470?sid=102
2025-06-10 23:15:21,287 - INFO -         μ›λ³Έ URL: https://news.heraldcorp.com/view.php?ud=20240826050634
2025-06-10 23:15:21,307 - INFO -     β… μ¶”μ¶ μ™„λ£: μ†μ‹ κ» 'λ…Έν‚¤μ¦μ΅΄' κ²°μ •ν• λ§¥μ¤μ§‘ μ‚¬μ¥, "λ°°λ¶λ €λ„¤" ... | ν—¤λ΄λ“κ²½μ  | 2024.08.26.
2025-06-10 23:15:21,307 - INFO - --- π“° λ‰΄μ¤ 3 μ²λ¦¬ μ¤‘ (νμ΄μ§€ 1) ---
2025-06-10 23:15:21,325 - INFO -         λ„¤μ΄λ²„ URL: https://n.news.naver.com/mnews/article/014/0005232732?sid=102
2025-06-10 23:15:21,325 - INFO -         μ›λ³Έ URL: http://www.fnnews.com/news/202408262211244710
2025-06-10 23:15:21,343 - INFO -     β… μ¶”μ¶ μ™„λ£: μ μ§‘μ— μ•„μ΄ λ°λ ¤μ¨ μ–΄λ¥Έλ“¤..'λ…Έν‚¤μ¦μ΅΄' μ•λ¦¬μ "λ°° ... | νμ΄λ‚Έμ…λ‰΄μ¤ | 2024.08.27.
2025-06-10 23:15:21,343 - INFO - --- π“° λ‰΄μ¤ 4 μ²λ¦¬ μ¤‘ (νμ΄μ§€ 1) ---
2025-06-10 23:15:21,361 - INFO -         λ„¤μ΄λ²„ URL: https://n.news.naver.com/mnews/article/009/0005355971?sid=102
2025-06-10 23:15:21,361 - INFO -         μ›λ³Έ URL: https://www.mk.co.kr/article/11102150
2025-06-10 23:15:21,380 - INFO -     β… μ¶”μ¶ μ™„λ£: β€λ°°κ°€ λ¶λ €λ„¤, λ¶λ €μ–΄β€β€¦λ…Έν‚¤μ¦μ΅΄ λ°ν λ§¥μ¤μ§‘ μ μ£Όμ— ... | λ§¤μΌκ²½μ  | 2024.08.27.
2025-06-10 23:15:21,380 - INFO - --- π“° λ‰΄μ¤ 5 μ²λ¦¬ μ¤‘ (νμ΄μ§€ 1) ---
2025-06-10 23:15:21,398 - INFO -         λ„¤μ΄λ²„ URL: https://n.news.naver.com/mnews/article/029/0002899049?sid=102
2025-06-10 23:15:21,398 - INFO -         μ›λ³Έ URL: https://www.dt.co.kr/contents.html?article_no=2024083002109919090001&ref=naver
2025-06-10 23:15:21,419 - INFO -     β… μ¶”μ¶ μ™„λ£: "μ–λ“¤μ•„ μ—¬κΈ°μ„ λ†€μ•„"β€¦λ§¤μ¥μ— λ—μλ¦¬ κΉ”κ³  μ•„μ΄λ“¤ λ†€κ²... | λ””μ§€ν„Ένƒ€μ„μ¤ | 2024.08.30.
2025-06-10 23:15:21,419 - INFO - --- π“° λ‰΄μ¤ 6 μ²λ¦¬ μ¤‘ (νμ΄μ§€ 1) ---
2025-06-10 23:15:21,439 - INFO -         λ„¤μ΄λ²„ URL: https://n.news.naver.com/mnews/article/008/0005083518?sid=102
2025-06-10 23:15:21,440 - INFO -         μ›λ³Έ URL: http://news.mt.co.kr/mtview.php?no=2024083008035935447
2025-06-10 23:15:21,461 - INFO -     β… μ¶”μ¶ μ™„λ£: μ‚¬μ¥μ—κ² λ¬»μ§€λ„ μ•κ³ β€¦μ‹λ‹Ή ν•λ³µνμ— λ—μλ¦¬ ν΄κ³  μ•„μ΄ ... | λ¨Έλ‹ν¬λ°μ΄ | 2024.08.30.
2025-06-10 23:15:21,462 - INFO - --- π“° λ‰΄μ¤ 7 μ²λ¦¬ μ¤‘ (νμ΄μ§€ 1) ---
2025-06-10 23:15:21,482 - INFO -         λ„¤μ΄λ²„ URL: https://n.news.naver.com/mnews/article/015/0005027607?sid=104
2025-06-10 23:15:21,482 - INFO -         μ›λ³Έ URL: https://www.hankyung.com/article/2024083059077
2025-06-10 23:15:21,503 - INFO -     β… μ¶”μ¶ μ™„λ£: λΉ„ν–‰κΈ°μ„ ν• μ‚΄λ°°κΈ° μ΄λ‹¤κ³ β€¦ν™”μ¥μ‹¤μ— κ°€λ‘” μΉκ°λ“¤ λ…Όλ€... | ν•κµ­κ²½μ  | 2024.08.30.
2025-06-10 23:15:21,503 - INFO - --- π“° λ‰΄μ¤ 8 μ²λ¦¬ μ¤‘ (νμ΄μ§€ 1) ---
2025-06-10 23:15:21,526 - INFO -         λ„¤μ΄λ²„ URL: https://n.news.naver.com/mnews/article/014/0005234660?sid=102
2025-06-10 23:15:21,526 - INFO -         μ›λ³Έ URL: http://www.fnnews.com/news/202408292239305674
2025-06-10 23:15:21,545 - INFO -     β… μ¶”μ¶ μ™„λ£: μ‹λ‹Ή λ°”λ‹¥μ— λ—μλ¦¬ κΉ”κ³  μ•„μ΄λ“¤ λ†€κ² ν• μ—„λ§λ“¤..μ‚¬μ¥... | νμ΄λ‚Έμ…λ‰΄μ¤ | 2024.08.30.
2025-06-10 23:15:21,545 - INFO - --- π“° λ‰΄μ¤ 9 μ²λ¦¬ μ¤‘ (νμ΄μ§€ 1) ---
2025-06-10 23:15:21,562 - INFO -         λ„¤μ΄λ²„ URL: https://n.news.naver.com/mnews/article/016/0002356201?sid=102
2025-06-10 23:15:21,562 - INFO -         μ›λ³Έ URL: https://news.heraldcorp.com/view.php?ud=20240830050015
2025-06-10 23:15:21,581 - INFO -     β… μ¶”μ¶ μ™„λ£: β€μ‹λ‹Ήμ— λ—μλ¦¬ κΉ”κ³  μ• λ“¤ ν’€μ–΄λ†”β€ μ§„μƒλ§ λ³Έ μ μ€ μ‚¬... | ν—¤λ΄λ“κ²½μ  | 2024.08.30.
2025-06-10 23:15:21,581 - INFO - --- π“° λ‰΄μ¤ 10 μ²λ¦¬ μ¤‘ (νμ΄μ§€ 1) ---
2025-06-10 23:15:21,599 - INFO -         λ„¤μ΄λ²„ URL: https://n.news.naver.com/mnews/article/277/0005465546?sid=102
2025-06-10 23:15:21,599 - INFO -         μ›λ³Έ URL: https://view.asiae.co.kr/article/2024082916072138822
2025-06-10 23:15:21,617 - INFO -     β… μ¶”μ¶ μ™„λ£: μ†λ‹μ—†λ‹¤λ©° μ‹λ‹Ήμ— λ—μλ¦¬ κΉ”λ”λ‹ μ•„μ΄λ“¤ λ†€κ²ν• λ¶€λ¨... | μ•„μ‹μ•„κ²½μ  | 2024.08.29.
2025-06-10 23:15:21,617 - INFO - π“„ νμ΄μ§€ 1 μ™„λ£
2025-06-10 23:15:23,620 - INFO - π μ ‘μ† URL: https://search.naver.com/search.naver?where=news&query="λ…Έν‚¤μ¦μ΅΄"&nso=so:r,p:from20240824to20240830,a:all&start=11&service_area=1&office_category=3
2025-06-10 23:15:26,744 - INFO - === π― λ‰΄μ¤ μΉ΄λ“ νƒμ§€ μ‹μ‘ (νμ΄μ§€ 2) ===
2025-06-10 23:15:26,766 - INFO - β… 2κ°μ λ‰΄μ¤ μΉ΄λ“ λ°κ²¬!
2025-06-10 23:15:26,766 - INFO - --- π“° λ‰΄μ¤ 1 μ²λ¦¬ μ¤‘ (νμ΄μ§€ 2) ---
2025-06-10 23:15:26,795 - INFO -         λ„¤μ΄λ²„ URL: https://n.news.naver.com/mnews/article/277/0005465546?sid=102
2025-06-10 23:15:26,795 - INFO -         μ›λ³Έ URL: https://view.asiae.co.kr/article/2024082916072138822
2025-06-10 23:15:26,818 - INFO -     β… μ¶”μ¶ μ™„λ£: μ†λ‹μ—†λ‹¤λ©° μ‹λ‹Ήμ— λ—μλ¦¬ κΉ”λ”λ‹ μ•„μ΄λ“¤ λ†€κ²ν• λ¶€λ¨... | μ•„μ‹μ•„κ²½μ  | 2024.08.29.
2025-06-10 23:15:26,818 - INFO - --- π“° λ‰΄μ¤ 2 μ²λ¦¬ μ¤‘ (νμ΄μ§€ 2) ---
2025-06-10 23:15:26,843 - INFO -         λ„¤μ΄λ²„ URL: https://n.news.naver.com/mnews/article/008/0005083518?sid=102
2025-06-10 23:15:26,843 - INFO -         μ›λ³Έ URL: http://news.mt.co.kr/mtview.php?no=2024083008035935447
2025-06-10 23:15:26,863 - INFO -     β… μ¶”μ¶ μ™„λ£: μ‚¬μ¥μ—κ² λ¬»μ§€λ„ μ•κ³ β€¦μ‹λ‹Ή ν•λ³µνμ— λ—μλ¦¬ ν΄κ³  μ•„μ΄ ... | λ¨Έλ‹ν¬λ°μ΄ | 2024.08.30.
2025-06-10 23:15:26,863 - INFO - π“„ νμ΄μ§€ 2 μ™„λ£
2025-06-10 23:15:28,863 - INFO - β… 20240824 to 20240830 λ‰΄μ¤ μμ§‘ μ™„λ£
2025-06-10 23:15:28,864 - INFO - π“… 20240824 to 20240830 μμ§‘ μ™„λ£
2025-06-10 23:15:28,864 - INFO - ================================
2025-06-10 23:15:28,864 - INFO - π“„ 20240831λ¶€ν„° 20240906κΉμ§€μ λ‰΄μ¤ μμ§‘ μ‹μ‘
2025-06-10 23:15:28,864 - INFO - π μ ‘μ† URL: https://search.naver.com/search.naver?where=news&query="λ…Έν‚¤μ¦μ΅΄"&nso=so:r,p:from20240831to20240906,a:all&start=1&service_area=1&office_category=3
2025-06-10 23:15:31,984 - INFO - === π― λ‰΄μ¤ μΉ΄λ“ νƒμ§€ μ‹μ‘ (νμ΄μ§€ 1) ===
2025-06-10 23:15:32,006 - INFO - β… 2κ°μ λ‰΄μ¤ μΉ΄λ“ λ°κ²¬!
2025-06-10 23:15:32,006 - INFO - --- π“° λ‰΄μ¤ 1 μ²λ¦¬ μ¤‘ (νμ΄μ§€ 1) ---
2025-06-10 23:15:32,035 - INFO -         λ„¤μ΄λ²„ URL: https://n.news.naver.com/mnews/article/011/0004386815?sid=104
2025-06-10 23:15:32,035 - INFO -         μ›λ³Έ URL: https://www.sedaily.com/NewsView/2DE4HRTO4X
2025-06-10 23:15:32,057 - INFO -     β… μ¶”μ¶ μ™„λ£: μ΄λμ„ 'λ…Έν‚¤μ¦μ΅΄' μƒκΈ°λ” κ±΄κ°€β€¦4μ‚΄ μ•„μ΄ 'μ‹¤μ'λ΅ ... | μ„μΈκ²½μ  | 2024.09.01.
2025-06-10 23:15:32,057 - INFO - --- π“° λ‰΄μ¤ 2 μ²λ¦¬ μ¤‘ (νμ΄μ§€ 1) ---
2025-06-10 23:15:32,076 - INFO -         λ„¤μ΄λ²„ URL: https://n.news.naver.com/mnews/article/011/0004386693?sid=104
2025-06-10 23:15:32,076 - INFO -         μ›λ³Έ URL: https://www.sedaily.com/NewsView/2DE4GAFJIK
2025-06-10 23:15:32,095 - INFO -     β… μ¶”μ¶ μ™„λ£: "μΈμ κ·Έμ³μ•Όλ§ λ‚κ° μ μμ–΄"β€¦λΉ„ν–‰κΈ° ν™”μ¥μ‹¤μ— κ°‡ν ... | μ„μΈκ²½μ  | 2024.09.01.
2025-06-10 23:15:32,095 - INFO - π“„ νμ΄μ§€ 1 μ™„λ£
2025-06-10 23:15:34,100 - INFO - β… 20240831 to 20240906 λ‰΄μ¤ μμ§‘ μ™„λ£
2025-06-10 23:15:34,101 - INFO - π“… 20240831 to 20240906 μμ§‘ μ™„λ£
2025-06-10 23:15:34,101 - INFO - ================================
2025-06-10 23:15:34,101 - INFO - π“„ 20240907λ¶€ν„° 20240913κΉμ§€μ λ‰΄μ¤ μμ§‘ μ‹μ‘
2025-06-10 23:15:34,101 - INFO - π μ ‘μ† URL: https://search.naver.com/search.naver?where=news&query="λ…Έν‚¤μ¦μ΅΄"&nso=so:r,p:from20240907to20240913,a:all&start=1&service_area=1&office_category=3
2025-06-10 23:15:37,239 - INFO - === π― λ‰΄μ¤ μΉ΄λ“ νƒμ§€ μ‹μ‘ (νμ΄μ§€ 1) ===
2025-06-10 23:15:37,260 - INFO - β… 5κ°μ λ‰΄μ¤ μΉ΄λ“ λ°κ²¬!
2025-06-10 23:15:37,260 - INFO - --- π“° λ‰΄μ¤ 1 μ²λ¦¬ μ¤‘ (νμ΄μ§€ 1) ---
2025-06-10 23:15:37,290 - INFO -         λ„¤μ΄λ²„ URL: https://n.news.naver.com/mnews/article/018/0005832870?sid=101
2025-06-10 23:15:37,290 - INFO -         μ›λ³Έ URL: http://www.edaily.co.kr/news/newspath.asp?newsid=01646566639018808
2025-06-10 23:15:37,313 - INFO -     β… μ¶”μ¶ μ™„λ£: 'μ €μ¶μ‚°' μ΄λΌλ©΄μ„ μ£„λ‹¤ λ…Έν‚¤μ¦β€¦λ¶€λ¨λ§ νκ³ λ“  μ μ¥λ‹ ... | μ΄λ°μΌλ¦¬ | 2024.09.10.
2025-06-10 23:15:37,313 - INFO - --- π“° λ‰΄μ¤ 2 μ²λ¦¬ μ¤‘ (νμ΄μ§€ 1) ---
2025-06-10 23:15:37,332 - INFO -         λ„¤μ΄λ²„ URL: https://n.news.naver.com/mnews/article/015/0005031467?sid=100
2025-06-10 23:15:37,332 - INFO -         μ›λ³Έ URL: https://www.hankyung.com/article/2024090959547
2025-06-10 23:15:37,352 - INFO -     β… μ¶”μ¶ μ™„λ£: "κ±΄κ°•ν• ν¬ν“°λ¦¬μ¦ ν•κ² λ‹¤"β€¦μ„Έκ³„κ΄€ μ„κΈ°μ— λ­‰μΉ 'μ μΉμΈ... | ν•κµ­κ²½μ  | 2024.09.09.
2025-06-10 23:15:37,352 - INFO - --- π“° λ‰΄μ¤ 3 μ²λ¦¬ μ¤‘ (νμ΄μ§€ 1) ---
2025-06-10 23:15:37,377 - INFO -         λ„¤μ΄λ²„ URL: https://n.news.naver.com/mnews/article/014/0005238387?sid=101
2025-06-10 23:15:37,377 - INFO -         μ›λ³Έ URL: http://www.fnnews.com/news/202409062007416967
2025-06-10 23:15:37,397 - INFO -     β… μ¶”μ¶ μ™„λ£: λ¬΄κ³„νμΌλ΅ κ°€λ„ 24μ‹κ°„ λ¨μλ€ μ μ£Ό νΈμΊ‰μ¤ μ„±μ§€ [μ—„... | νμ΄λ‚Έμ…λ‰΄μ¤ | 2024.09.07.
2025-06-10 23:15:37,397 - INFO - --- π“° λ‰΄μ¤ 4 μ²λ¦¬ μ¤‘ (νμ΄μ§€ 1) ---
2025-06-10 23:15:37,415 - INFO -         λ„¤μ΄λ²„ URL: https://n.news.naver.com/mnews/article/009/0005362331?sid=104
2025-06-10 23:15:37,415 - INFO -         μ›λ³Έ URL: https://www.mk.co.kr/article/11111557
2025-06-10 23:15:37,433 - INFO -     β… μ¶”μ¶ μ™„λ£: β€λ„λ„¤ μ™„μ „ β€κ°νβ€™μ΄λΌλ©°?β€...μ €μ¶μ‚° μ΄μ–΄ ν•κµ­ β€... | λ§¤μΌκ²½μ  | 2024.09.08.
2025-06-10 23:15:37,434 - INFO - --- π“° λ‰΄μ¤ 5 μ²λ¦¬ μ¤‘ (νμ΄μ§€ 1) ---
2025-06-10 23:15:37,452 - INFO -         λ„¤μ΄λ²„ URL: https://n.news.naver.com/mnews/article/018/0005832787?sid=102
2025-06-10 23:15:37,452 - INFO -         μ›λ³Έ URL: http://www.edaily.co.kr/news/newspath.asp?newsid=03503046639018480
2025-06-10 23:15:37,481 - INFO -     β… μ¶”μ¶ μ™„λ£: [λ―Έλ¦¬λ³΄λ” μ΄λ°μΌλ¦¬ μ‹ λ¬Έ]μ‚¬κ³ μμƒ ν•™μµ λ¶ν—Β·Β·Β·μ¬λ‚λ€... | μ΄λ°μΌλ¦¬ | 2024.09.09.
2025-06-10 23:15:37,481 - INFO - π“„ νμ΄μ§€ 1 μ™„λ£
2025-06-10 23:15:39,482 - INFO - β… 20240907 to 20240913 λ‰΄μ¤ μμ§‘ μ™„λ£
2025-06-10 23:15:39,482 - INFO - π“… 20240907 to 20240913 μμ§‘ μ™„λ£
2025-06-10 23:15:39,483 - INFO - ================================
2025-06-10 23:15:39,483 - INFO - π“„ 20240914λ¶€ν„° 20240920κΉμ§€μ λ‰΄μ¤ μμ§‘ μ‹μ‘
2025-06-10 23:15:39,483 - INFO - π μ ‘μ† URL: https://search.naver.com/search.naver?where=news&query="λ…Έν‚¤μ¦μ΅΄"&nso=so:r,p:from20240914to20240920,a:all&start=1&service_area=1&office_category=3
2025-06-10 23:15:42,632 - INFO - === π― λ‰΄μ¤ μΉ΄λ“ νƒμ§€ μ‹μ‘ (νμ΄μ§€ 1) ===
2025-06-10 23:15:42,654 - INFO - β… 6κ°μ λ‰΄μ¤ μΉ΄λ“ λ°κ²¬!
2025-06-10 23:15:42,655 - INFO - --- π“° λ‰΄μ¤ 1 μ²λ¦¬ μ¤‘ (νμ΄μ§€ 1) ---
2025-06-10 23:15:42,685 - INFO -         λ„¤μ΄λ²„ URL: https://n.news.naver.com/mnews/article/018/0005837242?sid=102
2025-06-10 23:15:42,685 - INFO -         μ›λ³Έ URL: http://www.edaily.co.kr/news/newspath.asp?newsid=01157846639020448
2025-06-10 23:15:42,707 - INFO -     β… μ¶”μ¶ μ™„λ£: μ‹¤μ ν• λ²μ—λ„ μμ•„μ§€λ” λμ΄β€¦`ν‚¤μ¦ OKμ΅΄` μ°Ύλ” λ¶€... | μ΄λ°μΌλ¦¬ | 2024.09.15.
2025-06-10 23:15:42,707 - INFO - --- π“° λ‰΄μ¤ 2 μ²λ¦¬ μ¤‘ (νμ΄μ§€ 1) ---
2025-06-10 23:15:42,726 - INFO -         λ„¤μ΄λ²„ URL: https://n.news.naver.com/mnews/article/018/0005837706?sid=102
2025-06-10 23:15:42,726 - INFO -         μ›λ³Έ URL: http://www.edaily.co.kr/news/newspath.asp?newsid=01151286639020776
2025-06-10 23:15:42,746 - INFO -     β… μ¶”μ¶ μ™„λ£: "μ•„λΉ , λ…μ μ— μ™ κ³„μ† μμ”?"β€¦`μ•μ „`μ„ν•΄ κΌ­ μ§€μΌ... | μ΄λ°μΌλ¦¬ | 2024.09.16.
2025-06-10 23:15:42,746 - INFO - --- π“° λ‰΄μ¤ 3 μ²λ¦¬ μ¤‘ (νμ΄μ§€ 1) ---
2025-06-10 23:15:42,764 - INFO -         λ„¤μ΄λ²„ URL: https://n.news.naver.com/mnews/article/018/0005837784?sid=102
2025-06-10 23:15:42,764 - INFO -         μ›λ³Έ URL: http://www.edaily.co.kr/news/newspath.asp?newsid=01325126639020776
2025-06-10 23:15:42,783 - INFO -     β… μ¶”μ¶ μ™„λ£: β€μ„μ‹  κ°€μ§€κ³  μ μ„Έλ–¤λ‹¤κ³ μ”?"β€¦λ°°λ ¤μ„μ— λμΉ λ³΄λ” μ„μ‚°... | μ΄λ°μΌλ¦¬ | 2024.09.16.
2025-06-10 23:15:42,783 - INFO - --- π“° λ‰΄μ¤ 4 μ²λ¦¬ μ¤‘ (νμ΄μ§€ 1) ---
2025-06-10 23:15:42,800 - INFO -         λ„¤μ΄λ²„ URL: https://n.news.naver.com/mnews/article/018/0005837920?sid=102
2025-06-10 23:15:42,800 - INFO -         μ›λ³Έ URL: http://www.edaily.co.kr/news/newspath.asp?newsid=01541606639021104
2025-06-10 23:15:42,819 - INFO -     β… μ¶”μ¶ μ™„λ£: "λ…μ λ§ μ§€λ‚λ©΄ μ•“λ” μ°λ¦¬μ§‘ μ½©μ΄"β€¦λ°λ ¤κ²¬λ„ β€λ…μ μ¦ν›„... | μ΄λ°μΌλ¦¬ | 2024.09.17.
2025-06-10 23:15:42,819 - INFO - --- π“° λ‰΄μ¤ 5 μ²λ¦¬ μ¤‘ (νμ΄μ§€ 1) ---
2025-06-10 23:15:42,836 - INFO -         λ„¤μ΄λ²„ URL: https://n.news.naver.com/mnews/article/018/0005837310?sid=102
2025-06-10 23:15:42,836 - INFO -         μ›λ³Έ URL: http://www.edaily.co.kr/news/newspath.asp?newsid=01331686639020448
2025-06-10 23:15:42,857 - INFO -     β… μ¶”μ¶ μ™„λ£: "λ°κ°‘μ§€λ§β€¦β€λ…ΈμΈλƒ„μƒβ€™ λ‚ κΉ μ†μ£Ό μ•μ„ λ• μ΅°μ‹¬ν•΄μ”"[... | μ΄λ°μΌλ¦¬ | 2024.09.15.
2025-06-10 23:15:42,857 - INFO - --- π“° λ‰΄μ¤ 6 μ²λ¦¬ μ¤‘ (νμ΄μ§€ 1) ---
2025-06-10 23:15:42,876 - INFO -         λ„¤μ΄λ²„ URL: https://n.news.naver.com/mnews/article/018/0005836531?sid=102
2025-06-10 23:15:42,876 - INFO -         μ›λ³Έ URL: http://www.edaily.co.kr/news/newspath.asp?newsid=01558006639020120
2025-06-10 23:15:42,897 - INFO -     β… μ¶”μ¶ μ™„λ£: "μ € ν• λ¨Έλ‹ μ™ λ¬Έμ„ μ—΄κ³  λ³ΌμΌμ„ λ΄"β€¦`λ…ΈμΈ νμ¤` ... | μ΄λ°μΌλ¦¬ | 2024.09.14.
2025-06-10 23:15:42,897 - INFO - π“„ νμ΄μ§€ 1 μ™„λ£
2025-06-10 23:15:44,900 - INFO - β… 20240914 to 20240920 λ‰΄μ¤ μμ§‘ μ™„λ£
2025-06-10 23:15:44,900 - INFO - π“… 20240914 to 20240920 μμ§‘ μ™„λ£
2025-06-10 23:15:44,901 - INFO - ================================
2025-06-10 23:15:44,901 - INFO - π“„ 20240921λ¶€ν„° 20240927κΉμ§€μ λ‰΄μ¤ μμ§‘ μ‹μ‘
2025-06-10 23:15:44,901 - INFO - π“ μ”μ²­ ν†µκ³„: 20ν μ™„λ£, ν‰κ·  λ€κΈ°: 0.7μ΄
2025-06-10 23:15:44,901 - INFO - π μ ‘μ† URL: https://search.naver.com/search.naver?where=news&query="λ…Έν‚¤μ¦μ΅΄"&nso=so:r,p:from20240921to20240927,a:all&start=1&service_area=1&office_category=3
2025-06-10 23:15:48,019 - INFO - === π― λ‰΄μ¤ μΉ΄λ“ νƒμ§€ μ‹μ‘ (νμ΄μ§€ 1) ===
2025-06-10 23:15:48,075 - INFO - β… 1κ°μ λ‰΄μ¤ μΉ΄λ“ λ°κ²¬!
2025-06-10 23:15:48,075 - INFO - --- π“° λ‰΄μ¤ 1 μ²λ¦¬ μ¤‘ (νμ΄μ§€ 1) ---
2025-06-10 23:15:48,096 - INFO -         λ„¤μ΄λ²„ URL: https://n.news.naver.com/mnews/article/015/0005036785?sid=103
2025-06-10 23:15:48,096 - INFO -         μ›λ³Έ URL: https://www.hankyung.com/article/2024092569227
2025-06-10 23:15:48,117 - INFO -     β… μ¶”μ¶ μ™„λ£: μμμ¥ 'λ¬Έμ‹  λ…Έμ¶ η”·' λμ‚΄β€¦"μΌλ³Έμ²λΌ μ…μ¥ κΈμ§€ν•μ... | ν•κµ­κ²½μ  | 2024.09.25.
2025-06-10 23:15:48,117 - INFO - π“„ νμ΄μ§€ 1 μ™„λ£
2025-06-10 23:15:50,118 - INFO - β… 20240921 to 20240927 λ‰΄μ¤ μμ§‘ μ™„λ£
2025-06-10 23:15:50,118 - INFO - π“… 20240921 to 20240927 μμ§‘ μ™„λ£
2025-06-10 23:15:50,118 - INFO - ================================
2025-06-10 23:15:50,118 - INFO - π“„ 20240928λ¶€ν„° 20241004κΉμ§€μ λ‰΄μ¤ μμ§‘ μ‹μ‘
2025-06-10 23:15:50,118 - INFO - β° μλ„μ° μ ν•: 7.9μ΄ λ€κΈ° μ¤‘... (60μ΄μ— 10ν μ ν•)
2025-06-10 23:15:58,551 - INFO - π μ ‘μ† URL: https://search.naver.com/search.naver?where=news&query="λ…Έν‚¤μ¦μ΅΄"&nso=so:r,p:from20240928to20241004,a:all&start=1&service_area=1&office_category=3
2025-06-10 23:16:01,670 - INFO - === π― λ‰΄μ¤ μΉ΄λ“ νƒμ§€ μ‹μ‘ (νμ΄μ§€ 1) ===
2025-06-10 23:16:01,721 - INFO - β… 1κ°μ λ‰΄μ¤ μΉ΄λ“ λ°κ²¬!
2025-06-10 23:16:01,721 - INFO - --- π“° λ‰΄μ¤ 1 μ²λ¦¬ μ¤‘ (νμ΄μ§€ 1) ---
2025-06-10 23:16:01,743 - INFO -         λ„¤μ΄λ²„ URL: https://n.news.naver.com/mnews/article/008/0005096873?sid=101
2025-06-10 23:16:01,743 - INFO -         μ›λ³Έ URL: http://news.mt.co.kr/mtview.php?no=2024093010250658167
2025-06-10 23:16:01,763 - INFO -     β… μ¶”μ¶ μ™„λ£: μΉ΄ν 'λ§μ›”κ²½', "λ§›κ³Ό ν’μ§, μ„λΉ„μ¤ λ“± μ†λΉ„μ μ¤‘μ‹¬... | λ¨Έλ‹ν¬λ°μ΄ | 2024.10.04.
2025-06-10 23:16:01,763 - INFO - π“„ νμ΄μ§€ 1 μ™„λ£
2025-06-10 23:16:03,767 - INFO - β… 20240928 to 20241004 λ‰΄μ¤ μμ§‘ μ™„λ£
2025-06-10 23:16:03,768 - INFO - π“… 20240928 to 20241004 μμ§‘ μ™„λ£
2025-06-10 23:16:03,768 - INFO - ================================
2025-06-10 23:16:03,768 - INFO - π“„ 20241005λ¶€ν„° 20241011κΉμ§€μ λ‰΄μ¤ μμ§‘ μ‹μ‘
2025-06-10 23:16:03,768 - INFO - π μ ‘μ† URL: https://search.naver.com/search.naver?where=news&query="λ…Έν‚¤μ¦μ΅΄"&nso=so:r,p:from20241005to20241011,a:all&start=1&service_area=1&office_category=3
2025-06-10 23:16:06,900 - INFO - === π― λ‰΄μ¤ μΉ΄λ“ νƒμ§€ μ‹μ‘ (νμ΄μ§€ 1) ===
2025-06-10 23:16:06,921 - INFO - β… 3κ°μ λ‰΄μ¤ μΉ΄λ“ λ°κ²¬!
2025-06-10 23:16:06,921 - INFO - --- π“° λ‰΄μ¤ 1 μ²λ¦¬ μ¤‘ (νμ΄μ§€ 1) ---
2025-06-10 23:16:06,959 - INFO -         λ„¤μ΄λ²„ URL: https://n.news.naver.com/mnews/article/011/0004400128?sid=110
2025-06-10 23:16:06,959 - INFO -         μ›λ³Έ URL: https://www.sedaily.com/NewsView/2DFH6BYM8Z
2025-06-10 23:16:06,986 - INFO -     β… μ¶”μ¶ μ™„λ£: λ…Έν‚¤μ¦(No Kids)λ” β€NOβ€™! [λ΅ν„°λ¦¬]... | μ„μΈκ²½μ  | 2024.10.07.
2025-06-10 23:16:06,986 - INFO - --- π“° λ‰΄μ¤ 2 μ²λ¦¬ μ¤‘ (νμ΄μ§€ 1) ---
2025-06-10 23:16:07,004 - INFO -         λ„¤μ΄λ²„ URL: https://n.news.naver.com/mnews/article/277/0005482382?sid=102
2025-06-10 23:16:07,004 - INFO -         μ›λ³Έ URL: https://view.asiae.co.kr/article/2024101015584334623
2025-06-10 23:16:07,023 - INFO -     β… μ¶”μ¶ μ™„λ£: μ‚Όμ§„ν¬μ°¨μ„ λ¶κ½ƒμ¶•μ  μ¦κΈΈλμ”?β€¦ μ‚Όμ§„μ–΄λ¬µ, β€κ³¨λ“ν‹°μΌ“β€™... | μ•„μ‹μ•„κ²½μ  | 2024.10.10.
2025-06-10 23:16:07,023 - INFO - --- π“° λ‰΄μ¤ 3 μ²λ¦¬ μ¤‘ (νμ΄μ§€ 1) ---
2025-06-10 23:16:07,041 - INFO -         λ„¤μ΄λ²„ URL: https://n.news.naver.com/mnews/article/016/0002372417?sid=102
2025-06-10 23:16:07,041 - INFO -         μ›λ³Έ URL: https://news.heraldcorp.com/view.php?ud=20241010050760
2025-06-10 23:16:07,060 - INFO -     β… μ¶”μ¶ μ™„λ£: β€λ¶€μ‚°λ¶κ½ƒμ¶•μ  λ…λ‹Ήμ„ μ΅μ•„λΌβ€β€¦μ‚Όμ§„μ–΄λ¬µ, β€μ‚Όμ§„ν¬μ°¨ κ³¨... | ν—¤λ΄λ“κ²½μ  | 2024.10.10.
2025-06-10 23:16:07,060 - INFO - π“„ νμ΄μ§€ 1 μ™„λ£
2025-06-10 23:16:09,062 - INFO - β… 20241005 to 20241011 λ‰΄μ¤ μμ§‘ μ™„λ£
2025-06-10 23:16:09,063 - INFO - π“… 20241005 to 20241011 μμ§‘ μ™„λ£
2025-06-10 23:16:09,063 - INFO - ================================
2025-06-10 23:16:09,063 - INFO - π“„ 20241012λ¶€ν„° 20241018κΉμ§€μ λ‰΄μ¤ μμ§‘ μ‹μ‘
2025-06-10 23:16:09,063 - INFO - π μ ‘μ† URL: https://search.naver.com/search.naver?where=news&query="λ…Έν‚¤μ¦μ΅΄"&nso=so:r,p:from20241012to20241018,a:all&start=1&service_area=1&office_category=3
2025-06-10 23:16:12,178 - INFO - === π― λ‰΄μ¤ μΉ΄λ“ νƒμ§€ μ‹μ‘ (νμ΄μ§€ 1) ===
2025-06-10 23:16:12,229 - INFO - β… 1κ°μ λ‰΄μ¤ μΉ΄λ“ λ°κ²¬!
2025-06-10 23:16:12,229 - INFO - --- π“° λ‰΄μ¤ 1 μ²λ¦¬ μ¤‘ (νμ΄μ§€ 1) ---
2025-06-10 23:16:12,250 - INFO -         λ„¤μ΄λ²„ URL: https://n.news.naver.com/mnews/article/008/0005099756?sid=104
2025-06-10 23:16:12,250 - INFO -         μ›λ³Έ URL: http://news.mt.co.kr/mtview.php?no=2024101110130868540
2025-06-10 23:16:12,271 - INFO -     β… μ¶”μ¶ μ™„λ£: λ„μ„κ΄€ λ§μ•„? μ•„μ΄λ“¤ λ’Ήκµ΄κ³  "κΊ„λ¥΄λ¥΄λ¥΄"β€¦λμΉ μ• μ£Όλ”... | λ¨Έλ‹ν¬λ°μ΄ | 2024.10.13.
2025-06-10 23:16:12,271 - INFO - π“„ νμ΄μ§€ 1 μ™„λ£
2025-06-10 23:16:14,274 - INFO - β… 20241012 to 20241018 λ‰΄μ¤ μμ§‘ μ™„λ£
2025-06-10 23:16:14,274 - INFO - π“… 20241012 to 20241018 μμ§‘ μ™„λ£
2025-06-10 23:16:14,274 - INFO - ================================
2025-06-10 23:16:14,275 - INFO - π“„ 20241019λ¶€ν„° 20241025κΉμ§€μ λ‰΄μ¤ μμ§‘ μ‹μ‘
2025-06-10 23:16:14,275 - INFO - π μ ‘μ† URL: https://search.naver.com/search.naver?where=news&query="λ…Έν‚¤μ¦μ΅΄"&nso=so:r,p:from20241019to20241025,a:all&start=1&service_area=1&office_category=3
2025-06-10 23:16:17,423 - INFO - === π― λ‰΄μ¤ μΉ΄λ“ νƒμ§€ μ‹μ‘ (νμ΄μ§€ 1) ===
2025-06-10 23:16:17,446 - INFO - β… 5κ°μ λ‰΄μ¤ μΉ΄λ“ λ°κ²¬!
2025-06-10 23:16:17,446 - INFO - --- π“° λ‰΄μ¤ 1 μ²λ¦¬ μ¤‘ (νμ΄μ§€ 1) ---
2025-06-10 23:16:17,476 - INFO -         λ„¤μ΄λ²„ URL: https://n.news.naver.com/mnews/article/277/0005488562?sid=102
2025-06-10 23:16:17,476 - INFO -         μ›λ³Έ URL: https://view.asiae.co.kr/article/2024102310242895375
2025-06-10 23:16:17,498 - INFO -     β… μ¶”μ¶ μ™„λ£: "ν‘λ°±μ”λ¦¬μ‚¬Β·BTSλ„ ν–λ”λ°" vs "κ°€λ¦¬λ©΄ λμ–μ•„"β€¦... | μ•„μ‹μ•„κ²½μ  | 2024.10.23.
2025-06-10 23:16:17,498 - INFO - --- π“° λ‰΄μ¤ 2 μ²λ¦¬ μ¤‘ (νμ΄μ§€ 1) ---
2025-06-10 23:16:17,517 - INFO -         λ„¤μ΄λ²„ URL: https://n.news.naver.com/mnews/article/277/0005486780?sid=102
2025-06-10 23:16:17,517 - INFO -         μ›λ³Έ URL: https://view.asiae.co.kr/article/2024101920225214938
2025-06-10 23:16:17,537 - INFO -     β… μ¶”μ¶ μ™„λ£: "λ¶€λ¨λ„ ν°λ§ λ¨Ήκ³  κ°€λ”κ±΄λ°"β€¦'λ…Έν‚¤μ¦μ΅΄' ν‘λ°±μ”λ¦¬μ‚¬ ... | μ•„μ‹μ•„κ²½μ  | 2024.10.19.
2025-06-10 23:16:17,537 - INFO - --- π“° λ‰΄μ¤ 3 μ²λ¦¬ μ¤‘ (νμ΄μ§€ 1) ---
2025-06-10 23:16:17,554 - INFO -         λ„¤μ΄λ²„ URL: https://n.news.naver.com/mnews/article/015/0005046316?sid=101
2025-06-10 23:16:17,554 - INFO -         μ›λ³Έ URL: https://www.hankyung.com/article/2024101957197
2025-06-10 23:16:17,573 - INFO -     β… μ¶”μ¶ μ™„λ£: "μ• λ“¤μ€ μ•λλ‚μ”?"β€¦λ€λ°• λ‚ ν‘λ°±μ”λ¦¬μ‚¬ μ…°ν”„ λ…Όλ€ ν©... | ν•κµ­κ²½μ  | 2024.10.19.
2025-06-10 23:16:17,573 - INFO - --- π“° λ‰΄μ¤ 4 μ²λ¦¬ μ¤‘ (νμ΄μ§€ 1) ---
2025-06-10 23:16:17,591 - INFO -         λ„¤μ΄λ²„ URL: https://n.news.naver.com/mnews/article/014/0005255527?sid=102
2025-06-10 23:16:17,591 - INFO -         μ›λ³Έ URL: http://www.fnnews.com/news/202410200932024169
2025-06-10 23:16:17,611 - INFO -     β… μ¶”μ¶ μ™„λ£: λ€λ°• λ‚ ν‘λ°±μ”λ¦¬μ‚¬ μ‹λ‹Ή "μ• λ“¤μ€ λ» λ°λ ¤κ°„λ‹¤" [μ–΄λ–»... | νμ΄λ‚Έμ…λ‰΄μ¤ | 2024.10.20.
2025-06-10 23:16:17,611 - INFO - --- π“° λ‰΄μ¤ 5 μ²λ¦¬ μ¤‘ (νμ΄μ§€ 1) ---
2025-06-10 23:16:17,629 - INFO -         λ„¤μ΄λ²„ URL: https://n.news.naver.com/mnews/article/015/0005046675?sid=110
2025-06-10 23:16:17,629 - INFO -         μ›λ³Έ URL: https://www.hankyung.com/article/2024102069611
2025-06-10 23:16:17,654 - INFO -     β… μ¶”μ¶ μ™„λ£: [MZ ν†΅ν†΅] 24κ°μ›” λ―Έλ§ μ•„κΈ°μ™€ ν•΄μ™Έμ—¬ν–‰... | ν•κµ­κ²½μ  | 2024.10.21.
2025-06-10 23:16:17,654 - INFO - π“„ νμ΄μ§€ 1 μ™„λ£
2025-06-10 23:16:19,659 - INFO - β… 20241019 to 20241025 λ‰΄μ¤ μμ§‘ μ™„λ£
2025-06-10 23:16:19,660 - INFO - π“… 20241019 to 20241025 μμ§‘ μ™„λ£
2025-06-10 23:16:19,660 - INFO - ================================
2025-06-10 23:16:19,660 - INFO - π“„ 20241026λ¶€ν„° 20241101κΉμ§€μ λ‰΄μ¤ μμ§‘ μ‹μ‘
2025-06-10 23:16:19,660 - INFO - π μ ‘μ† URL: https://search.naver.com/search.naver?where=news&query="λ…Έν‚¤μ¦μ΅΄"&nso=so:r,p:from20241026to20241101,a:all&start=1&service_area=1&office_category=3
2025-06-10 23:16:22,786 - INFO - === π― λ‰΄μ¤ μΉ΄λ“ νƒμ§€ μ‹μ‘ (νμ΄μ§€ 1) ===
2025-06-10 23:16:22,806 - INFO - β… 2κ°μ λ‰΄μ¤ μΉ΄λ“ λ°κ²¬!
2025-06-10 23:16:22,806 - INFO - --- π“° λ‰΄μ¤ 1 μ²λ¦¬ μ¤‘ (νμ΄μ§€ 1) ---
2025-06-10 23:16:22,836 - INFO -         λ„¤μ΄λ²„ URL: https://n.news.naver.com/mnews/article/016/0002381746?sid=102
2025-06-10 23:16:22,836 - INFO -         μ›λ³Έ URL: https://news.heraldcorp.com/view.php?ud=20241031050561
2025-06-10 23:16:22,858 - INFO -     β… μ¶”μ¶ μ™„λ£: β€λ°°μ μ λ¬Έν™”β€™ vs β€μμ—…μ μμ β€™β€¦ β€NO OO μ΅΄... | ν—¤λ΄λ“κ²½μ  | 2024.10.31.
2025-06-10 23:16:22,858 - INFO - --- π“° λ‰΄μ¤ 2 μ²λ¦¬ μ¤‘ (νμ΄μ§€ 1) ---
2025-06-10 23:16:22,878 - INFO -         λ„¤μ΄λ²„ URL: https://n.news.naver.com/mnews/article/016/0002380326?sid=102
2025-06-10 23:16:22,878 - INFO -         μ›λ³Έ URL: https://news.heraldcorp.com/view.php?ud=20241029050208
2025-06-10 23:16:22,897 - INFO -     β… μ¶”μ¶ μ™„λ£: "60μ„Έ μ΄μƒ μ¤μ§€ λ§μ„Έμ”" ν—¬μ¤μ¥Β·μΉ΄νμ— 'λ…Έμ‹λ‹μ–΄μ΅΄... | ν—¤λ΄λ“κ²½μ  | 2024.10.29.
2025-06-10 23:16:22,897 - INFO - π“„ νμ΄μ§€ 1 μ™„λ£
2025-06-10 23:16:24,901 - INFO - β… 20241026 to 20241101 λ‰΄μ¤ μμ§‘ μ™„λ£
2025-06-10 23:16:24,901 - INFO - π“… 20241026 to 20241101 μμ§‘ μ™„λ£
2025-06-10 23:16:24,901 - INFO - ================================
2025-06-10 23:16:24,902 - INFO - π“„ 20241102λ¶€ν„° 20241108κΉμ§€μ λ‰΄μ¤ μμ§‘ μ‹μ‘
2025-06-10 23:16:24,902 - INFO - π μ ‘μ† URL: https://search.naver.com/search.naver?where=news&query="λ…Έν‚¤μ¦μ΅΄"&nso=so:r,p:from20241102to20241108,a:all&start=1&service_area=1&office_category=3
2025-06-10 23:16:28,044 - INFO - === π― λ‰΄μ¤ μΉ΄λ“ νƒμ§€ μ‹μ‘ (νμ΄μ§€ 1) ===
2025-06-10 23:16:28,094 - INFO - β… 1κ°μ λ‰΄μ¤ μΉ΄λ“ λ°κ²¬!
2025-06-10 23:16:28,094 - INFO - --- π“° λ‰΄μ¤ 1 μ²λ¦¬ μ¤‘ (νμ΄μ§€ 1) ---
2025-06-10 23:16:28,115 - INFO -         λ„¤μ΄λ²„ URL: https://n.news.naver.com/mnews/article/016/0002383452?sid=102
2025-06-10 23:16:28,115 - INFO -         μ›λ³Έ URL: https://news.heraldcorp.com/view.php?ud=20241104050767
2025-06-10 23:16:28,136 - INFO -     β… μ¶”μ¶ μ™„λ£: κ²½λ¶λ„μν, μ²­μ†λ…„μνκµμ‹¤ ν° νΈμ‘ μ† λ§λ¬΄λ¦¬... | ν—¤λ΄λ“κ²½μ  | 2024.11.04.
2025-06-10 23:16:28,136 - INFO - π“„ νμ΄μ§€ 1 μ™„λ£
2025-06-10 23:16:30,140 - INFO - β… 20241102 to 20241108 λ‰΄μ¤ μμ§‘ μ™„λ£
2025-06-10 23:16:30,141 - INFO - π“… 20241102 to 20241108 μμ§‘ μ™„λ£
2025-06-10 23:16:30,141 - INFO - ================================
2025-06-10 23:16:30,141 - INFO - π“„ 20241109λ¶€ν„° 20241115κΉμ§€μ λ‰΄μ¤ μμ§‘ μ‹μ‘
2025-06-10 23:16:30,141 - INFO - π μ ‘μ† URL: https://search.naver.com/search.naver?where=news&query="λ…Έν‚¤μ¦μ΅΄"&nso=so:r,p:from20241109to20241115,a:all&start=1&service_area=1&office_category=3
2025-06-10 23:16:33,270 - INFO - === π― λ‰΄μ¤ μΉ΄λ“ νƒμ§€ μ‹μ‘ (νμ΄μ§€ 1) ===
2025-06-10 23:16:33,291 - INFO - β… 2κ°μ λ‰΄μ¤ μΉ΄λ“ λ°κ²¬!
2025-06-10 23:16:33,291 - INFO - --- π“° λ‰΄μ¤ 1 μ²λ¦¬ μ¤‘ (νμ΄μ§€ 1) ---
2025-06-10 23:16:33,321 - INFO -         λ„¤μ΄λ²„ URL: https://n.news.naver.com/mnews/article/015/0005056399?sid=110
2025-06-10 23:16:33,321 - INFO -         μ›λ³Έ URL: https://www.hankyung.com/article/2024111270611
2025-06-10 23:16:33,348 - INFO -     β… μ¶”μ¶ μ™„λ£: [ν•κ²½μ—μ„Έμ΄] κ³µκ°„μ— λ‹΄κΈ΄ μ°λ¦¬ μ‚¬νμ μ² ν•™... | ν•κµ­κ²½μ  | 2024.11.13.
2025-06-10 23:16:33,348 - INFO - --- π“° λ‰΄μ¤ 2 μ²λ¦¬ μ¤‘ (νμ΄μ§€ 1) ---
2025-06-10 23:16:33,367 - INFO -         λ„¤μ΄λ²„ URL: https://n.news.naver.com/mnews/article/015/0005055417?sid=102
2025-06-10 23:16:33,367 - INFO -         μ›λ³Έ URL: https://www.hankyung.com/article/2024111021111
2025-06-10 23:16:33,390 - INFO -     β… μ¶”μ¶ μ™„λ£: λ…Όμ ν•™μ› λ³΄λ‚ΌκΉ? μ£Όλ‹μ–΄ μƒκΈ€μƒκΈ€ 'AI λ…Όμ κ³Όμ™Έ'λ΅ ... | ν•κµ­κ²½μ  | 2024.11.10.
2025-06-10 23:16:33,391 - INFO - π“„ νμ΄μ§€ 1 μ™„λ£
2025-06-10 23:16:35,396 - INFO - β… 20241109 to 20241115 λ‰΄μ¤ μμ§‘ μ™„λ£
2025-06-10 23:16:35,396 - INFO - π“… 20241109 to 20241115 μμ§‘ μ™„λ£
2025-06-10 23:16:35,396 - INFO - ================================
2025-06-10 23:16:35,396 - INFO - π“„ 20241116λ¶€ν„° 20241122κΉμ§€μ λ‰΄μ¤ μμ§‘ μ‹μ‘
2025-06-10 23:16:35,397 - INFO - π μ ‘μ† URL: https://search.naver.com/search.naver?where=news&query="λ…Έν‚¤μ¦μ΅΄"&nso=so:r,p:from20241116to20241122,a:all&start=1&service_area=1&office_category=3
2025-06-10 23:16:38,526 - INFO - === π― λ‰΄μ¤ μΉ΄λ“ νƒμ§€ μ‹μ‘ (νμ΄μ§€ 1) ===
2025-06-10 23:16:38,565 - INFO - β… 1κ°μ λ‰΄μ¤ μΉ΄λ“ λ°κ²¬!
2025-06-10 23:16:38,565 - INFO - --- π“° λ‰΄μ¤ 1 μ²λ¦¬ μ¤‘ (νμ΄μ§€ 1) ---
2025-06-10 23:16:38,586 - INFO -         λ„¤μ΄λ²„ URL: https://n.news.naver.com/mnews/article/009/0005400616?sid=101
2025-06-10 23:16:38,586 - INFO -         μ›λ³Έ URL: https://www.mk.co.kr/article/11174449
2025-06-10 23:16:38,606 - INFO -     β… μ¶”μ¶ μ™„λ£: 'NO' λ€μ‹  'CARE' ν‚¤μ¦μ΅΄ λ§λ“¤μ... | λ§¤μΌκ²½μ  | 2024.11.21.
2025-06-10 23:16:38,607 - INFO - π“„ νμ΄μ§€ 1 μ™„λ£
2025-06-10 23:16:40,612 - INFO - β… 20241116 to 20241122 λ‰΄μ¤ μμ§‘ μ™„λ£
2025-06-10 23:16:40,612 - INFO - π“… 20241116 to 20241122 μμ§‘ μ™„λ£
2025-06-10 23:16:40,612 - INFO - ================================
2025-06-10 23:16:40,613 - INFO - π“„ 20241123λ¶€ν„° 20241129κΉμ§€μ λ‰΄μ¤ μμ§‘ μ‹μ‘
2025-06-10 23:16:40,613 - INFO - π μ ‘μ† URL: https://search.naver.com/search.naver?where=news&query="λ…Έν‚¤μ¦μ΅΄"&nso=so:r,p:from20241123to20241129,a:all&start=1&service_area=1&office_category=3
2025-06-10 23:16:43,741 - INFO - === π― λ‰΄μ¤ μΉ΄λ“ νƒμ§€ μ‹μ‘ (νμ΄μ§€ 1) ===
2025-06-10 23:16:43,758 - INFO - β λ” μ΄μƒ λ‰΄μ¤κ°€ μ—†μµλ‹λ‹¤ (νμ΄μ§€ 1)
2025-06-10 23:16:43,758 - INFO - π“… 20241123 to 20241129 μμ§‘ μ™„λ£
2025-06-10 23:16:43,758 - INFO - ================================
2025-06-10 23:16:43,758 - INFO - π“„ 20241130λ¶€ν„° 20241206κΉμ§€μ λ‰΄μ¤ μμ§‘ μ‹μ‘
2025-06-10 23:16:43,758 - INFO - β° μλ„μ° μ ν•: 1.1μ΄ λ€κΈ° μ¤‘... (60μ΄μ— 10ν μ ν•)
2025-06-10 23:16:45,405 - INFO - π“ μ”μ²­ ν†µκ³„: 30ν μ™„λ£, ν‰κ·  λ€κΈ°: 0.8μ΄
2025-06-10 23:16:45,406 - INFO - π μ ‘μ† URL: https://search.naver.com/search.naver?where=news&query="λ…Έν‚¤μ¦μ΅΄"&nso=so:r,p:from20241130to20241206,a:all&start=1&service_area=1&office_category=3
2025-06-10 23:16:48,534 - INFO - === π― λ‰΄μ¤ μΉ΄λ“ νƒμ§€ μ‹μ‘ (νμ΄μ§€ 1) ===
2025-06-10 23:16:48,585 - INFO - β… 1κ°μ λ‰΄μ¤ μΉ΄λ“ λ°κ²¬!
2025-06-10 23:16:48,585 - INFO - --- π“° λ‰΄μ¤ 1 μ²λ¦¬ μ¤‘ (νμ΄μ§€ 1) ---
2025-06-10 23:16:48,607 - INFO -         λ„¤μ΄λ²„ URL: https://n.news.naver.com/mnews/article/648/0000031223?sid=101
2025-06-10 23:16:48,607 - INFO -         μ›λ³Έ URL: http://news.bizwatch.co.kr/article/consumer/2024/12/02/0019
2025-06-10 23:16:48,628 - INFO -     β… μ¶”μ¶ μ™„λ£: "μ°λ¦° μμ¤ ν‚¤μ¦ μ΅΄"β€¦μ΅μ•„κ³ κ° λ¨μ‹λ” μ ν†µμ—…κ³„... | λΉ„μ¦μ›μΉ | 2024.12.03.
2025-06-10 23:16:48,628 - INFO - π“„ νμ΄μ§€ 1 μ™„λ£
2025-06-10 23:16:50,632 - INFO - β… 20241130 to 20241206 λ‰΄μ¤ μμ§‘ μ™„λ£
2025-06-10 23:16:50,633 - INFO - π“… 20241130 to 20241206 μμ§‘ μ™„λ£
2025-06-10 23:16:50,633 - INFO - ================================
2025-06-10 23:16:50,633 - INFO - π“„ 20241207λ¶€ν„° 20241213κΉμ§€μ λ‰΄μ¤ μμ§‘ μ‹μ‘
2025-06-10 23:16:50,634 - INFO - β° μλ„μ° μ ν•: 7.9μ΄ λ€κΈ° μ¤‘... (60μ΄μ— 10ν μ ν•)
2025-06-10 23:16:59,054 - INFO - π μ ‘μ† URL: https://search.naver.com/search.naver?where=news&query="λ…Έν‚¤μ¦μ΅΄"&nso=so:r,p:from20241207to20241213,a:all&start=1&service_area=1&office_category=3
2025-06-10 23:17:02,176 - INFO - === π― λ‰΄μ¤ μΉ΄λ“ νƒμ§€ μ‹μ‘ (νμ΄μ§€ 1) ===
2025-06-10 23:17:02,227 - INFO - β… 1κ°μ λ‰΄μ¤ μΉ΄λ“ λ°κ²¬!
2025-06-10 23:17:02,227 - INFO - --- π“° λ‰΄μ¤ 1 μ²λ¦¬ μ¤‘ (νμ΄μ§€ 1) ---
2025-06-10 23:17:02,258 - INFO -         λ„¤μ΄λ²„ URL: https://n.news.naver.com/mnews/article/015/0005069358?sid=103
2025-06-10 23:17:02,258 - INFO -         μ›λ³Έ URL: https://www.hankyung.com/article/2024121231781
2025-06-10 23:17:02,283 - INFO -     β… μ¶”μ¶ μ™„λ£: μ–΄λ¥Έμ΄ μ•„μ΄ λλ³΄λ“―μ΄β€¦μ•„μ΄λ“¤λ„ μ–΄λ¥Έ μ§€μΌλ΄, λ‚ μν€μ§€... | ν•κµ­κ²½μ  | 2024.12.12.
2025-06-10 23:17:02,283 - INFO - π“„ νμ΄μ§€ 1 μ™„λ£
2025-06-10 23:17:04,288 - INFO - β… 20241207 to 20241213 λ‰΄μ¤ μμ§‘ μ™„λ£
2025-06-10 23:17:04,289 - INFO - π“… 20241207 to 20241213 μμ§‘ μ™„λ£
2025-06-10 23:17:04,289 - INFO - ================================
2025-06-10 23:17:04,289 - INFO - π“„ 20241214λ¶€ν„° 20241220κΉμ§€μ λ‰΄μ¤ μμ§‘ μ‹μ‘
2025-06-10 23:17:04,289 - INFO - π μ ‘μ† URL: https://search.naver.com/search.naver?where=news&query="λ…Έν‚¤μ¦μ΅΄"&nso=so:r,p:from20241214to20241220,a:all&start=1&service_area=1&office_category=3
2025-06-10 23:17:07,434 - INFO - === π― λ‰΄μ¤ μΉ΄λ“ νƒμ§€ μ‹μ‘ (νμ΄μ§€ 1) ===
2025-06-10 23:17:07,455 - INFO - β… 5κ°μ λ‰΄μ¤ μΉ΄λ“ λ°κ²¬!
2025-06-10 23:17:07,455 - INFO - --- π“° λ‰΄μ¤ 1 μ²λ¦¬ μ¤‘ (νμ΄μ§€ 1) ---
2025-06-10 23:17:07,486 - INFO -         λ„¤μ΄λ²„ URL: https://n.news.naver.com/mnews/article/030/0003269931?sid=104
2025-06-10 23:17:07,486 - INFO -         μ›λ³Έ URL: https://www.etnews.com/20241219000263
2025-06-10 23:17:07,508 - INFO -     β… μ¶”μ¶ μ™„λ£: β€30μ„Έ λ―Έλ§μ€ λ‚κ°€μ£Όμ„Έμ”β€β€¦ μ—°λ Ήλ€ ν™• μ¬λ¦° ηΎ λ…Έν‚¤... | μ „μμ‹ λ¬Έ | 2024.12.20.
2025-06-10 23:17:07,508 - INFO - --- π“° λ‰΄μ¤ 2 μ²λ¦¬ μ¤‘ (νμ΄μ§€ 1) ---
2025-06-10 23:17:07,528 - INFO -         λ„¤μ΄λ²„ URL: https://n.news.naver.com/mnews/article/018/0005909256?sid=104
2025-06-10 23:17:07,528 - INFO -         μ›λ³Έ URL: http://www.edaily.co.kr/news/newspath.asp?newsid=04339446639119832
2025-06-10 23:17:07,547 - INFO -     β… μ¶”μ¶ μ™„λ£: β€30μ„Έ λ―Έλ§μ€ μ¶μ… κΈμ§€...10Β·20 μ‹λ„λ¬μ›β€ λ―Έ... | μ΄λ°μΌλ¦¬ | 2024.12.18.
2025-06-10 23:17:07,547 - INFO - --- π“° λ‰΄μ¤ 3 μ²λ¦¬ μ¤‘ (νμ΄μ§€ 1) ---
2025-06-10 23:17:07,565 - INFO -         λ„¤μ΄λ²„ URL: https://n.news.naver.com/mnews/article/277/0005519906?sid=104
2025-06-10 23:17:07,565 - INFO -         μ›λ³Έ URL: https://view.asiae.co.kr/article/2024121818172522132
2025-06-10 23:17:07,583 - INFO -     β… μ¶”μ¶ μ™„λ£: "μ„λ¥Έ λ„μ€ μ‚¬λλ§ μ™€λΌ"β€¦λ‚μ΄ ν™• μ¬λ¦° 'λ…Έν‚¤μ¦μ΅΄' ... | μ•„μ‹μ•„κ²½μ  | 2024.12.18.
2025-06-10 23:17:07,583 - INFO - --- π“° λ‰΄μ¤ 4 μ²λ¦¬ μ¤‘ (νμ΄μ§€ 1) ---
2025-06-10 23:17:07,601 - INFO -         λ„¤μ΄λ²„ URL: https://n.news.naver.com/mnews/article/009/0005416155?sid=102
2025-06-10 23:17:07,601 - INFO -         μ›λ³Έ URL: https://www.mk.co.kr/article/11198128
2025-06-10 23:17:07,626 - INFO -     β… μ¶”μ¶ μ™„λ£: λ…Έν‚¤μ¦μ΅΄μΈλ° λ‚μ΄ μ ν• μ‹¤ν™”μΈκ°€β€¦β€10Β·20λ€ μ‹λ„λ¬μ›... | λ§¤μΌκ²½μ  | 2024.12.19.
2025-06-10 23:17:07,626 - INFO - --- π“° λ‰΄μ¤ 5 μ²λ¦¬ μ¤‘ (νμ΄μ§€ 1) ---
2025-06-10 23:17:07,645 - INFO -         λ„¤μ΄λ²„ URL: https://n.news.naver.com/mnews/article/014/0005284549?sid=104
2025-06-10 23:17:07,645 - INFO -         μ›λ³Έ URL: http://www.fnnews.com/news/202412190521575072
2025-06-10 23:17:07,667 - INFO -     β… μ¶”μ¶ μ™„λ£: "10Β·20 μ‹λ„λ½λ‹¤β€¦30μ„Έ λ―Έλ§ μ¶μ… κΈμ§€" ηΎ 'λ…Έ... | νμ΄λ‚Έμ…λ‰΄μ¤ | 2024.12.19.
2025-06-10 23:17:07,667 - INFO - π“„ νμ΄μ§€ 1 μ™„λ£
2025-06-10 23:17:09,669 - INFO - β… 20241214 to 20241220 λ‰΄μ¤ μμ§‘ μ™„λ£
2025-06-10 23:17:09,670 - INFO - π“… 20241214 to 20241220 μμ§‘ μ™„λ£
2025-06-10 23:17:09,670 - INFO - ================================
2025-06-10 23:17:09,670 - INFO - π“„ 20241221λ¶€ν„° 20241227κΉμ§€μ λ‰΄μ¤ μμ§‘ μ‹μ‘
2025-06-10 23:17:09,670 - INFO - π μ ‘μ† URL: https://search.naver.com/search.naver?where=news&query="λ…Έν‚¤μ¦μ΅΄"&nso=so:r,p:from20241221to20241227,a:all&start=1&service_area=1&office_category=3
2025-06-10 23:17:12,794 - INFO - === π― λ‰΄μ¤ μΉ΄λ“ νƒμ§€ μ‹μ‘ (νμ΄μ§€ 1) ===
2025-06-10 23:17:12,845 - INFO - β… 1κ°μ λ‰΄μ¤ μΉ΄λ“ λ°κ²¬!
2025-06-10 23:17:12,845 - INFO - --- π“° λ‰΄μ¤ 1 μ²λ¦¬ μ¤‘ (νμ΄μ§€ 1) ---
2025-06-10 23:17:12,866 - INFO -         λ„¤μ΄λ²„ URL: https://n.news.naver.com/mnews/article/011/0004430724?sid=104
2025-06-10 23:17:12,866 - INFO -         μ›λ³Έ URL: https://www.sedaily.com/NewsView/2DI7HF0HXV
2025-06-10 23:17:12,887 - INFO -     β… μ¶”μ¶ μ™„λ£: "μ μ€μ΄λ“¤μ΄ μ‹λ‹Ήμ„ λ§μΉλ‹¤"β€¦'30μ„Έ λ―Έλ§ μ¶μ…κΈμ§€' ... | μ„μΈκ²½μ  | 2024.12.21.
2025-06-10 23:17:12,887 - INFO - π“„ νμ΄μ§€ 1 μ™„λ£
2025-06-10 23:17:14,891 - INFO - β… 20241221 to 20241227 λ‰΄μ¤ μμ§‘ μ™„λ£
2025-06-10 23:17:14,891 - INFO - π“… 20241221 to 20241227 μμ§‘ μ™„λ£
2025-06-10 23:17:14,891 - INFO - ================================
2025-06-10 23:17:14,892 - INFO - π“„ 20241228λ¶€ν„° 20250103κΉμ§€μ λ‰΄μ¤ μμ§‘ μ‹μ‘
2025-06-10 23:17:14,892 - INFO - π μ ‘μ† URL: https://search.naver.com/search.naver?where=news&query="λ…Έν‚¤μ¦μ΅΄"&nso=so:r,p:from20241228to20250103,a:all&start=1&service_area=1&office_category=3
2025-06-10 23:17:18,029 - INFO - === π― λ‰΄μ¤ μΉ΄λ“ νƒμ§€ μ‹μ‘ (νμ΄μ§€ 1) ===
2025-06-10 23:17:18,047 - INFO - β λ” μ΄μƒ λ‰΄μ¤κ°€ μ—†μµλ‹λ‹¤ (νμ΄μ§€ 1)
2025-06-10 23:17:18,047 - INFO - π“… 20241228 to 20250103 μμ§‘ μ™„λ£
2025-06-10 23:17:18,047 - INFO - ================================
2025-06-10 23:17:18,047 - INFO - π“„ 20250104λ¶€ν„° 20250110κΉμ§€μ λ‰΄μ¤ μμ§‘ μ‹μ‘
2025-06-10 23:17:18,047 - INFO - β° μλ„μ° μ ν•: 1.6μ΄ λ€κΈ° μ¤‘... (60μ΄μ— 10ν μ ν•)
2025-06-10 23:17:20,165 - INFO - π μ ‘μ† URL: https://search.naver.com/search.naver?where=news&query="λ…Έν‚¤μ¦μ΅΄"&nso=so:r,p:from20250104to20250110,a:all&start=1&service_area=1&office_category=3
2025-06-10 23:17:23,298 - INFO - === π― λ‰΄μ¤ μΉ΄λ“ νƒμ§€ μ‹μ‘ (νμ΄μ§€ 1) ===
2025-06-10 23:17:23,316 - INFO - β λ” μ΄μƒ λ‰΄μ¤κ°€ μ—†μµλ‹λ‹¤ (νμ΄μ§€ 1)
2025-06-10 23:17:23,316 - INFO - π“… 20250104 to 20250110 μμ§‘ μ™„λ£
2025-06-10 23:17:23,316 - INFO - ================================
2025-06-10 23:17:23,316 - INFO - π“„ 20250111λ¶€ν„° 20250117κΉμ§€μ λ‰΄μ¤ μμ§‘ μ‹μ‘
2025-06-10 23:17:23,316 - INFO - β° μλ„μ° μ ν•: 1.6μ΄ λ€κΈ° μ¤‘... (60μ΄μ— 10ν μ ν•)
2025-06-10 23:17:25,405 - INFO - π μ ‘μ† URL: https://search.naver.com/search.naver?where=news&query="λ…Έν‚¤μ¦μ΅΄"&nso=so:r,p:from20250111to20250117,a:all&start=1&service_area=1&office_category=3
2025-06-10 23:17:28,525 - INFO - === π― λ‰΄μ¤ μΉ΄λ“ νƒμ§€ μ‹μ‘ (νμ΄μ§€ 1) ===
2025-06-10 23:17:28,544 - INFO - β λ” μ΄μƒ λ‰΄μ¤κ°€ μ—†μµλ‹λ‹¤ (νμ΄μ§€ 1)
2025-06-10 23:17:28,544 - INFO - π“… 20250111 to 20250117 μμ§‘ μ™„λ£
2025-06-10 23:17:28,544 - INFO - ================================
2025-06-10 23:17:28,544 - INFO - π“„ 20250118λ¶€ν„° 20250124κΉμ§€μ λ‰΄μ¤ μμ§‘ μ‹μ‘
2025-06-10 23:17:28,544 - INFO - β° μλ„μ° μ ν•: 1.6μ΄ λ€κΈ° μ¤‘... (60μ΄μ— 10ν μ ν•)
2025-06-10 23:17:30,646 - INFO - π μ ‘μ† URL: https://search.naver.com/search.naver?where=news&query="λ…Έν‚¤μ¦μ΅΄"&nso=so:r,p:from20250118to20250124,a:all&start=1&service_area=1&office_category=3
2025-06-10 23:17:33,769 - INFO - === π― λ‰΄μ¤ μΉ΄λ“ νƒμ§€ μ‹μ‘ (νμ΄μ§€ 1) ===
2025-06-10 23:17:33,786 - INFO - β λ” μ΄μƒ λ‰΄μ¤κ°€ μ—†μµλ‹λ‹¤ (νμ΄μ§€ 1)
2025-06-10 23:17:33,786 - INFO - π“… 20250118 to 20250124 μμ§‘ μ™„λ£
2025-06-10 23:17:33,786 - INFO - ================================
2025-06-10 23:17:33,786 - INFO - π“„ 20250125λ¶€ν„° 20250131κΉμ§€μ λ‰΄μ¤ μμ§‘ μ‹μ‘
2025-06-10 23:17:33,786 - INFO - β° μλ„μ° μ ν•: 1.6μ΄ λ€κΈ° μ¤‘... (60μ΄μ— 10ν μ ν•)
2025-06-10 23:17:35,898 - INFO - π μ ‘μ† URL: https://search.naver.com/search.naver?where=news&query="λ…Έν‚¤μ¦μ΅΄"&nso=so:r,p:from20250125to20250131,a:all&start=1&service_area=1&office_category=3
2025-06-10 23:17:39,030 - INFO - === π― λ‰΄μ¤ μΉ΄λ“ νƒμ§€ μ‹μ‘ (νμ΄μ§€ 1) ===
2025-06-10 23:17:39,047 - INFO - β λ” μ΄μƒ λ‰΄μ¤κ°€ μ—†μµλ‹λ‹¤ (νμ΄μ§€ 1)
2025-06-10 23:17:39,048 - INFO - π“… 20250125 to 20250131 μμ§‘ μ™„λ£
2025-06-10 23:17:39,048 - INFO - ================================
2025-06-10 23:17:39,048 - INFO - π“„ 20250201λ¶€ν„° 20250207κΉμ§€μ λ‰΄μ¤ μμ§‘ μ‹μ‘
2025-06-10 23:17:39,048 - INFO - β° μλ„μ° μ ν•: 1.6μ΄ λ€κΈ° μ¤‘... (60μ΄μ— 10ν μ ν•)
2025-06-10 23:17:41,115 - INFO - π μ ‘μ† URL: https://search.naver.com/search.naver?where=news&query="λ…Έν‚¤μ¦μ΅΄"&nso=so:r,p:from20250201to20250207,a:all&start=1&service_area=1&office_category=3
2025-06-10 23:17:44,241 - INFO - === π― λ‰΄μ¤ μΉ΄λ“ νƒμ§€ μ‹μ‘ (νμ΄μ§€ 1) ===
2025-06-10 23:17:44,292 - INFO - β… 1κ°μ λ‰΄μ¤ μΉ΄λ“ λ°κ²¬!
2025-06-10 23:17:44,292 - INFO - --- π“° λ‰΄μ¤ 1 μ²λ¦¬ μ¤‘ (νμ΄μ§€ 1) ---
2025-06-10 23:17:44,314 - INFO -         λ„¤μ΄λ²„ URL: https://n.news.naver.com/mnews/article/009/0005439651?sid=110
2025-06-10 23:17:44,314 - INFO -         μ›λ³Έ URL: https://www.mk.co.kr/article/11234561
2025-06-10 23:17:44,348 - INFO -     β… μ¶”μ¶ μ™„λ£: [λ§¤κ²½μ¶μ¶”] λ‹¤μ •ν• κ²ƒμ΄ μ‚΄μ•„λ‚¨λ”λ‹¤... | λ§¤μΌκ²½μ  | 2025.02.06.
2025-06-10 23:17:44,348 - INFO - π“„ νμ΄μ§€ 1 μ™„λ£
2025-06-10 23:17:46,349 - INFO - β… 20250201 to 20250207 λ‰΄μ¤ μμ§‘ μ™„λ£
2025-06-10 23:17:46,350 - INFO - π“… 20250201 to 20250207 μμ§‘ μ™„λ£
2025-06-10 23:17:46,350 - INFO - ================================
2025-06-10 23:17:46,350 - INFO - π“„ 20250208λ¶€ν„° 20250214κΉμ§€μ λ‰΄μ¤ μμ§‘ μ‹μ‘
2025-06-10 23:17:46,351 - INFO - π“ μ”μ²­ ν†µκ³„: 40ν μ™„λ£, ν‰κ·  λ€κΈ°: 1.1μ΄
2025-06-10 23:17:46,351 - INFO - π μ ‘μ† URL: https://search.naver.com/search.naver?where=news&query="λ…Έν‚¤μ¦μ΅΄"&nso=so:r,p:from20250208to20250214,a:all&start=1&service_area=1&office_category=3
2025-06-10 23:17:49,465 - INFO - === π― λ‰΄μ¤ μΉ΄λ“ νƒμ§€ μ‹μ‘ (νμ΄μ§€ 1) ===
2025-06-10 23:17:49,515 - INFO - β… 1κ°μ λ‰΄μ¤ μΉ΄λ“ λ°κ²¬!
2025-06-10 23:17:49,516 - INFO - --- π“° λ‰΄μ¤ 1 μ²λ¦¬ μ¤‘ (νμ΄μ§€ 1) ---
2025-06-10 23:17:49,537 - INFO -         λ„¤μ΄λ²„ URL: https://n.news.naver.com/mnews/article/648/0000033203?sid=101
2025-06-10 23:17:49,537 - INFO -         μ›λ³Έ URL: http://news.bizwatch.co.kr/article/real_estate/2025/02/07/0039
2025-06-10 23:17:49,558 - INFO -     β… μ¶”μ¶ μ™„λ£: λ§ν¬ μ•„ννΈ, 'λ―Έλ“±κΈ°' κΌ¬λ¦¬ν‘ λ–Όλ” λ° 10λ…„... | λΉ„μ¦μ›μΉ | 2025.02.09.
2025-06-10 23:17:49,558 - INFO - π“„ νμ΄μ§€ 1 μ™„λ£
2025-06-10 23:17:51,560 - INFO - β… 20250208 to 20250214 λ‰΄μ¤ μμ§‘ μ™„λ£
2025-06-10 23:17:51,560 - INFO - π“… 20250208 to 20250214 μμ§‘ μ™„λ£
2025-06-10 23:17:51,560 - INFO - ================================
2025-06-10 23:17:51,561 - INFO - π“„ 20250215λ¶€ν„° 20250221κΉμ§€μ λ‰΄μ¤ μμ§‘ μ‹μ‘
2025-06-10 23:17:51,561 - INFO - β° μλ„μ° μ ν•: 7.5μ΄ λ€κΈ° μ¤‘... (60μ΄μ— 10ν μ ν•)
2025-06-10 23:17:59,560 - INFO - π μ ‘μ† URL: https://search.naver.com/search.naver?where=news&query="λ…Έν‚¤μ¦μ΅΄"&nso=so:r,p:from20250215to20250221,a:all&start=1&service_area=1&office_category=3
2025-06-10 23:18:02,683 - INFO - === π― λ‰΄μ¤ μΉ΄λ“ νƒμ§€ μ‹μ‘ (νμ΄μ§€ 1) ===
2025-06-10 23:18:02,698 - INFO - β λ” μ΄μƒ λ‰΄μ¤κ°€ μ—†μµλ‹λ‹¤ (νμ΄μ§€ 1)
2025-06-10 23:18:02,698 - INFO - π“… 20250215 to 20250221 μμ§‘ μ™„λ£
2025-06-10 23:18:02,698 - INFO - ================================
2025-06-10 23:18:02,698 - INFO - π“„ 20250222λ¶€ν„° 20250228κΉμ§€μ λ‰΄μ¤ μμ§‘ μ‹μ‘
2025-06-10 23:18:02,698 - INFO - β° μλ„μ° μ ν•: 1.6μ΄ λ€κΈ° μ¤‘... (60μ΄μ— 10ν μ ν•)
2025-06-10 23:18:04,791 - INFO - π μ ‘μ† URL: https://search.naver.com/search.naver?where=news&query="λ…Έν‚¤μ¦μ΅΄"&nso=so:r,p:from20250222to20250228,a:all&start=1&service_area=1&office_category=3
2025-06-10 23:18:07,917 - INFO - === π― λ‰΄μ¤ μΉ΄λ“ νƒμ§€ μ‹μ‘ (νμ΄μ§€ 1) ===
2025-06-10 23:18:07,968 - INFO - β… 1κ°μ λ‰΄μ¤ μΉ΄λ“ λ°κ²¬!
2025-06-10 23:18:07,968 - INFO - --- π“° λ‰΄μ¤ 1 μ²λ¦¬ μ¤‘ (νμ΄μ§€ 1) ---
2025-06-10 23:18:07,990 - INFO -         λ„¤μ΄λ²„ URL: https://n.news.naver.com/mnews/article/277/0005552173?sid=102
2025-06-10 23:18:07,990 - INFO -         μ›λ³Έ URL: https://view.asiae.co.kr/article/2025022609434928105
2025-06-10 23:18:08,010 - INFO -     β… μ¶”μ¶ μ™„λ£: μμ£Όμ‹, μ•„λ™μΉν™”μμ‹μ  β€μ›°μ»΄ν‚¤μ¦μ΅΄β€™ μ°Έμ—¬ μ—…μ† λ¨μ§‘... | μ•„μ‹μ•„κ²½μ  | 2025.02.26.
2025-06-10 23:18:08,011 - INFO - π“„ νμ΄μ§€ 1 μ™„λ£
2025-06-10 23:18:10,014 - INFO - β… 20250222 to 20250228 λ‰΄μ¤ μμ§‘ μ™„λ£
2025-06-10 23:18:10,014 - INFO - π“… 20250222 to 20250228 μμ§‘ μ™„λ£
2025-06-10 23:18:10,015 - INFO - ================================
2025-06-10 23:18:10,015 - INFO - π“„ 20250301λ¶€ν„° 20250307κΉμ§€μ λ‰΄μ¤ μμ§‘ μ‹μ‘
2025-06-10 23:18:10,015 - INFO - π μ ‘μ† URL: https://search.naver.com/search.naver?where=news&query="λ…Έν‚¤μ¦μ΅΄"&nso=so:r,p:from20250301to20250307,a:all&start=1&service_area=1&office_category=3
2025-06-10 23:18:13,137 - INFO - === π― λ‰΄μ¤ μΉ΄λ“ νƒμ§€ μ‹μ‘ (νμ΄μ§€ 1) ===
2025-06-10 23:18:13,153 - INFO - β λ” μ΄μƒ λ‰΄μ¤κ°€ μ—†μµλ‹λ‹¤ (νμ΄μ§€ 1)
2025-06-10 23:18:13,153 - INFO - π“… 20250301 to 20250307 μμ§‘ μ™„λ£
2025-06-10 23:18:13,153 - INFO - ================================
2025-06-10 23:18:13,153 - INFO - π“„ 20250308λ¶€ν„° 20250314κΉμ§€μ λ‰΄μ¤ μμ§‘ μ‹μ‘
2025-06-10 23:18:13,153 - INFO - β° μλ„μ° μ ν•: 1.7μ΄ λ€κΈ° μ¤‘... (60μ΄μ— 10ν μ ν•)
2025-06-10 23:18:15,395 - INFO - π μ ‘μ† URL: https://search.naver.com/search.naver?where=news&query="λ…Έν‚¤μ¦μ΅΄"&nso=so:r,p:from20250308to20250314,a:all&start=1&service_area=1&office_category=3
2025-06-10 23:18:18,513 - INFO - === π― λ‰΄μ¤ μΉ΄λ“ νƒμ§€ μ‹μ‘ (νμ΄μ§€ 1) ===
2025-06-10 23:18:18,530 - INFO - β λ” μ΄μƒ λ‰΄μ¤κ°€ μ—†μµλ‹λ‹¤ (νμ΄μ§€ 1)
2025-06-10 23:18:18,530 - INFO - π“… 20250308 to 20250314 μμ§‘ μ™„λ£
2025-06-10 23:18:18,530 - INFO - ================================
2025-06-10 23:18:18,531 - INFO - π“„ 20250315λ¶€ν„° 20250321κΉμ§€μ λ‰΄μ¤ μμ§‘ μ‹μ‘
2025-06-10 23:18:18,531 - INFO - β° μλ„μ° μ ν•: 1.6μ΄ λ€κΈ° μ¤‘... (60μ΄μ— 10ν μ ν•)
2025-06-10 23:18:20,669 - INFO - π μ ‘μ† URL: https://search.naver.com/search.naver?where=news&query="λ…Έν‚¤μ¦μ΅΄"&nso=so:r,p:from20250315to20250321,a:all&start=1&service_area=1&office_category=3
2025-06-10 23:18:23,802 - INFO - === π― λ‰΄μ¤ μΉ΄λ“ νƒμ§€ μ‹μ‘ (νμ΄μ§€ 1) ===
2025-06-10 23:18:23,852 - INFO - β… 1κ°μ λ‰΄μ¤ μΉ΄λ“ λ°κ²¬!
2025-06-10 23:18:23,852 - INFO - --- π“° λ‰΄μ¤ 1 μ²λ¦¬ μ¤‘ (νμ΄μ§€ 1) ---
2025-06-10 23:18:23,874 - INFO -         λ„¤μ΄λ²„ URL: https://n.news.naver.com/mnews/article/016/0002443421?sid=102
2025-06-10 23:18:23,874 - INFO -         μ›λ³Έ URL: https://biz.heraldcorp.com/article/10443570?ref=naver
2025-06-10 23:18:23,895 - INFO -     β… μ¶”μ¶ μ™„λ£: κ¶κ΄‘νƒ κ²½λ¶λ„μν, μ €μ¶μƒ λ¬Έμ  ν•΄κ²°μ„ μ„ν• ν„μ• μ κ²€... | ν—¤λ΄λ“κ²½μ  | 2025.03.17.
2025-06-10 23:18:23,895 - INFO - π“„ νμ΄μ§€ 1 μ™„λ£
2025-06-10 23:18:25,898 - INFO - β… 20250315 to 20250321 λ‰΄μ¤ μμ§‘ μ™„λ£
2025-06-10 23:18:25,898 - INFO - π“… 20250315 to 20250321 μμ§‘ μ™„λ£
2025-06-10 23:18:25,899 - INFO - ================================
2025-06-10 23:18:25,899 - INFO - π“„ 20250322λ¶€ν„° 20250328κΉμ§€μ λ‰΄μ¤ μμ§‘ μ‹μ‘
2025-06-10 23:18:25,899 - INFO - π μ ‘μ† URL: https://search.naver.com/search.naver?where=news&query="λ…Έν‚¤μ¦μ΅΄"&nso=so:r,p:from20250322to20250328,a:all&start=1&service_area=1&office_category=3
2025-06-10 23:18:29,023 - INFO - === π― λ‰΄μ¤ μΉ΄λ“ νƒμ§€ μ‹μ‘ (νμ΄μ§€ 1) ===
2025-06-10 23:18:29,040 - INFO - β λ” μ΄μƒ λ‰΄μ¤κ°€ μ—†μµλ‹λ‹¤ (νμ΄μ§€ 1)
2025-06-10 23:18:29,040 - INFO - π“… 20250322 to 20250328 μμ§‘ μ™„λ£
2025-06-10 23:18:29,040 - INFO - ================================
2025-06-10 23:18:29,040 - INFO - π“„ 20250329λ¶€ν„° 20250404κΉμ§€μ λ‰΄μ¤ μμ§‘ μ‹μ‘
2025-06-10 23:18:29,040 - INFO - β° μλ„μ° μ ν•: 1.6μ΄ λ€κΈ° μ¤‘... (60μ΄μ— 10ν μ ν•)
2025-06-10 23:18:31,151 - INFO - π μ ‘μ† URL: https://search.naver.com/search.naver?where=news&query="λ…Έν‚¤μ¦μ΅΄"&nso=so:r,p:from20250329to20250404,a:all&start=1&service_area=1&office_category=3
2025-06-10 23:18:34,274 - INFO - === π― λ‰΄μ¤ μΉ΄λ“ νƒμ§€ μ‹μ‘ (νμ΄μ§€ 1) ===
2025-06-10 23:18:34,290 - INFO - β λ” μ΄μƒ λ‰΄μ¤κ°€ μ—†μµλ‹λ‹¤ (νμ΄μ§€ 1)
2025-06-10 23:18:34,291 - INFO - π“… 20250329 to 20250404 μμ§‘ μ™„λ£
2025-06-10 23:18:34,291 - INFO - ================================
2025-06-10 23:18:34,291 - INFO - π“„ 20250405λ¶€ν„° 20250411κΉμ§€μ λ‰΄μ¤ μμ§‘ μ‹μ‘
2025-06-10 23:18:34,291 - INFO - β° μλ„μ° μ ν•: 1.6μ΄ λ€κΈ° μ¤‘... (60μ΄μ— 10ν μ ν•)
2025-06-10 23:18:36,402 - INFO - π μ ‘μ† URL: https://search.naver.com/search.naver?where=news&query="λ…Έν‚¤μ¦μ΅΄"&nso=so:r,p:from20250405to20250411,a:all&start=1&service_area=1&office_category=3
2025-06-10 23:18:39,534 - INFO - === π― λ‰΄μ¤ μΉ΄λ“ νƒμ§€ μ‹μ‘ (νμ΄μ§€ 1) ===
2025-06-10 23:18:39,593 - INFO - β… 1κ°μ λ‰΄μ¤ μΉ΄λ“ λ°κ²¬!
2025-06-10 23:18:39,593 - INFO - --- π“° λ‰΄μ¤ 1 μ²λ¦¬ μ¤‘ (νμ΄μ§€ 1) ---
2025-06-10 23:18:39,614 - INFO -         λ„¤μ΄λ²„ URL: https://n.news.naver.com/mnews/article/018/0005982301?sid=102
2025-06-10 23:18:39,614 - INFO -         μ›λ³Έ URL: http://www.edaily.co.kr/news/newspath.asp?newsid=03112726642134152
2025-06-10 23:18:39,639 - INFO -     β… μ¶”μ¶ μ™„λ£: μ •μµμ¤‘ μ›μ¥ β€μ•„λ™κ¶λ¦¬, λ³΄ν†µμ κ¶λ¦¬ λκΈ°λ¥Όβ€... | μ΄λ°μΌλ¦¬ | 2025.04.08.
2025-06-10 23:18:39,639 - INFO - π“„ νμ΄μ§€ 1 μ™„λ£
2025-06-10 23:18:41,644 - INFO - β… 20250405 to 20250411 λ‰΄μ¤ μμ§‘ μ™„λ£
2025-06-10 23:18:41,645 - INFO - π“… 20250405 to 20250411 μμ§‘ μ™„λ£
2025-06-10 23:18:41,645 - INFO - ================================
2025-06-10 23:18:41,645 - INFO - π“„ 20250412λ¶€ν„° 20250418κΉμ§€μ λ‰΄μ¤ μμ§‘ μ‹μ‘
2025-06-10 23:18:41,645 - INFO - π μ ‘μ† URL: https://search.naver.com/search.naver?where=news&query="λ…Έν‚¤μ¦μ΅΄"&nso=so:r,p:from20250412to20250418,a:all&start=1&service_area=1&office_category=3
2025-06-10 23:18:44,781 - INFO - === π― λ‰΄μ¤ μΉ΄λ“ νƒμ§€ μ‹μ‘ (νμ΄μ§€ 1) ===
2025-06-10 23:18:44,803 - INFO - β… 5κ°μ λ‰΄μ¤ μΉ΄λ“ λ°κ²¬!
2025-06-10 23:18:44,803 - INFO - --- π“° λ‰΄μ¤ 1 μ²λ¦¬ μ¤‘ (νμ΄μ§€ 1) ---
2025-06-10 23:18:44,834 - INFO -         λ„¤μ΄λ²„ URL: https://n.news.naver.com/mnews/article/277/0005577142?sid=102
2025-06-10 23:18:44,834 - INFO -         μ›λ³Έ URL: https://view.asiae.co.kr/article/2025041319574975511
2025-06-10 23:18:44,856 - INFO -     β… μ¶”μ¶ μ™„λ£: "λ…Έν‚¤μ¦μ΅΄μ΄ μ΄ν•΄ κ°„λ‹¤"β€¦μ λ… λΉµμ§‘ 'ν€ μ¬μ©' μ–΄λ¦°μ΄... | μ•„μ‹μ•„κ²½μ  | 2025.04.13.
2025-06-10 23:18:44,856 - INFO - --- π“° λ‰΄μ¤ 2 μ²λ¦¬ μ¤‘ (νμ΄μ§€ 1) ---
2025-06-10 23:18:44,875 - INFO -         λ„¤μ΄λ²„ URL: https://n.news.naver.com/mnews/article/016/0002456501?sid=102
2025-06-10 23:18:44,875 - INFO -         μ›λ³Έ URL: https://biz.heraldcorp.com/article/10464074?ref=naver
2025-06-10 23:18:44,895 - INFO -     β… μ¶”μ¶ μ™„λ£: β€λ…Έν‚¤μ¦μ΅΄ μ΄ν•΄ κ°„λ‹¤β€ μ§„μ—΄λ λΉµμ— β€ν€β€™ μ¬μ© λ„ μ•„... | ν—¤λ΄λ“κ²½μ  | 2025.04.13.
2025-06-10 23:18:44,895 - INFO - --- π“° λ‰΄μ¤ 3 μ²λ¦¬ μ¤‘ (νμ΄μ§€ 1) ---
2025-06-10 23:18:44,913 - INFO -         λ„¤μ΄λ²„ URL: https://n.news.naver.com/mnews/article/018/0005986974?sid=102
2025-06-10 23:18:44,913 - INFO -         μ›λ³Έ URL: http://www.edaily.co.kr/news/newspath.asp?newsid=01908966642135792
2025-06-10 23:18:44,931 - INFO -     β… μ¶”μ¶ μ™„λ£: μ§„μ—΄λ λΉµμ— β€ν€β€™ μ¬μ©...μ„μΈ μ λ… λΉµμ§‘ μ„μƒ μ¶©κ²©... | μ΄λ°μΌλ¦¬ | 2025.04.13.
2025-06-10 23:18:44,931 - INFO - --- π“° λ‰΄μ¤ 4 μ²λ¦¬ μ¤‘ (νμ΄μ§€ 1) ---
2025-06-10 23:18:44,949 - INFO -         λ„¤μ΄λ²„ URL: https://n.news.naver.com/mnews/article/009/0005475597?sid=102
2025-06-10 23:18:44,949 - INFO -         μ›λ³Έ URL: https://www.mk.co.kr/article/11290360
2025-06-10 23:18:44,968 - INFO -     β… μ¶”μ¶ μ™„λ£: μ„μΈ μ λ… λΉµμ§‘μ„ μ§„μ—΄λ λΉµμ— β€ν€β€™ μ¬μ©β€¦β€μ΄λ° μ• λ“¤... | λ§¤μΌκ²½μ  | 2025.04.14.
2025-06-10 23:18:44,968 - INFO - --- π“° λ‰΄μ¤ 5 μ²λ¦¬ μ¤‘ (νμ΄μ§€ 1) ---
2025-06-10 23:18:44,985 - INFO -         λ„¤μ΄λ²„ URL: https://n.news.naver.com/mnews/article/008/0005179760?sid=102
2025-06-10 23:18:44,985 - INFO -         μ›λ³Έ URL: http://news.mt.co.kr/mtview.php?no=2025041317002716048
2025-06-10 23:18:45,014 - INFO -     β… μ¶”μ¶ μ™„λ£: μ§„μ—΄λ λΉµμ— 'ν€' μ¬μ© λ„ μ•„μ΄β€¦μ„μΈ μ λ… λΉµμ§‘ μ„μƒ... | λ¨Έλ‹ν¬λ°μ΄ | 2025.04.13.
2025-06-10 23:18:45,014 - INFO - π“„ νμ΄μ§€ 1 μ™„λ£
2025-06-10 23:18:47,018 - INFO - β… 20250412 to 20250418 λ‰΄μ¤ μμ§‘ μ™„λ£
2025-06-10 23:18:47,018 - INFO - π“… 20250412 to 20250418 μμ§‘ μ™„λ£
2025-06-10 23:18:47,019 - INFO - ================================
2025-06-10 23:18:47,019 - INFO - π“„ 20250419λ¶€ν„° 20250425κΉμ§€μ λ‰΄μ¤ μμ§‘ μ‹μ‘
2025-06-10 23:18:47,019 - INFO - π“ μ”μ²­ ν†µκ³„: 50ν μ™„λ£, ν‰κ·  λ€κΈ°: 1.2μ΄
2025-06-10 23:18:47,019 - INFO - π μ ‘μ† URL: https://search.naver.com/search.naver?where=news&query="λ…Έν‚¤μ¦μ΅΄"&nso=so:r,p:from20250419to20250425,a:all&start=1&service_area=1&office_category=3
2025-06-10 23:18:50,139 - INFO - === π― λ‰΄μ¤ μΉ΄λ“ νƒμ§€ μ‹μ‘ (νμ΄μ§€ 1) ===
2025-06-10 23:18:50,157 - INFO - β λ” μ΄μƒ λ‰΄μ¤κ°€ μ—†μµλ‹λ‹¤ (νμ΄μ§€ 1)
2025-06-10 23:18:50,157 - INFO - π“… 20250419 to 20250425 μμ§‘ μ™„λ£
2025-06-10 23:18:50,157 - INFO - ================================
2025-06-10 23:18:50,158 - INFO - π“„ 20250426λ¶€ν„° 20250502κΉμ§€μ λ‰΄μ¤ μμ§‘ μ‹μ‘
2025-06-10 23:18:50,158 - INFO - β° μλ„μ° μ ν•: 9.4μ΄ λ€κΈ° μ¤‘... (60μ΄μ— 10ν μ ν•)
2025-06-10 23:19:00,063 - INFO - π μ ‘μ† URL: https://search.naver.com/search.naver?where=news&query="λ…Έν‚¤μ¦μ΅΄"&nso=so:r,p:from20250426to20250502,a:all&start=1&service_area=1&office_category=3
2025-06-10 23:19:03,196 - INFO - === π― λ‰΄μ¤ μΉ΄λ“ νƒμ§€ μ‹μ‘ (νμ΄μ§€ 1) ===
2025-06-10 23:19:03,248 - INFO - β… 1κ°μ λ‰΄μ¤ μΉ΄λ“ λ°κ²¬!
2025-06-10 23:19:03,248 - INFO - --- π“° λ‰΄μ¤ 1 μ²λ¦¬ μ¤‘ (νμ΄μ§€ 1) ---
2025-06-10 23:19:03,270 - INFO -         λ„¤μ΄λ²„ URL: https://n.news.naver.com/mnews/article/015/0005126908?sid=102
2025-06-10 23:19:03,270 - INFO -         μ›λ³Έ URL: https://www.hankyung.com/article/2025050202747
2025-06-10 23:19:03,290 - INFO -     β… μ¶”μ¶ μ™„λ£: μ–΄λ¦°μ΄λ‚  λ‹¤κ°€μ¤μ "λ…Έν‚¤μ¦μ΅΄μ€ μ°¨λ³„"β€¦μ‹λ―Όλ‹¨μ²΄ λΉ„ν μ§‘... | ν•κµ­κ²½μ  | 2025.05.02.
2025-06-10 23:19:03,290 - INFO - π“„ νμ΄μ§€ 1 μ™„λ£
2025-06-10 23:19:05,295 - INFO - β… 20250426 to 20250502 λ‰΄μ¤ μμ§‘ μ™„λ£
2025-06-10 23:19:05,295 - INFO - π“… 20250426 to 20250502 μμ§‘ μ™„λ£
2025-06-10 23:19:05,295 - INFO - ================================
2025-06-10 23:19:05,296 - INFO - π“„ 20250503λ¶€ν„° 20250509κΉμ§€μ λ‰΄μ¤ μμ§‘ μ‹μ‘
2025-06-10 23:19:05,296 - INFO - π μ ‘μ† URL: https://search.naver.com/search.naver?where=news&query="λ…Έν‚¤μ¦μ΅΄"&nso=so:r,p:from20250503to20250509,a:all&start=1&service_area=1&office_category=3
2025-06-10 23:19:08,427 - INFO - === π― λ‰΄μ¤ μΉ΄λ“ νƒμ§€ μ‹μ‘ (νμ΄μ§€ 1) ===
2025-06-10 23:19:08,444 - INFO - β λ” μ΄μƒ λ‰΄μ¤κ°€ μ—†μµλ‹λ‹¤ (νμ΄μ§€ 1)
2025-06-10 23:19:08,444 - INFO - π“… 20250503 to 20250509 μμ§‘ μ™„λ£
2025-06-10 23:19:08,444 - INFO - ================================
2025-06-10 23:19:08,444 - INFO - π“„ 20250510λ¶€ν„° 20250516κΉμ§€μ λ‰΄μ¤ μμ§‘ μ‹μ‘
2025-06-10 23:19:08,444 - INFO - β° μλ„μ° μ ν•: 1.6μ΄ λ€κΈ° μ¤‘... (60μ΄μ— 10ν μ ν•)
2025-06-10 23:19:10,517 - INFO - π μ ‘μ† URL: https://search.naver.com/search.naver?where=news&query="λ…Έν‚¤μ¦μ΅΄"&nso=so:r,p:from20250510to20250516,a:all&start=1&service_area=1&office_category=3
2025-06-10 23:19:13,646 - INFO - === π― λ‰΄μ¤ μΉ΄λ“ νƒμ§€ μ‹μ‘ (νμ΄μ§€ 1) ===
2025-06-10 23:19:13,661 - INFO - β λ” μ΄μƒ λ‰΄μ¤κ°€ μ—†μµλ‹λ‹¤ (νμ΄μ§€ 1)
2025-06-10 23:19:13,661 - INFO - π“… 20250510 to 20250516 μμ§‘ μ™„λ£
2025-06-10 23:19:13,661 - INFO - ================================
2025-06-10 23:19:13,661 - INFO - π“„ 20250517λ¶€ν„° 20250523κΉμ§€μ λ‰΄μ¤ μμ§‘ μ‹μ‘
2025-06-10 23:19:13,662 - INFO - β° μλ„μ° μ ν•: 1.7μ΄ λ€κΈ° μ¤‘... (60μ΄μ— 10ν μ ν•)
2025-06-10 23:19:15,895 - INFO - π μ ‘μ† URL: https://search.naver.com/search.naver?where=news&query="λ…Έν‚¤μ¦μ΅΄"&nso=so:r,p:from20250517to20250523,a:all&start=1&service_area=1&office_category=3
2025-06-10 23:19:19,029 - INFO - === π― λ‰΄μ¤ μΉ΄λ“ νƒμ§€ μ‹μ‘ (νμ΄μ§€ 1) ===
2025-06-10 23:19:19,047 - INFO - β λ” μ΄μƒ λ‰΄μ¤κ°€ μ—†μµλ‹λ‹¤ (νμ΄μ§€ 1)
2025-06-10 23:19:19,047 - INFO - π“… 20250517 to 20250523 μμ§‘ μ™„λ£
2025-06-10 23:19:19,047 - INFO - ================================
2025-06-10 23:19:19,047 - INFO - π“„ 20250524λ¶€ν„° 20250530κΉμ§€μ λ‰΄μ¤ μμ§‘ μ‹μ‘
2025-06-10 23:19:19,047 - INFO - β° μλ„μ° μ ν•: 1.6μ΄ λ€κΈ° μ¤‘... (60μ΄μ— 10ν μ ν•)
2025-06-10 23:19:21,172 - INFO - π μ ‘μ† URL: https://search.naver.com/search.naver?where=news&query="λ…Έν‚¤μ¦μ΅΄"&nso=so:r,p:from20250524to20250530,a:all&start=1&service_area=1&office_category=3
2025-06-10 23:19:24,305 - INFO - === π― λ‰΄μ¤ μΉ΄λ“ νƒμ§€ μ‹μ‘ (νμ΄μ§€ 1) ===
2025-06-10 23:19:24,327 - INFO - β… 3κ°μ λ‰΄μ¤ μΉ΄λ“ λ°κ²¬!
2025-06-10 23:19:24,327 - INFO - --- π“° λ‰΄μ¤ 1 μ²λ¦¬ μ¤‘ (νμ΄μ§€ 1) ---
2025-06-10 23:19:24,356 - INFO -         λ„¤μ΄λ²„ URL: https://n.news.naver.com/mnews/article/015/0005137604?sid=104
2025-06-10 23:19:24,356 - INFO -         μ›λ³Έ URL: https://www.hankyung.com/article/2025052807007
2025-06-10 23:19:24,446 - INFO -     β… μ¶”μ¶ μ™„λ£: ν”„λ‘μ¤μ„λ„ 'λ…Έν‚¤μ¦μ΅΄' λ…Όλ€β€¦λ¶λ²•ν™”ν•λ” λ²•μ• λ°μλκΈ°λ„... | ν•κµ­κ²½μ  | 
2025-06-10 23:19:24,446 - INFO - --- π“° λ‰΄μ¤ 2 μ²λ¦¬ μ¤‘ (νμ΄μ§€ 1) ---
2025-06-10 23:19:24,463 - INFO -         λ„¤μ΄λ²„ URL: https://n.news.naver.com/mnews/article/015/0005137705?sid=101
2025-06-10 23:19:24,463 - INFO -         μ›λ³Έ URL: https://www.hankyung.com/article/2025052801421
2025-06-10 23:19:24,536 - INFO -     β… μ¶”μ¶ μ™„λ£: λ§¥λ„λ‚ λ“, μ„Έλ€ κ³µκ° μ‚¬λ‘κ³Ό λ‚λ”β€¦κ³ κ°μ°Έμ—¬ν• κ±·κΈ° κΈ°λ¶€... | ν•κµ­κ²½μ  | 
2025-06-10 23:19:24,536 - INFO - --- π“° λ‰΄μ¤ 3 μ²λ¦¬ μ¤‘ (νμ΄μ§€ 1) ---
2025-06-10 23:19:24,556 - INFO -         λ„¤μ΄λ²„ URL: https://n.news.naver.com/mnews/article/008/0005198717?sid=102
2025-06-10 23:19:24,557 - INFO -         μ›λ³Έ URL: http://news.mt.co.kr/mtview.php?no=2025052507293843198
2025-06-10 23:19:24,635 - INFO -     β… μ¶”μ¶ μ™„λ£: "κµ­λ°¥μ§‘μ— μ λ¨μ°¨ λκ³  μ¨ μ—„λ§, μ£Όμ λ‹Ήλ¶€ν•μ"...... | λ¨Έλ‹ν¬λ°μ΄ | 
2025-06-10 23:19:24,635 - INFO - π“„ νμ΄μ§€ 1 μ™„λ£
2025-06-10 23:19:26,637 - INFO - β… 20250524 to 20250530 λ‰΄μ¤ μμ§‘ μ™„λ£
2025-06-10 23:19:26,638 - INFO - π“… 20250524 to 20250530 μμ§‘ μ™„λ£
2025-06-10 23:19:26,638 - INFO - ================================
2025-06-10 23:19:26,638 - INFO - π“„ 20250531λ¶€ν„° 20250531κΉμ§€μ λ‰΄μ¤ μμ§‘ μ‹μ‘
2025-06-10 23:19:26,638 - INFO - π μ ‘μ† URL: https://search.naver.com/search.naver?where=news&query="λ…Έν‚¤μ¦μ΅΄"&nso=so:r,p:from20250531to20250531,a:all&start=1&service_area=1&office_category=3
2025-06-10 23:19:29,766 - INFO - === π― λ‰΄μ¤ μΉ΄λ“ νƒμ§€ μ‹μ‘ (νμ΄μ§€ 1) ===
2025-06-10 23:19:29,783 - INFO - β λ” μ΄μƒ λ‰΄μ¤κ°€ μ—†μµλ‹λ‹¤ (νμ΄μ§€ 1)
2025-06-10 23:19:29,783 - INFO - π“… 20250531 to 20250531 μμ§‘ μ™„λ£
2025-06-10 23:19:29,783 - INFO - π”„ μ¤‘λ³µ λ‰΄μ¤ λ°κ²¬: https://n.news.naver.com/mnews/article/008/0005049995?sid=102 (κ±΄λ„λ€)
2025-06-10 23:19:29,783 - INFO -     μ λ©: ν™”μ¥μ‹¤ λ‘κ³  λ°¥μƒ μ•μ—μ„ 'μ‰¬~'β€¦μ†λ³€ ννΈλ³‘ λ²„λ¦¬κ³  κ°„ μ†λ‹ λ­‡λ§¤[μμƒ...
2025-06-10 23:19:29,783 - INFO - π”„ μ¤‘λ³µ λ‰΄μ¤ λ°κ²¬: https://n.news.naver.com/mnews/article/008/0005048829?sid=102 (κ±΄λ„λ€)
2025-06-10 23:19:29,783 - INFO -     μ λ©: "μ•„μ¤λ§ NO, μ°μ•„ν• μ—¬μ„±λ§"β€¦ν™©λ‹Ή μ•λ‚΄λ¬Έ λ¶™μΈ ν—¬μ¤μ¥μ ν•­λ³€
2025-06-10 23:19:29,783 - INFO - π”„ μ¤‘λ³µ λ‰΄μ¤ λ°κ²¬: https://n.news.naver.com/mnews/article/277/0005429878?sid=102 (κ±΄λ„λ€)
2025-06-10 23:19:29,783 - INFO -     μ λ©: ν–‰λ³µμ§€μ μƒμΉλ¥  1μ„ μ„±λ™κµ¬...2023μ„μΈμ„λ² μ΄ κ²°κ³Ό
2025-06-10 23:19:29,783 - INFO - π”„ μ¤‘λ³µ λ‰΄μ¤ λ°κ²¬: https://n.news.naver.com/mnews/article/016/0002322172?sid=104 (κ±΄λ„λ€)
2025-06-10 23:19:29,783 - INFO -     μ λ©: β€μ•„μ¤λ§ μ¶μ… κΈμ§€β€™β€¦μ™Έμ‹ λ„ μ£Όλ©ν• ν•κµ­ ν—¬μ¤μ¥ μ°¨λ³„ λ…Όλ€, λ­κΈΈλ?
2025-06-10 23:19:29,783 - INFO - π”„ μ¤‘λ³µ λ‰΄μ¤ λ°κ²¬: https://n.news.naver.com/mnews/article/030/0003214784?sid=104 (κ±΄λ„λ€)
2025-06-10 23:19:29,783 - INFO -     μ λ©: μ™Έμ‹ λ„ μ΅°λ…ν• ν•κµ­ ν—¬μ¤μ¥ μ°¨λ³„ λ…Όλ€β€¦ β€μ•„μ¤λ§ μ¶μ… κΈμ§€β€
2025-06-10 23:19:29,783 - INFO - π”„ μ¤‘λ³µ λ‰΄μ¤ λ°κ²¬: https://n.news.naver.com/mnews/article/029/0002880618?sid=102 (κ±΄λ„λ€)
2025-06-10 23:19:29,783 - INFO -     μ λ©: μ„¤λ§ν–λ”λ°β€¦`λ…Έλ€ μ•΅μ²΄` ννΈλ³‘, μ‹λ‹Ήμ£ΌμΈ μ—΄μ–΄λ³΄κ³  κ²½μ•…
2025-06-10 23:19:29,783 - INFO - π”„ μ¤‘λ³µ λ‰΄μ¤ λ°κ²¬: https://n.news.naver.com/mnews/article/016/0002322308?sid=102 (κ±΄λ„λ€)
2025-06-10 23:19:29,783 - INFO -     μ λ©: [μμƒ] ν™”μ¥μ‹¤ μλ”λ° λ°¥μƒ μ•μ—μ„?β€¦β€λ…Έλ€ ννΈλ³‘β€™ λ‘κ³  κ°„ λ¶€λ¶€μ— ...
2025-06-10 23:19:29,783 - INFO - π”„ μ¤‘λ³µ λ‰΄μ¤ λ°κ²¬: https://n.news.naver.com/mnews/article/277/0005465546?sid=102 (κ±΄λ„λ€)
2025-06-10 23:19:29,783 - INFO -     μ λ©: μ†λ‹μ—†λ‹¤λ©° μ‹λ‹Ήμ— λ—μλ¦¬ κΉ”λ”λ‹ μ•„μ΄λ“¤ λ†€κ²ν• λ¶€λ¨
2025-06-10 23:19:29,783 - INFO - π”„ μ¤‘λ³µ λ‰΄μ¤ λ°κ²¬: https://n.news.naver.com/mnews/article/008/0005083518?sid=102 (κ±΄λ„λ€)
2025-06-10 23:19:29,783 - INFO -     μ λ©: μ‚¬μ¥μ—κ² λ¬»μ§€λ„ μ•κ³ β€¦μ‹λ‹Ή ν•λ³µνμ— λ—μλ¦¬ ν΄κ³  μ•„μ΄ λ†€κ² ν• μ—„λ§λ“¤
2025-06-10 23:19:29,786 - INFO -    π“° μ „μ²΄ λ‰΄μ¤: 113κ±΄
2025-06-10 23:19:29,786 - INFO -    π”„ μ¤‘λ³µ μ κ±°: 9κ±΄
2025-06-10 23:19:29,786 - INFO -    β… μµμΆ… μ €μ¥: 104κ±΄
2025-06-10 23:19:29,786 - INFO -    β οΈ  λ°ν–‰μΌ μ—†μ: 3κ±΄
2025-06-10 23:19:29,786 - INFO -    π’Ύ μ €μ¥ μ„μΉ: results/naver_news_"λ…Έν‚¤μ¦μ΅΄"_250610_2313_(20240601to20250531).csv
2025-06-10 23:19:29,786 - INFO - π“ λ μ΄νΈ λ¦¬λ―Έν„° μµμΆ… ν†µκ³„:
2025-06-10 23:19:29,786 - INFO -    μ΄ μ”μ²­: 56ν
2025-06-10 23:19:29,786 - INFO -    μ΄ λ€κΈ° μ‹κ°„: 77.7μ΄
2025-06-10 23:19:29,786 - INFO -    ν‰κ·  λ€κΈ° μ‹κ°„: 1.4μ΄
2025-06-10 23:19:29,891 - INFO - --------------------------------------------------
2025-06-10 23:19:29,891 - INFO - β° μΆ…λ£ μ‹κ°„: 2025-06-10 23:19:29
2025-06-10 23:19:29,891 - INFO - β› μ΄ μ‹¤ν–‰ μ‹κ°„: 5λ¶„ 33.5μ΄
