2025-06-10 23:05:03,542 - INFO - π€ λ„¤μ΄λ²„ λ‰΄μ¤ ν¬λ΅¤λ¬ μ‹μ‘
2025-06-10 23:05:03,542 - INFO - β° μ‹μ‘ μ‹κ°„: 2025-06-10 23:05:03
2025-06-10 23:05:03,542 - INFO - --------------------------------------------------
2025-06-10 23:05:04,871 - INFO - ================================
2025-06-10 23:05:04,871 - INFO - π“„ 20240601λ¶€ν„° 20240601κΉμ§€μ λ‰΄μ¤ μμ§‘ μ‹μ‘
2025-06-10 23:05:04,871 - INFO - π μ ‘μ† URL: https://search.naver.com/search.naver?where=news&query="λ…Έν‚¤μ¦μ΅΄"&nso=so:r,p:from20240601to20240601,a:all&start=1&service_area=1&office_category=2
2025-06-10 23:05:08,141 - INFO - === π” νμ΄μ§€ λ””λ²„κΉ… μ‹μ‘ ===
2025-06-10 23:05:08,158 - INFO - β… #main_pack μ΅΄μ¬
2025-06-10 23:05:08,166 - INFO - π“¦ div[class*='news']: 1κ° λ°κ²¬
2025-06-10 23:05:08,174 - INFO -     ν΄λμ¤: news_option
2025-06-10 23:05:08,179 - INFO - π“¦ div[class*='group']: 20κ° λ°κ²¬
2025-06-10 23:05:08,183 - INFO -     ν΄λμ¤: header_group
2025-06-10 23:05:08,188 - INFO - π“¦ div[class*='api']: 17κ° λ°κ²¬
2025-06-10 23:05:08,192 - INFO -     ν΄λμ¤: api_floating_header
2025-06-10 23:05:08,196 - INFO - π“¦ div[class*='subject']: 3κ° λ°κ²¬
2025-06-10 23:05:08,199 - INFO -     ν΄λμ¤: api_subject_bx
2025-06-10 23:05:08,204 - INFO - π“¦ div[class*='area']: 38κ° λ°κ²¬
2025-06-10 23:05:08,207 - INFO -     ν΄λμ¤: search_area
2025-06-10 23:05:08,211 - INFO - π“¦ div[class*='wrap']: 33κ° λ°κ²¬
2025-06-10 23:05:08,214 - INFO -     ν΄λμ¤: gnb_wrap
2025-06-10 23:05:08,217 - INFO - π“¦ div[class*='item']: 4κ° λ°κ²¬
2025-06-10 23:05:08,220 - INFO -     ν΄λμ¤: item_title
2025-06-10 23:05:08,227 - INFO - π“¦ div[class*='list']: 13κ° λ°κ²¬
2025-06-10 23:05:08,230 - INFO -     ν΄λμ¤: mod_list_option_filter
2025-06-10 23:05:08,236 - INFO - === π“ λ§ν¬ μ”μ† λ¶„μ„ ===
2025-06-10 23:05:08,239 - INFO - π”— a[href*='news.naver.com']: 2κ°
2025-06-10 23:05:08,266 - INFO - === π·οΈ λ¨λ“  λ§ν¬ ν΄λμ¤λ… λ¶„μ„ ===
2025-06-10 23:05:08,369 - INFO - μ΄ 314κ°μ λ§ν¬ λ°κ²¬
2025-06-10 23:05:08,369 - INFO - === π― λ‰΄μ¤ μΉ΄λ“ νƒμ§€ μ‹μ‘ (νμ΄μ§€ 1) ===
2025-06-10 23:05:08,376 - INFO - β λ” μ΄μƒ λ‰΄μ¤κ°€ μ—†μµλ‹λ‹¤ (νμ΄μ§€ 1)
2025-06-10 23:05:08,376 - INFO - π“… 20240601 to 20240601 μμ§‘ μ™„λ£
2025-06-10 23:05:08,376 - WARNING - β μ¶”μ¶λ λ‰΄μ¤κ°€ μ—†μµλ‹λ‹¤.
2025-06-10 23:05:08,376 - INFO - π“ λ μ΄νΈ λ¦¬λ―Έν„° μµμΆ… ν†µκ³„:
2025-06-10 23:05:08,376 - INFO -    μ΄ μ”μ²­: 1ν
2025-06-10 23:05:08,376 - INFO -    μ΄ λ€κΈ° μ‹κ°„: 0.0μ΄
2025-06-10 23:05:08,376 - INFO -    ν‰κ·  λ€κΈ° μ‹κ°„: 0.0μ΄
2025-06-10 23:05:08,448 - INFO - --------------------------------------------------
2025-06-10 23:05:08,448 - INFO - β° μΆ…λ£ μ‹κ°„: 2025-06-10 23:05:08
2025-06-10 23:05:08,448 - INFO - β› μ΄ μ‹¤ν–‰ μ‹κ°„: 4.91μ΄
2025-06-10 23:05:24,468 - INFO - π€ λ„¤μ΄λ²„ λ‰΄μ¤ ν¬λ΅¤λ¬ μ‹μ‘
2025-06-10 23:05:24,468 - INFO - β° μ‹μ‘ μ‹κ°„: 2025-06-10 23:05:24
2025-06-10 23:05:24,468 - INFO - --------------------------------------------------
2025-06-10 23:05:25,346 - INFO - ================================
2025-06-10 23:05:25,346 - INFO - π“„ 20240601λ¶€ν„° 20240607κΉμ§€μ λ‰΄μ¤ μμ§‘ μ‹μ‘
2025-06-10 23:05:25,346 - INFO - π μ ‘μ† URL: https://search.naver.com/search.naver?where=news&query="λ…Έν‚¤μ¦μ΅΄"&nso=so:r,p:from20240601to20240607,a:all&start=1&service_area=1&office_category=2
2025-06-10 23:05:28,681 - INFO - === π” νμ΄μ§€ λ””λ²„κΉ… μ‹μ‘ ===
2025-06-10 23:05:28,698 - INFO - β… #main_pack μ΅΄μ¬
2025-06-10 23:05:28,706 - INFO - π“¦ div[class*='news']: 1κ° λ°κ²¬
2025-06-10 23:05:28,715 - INFO -     ν΄λμ¤: news_option
2025-06-10 23:05:28,721 - INFO - π“¦ div[class*='group']: 20κ° λ°κ²¬
2025-06-10 23:05:28,725 - INFO -     ν΄λμ¤: header_group
2025-06-10 23:05:28,730 - INFO - π“¦ div[class*='api']: 17κ° λ°κ²¬
2025-06-10 23:05:28,734 - INFO -     ν΄λμ¤: api_floating_header
2025-06-10 23:05:28,738 - INFO - π“¦ div[class*='subject']: 3κ° λ°κ²¬
2025-06-10 23:05:28,742 - INFO -     ν΄λμ¤: api_subject_bx
2025-06-10 23:05:28,746 - INFO - π“¦ div[class*='area']: 38κ° λ°κ²¬
2025-06-10 23:05:28,749 - INFO -     ν΄λμ¤: search_area
2025-06-10 23:05:28,753 - INFO - π“¦ div[class*='wrap']: 33κ° λ°κ²¬
2025-06-10 23:05:28,756 - INFO -     ν΄λμ¤: gnb_wrap
2025-06-10 23:05:28,760 - INFO - π“¦ div[class*='item']: 4κ° λ°κ²¬
2025-06-10 23:05:28,763 - INFO -     ν΄λμ¤: item_title
2025-06-10 23:05:28,770 - INFO - π“¦ div[class*='list']: 13κ° λ°κ²¬
2025-06-10 23:05:28,773 - INFO -     ν΄λμ¤: mod_list_option_filter
2025-06-10 23:05:28,779 - INFO - === π“ λ§ν¬ μ”μ† λ¶„μ„ ===
2025-06-10 23:05:28,785 - INFO - π”— a[href*='news.naver.com']: 2κ°
2025-06-10 23:05:28,804 - INFO - === π·οΈ λ¨λ“  λ§ν¬ ν΄λμ¤λ… λ¶„μ„ ===
2025-06-10 23:05:28,903 - INFO - μ΄ 314κ°μ λ§ν¬ λ°κ²¬
2025-06-10 23:05:28,903 - INFO - === π― λ‰΄μ¤ μΉ΄λ“ νƒμ§€ μ‹μ‘ (νμ΄μ§€ 1) ===
2025-06-10 23:05:28,910 - INFO - β λ” μ΄μƒ λ‰΄μ¤κ°€ μ—†μµλ‹λ‹¤ (νμ΄μ§€ 1)
2025-06-10 23:05:28,910 - INFO - π“… 20240601 to 20240607 μμ§‘ μ™„λ£
2025-06-10 23:05:28,910 - INFO - ================================
2025-06-10 23:05:28,910 - INFO - π“„ 20240608λ¶€ν„° 20240614κΉμ§€μ λ‰΄μ¤ μμ§‘ μ‹μ‘
2025-06-10 23:05:28,911 - INFO - π μ ‘μ† URL: https://search.naver.com/search.naver?where=news&query="λ…Έν‚¤μ¦μ΅΄"&nso=so:r,p:from20240608to20240614,a:all&start=1&service_area=1&office_category=2
2025-06-10 23:05:32,092 - INFO - === π― λ‰΄μ¤ μΉ΄λ“ νƒμ§€ μ‹μ‘ (νμ΄μ§€ 1) ===
2025-06-10 23:05:32,116 - INFO - β… 6κ°μ λ‰΄μ¤ μΉ΄λ“ λ°κ²¬!
2025-06-10 23:05:32,116 - INFO - --- π“° λ‰΄μ¤ 1 μ²λ¦¬ μ¤‘ (νμ΄μ§€ 1) ---
2025-06-10 23:05:32,153 - INFO -         λ„¤μ΄λ²„ URL: https://n.news.naver.com/mnews/article/003/0012598306?sid=102
2025-06-10 23:05:32,153 - INFO -         μ›λ³Έ URL: https://www.newsis.com/view/?id=NISX20240611_0002767879&cID=10201&pID=10200
2025-06-10 23:05:32,182 - INFO -     β… μ¶”μ¶ μ™„λ£: "μ•„μ¤λ§ μ¶μ…κΈμ§€, μ°μ•„ν• μ—¬μ„±λ§"β€¦λ…Έμ¤λ§μ΅΄ ν—¬μ¤μ¥ λ…Ό... | λ‰΄μ‹μ¤ | 2024.06.11.
2025-06-10 23:05:32,182 - INFO - --- π“° λ‰΄μ¤ 2 μ²λ¦¬ μ¤‘ (νμ΄μ§€ 1) ---
2025-06-10 23:05:32,201 - INFO -         λ„¤μ΄λ²„ URL: https://n.news.naver.com/mnews/article/214/0001354278?sid=102
2025-06-10 23:05:32,201 - INFO -         μ›λ³Έ URL: https://imnews.imbc.com/replay/2024/nwtoday/article/6606946_36523.html
2025-06-10 23:05:32,219 - INFO -     β… μ¶”μ¶ μ™„λ£: [μ™€κΈ€μ™€κΈ€] ν—¬μ¤μ¥μ— 'μ•„μ¤λ§ μ¶μ… κΈμ§€' μ•λ‚΄λ¬Έβ€¥μ΄μ ... | MBC | 2024.06.12.
2025-06-10 23:05:32,219 - INFO - --- π“° λ‰΄μ¤ 3 μ²λ¦¬ μ¤‘ (νμ΄μ§€ 1) ---
2025-06-10 23:05:32,237 - INFO -         λ„¤μ΄λ²„ URL: https://n.news.naver.com/mnews/article/421/0007598189?sid=102
2025-06-10 23:05:32,237 - INFO -         μ›λ³Έ URL: https://www.news1.kr/articles/5445648
2025-06-10 23:05:32,256 - INFO -     β… μ¶”μ¶ μ™„λ£: ν…μ΄λΈ” λ°‘ 'μµκΈ° μ°¬ λ…Έλ€ ννΈλ³‘'β€¦μ‹λ‹Ήμ„ μ•„μ΄ μ¤μ¤ ... | λ‰΄μ¤1 | 2024.06.13.
2025-06-10 23:05:32,256 - INFO - --- π“° λ‰΄μ¤ 4 μ²λ¦¬ μ¤‘ (νμ΄μ§€ 1) ---
2025-06-10 23:05:32,274 - INFO -         λ„¤μ΄λ²„ URL: https://n.news.naver.com/mnews/article/422/0000665067?sid=102
2025-06-10 23:05:32,274 - INFO -         μ›λ³Έ URL: http://www.yonhapnewstv.co.kr/MYH20240613025000641/?input=1825m
2025-06-10 23:05:32,292 - INFO -     β… μ¶”μ¶ μ™„λ£: [ν¬λ‚μ‡μ΄μ] ν—¬μ¤μ¥ 'μ•„μ¤λ§ μ¶μ…κΈμ§€' λ…Όλ€β€¦μ •μ μ • ... | μ—°ν•©λ‰΄μ¤TV | 2024.06.13.
2025-06-10 23:05:32,292 - INFO - --- π“° λ‰΄μ¤ 5 μ²λ¦¬ μ¤‘ (νμ΄μ§€ 1) ---
2025-06-10 23:05:32,311 - INFO -         λ„¤μ΄λ²„ URL: https://n.news.naver.com/mnews/article/055/0001162511?sid=102
2025-06-10 23:05:32,311 - INFO -         μ›λ³Έ URL: https://news.sbs.co.kr/news/endPage.do?news_id=N1007679662&plink=ORI&cooper=NAVER
2025-06-10 23:05:32,334 - INFO -     β… μ¶”μ¶ μ™„λ£: "μ°μ•„ν• μ—¬μ„±λ§ μ¶μ… κ°€λ¥"β€¦ν—¬μ¤μ¥ 'λ…Έμ¤λ§' μ„ μ–Έ λ…Ό... | SBS | 2024.06.11.
2025-06-10 23:05:32,334 - INFO - --- π“° λ‰΄μ¤ 6 μ²λ¦¬ μ¤‘ (νμ΄μ§€ 1) ---
2025-06-10 23:05:32,355 - INFO -         λ„¤μ΄λ²„ URL: https://n.news.naver.com/mnews/article/422/0000664848?sid=102
2025-06-10 23:05:32,356 - INFO -         μ›λ³Έ URL: http://www.yonhapnewstv.co.kr/MYH20240612026000641/?input=1825m
2025-06-10 23:05:32,376 - INFO -     β… μ¶”μ¶ μ™„λ£: "μ•„μ¤λ§ μ¶μ…κΈμ§€"β€¦'λ…Έμ¤λ§' ν—¬μ¤μ¥ μ‚¬μ¥ λ§λ‚λ³΄λ‹... | μ—°ν•©λ‰΄μ¤TV | 2024.06.12.
2025-06-10 23:05:32,376 - INFO - π“„ νμ΄μ§€ 1 μ™„λ£
2025-06-10 23:05:34,379 - INFO - β… 20240608 to 20240614 λ‰΄μ¤ μμ§‘ μ™„λ£
2025-06-10 23:05:34,379 - INFO - π“… 20240608 to 20240614 μμ§‘ μ™„λ£
2025-06-10 23:05:34,379 - INFO - ================================
2025-06-10 23:05:34,380 - INFO - π“„ 20240615λ¶€ν„° 20240621κΉμ§€μ λ‰΄μ¤ μμ§‘ μ‹μ‘
2025-06-10 23:05:34,380 - INFO - π μ ‘μ† URL: https://search.naver.com/search.naver?where=news&query="λ…Έν‚¤μ¦μ΅΄"&nso=so:r,p:from20240615to20240621,a:all&start=1&service_area=1&office_category=2
2025-06-10 23:05:37,523 - INFO - === π― λ‰΄μ¤ μΉ΄λ“ νƒμ§€ μ‹μ‘ (νμ΄μ§€ 1) ===
2025-06-10 23:05:37,546 - INFO - β… 8κ°μ λ‰΄μ¤ μΉ΄λ“ λ°κ²¬!
2025-06-10 23:05:37,546 - INFO - --- π“° λ‰΄μ¤ 1 μ²λ¦¬ μ¤‘ (νμ΄μ§€ 1) ---
2025-06-10 23:05:37,575 - INFO -         λ„¤μ΄λ²„ URL: https://n.news.naver.com/mnews/article/422/0000666483?sid=102
2025-06-10 23:05:37,576 - INFO -         μ›λ³Έ URL: http://www.yonhapnewstv.co.kr/MYH20240621018700641/?input=1825m
2025-06-10 23:05:37,598 - INFO -     β… μ¶”μ¶ μ™„λ£: [μ‡μνμ¦λ―Έ] λ…Έν‚¤μ¦μ΅΄ μ΄μ–΄ 'λ…Έμ¤λ§μ΅΄'... | μ—°ν•©λ‰΄μ¤TV | 2024.06.21.
2025-06-10 23:05:37,598 - INFO - --- π“° λ‰΄μ¤ 2 μ²λ¦¬ μ¤‘ (νμ΄μ§€ 1) ---
2025-06-10 23:05:37,617 - INFO -         λ„¤μ΄λ²„ URL: https://n.news.naver.com/mnews/article/421/0007609209?sid=104
2025-06-10 23:05:37,618 - INFO -         μ›λ³Έ URL: https://www.news1.kr/articles/5451230
2025-06-10 23:05:37,638 - INFO -     β… μ¶”μ¶ μ™„λ£: ν•κµ­μ— 'λ…Έ ν‚¤μ¦μ΅΄' μλ‹¤λ©΄ μΊλ‚λ‹¤λ” 'λ…Έ ν”λ μ΄ μ΅΄'... | λ‰΄μ¤1 | 2024.06.18.
2025-06-10 23:05:37,638 - INFO - --- π“° λ‰΄μ¤ 3 μ²λ¦¬ μ¤‘ (νμ΄μ§€ 1) ---
2025-06-10 23:05:37,656 - INFO -         λ„¤μ΄λ²„ URL: https://n.news.naver.com/mnews/article/422/0000665863?sid=102
2025-06-10 23:05:37,656 - INFO -         μ›λ³Έ URL: http://www.yonhapnewstv.co.kr/MYH20240618020200640/?input=1825m
2025-06-10 23:05:37,674 - INFO -     β… μ¶”μ¶ μ™„λ£: [ν„μ¥μ‡μ]νƒλ°± 'μμ¤ν‚¤μ¦μ΅΄' μ‹λ‹Ή μ‚¬μ¥λ‹ "μ μ  κ·€ν•... | μ—°ν•©λ‰΄μ¤TV | 2024.06.18.
2025-06-10 23:05:37,674 - INFO - --- π“° λ‰΄μ¤ 4 μ²λ¦¬ μ¤‘ (νμ΄μ§€ 1) ---
2025-06-10 23:05:37,691 - INFO -         λ„¤μ΄λ²„ URL: https://n.news.naver.com/mnews/article/001/0014748925?sid=104
2025-06-10 23:05:37,691 - INFO -         μ›λ³Έ URL: https://www.yna.co.kr/view/AKR20240615022300009?input=1195m
2025-06-10 23:05:37,710 - INFO -     β… μ¶”μ¶ μ™„λ£: 'μ•„μ¤λ§ μ¶μ… κΈμ§€'β€¦BBC, ν•κµ­ ν—¬μ¤μ¥ μ°¨λ³„ λ…Όλ€ ... | μ—°ν•©λ‰΄μ¤ | 2024.06.15.
2025-06-10 23:05:37,710 - INFO - --- π“° λ‰΄μ¤ 5 μ²λ¦¬ μ¤‘ (νμ΄μ§€ 1) ---
2025-06-10 23:05:37,727 - INFO -         λ„¤μ΄λ²„ URL: https://n.news.naver.com/mnews/article/055/0001163922?sid=104
2025-06-10 23:05:37,727 - INFO -         μ›λ³Έ URL: https://news.sbs.co.kr/news/endPage.do?news_id=N1007685839&plink=ORI&cooper=NAVER
2025-06-10 23:05:37,749 - INFO -     β… μ¶”μ¶ μ™„λ£: 'μ•„μ¤λ§ μ¶μ… κΈμ§€'β€¦BBC, ν•κµ­ ν—¬μ¤μ¥ μ°¨λ³„ λ…Όλ€ ... | SBS | 2024.06.17.
2025-06-10 23:05:37,749 - INFO - --- π“° λ‰΄μ¤ 6 μ²λ¦¬ μ¤‘ (νμ΄μ§€ 1) ---
2025-06-10 23:05:37,769 - INFO -         λ„¤μ΄λ²„ URL: https://n.news.naver.com/mnews/article/437/0000397626?sid=102
2025-06-10 23:05:37,769 - INFO -         μ›λ³Έ URL: https://news.jtbc.co.kr/article/article.aspx?news_id=NB12201367
2025-06-10 23:05:37,790 - INFO -     β… μ¶”μ¶ μ™„λ£: [μΈν„°λ·°] 2μ‹κ°„ μλ¦¬ λΉ„μ΄ μΉ΄ν μ†λ‹, λμ•„μ™€μ„ "κΈ°... | JTBC | 2024.06.18.
2025-06-10 23:05:37,790 - INFO - --- π“° λ‰΄μ¤ 7 μ²λ¦¬ μ¤‘ (νμ΄μ§€ 1) ---
2025-06-10 23:05:37,818 - INFO -         λ„¤μ΄λ²„ URL: https://n.news.naver.com/mnews/article/422/0000665365?sid=104
2025-06-10 23:05:37,818 - INFO -         μ›λ³Έ URL: http://www.yonhapnewstv.co.kr/MYH20240615008800641/?input=1825m
2025-06-10 23:05:37,839 - INFO -     β… μ¶”μ¶ μ™„λ£: BBC, ι“ 'μ•„μ¤λ§ μ¶μ… κΈμ§€' ν—¬μ¤μ¥ μ°¨λ³„ λ…Όλ€ μ΅°... | μ—°ν•©λ‰΄μ¤TV | 2024.06.15.
2025-06-10 23:05:37,839 - INFO - --- π“° λ‰΄μ¤ 8 μ²λ¦¬ μ¤‘ (νμ΄μ§€ 1) ---
2025-06-10 23:05:37,857 - INFO -         λ„¤μ΄λ²„ URL: https://n.news.naver.com/mnews/article/215/0001166536?sid=102
2025-06-10 23:05:37,857 - INFO -         μ›λ³Έ URL: http://www.wowtv.co.kr/NewsCenter/News/Read?articleId=A202406150016&t=NN
2025-06-10 23:05:37,875 - INFO -     β… μ¶”μ¶ μ™„λ£: "μ•„μ¤λ§ μ¶μ…κΈμ§€, ν•κµ­μ€ μ™?"...μ™Έμ‹  λ³΄λ„... | ν•κµ­κ²½μ TV | 2024.06.15.
2025-06-10 23:05:37,875 - INFO - π“„ νμ΄μ§€ 1 μ™„λ£
2025-06-10 23:05:39,877 - INFO - π μ ‘μ† URL: https://search.naver.com/search.naver?where=news&query="λ…Έν‚¤μ¦μ΅΄"&nso=so:r,p:from20240615to20240621,a:all&start=11&service_area=1&office_category=2
2025-06-10 23:05:43,002 - INFO - === π― λ‰΄μ¤ μΉ΄λ“ νƒμ§€ μ‹μ‘ (νμ΄μ§€ 2) ===
2025-06-10 23:05:43,021 - INFO - β λ” μ΄μƒ λ‰΄μ¤κ°€ μ—†μµλ‹λ‹¤ (νμ΄μ§€ 2)
2025-06-10 23:05:43,021 - INFO - π“… 20240615 to 20240621 μμ§‘ μ™„λ£
2025-06-10 23:05:43,021 - INFO - ================================
2025-06-10 23:05:43,021 - INFO - π“„ 20240622λ¶€ν„° 20240628κΉμ§€μ λ‰΄μ¤ μμ§‘ μ‹μ‘
2025-06-10 23:05:43,021 - INFO - π μ ‘μ† URL: https://search.naver.com/search.naver?where=news&query="λ…Έν‚¤μ¦μ΅΄"&nso=so:r,p:from20240622to20240628,a:all&start=1&service_area=1&office_category=2
2025-06-10 23:05:46,122 - INFO - === π― λ‰΄μ¤ μΉ΄λ“ νƒμ§€ μ‹μ‘ (νμ΄μ§€ 1) ===
2025-06-10 23:05:46,138 - INFO - β λ” μ΄μƒ λ‰΄μ¤κ°€ μ—†μµλ‹λ‹¤ (νμ΄μ§€ 1)
2025-06-10 23:05:46,138 - INFO - π“… 20240622 to 20240628 μμ§‘ μ™„λ£
2025-06-10 23:05:46,138 - INFO - ================================
2025-06-10 23:05:46,139 - INFO - π“„ 20240629λ¶€ν„° 20240705κΉμ§€μ λ‰΄μ¤ μμ§‘ μ‹μ‘
2025-06-10 23:05:46,139 - INFO - π μ ‘μ† URL: https://search.naver.com/search.naver?where=news&query="λ…Έν‚¤μ¦μ΅΄"&nso=so:r,p:from20240629to20240705,a:all&start=1&service_area=1&office_category=2
2025-06-10 23:05:49,251 - INFO - === π― λ‰΄μ¤ μΉ΄λ“ νƒμ§€ μ‹μ‘ (νμ΄μ§€ 1) ===
2025-06-10 23:05:49,273 - INFO - β… 2κ°μ λ‰΄μ¤ μΉ΄λ“ λ°κ²¬!
2025-06-10 23:05:49,273 - INFO - --- π“° λ‰΄μ¤ 1 μ²λ¦¬ μ¤‘ (νμ΄μ§€ 1) ---
2025-06-10 23:05:49,302 - INFO -         λ„¤μ΄λ²„ URL: https://n.news.naver.com/mnews/article/003/0012636638?sid=102
2025-06-10 23:05:49,302 - INFO -         μ›λ³Έ URL: https://www.newsis.com/view/NISX20240626_0002787710
2025-06-10 23:05:49,324 - INFO -     β… μ¶”μ¶ μ™„λ£: "19μ„Έ λ―Έλ§ μ¶μ…κΈμ§€"β€¦'λ…Έν‚¤μ¦ μμμ¥' νΈν…”λ“¤ λ”λ‹¤... | λ‰΄μ‹μ¤ | 2024.06.29.
2025-06-10 23:05:49,324 - INFO - --- π“° λ‰΄μ¤ 2 μ²λ¦¬ μ¤‘ (νμ΄μ§€ 1) ---
2025-06-10 23:05:49,344 - INFO -         λ„¤μ΄λ²„ URL: https://n.news.naver.com/mnews/article/003/0012642396?sid=102
2025-06-10 23:05:49,344 - INFO -         μ›λ³Έ URL: https://www.newsis.com/view/NISX20240702_0002795561
2025-06-10 23:05:49,363 - INFO -     β… μ¶”μ¶ μ™„λ£: 'λ†€μ΄ν„° κ³µλ†€μ΄ κΈμ§€ λ…Όλ€' μ•„ννΈ μ†μ¥ μ‚¬κ³Όλ¬Έ κ²μ‹ ... | λ‰΄μ‹μ¤ | 2024.07.02.
2025-06-10 23:05:49,363 - INFO - π“„ νμ΄μ§€ 1 μ™„λ£
2025-06-10 23:05:51,367 - INFO - β… 20240629 to 20240705 λ‰΄μ¤ μμ§‘ μ™„λ£
2025-06-10 23:05:51,368 - INFO - π“… 20240629 to 20240705 μμ§‘ μ™„λ£
2025-06-10 23:05:51,368 - INFO - ================================
2025-06-10 23:05:51,368 - INFO - π“„ 20240706λ¶€ν„° 20240712κΉμ§€μ λ‰΄μ¤ μμ§‘ μ‹μ‘
2025-06-10 23:05:51,368 - INFO - π μ ‘μ† URL: https://search.naver.com/search.naver?where=news&query="λ…Έν‚¤μ¦μ΅΄"&nso=so:r,p:from20240706to20240712,a:all&start=1&service_area=1&office_category=2
2025-06-10 23:05:54,493 - INFO - === π― λ‰΄μ¤ μΉ΄λ“ νƒμ§€ μ‹μ‘ (νμ΄μ§€ 1) ===
2025-06-10 23:05:54,516 - INFO - β… 3κ°μ λ‰΄μ¤ μΉ΄λ“ λ°κ²¬!
2025-06-10 23:05:54,516 - INFO - --- π“° λ‰΄μ¤ 1 μ²λ¦¬ μ¤‘ (νμ΄μ§€ 1) ---
2025-06-10 23:05:54,545 - INFO -         λ„¤μ΄λ²„ URL: https://n.news.naver.com/mnews/article/056/0011759980?sid=101
2025-06-10 23:05:54,546 - INFO -         μ›λ³Έ URL: https://news.kbs.co.kr/news/pc/view/view.do?ncd=8009808&ref=A
2025-06-10 23:05:54,568 - INFO -     β… μ¶”μ¶ μ™„λ£: β€NOν‚¤μ¦β€™ μ•„λ‹λΌ β€YESν‚¤μ¦β€™β€¦2030 λ°”κΎΈλ” μ§„μ§... | KBS | 2024.07.11.
2025-06-10 23:05:54,568 - INFO - --- π“° λ‰΄μ¤ 2 μ²λ¦¬ μ¤‘ (νμ΄μ§€ 1) ---
2025-06-10 23:05:54,587 - INFO -         λ„¤μ΄λ²„ URL: https://n.news.naver.com/mnews/article/003/0012652020?sid=101
2025-06-10 23:05:54,587 - INFO -         μ›λ³Έ URL: https://www.newsis.com/view/NISX20240708_0002801752
2025-06-10 23:05:54,606 - INFO -     β… μ¶”μ¶ μ™„λ£: 11λ²κ°€, μΈμ² 'νλΌλ‹¤μ΄μ¤μ‹ν‹°' ν¨ν‚¤μ§€ ν• μΈ ν”„λ΅λ¨μ…... | λ‰΄μ‹μ¤ | 2024.07.08.
2025-06-10 23:05:54,606 - INFO - --- π“° λ‰΄μ¤ 3 μ²λ¦¬ μ¤‘ (νμ΄μ§€ 1) ---
2025-06-10 23:05:54,624 - INFO -         λ„¤μ΄λ²„ URL: https://n.news.naver.com/mnews/article/056/0011759680?sid=102
2025-06-10 23:05:54,624 - INFO -         μ›λ³Έ URL: https://news.kbs.co.kr/news/pc/view/view.do?ncd=8009498&ref=A
2025-06-10 23:05:54,642 - INFO -     β… μ¶”μ¶ μ™„λ£: [μ„±κ³µμκ°] μ΅μ•„λ¥Ό νμ‚¬ ν”„λ΅μ νΈμ²λΌ, μ΅ν‡΄ν•κ³  μ΅λΌλ²¨... | KBS | 2024.07.11.
2025-06-10 23:05:54,643 - INFO - π“„ νμ΄μ§€ 1 μ™„λ£
2025-06-10 23:05:56,643 - INFO - β… 20240706 to 20240712 λ‰΄μ¤ μμ§‘ μ™„λ£
2025-06-10 23:05:56,644 - INFO - π“… 20240706 to 20240712 μμ§‘ μ™„λ£
2025-06-10 23:05:56,644 - INFO - ================================
2025-06-10 23:05:56,644 - INFO - π“„ 20240713λ¶€ν„° 20240719κΉμ§€μ λ‰΄μ¤ μμ§‘ μ‹μ‘
2025-06-10 23:05:56,644 - INFO - π μ ‘μ† URL: https://search.naver.com/search.naver?where=news&query="λ…Έν‚¤μ¦μ΅΄"&nso=so:r,p:from20240713to20240719,a:all&start=1&service_area=1&office_category=2
2025-06-10 23:05:59,761 - INFO - === π― λ‰΄μ¤ μΉ΄λ“ νƒμ§€ μ‹μ‘ (νμ΄μ§€ 1) ===
2025-06-10 23:05:59,782 - INFO - β… 2κ°μ λ‰΄μ¤ μΉ΄λ“ λ°κ²¬!
2025-06-10 23:05:59,782 - INFO - --- π“° λ‰΄μ¤ 1 μ²λ¦¬ μ¤‘ (νμ΄μ§€ 1) ---
2025-06-10 23:05:59,813 - INFO -         λ„¤μ΄λ²„ URL: https://n.news.naver.com/mnews/article/056/0011764648?sid=102
2025-06-10 23:05:59,813 - INFO -         μ›λ³Έ URL: https://news.kbs.co.kr/news/pc/view/view.do?ncd=8015339&ref=A
2025-06-10 23:05:59,835 - INFO -     β… μ¶”μ¶ μ™„λ£: [μ΄μν”½] λ…Έμ¤λ§μ— λ…Έμ‹λ‹μ–΄β€¦β€λ…Όλ€μ λ…Έβ—‹β—‹μ΅΄β€™... | KBS | 2024.07.18.
2025-06-10 23:05:59,835 - INFO - --- π“° λ‰΄μ¤ 2 μ²λ¦¬ μ¤‘ (νμ΄μ§€ 1) ---
2025-06-10 23:05:59,854 - INFO -         λ„¤μ΄λ²„ URL: https://n.news.naver.com/mnews/article/001/0014806365?sid=102
2025-06-10 23:05:59,854 - INFO -         μ›λ³Έ URL: https://www.yna.co.kr/view/AKR20240715016700371?input=1195m
2025-06-10 23:05:59,873 - INFO -     β… μ¶”μ¶ μ™„λ£: μ„Έμ΄λΈλ”μΉ λ“λ°, λ‚΄λ‹¬ 'λ€ν•λ―Όκµ­ μ•„λ™μ΄ν' μ•μ„ μ§€μ—­λ€... | μ—°ν•©λ‰΄μ¤ | 2024.07.15.
2025-06-10 23:05:59,873 - INFO - π“„ νμ΄μ§€ 1 μ™„λ£
2025-06-10 23:06:01,876 - INFO - β… 20240713 to 20240719 λ‰΄μ¤ μμ§‘ μ™„λ£
2025-06-10 23:06:01,877 - INFO - π“… 20240713 to 20240719 μμ§‘ μ™„λ£
2025-06-10 23:06:01,877 - INFO - ================================
2025-06-10 23:06:01,877 - INFO - π“„ 20240720λ¶€ν„° 20240726κΉμ§€μ λ‰΄μ¤ μμ§‘ μ‹μ‘
2025-06-10 23:06:01,877 - INFO - π μ ‘μ† URL: https://search.naver.com/search.naver?where=news&query="λ…Έν‚¤μ¦μ΅΄"&nso=so:r,p:from20240720to20240726,a:all&start=1&service_area=1&office_category=2
2025-06-10 23:06:05,001 - INFO - === π― λ‰΄μ¤ μΉ΄λ“ νƒμ§€ μ‹μ‘ (νμ΄μ§€ 1) ===
2025-06-10 23:06:05,012 - INFO - β… 2κ°μ λ‰΄μ¤ μΉ΄λ“ λ°κ²¬!
2025-06-10 23:06:05,012 - INFO - --- π“° λ‰΄μ¤ 1 μ²λ¦¬ μ¤‘ (νμ΄μ§€ 1) ---
2025-06-10 23:06:05,036 - INFO -         λ„¤μ΄λ²„ URL: https://n.news.naver.com/mnews/article/003/0012683302?sid=102
2025-06-10 23:06:05,036 - INFO -         μ›λ³Έ URL: https://www.newsis.com/view/NISX20240723_0002822131
2025-06-10 23:06:05,057 - INFO -     β… μ¶”μ¶ μ™„λ£: κ°€κ² λ¬Έμ— μ† λΌμΈ μ•„μ΄β€¦"μ΅μ•„μ¤¬μ–΄μ•Όμ§€" λ°°μƒ μ”κµ¬(μ... | λ‰΄μ‹μ¤ | 2024.07.23.
2025-06-10 23:06:05,057 - INFO - --- π“° λ‰΄μ¤ 2 μ²λ¦¬ μ¤‘ (νμ΄μ§€ 1) ---
2025-06-10 23:06:05,076 - INFO -         λ„¤μ΄λ²„ URL: https://n.news.naver.com/mnews/article/421/0007680586?sid=102
2025-06-10 23:06:05,076 - INFO -         μ›λ³Έ URL: https://www.news1.kr/society/general-society/5488121
2025-06-10 23:06:05,095 - INFO -     β… μ¶”μ¶ μ™„λ£: κ°€κ² λ¬Έμ— μ† λΌμΈ μ•„μ΄β€¦"λ¬Έ μ΅μ•„μ¤μ•Ό" ε¥³μ†λ‹μ— λ°°μƒ... | λ‰΄μ¤1 | 2024.07.23.
2025-06-10 23:06:05,095 - INFO - π“„ νμ΄μ§€ 1 μ™„λ£
2025-06-10 23:06:07,098 - INFO - β… 20240720 to 20240726 λ‰΄μ¤ μμ§‘ μ™„λ£
2025-06-10 23:06:07,098 - INFO - π“… 20240720 to 20240726 μμ§‘ μ™„λ£
2025-06-10 23:06:07,098 - INFO - ================================
2025-06-10 23:06:07,098 - INFO - π“„ 20240727λ¶€ν„° 20240802κΉμ§€μ λ‰΄μ¤ μμ§‘ μ‹μ‘
2025-06-10 23:06:07,098 - INFO - π“ μ”μ²­ ν†µκ³„: 10ν μ™„λ£, ν‰κ·  λ€κΈ°: 0.0μ΄
2025-06-10 23:06:07,098 - INFO - π μ ‘μ† URL: https://search.naver.com/search.naver?where=news&query="λ…Έν‚¤μ¦μ΅΄"&nso=so:r,p:from20240727to20240802,a:all&start=1&service_area=1&office_category=2
2025-06-10 23:06:10,246 - INFO - === π― λ‰΄μ¤ μΉ΄λ“ νƒμ§€ μ‹μ‘ (νμ΄μ§€ 1) ===
2025-06-10 23:06:10,258 - INFO - β… 8κ°μ λ‰΄μ¤ μΉ΄λ“ λ°κ²¬!
2025-06-10 23:06:10,258 - INFO - --- π“° λ‰΄μ¤ 1 μ²λ¦¬ μ¤‘ (νμ΄μ§€ 1) ---
2025-06-10 23:06:10,283 - INFO -         λ„¤μ΄λ²„ URL: https://n.news.naver.com/mnews/article/448/0000469610?sid=102
2025-06-10 23:06:10,283 - INFO -         μ›λ³Έ URL: https://news.tvchosun.com/site/data/html_dir/2024/07/29/2024072990218.html
2025-06-10 23:06:10,305 - INFO -     β… μ¶”μ¶ μ™„λ£: [λ”°μ Έλ³΄λ‹] 'λ…Έν‚¤μ¦μ΅΄' κ΄‘κ³ κΉμ§€β€¦κ¶λ¦¬μΈκ°€ νμ¤ μ΅°μ¥μΈ... | TVμ΅°μ„  | 2024.07.29.
2025-06-10 23:06:10,305 - INFO - --- π“° λ‰΄μ¤ 2 μ²λ¦¬ μ¤‘ (νμ΄μ§€ 1) ---
2025-06-10 23:06:10,324 - INFO -         λ„¤μ΄λ²„ URL: https://n.news.naver.com/mnews/article/003/0012693474?sid=102
2025-06-10 23:06:10,324 - INFO -         μ›λ³Έ URL: https://www.newsis.com/view/NISX20240726_0002827799
2025-06-10 23:06:10,343 - INFO -     β… μ¶”μ¶ μ™„λ£: λ…Έν‚¤μ¦μ΅΄ μ¤„μΈλ‹¤β€¦μ„μΈμ‹, 2μ²λ§μ› λ³΄μ¥ 'μ›°μ»΄ν‚¤μ¦ μ•μ‹¬... | λ‰΄μ‹μ¤ | 2024.07.28.
2025-06-10 23:06:10,343 - INFO - --- π“° λ‰΄μ¤ 3 μ²λ¦¬ μ¤‘ (νμ΄μ§€ 1) ---
2025-06-10 23:06:10,361 - INFO -         λ„¤μ΄λ²„ URL: https://n.news.naver.com/mnews/article/001/0014835207?sid=101
2025-06-10 23:06:10,361 - INFO -         μ›λ³Έ URL: https://www.yna.co.kr/view/AKR20240727022900004?input=1195m
2025-06-10 23:06:10,379 - INFO -     β… μ¶”μ¶ μ™„λ£: μ‹λ‹ΉΒ·μΉ΄νμ„ μ‚¬κ³ λ‚λ©΄ λ°°μƒβ€¦μ„μΈμ‹ 'μ›°μ»΄ν‚¤μ¦ μ•μ‹¬λ³΄ν—'... | μ—°ν•©λ‰΄μ¤ | 2024.07.28.
2025-06-10 23:06:10,379 - INFO - --- π“° λ‰΄μ¤ 4 μ²λ¦¬ μ¤‘ (νμ΄μ§€ 1) ---
2025-06-10 23:06:10,396 - INFO -         λ„¤μ΄λ²„ URL: https://n.news.naver.com/mnews/article/421/0007691815?sid=102
2025-06-10 23:06:10,396 - INFO -         μ›λ³Έ URL: https://www.news1.kr/society/general-society/5493476
2025-06-10 23:06:10,414 - INFO -     β… μ¶”μ¶ μ™„λ£: 'μμ¤ν‚¤μ¦μ΅΄' μ‹λ‹Ήμ© μ•μ‹¬λ³΄ν— μ¶μ‹β€¦μ—° 2λ§μ›μ— 200... | λ‰΄μ¤1 | 2024.07.28.
2025-06-10 23:06:10,414 - INFO - --- π“° λ‰΄μ¤ 5 μ²λ¦¬ μ¤‘ (νμ΄μ§€ 1) ---
2025-06-10 23:06:10,431 - INFO -         λ„¤μ΄λ²„ URL: https://n.news.naver.com/mnews/article/374/0000395053?sid=101
2025-06-10 23:06:10,431 - INFO -         μ›λ³Έ URL: https://biz.sbs.co.kr/article_hub/20000184262?division=NAVER
2025-06-10 23:06:10,449 - INFO -     β… μ¶”μ¶ μ™„λ£: λ…Έν‚¤μ¦μ΅΄ μ‚¬λΌμ§κΉ?β€¦μ„μΈ μ‹λ‹ΉΒ·μΉ΄νμ„ μ‚¬κ³ λ‚λ©΄ λ°°μƒ... | SBS Biz | 2024.07.29.
2025-06-10 23:06:10,449 - INFO - --- π“° λ‰΄μ¤ 6 μ²λ¦¬ μ¤‘ (νμ΄μ§€ 1) ---
2025-06-10 23:06:10,468 - INFO -         λ„¤μ΄λ²„ URL: https://n.news.naver.com/mnews/article/421/0007705479?sid=101
2025-06-10 23:06:10,468 - INFO -         μ›λ³Έ URL: https://www.news1.kr/industry/general-industry/5499351
2025-06-10 23:06:10,488 - INFO -     β… μ¶”μ¶ μ™„λ£: μ ν•ν‚΄λ²λ¦¬ ν•κΈ°μ¤, ν–‰λ³µν• μ΅μ•„ μ‘μ›β€¦'μ²μ BORN ... | λ‰΄μ¤1 | 2024.08.02.
2025-06-10 23:06:10,488 - INFO - --- π“° λ‰΄μ¤ 7 μ²λ¦¬ μ¤‘ (νμ΄μ§€ 1) ---
2025-06-10 23:06:10,508 - INFO -         λ„¤μ΄λ²„ URL: https://n.news.naver.com/mnews/article/056/0011773710?sid=102
2025-06-10 23:06:10,508 - INFO -         μ›λ³Έ URL: https://news.kbs.co.kr/news/pc/view/view.do?ncd=8026512&ref=A
2025-06-10 23:06:10,528 - INFO -     β… μ¶”μ¶ μ™„λ£: μ €μ¶μƒ μ—¬ν μ μ•„κµμ΅κ³ΌκΉμ§€β€¦β€ν›λ¥­ν• κµμ‚¬ λ” ν•„μ”β€... | KBS | 2024.08.01.
2025-06-10 23:06:10,528 - INFO - --- π“° λ‰΄μ¤ 8 μ²λ¦¬ μ¤‘ (νμ΄μ§€ 1) ---
2025-06-10 23:06:10,549 - INFO -         λ„¤μ΄λ²„ URL: https://n.news.naver.com/mnews/article/214/0001364124?sid=102
2025-06-10 23:06:10,549 - INFO -         μ›λ³Έ URL: https://imnews.imbc.com/replay/2024/nwtoday/article/6621848_36523.html
2025-06-10 23:06:10,570 - INFO -     β… μ¶”μ¶ μ™„λ£: [μ™€κΈ€μ™€κΈ€] "μ•„μ΄λ“¤ μ—†μ΄ ν‰ν™”λ΅μ΄ ν΄κ°€?" μ™λ°•μ—…μ²΄ ... | MBC | 2024.07.29.
2025-06-10 23:06:10,570 - INFO - π“„ νμ΄μ§€ 1 μ™„λ£
2025-06-10 23:06:12,575 - INFO - β° μλ„μ° μ ν•: 12.8μ΄ λ€κΈ° μ¤‘... (60μ΄μ— 10ν μ ν•)
2025-06-10 23:06:25,848 - INFO - π μ ‘μ† URL: https://search.naver.com/search.naver?where=news&query="λ…Έν‚¤μ¦μ΅΄"&nso=so:r,p:from20240727to20240802,a:all&start=11&service_area=1&office_category=2
2025-06-10 23:06:28,960 - INFO - === π― λ‰΄μ¤ μΉ΄λ“ νƒμ§€ μ‹μ‘ (νμ΄μ§€ 2) ===
2025-06-10 23:06:28,979 - INFO - β λ” μ΄μƒ λ‰΄μ¤κ°€ μ—†μµλ‹λ‹¤ (νμ΄μ§€ 2)
2025-06-10 23:06:28,979 - INFO - π“… 20240727 to 20240802 μμ§‘ μ™„λ£
2025-06-10 23:06:28,979 - INFO - ================================
2025-06-10 23:06:28,979 - INFO - π“„ 20240803λ¶€ν„° 20240809κΉμ§€μ λ‰΄μ¤ μμ§‘ μ‹μ‘
2025-06-10 23:06:28,979 - INFO - π μ ‘μ† URL: https://search.naver.com/search.naver?where=news&query="λ…Έν‚¤μ¦μ΅΄"&nso=so:r,p:from20240803to20240809,a:all&start=1&service_area=1&office_category=2
2025-06-10 23:06:32,248 - INFO - === π― λ‰΄μ¤ μΉ΄λ“ νƒμ§€ μ‹μ‘ (νμ΄μ§€ 1) ===
2025-06-10 23:06:32,269 - INFO - β… 2κ°μ λ‰΄μ¤ μΉ΄λ“ λ°κ²¬!
2025-06-10 23:06:32,269 - INFO - --- π“° λ‰΄μ¤ 1 μ²λ¦¬ μ¤‘ (νμ΄μ§€ 1) ---
2025-06-10 23:06:32,305 - INFO -         λ„¤μ΄λ²„ URL: https://n.news.naver.com/mnews/article/001/0014862266?sid=102
2025-06-10 23:06:32,305 - INFO -         μ›λ³Έ URL: https://www.yna.co.kr/view/AKR20240807076400530?input=1195m
2025-06-10 23:06:32,327 - INFO -     β… μ¶”μ¶ μ™„λ£: "λ…Έν‚¤μ¦μ΅΄ μ² ν" μ•„λ™λ“¤ κ²°μ μ™Έλ©΄ν• μ •λ¶€β€¦"μΌλ¶€ μμ©... | μ—°ν•©λ‰΄μ¤ | 2024.08.08.
2025-06-10 23:06:32,327 - INFO - --- π“° λ‰΄μ¤ 2 μ²λ¦¬ μ¤‘ (νμ΄μ§€ 1) ---
2025-06-10 23:06:32,346 - INFO -         λ„¤μ΄λ²„ URL: https://n.news.naver.com/mnews/article/421/0007721188?sid=102
2025-06-10 23:06:32,346 - INFO -         μ›λ³Έ URL: https://www.news1.kr/local/gyeonggi/5506573
2025-06-10 23:06:32,366 - INFO -     β… μ¶”μ¶ μ™„λ£: "μ•„μ΄λ“¤ λλ†’μ΄λ΅"β€¦κ΄‘λ…μ‹, μ•„λ™μ μ°¨λ³„μ—†λ” λ„μ‹ λ§λ“¤... | λ‰΄μ¤1 | 2024.08.09.
2025-06-10 23:06:32,366 - INFO - π“„ νμ΄μ§€ 1 μ™„λ£
2025-06-10 23:06:34,370 - INFO - β… 20240803 to 20240809 λ‰΄μ¤ μμ§‘ μ™„λ£
2025-06-10 23:06:34,370 - INFO - π“… 20240803 to 20240809 μμ§‘ μ™„λ£
2025-06-10 23:06:34,371 - INFO - ================================
2025-06-10 23:06:34,371 - INFO - π“„ 20240810λ¶€ν„° 20240816κΉμ§€μ λ‰΄μ¤ μμ§‘ μ‹μ‘
2025-06-10 23:06:34,371 - INFO - β° μλ„μ° μ ν•: 0.0μ΄ λ€κΈ° μ¤‘... (60μ΄μ— 10ν μ ν•)
2025-06-10 23:06:34,883 - INFO - π μ ‘μ† URL: https://search.naver.com/search.naver?where=news&query="λ…Έν‚¤μ¦μ΅΄"&nso=so:r,p:from20240810to20240816,a:all&start=1&service_area=1&office_category=2
2025-06-10 23:06:38,000 - INFO - === π― λ‰΄μ¤ μΉ΄λ“ νƒμ§€ μ‹μ‘ (νμ΄μ§€ 1) ===
2025-06-10 23:06:38,011 - INFO - β λ” μ΄μƒ λ‰΄μ¤κ°€ μ—†μµλ‹λ‹¤ (νμ΄μ§€ 1)
2025-06-10 23:06:38,011 - INFO - π“… 20240810 to 20240816 μμ§‘ μ™„λ£
2025-06-10 23:06:38,011 - INFO - ================================
2025-06-10 23:06:38,011 - INFO - π“„ 20240817λ¶€ν„° 20240823κΉμ§€μ λ‰΄μ¤ μμ§‘ μ‹μ‘
2025-06-10 23:06:38,011 - INFO - β° μλ„μ° μ ν•: 1.9μ΄ λ€κΈ° μ¤‘... (60μ΄μ— 10ν μ ν•)
2025-06-10 23:06:40,380 - INFO - π μ ‘μ† URL: https://search.naver.com/search.naver?where=news&query="λ…Έν‚¤μ¦μ΅΄"&nso=so:r,p:from20240817to20240823,a:all&start=1&service_area=1&office_category=2
2025-06-10 23:06:43,610 - INFO - === π― λ‰΄μ¤ μΉ΄λ“ νƒμ§€ μ‹μ‘ (νμ΄μ§€ 1) ===
2025-06-10 23:06:43,672 - INFO - β… 1κ°μ λ‰΄μ¤ μΉ΄λ“ λ°κ²¬!
2025-06-10 23:06:43,672 - INFO - --- π“° λ‰΄μ¤ 1 μ²λ¦¬ μ¤‘ (νμ΄μ§€ 1) ---
2025-06-10 23:06:43,698 - INFO -         λ„¤μ΄λ²„ URL: https://n.news.naver.com/mnews/article/421/0007747032?sid=101
2025-06-10 23:06:43,698 - INFO -         μ›λ³Έ URL: https://www.news1.kr/economy/trend/5519478
2025-06-10 23:06:43,720 - INFO -     β… μ¶”μ¶ μ™„λ£: μ£Όν•ν™ "μ‚¬λ‚΄ λμΉλ΅ μΌΒ·κ°€μ • μ–‘λ¦½ λ»ν•λ” μΌ μ—†μ–΄μ•Ό"... | λ‰΄μ¤1 | 2024.08.23.
2025-06-10 23:06:43,720 - INFO - π“„ νμ΄μ§€ 1 μ™„λ£
2025-06-10 23:06:45,722 - INFO - β… 20240817 to 20240823 λ‰΄μ¤ μμ§‘ μ™„λ£
2025-06-10 23:06:45,722 - INFO - π“… 20240817 to 20240823 μμ§‘ μ™„λ£
2025-06-10 23:06:45,723 - INFO - ================================
2025-06-10 23:06:45,723 - INFO - π“„ 20240824λ¶€ν„° 20240830κΉμ§€μ λ‰΄μ¤ μμ§‘ μ‹μ‘
2025-06-10 23:06:45,723 - INFO - π μ ‘μ† URL: https://search.naver.com/search.naver?where=news&query="λ…Έν‚¤μ¦μ΅΄"&nso=so:r,p:from20240824to20240830,a:all&start=1&service_area=1&office_category=2
2025-06-10 23:06:49,265 - INFO - === π― λ‰΄μ¤ μΉ΄λ“ νƒμ§€ μ‹μ‘ (νμ΄μ§€ 1) ===
2025-06-10 23:06:49,287 - INFO - β… 6κ°μ λ‰΄μ¤ μΉ΄λ“ λ°κ²¬!
2025-06-10 23:06:49,287 - INFO - --- π“° λ‰΄μ¤ 1 μ²λ¦¬ μ¤‘ (νμ΄μ§€ 1) ---
2025-06-10 23:06:49,320 - INFO -         λ„¤μ΄λ²„ URL: https://n.news.naver.com/mnews/article/003/0012748383?sid=102
2025-06-10 23:06:49,320 - INFO -         μ›λ³Έ URL: https://www.newsis.com/view/NISX20240826_0002862898
2025-06-10 23:06:49,343 - INFO -     β… μ¶”μ¶ μ™„λ£: "λ…Έν‚¤μ¦μ΅΄μ…λ‹λ‹¤" λ§¥μ¤μ§‘μ„ μ•λ¦¬μβ€¦μ•„μ΄ λ°λ ¤μ¨ μ†λ‹ "... | λ‰΄μ‹μ¤ | 2024.08.26.
2025-06-10 23:06:49,343 - INFO - --- π“° λ‰΄μ¤ 2 μ²λ¦¬ μ¤‘ (νμ΄μ§€ 1) ---
2025-06-10 23:06:49,363 - INFO -         λ„¤μ΄λ²„ URL: https://n.news.naver.com/mnews/article/052/0002079412?sid=102
2025-06-10 23:06:49,363 - INFO -         μ›λ³Έ URL: https://www.ytn.co.kr/_ln/0103_202408271459382583
2025-06-10 23:06:49,386 - INFO -     β… μ¶”μ¶ μ™„λ£: μ μ§‘μ΄λΌ 'λ…Έν‚¤μ¦μ΅΄'μΈλ°... "λ°°κ°€ λ¶λ €λ„¤" ν™©λ‹Ή λ°... | YTN | 2024.08.27.
2025-06-10 23:06:49,386 - INFO - --- π“° λ‰΄μ¤ 3 μ²λ¦¬ μ¤‘ (νμ΄μ§€ 1) ---
2025-06-10 23:06:49,408 - INFO -         λ„¤μ΄λ²„ URL: https://n.news.naver.com/mnews/article/421/0007749466?sid=102
2025-06-10 23:06:49,408 - INFO -         μ›λ³Έ URL: https://www.news1.kr/society/general-society/5520942
2025-06-10 23:06:49,428 - INFO -     β… μ¶”μ¶ μ™„λ£: λ§¥μ¤μ§‘μ— μ•„μ΄ λ°λ¦¬κ³  μ¨ μ–΄λ¥Έ 6λ…, 'λ…Έν‚¤μ¦μ΅΄' μ•λ¦¬... | λ‰΄μ¤1 | 2024.08.26.
2025-06-10 23:06:49,428 - INFO - --- π“° λ‰΄μ¤ 4 μ²λ¦¬ μ¤‘ (νμ΄μ§€ 1) ---
2025-06-10 23:06:49,446 - INFO -         λ„¤μ΄λ²„ URL: https://n.news.naver.com/mnews/article/055/0001186091?sid=102
2025-06-10 23:06:49,446 - INFO -         μ›λ³Έ URL: https://news.sbs.co.kr/news/endPage.do?news_id=N1007782570&plink=ORI&cooper=NAVER
2025-06-10 23:06:49,466 - INFO -     β… μ¶”μ¶ μ™„λ£: μ‹λ‹Ήμ— λ—μλ¦¬ ν΄κ³  "μ–λ“¤μ•„ λ†€μ•„"β€¦λ―Όν μ—„λ§λ“¤μ— 'λ¶„... | SBS | 2024.08.30.
2025-06-10 23:06:49,466 - INFO - --- π“° λ‰΄μ¤ 5 μ²λ¦¬ μ¤‘ (νμ΄μ§€ 1) ---
2025-06-10 23:06:49,486 - INFO -         λ„¤μ΄λ²„ URL: https://n.news.naver.com/mnews/article/052/0002080989?sid=102
2025-06-10 23:06:49,486 - INFO -         μ›λ³Έ URL: https://www.ytn.co.kr/_ln/0103_202408301446245470
2025-06-10 23:06:49,510 - INFO -     β… μ¶”μ¶ μ™„λ£: "μ—¬κΈ°μ„ λ†€μ•„" μ‹λ‹Ή λ°”λ‹¥μ— λ—μλ¦¬ νΈ μ—„λ§λ“¤ [μ•µμ»¤λ¦¬... | YTN | 2024.08.30.
2025-06-10 23:06:49,510 - INFO - --- π“° λ‰΄μ¤ 6 μ²λ¦¬ μ¤‘ (νμ΄μ§€ 1) ---
2025-06-10 23:06:49,530 - INFO -         λ„¤μ΄λ²„ URL: https://n.news.naver.com/mnews/article/421/0007758000?sid=102
2025-06-10 23:06:49,530 - INFO -         μ›λ³Έ URL: https://www.news1.kr/society/general-society/5525377
2025-06-10 23:06:49,553 - INFO -     β… μ¶”μ¶ μ™„λ£: "λ§¤μ¥μ— λ—μλ¦¬ κΉ”κ³  μ• λ“¤ λ†€κ² ν• μ—„λ§λ“¤β€¦μ΄λ° μ‚¬λλ„... | λ‰΄μ¤1 | 2024.08.29.
2025-06-10 23:06:49,553 - INFO - π“„ νμ΄μ§€ 1 μ™„λ£
2025-06-10 23:06:51,557 - INFO - β… 20240824 to 20240830 λ‰΄μ¤ μμ§‘ μ™„λ£
2025-06-10 23:06:51,557 - INFO - π“… 20240824 to 20240830 μμ§‘ μ™„λ£
2025-06-10 23:06:51,558 - INFO - ================================
2025-06-10 23:06:51,558 - INFO - π“„ 20240831λ¶€ν„° 20240906κΉμ§€μ λ‰΄μ¤ μμ§‘ μ‹μ‘
2025-06-10 23:06:51,558 - INFO - π μ ‘μ† URL: https://search.naver.com/search.naver?where=news&query="λ…Έν‚¤μ¦μ΅΄"&nso=so:r,p:from20240831to20240906,a:all&start=1&service_area=1&office_category=2
2025-06-10 23:06:54,675 - INFO - === π― λ‰΄μ¤ μΉ΄λ“ νƒμ§€ μ‹μ‘ (νμ΄μ§€ 1) ===
2025-06-10 23:06:54,693 - INFO - β λ” μ΄μƒ λ‰΄μ¤κ°€ μ—†μµλ‹λ‹¤ (νμ΄μ§€ 1)
2025-06-10 23:06:54,693 - INFO - π“… 20240831 to 20240906 μμ§‘ μ™„λ£
2025-06-10 23:06:54,693 - INFO - ================================
2025-06-10 23:06:54,693 - INFO - π“„ 20240907λ¶€ν„° 20240913κΉμ§€μ λ‰΄μ¤ μμ§‘ μ‹μ‘
2025-06-10 23:06:54,693 - INFO - π μ ‘μ† URL: https://search.naver.com/search.naver?where=news&query="λ…Έν‚¤μ¦μ΅΄"&nso=so:r,p:from20240907to20240913,a:all&start=1&service_area=1&office_category=2
2025-06-10 23:06:57,800 - INFO - === π― λ‰΄μ¤ μΉ΄λ“ νƒμ§€ μ‹μ‘ (νμ΄μ§€ 1) ===
2025-06-10 23:06:57,816 - INFO - β λ” μ΄μƒ λ‰΄μ¤κ°€ μ—†μµλ‹λ‹¤ (νμ΄μ§€ 1)
2025-06-10 23:06:57,817 - INFO - π“… 20240907 to 20240913 μμ§‘ μ™„λ£
2025-06-10 23:06:57,817 - INFO - ================================
2025-06-10 23:06:57,817 - INFO - π“„ 20240914λ¶€ν„° 20240920κΉμ§€μ λ‰΄μ¤ μμ§‘ μ‹μ‘
2025-06-10 23:06:57,817 - INFO - π μ ‘μ† URL: https://search.naver.com/search.naver?where=news&query="λ…Έν‚¤μ¦μ΅΄"&nso=so:r,p:from20240914to20240920,a:all&start=1&service_area=1&office_category=2
2025-06-10 23:07:00,944 - INFO - === π― λ‰΄μ¤ μΉ΄λ“ νƒμ§€ μ‹μ‘ (νμ΄μ§€ 1) ===
2025-06-10 23:07:00,962 - INFO - β λ” μ΄μƒ λ‰΄μ¤κ°€ μ—†μµλ‹λ‹¤ (νμ΄μ§€ 1)
2025-06-10 23:07:00,962 - INFO - π“… 20240914 to 20240920 μμ§‘ μ™„λ£
2025-06-10 23:07:00,962 - INFO - ================================
2025-06-10 23:07:00,962 - INFO - π“„ 20240921λ¶€ν„° 20240927κΉμ§€μ λ‰΄μ¤ μμ§‘ μ‹μ‘
2025-06-10 23:07:00,962 - INFO - β° μλ„μ° μ ν•: 0.9μ΄ λ€κΈ° μ¤‘... (60μ΄μ— 10ν μ ν•)
2025-06-10 23:07:02,379 - INFO - π μ ‘μ† URL: https://search.naver.com/search.naver?where=news&query="λ…Έν‚¤μ¦μ΅΄"&nso=so:r,p:from20240921to20240927,a:all&start=1&service_area=1&office_category=2
2025-06-10 23:07:05,488 - INFO - === π― λ‰΄μ¤ μΉ΄λ“ νƒμ§€ μ‹μ‘ (νμ΄μ§€ 1) ===
2025-06-10 23:07:05,505 - INFO - β λ” μ΄μƒ λ‰΄μ¤κ°€ μ—†μµλ‹λ‹¤ (νμ΄μ§€ 1)
2025-06-10 23:07:05,505 - INFO - π“… 20240921 to 20240927 μμ§‘ μ™„λ£
2025-06-10 23:07:05,505 - INFO - ================================
2025-06-10 23:07:05,506 - INFO - π“„ 20240928λ¶€ν„° 20241004κΉμ§€μ λ‰΄μ¤ μμ§‘ μ‹μ‘
2025-06-10 23:07:05,506 - INFO - β° μλ„μ° μ ν•: 1.6μ΄ λ€κΈ° μ¤‘... (60μ΄μ— 10ν μ ν•)
2025-06-10 23:07:07,603 - INFO - π“ μ”μ²­ ν†µκ³„: 20ν μ™„λ£, ν‰κ·  λ€κΈ°: 1.0μ΄
2025-06-10 23:07:07,603 - INFO - π μ ‘μ† URL: https://search.naver.com/search.naver?where=news&query="λ…Έν‚¤μ¦μ΅΄"&nso=so:r,p:from20240928to20241004,a:all&start=1&service_area=1&office_category=2
2025-06-10 23:07:11,109 - INFO - === π― λ‰΄μ¤ μΉ΄λ“ νƒμ§€ μ‹μ‘ (νμ΄μ§€ 1) ===
2025-06-10 23:07:11,131 - INFO - β… 7κ°μ λ‰΄μ¤ μΉ΄λ“ λ°κ²¬!
2025-06-10 23:07:11,131 - INFO - --- π“° λ‰΄μ¤ 1 μ²λ¦¬ μ¤‘ (νμ΄μ§€ 1) ---
2025-06-10 23:07:11,163 - INFO -         λ„¤μ΄λ²„ URL: https://n.news.naver.com/mnews/article/421/0007819835?sid=102
2025-06-10 23:07:11,163 - INFO -         μ›λ³Έ URL: https://www.news1.kr/local/daegu-gyeongbuk/5556903
2025-06-10 23:07:11,193 - INFO -     β… μ¶”μ¶ μ™„λ£: μ•„λ™ μΉν™”μ  μ™Έμ‹ ν™κ²½ μ΅°μ„±β€¦κ²½μ‚°μ‹, 'μ›°μ»΄ ν‚¤μ¦μ΅΄' ... | λ‰΄μ¤1 | 2024.10.02.
2025-06-10 23:07:11,193 - INFO - --- π“° λ‰΄μ¤ 2 μ²λ¦¬ μ¤‘ (νμ΄μ§€ 1) ---
2025-06-10 23:07:11,213 - INFO -         λ„¤μ΄λ²„ URL: https://n.news.naver.com/mnews/article/056/0011809945?sid=102
2025-06-10 23:07:11,213 - INFO -         μ›λ³Έ URL: https://news.kbs.co.kr/news/pc/view/view.do?ncd=8070790&ref=A
2025-06-10 23:07:11,233 - INFO -     β… μ¶”μ¶ μ™„λ£: μ μ£Ό λ…Έν‚¤μ¦μ΅΄ μ „κµ­ 2μ„β€¦β€μ‚¬μ—…μ£Ό λ¶€λ‹΄ λμ–΄μ¤μ•Όβ€... | KBS | 2024.09.30.
2025-06-10 23:07:11,233 - INFO - --- π“° λ‰΄μ¤ 3 μ²λ¦¬ μ¤‘ (νμ΄μ§€ 1) ---
2025-06-10 23:07:11,251 - INFO -         λ„¤μ΄λ²„ URL: https://n.news.naver.com/mnews/article/056/0011810117?sid=102
2025-06-10 23:07:11,251 - INFO -         μ›λ³Έ URL: https://news.kbs.co.kr/news/pc/view/view.do?ncd=8071033&ref=A
2025-06-10 23:07:11,271 - INFO -     β… μ¶”μ¶ μ™„λ£: μ μ£Ό λ…Έν‚¤μ¦μ΅΄ μ „κµ­ 2μ„β€¦β€μ‚¬μ—…μ£Ό λ¶€λ‹΄ λμ–΄μ¤μ•Όβ€... | KBS | 2024.09.30.
2025-06-10 23:07:11,271 - INFO - --- π“° λ‰΄μ¤ 4 μ²λ¦¬ μ¤‘ (νμ΄μ§€ 1) ---
2025-06-10 23:07:11,289 - INFO -         λ„¤μ΄λ²„ URL: https://n.news.naver.com/mnews/article/056/0011810310?sid=102
2025-06-10 23:07:11,289 - INFO -         μ›λ³Έ URL: https://news.kbs.co.kr/news/pc/view/view.do?ncd=8071256&ref=A
2025-06-10 23:07:11,309 - INFO -     β… μ¶”μ¶ μ™„λ£: μ μ£Ό λ…Έν‚¤μ¦μ΅΄ μ „κµ­ 2μ„β€¦β€μ‚¬μ—…μ£Ό λ¶€λ‹΄ λμ–΄μ¤μ•Όβ€... | KBS | 2024.10.01.
2025-06-10 23:07:11,309 - INFO - --- π“° λ‰΄μ¤ 5 μ²λ¦¬ μ¤‘ (νμ΄μ§€ 1) ---
2025-06-10 23:07:11,328 - INFO -         λ„¤μ΄λ²„ URL: https://n.news.naver.com/mnews/article/003/0012813389?sid=102
2025-06-10 23:07:11,328 - INFO -         μ›λ³Έ URL: https://www.newsis.com/view/NISX20241001_0002905489
2025-06-10 23:07:11,351 - INFO -     β… μ¶”μ¶ μ™„λ£: μ™„μ£Όκµ°, μ•„λ™μ΄λ¶€μ¦νΌμ¨μ‚¬λ¬΄μ† μ•„λ™μΉν™”μƒμ  30κ³³ λ¨μ§‘... | λ‰΄μ‹μ¤ | 2024.10.01.
2025-06-10 23:07:11,351 - INFO - --- π“° λ‰΄μ¤ 6 μ²λ¦¬ μ¤‘ (νμ΄μ§€ 1) ---
2025-06-10 23:07:11,371 - INFO -         λ„¤μ΄λ²„ URL: https://n.news.naver.com/mnews/article/056/0011810354?sid=102
2025-06-10 23:07:11,371 - INFO -         μ›λ³Έ URL: https://news.kbs.co.kr/news/pc/view/view.do?ncd=8071272&ref=A
2025-06-10 23:07:11,393 - INFO -     β… μ¶”μ¶ μ™„λ£: [μ „λ¶μ μ°½] β€μ§€ν‰μ„ μΌλ΅ λ†€λ¬μ¤μ„Έμ”!β€β€¦λ†κ²½λ¬Έν™” μ²΄ν—... | KBS | 2024.10.01.
2025-06-10 23:07:11,393 - INFO - --- π“° λ‰΄μ¤ 7 μ²λ¦¬ μ¤‘ (νμ΄μ§€ 1) ---
2025-06-10 23:07:11,413 - INFO -         λ„¤μ΄λ²„ URL: https://n.news.naver.com/mnews/article/056/0011810024?sid=102
2025-06-10 23:07:11,413 - INFO -         μ›λ³Έ URL: https://news.kbs.co.kr/news/pc/view/view.do?ncd=8070877&ref=A
2025-06-10 23:07:11,433 - INFO -     β… μ¶”μ¶ μ™„λ£: β€μ§€ν‰μ„ μΌλ΅ λ†€λ¬μ¤μ„Έμ”!β€β€¦λ†κ²½λ¬Έν™” μ²΄ν— λ“± ν–‰μ‚¬ β€ν’... | KBS | 2024.09.30.
2025-06-10 23:07:11,433 - INFO - π“„ νμ΄μ§€ 1 μ™„λ£
2025-06-10 23:07:13,438 - INFO - β… 20240928 to 20241004 λ‰΄μ¤ μμ§‘ μ™„λ£
2025-06-10 23:07:13,439 - INFO - π“… 20240928 to 20241004 μμ§‘ μ™„λ£
2025-06-10 23:07:13,439 - INFO - ================================
2025-06-10 23:07:13,439 - INFO - π“„ 20241005λ¶€ν„° 20241011κΉμ§€μ λ‰΄μ¤ μμ§‘ μ‹μ‘
2025-06-10 23:07:13,439 - INFO - β° μλ„μ° μ ν•: 12.4μ΄ λ€κΈ° μ¤‘... (60μ΄μ— 10ν μ ν•)
2025-06-10 23:07:26,353 - INFO - π μ ‘μ† URL: https://search.naver.com/search.naver?where=news&query="λ…Έν‚¤μ¦μ΅΄"&nso=so:r,p:from20241005to20241011,a:all&start=1&service_area=1&office_category=2
2025-06-10 23:07:29,479 - INFO - === π― λ‰΄μ¤ μΉ΄λ“ νƒμ§€ μ‹μ‘ (νμ΄μ§€ 1) ===
2025-06-10 23:07:29,532 - INFO - β… 1κ°μ λ‰΄μ¤ μΉ΄λ“ λ°κ²¬!
2025-06-10 23:07:29,532 - INFO - --- π“° λ‰΄μ¤ 1 μ²λ¦¬ μ¤‘ (νμ΄μ§€ 1) ---
2025-06-10 23:07:29,559 - INFO -         λ„¤μ΄λ²„ URL: https://n.news.naver.com/mnews/article/003/0012821797?sid=102
2025-06-10 23:07:29,559 - INFO -         μ›λ³Έ URL: https://www.newsis.com/view/NISX20241006_0002909944
2025-06-10 23:07:29,582 - INFO -     β… μ¶”μ¶ μ™„λ£: "μ£½μ–΄λΌ!" μμ΅±κ΄€ μΎ…μΎ… μΉ μ•„μ΄λ“¤β€¦λ¶€λ¨ "λ¬Όκ³ κΈ° μ£½μΌ... | λ‰΄μ‹μ¤ | 2024.10.06.
2025-06-10 23:07:29,582 - INFO - π“„ νμ΄μ§€ 1 μ™„λ£
2025-06-10 23:07:31,586 - INFO - β… 20241005 to 20241011 λ‰΄μ¤ μμ§‘ μ™„λ£
2025-06-10 23:07:31,586 - INFO - π“… 20241005 to 20241011 μμ§‘ μ™„λ£
2025-06-10 23:07:31,586 - INFO - ================================
2025-06-10 23:07:31,586 - INFO - π“„ 20241012λ¶€ν„° 20241018κΉμ§€μ λ‰΄μ¤ μμ§‘ μ‹μ‘
2025-06-10 23:07:31,586 - INFO - π μ ‘μ† URL: https://search.naver.com/search.naver?where=news&query="λ…Έν‚¤μ¦μ΅΄"&nso=so:r,p:from20241012to20241018,a:all&start=1&service_area=1&office_category=2
2025-06-10 23:07:34,975 - INFO - === π― λ‰΄μ¤ μΉ΄λ“ νƒμ§€ μ‹μ‘ (νμ΄μ§€ 1) ===
2025-06-10 23:07:34,997 - INFO - β… 5κ°μ λ‰΄μ¤ μΉ΄λ“ λ°κ²¬!
2025-06-10 23:07:34,997 - INFO - --- π“° λ‰΄μ¤ 1 μ²λ¦¬ μ¤‘ (νμ΄μ§€ 1) ---
2025-06-10 23:07:35,028 - INFO -         λ„¤μ΄λ²„ URL: 
2025-06-10 23:07:35,028 - INFO -         μ›λ³Έ URL: https://www.newsis.com/view/NISX20241016_0002922345
2025-06-10 23:07:35,053 - INFO -     β… μ¶”μ¶ μ™„λ£: μμ•½ ν­λ° 'ν‘λ°±μ”λ¦¬μ‚¬' μ‹λ‹Ήλ“¤, μ΄μ   'λ…Έν‚¤μ¦μ΅΄' λ…Ό... | λ‰΄μ‹μ¤ | 2024.10.16.
2025-06-10 23:07:35,053 - INFO - --- π“° λ‰΄μ¤ 2 μ²λ¦¬ μ¤‘ (νμ΄μ§€ 1) ---
2025-06-10 23:07:35,072 - INFO -         λ„¤μ΄λ²„ URL: https://n.news.naver.com/mnews/article/056/0011818001?sid=102
2025-06-10 23:07:35,073 - INFO -         μ›λ³Έ URL: https://news.kbs.co.kr/news/pc/view/view.do?ncd=8080941&ref=A
2025-06-10 23:07:35,095 - INFO -     β… μ¶”μ¶ μ™„λ£: λ…Έ ν‚¤μ¦μ΅΄? κ²½λ¶μ€ μ›°μ»΄ ν‚¤μ¦μ΅΄!... | KBS | 2024.10.14.
2025-06-10 23:07:35,095 - INFO - --- π“° λ‰΄μ¤ 3 μ²λ¦¬ μ¤‘ (νμ΄μ§€ 1) ---
2025-06-10 23:07:35,116 - INFO -         λ„¤μ΄λ²„ URL: https://n.news.naver.com/mnews/article/422/0000687675?sid=102
2025-06-10 23:07:35,116 - INFO -         μ›λ³Έ URL: http://www.yonhapnewstv.co.kr/MYH20241017170606422
2025-06-10 23:07:35,136 - INFO -     β… μ¶”μ¶ μ™„λ£: [μ”¬μ†λ‰΄μ¤] ν‘λ°±μ”λ¦¬μ‚¬ λ§›μ§‘, λ…Έν‚¤μ¦μ΅΄?! λ„λ¦¬κΎΌ μ„¤μ „... | μ—°ν•©λ‰΄μ¤TV | 2024.10.17.
2025-06-10 23:07:35,136 - INFO - --- π“° λ‰΄μ¤ 4 μ²λ¦¬ μ¤‘ (νμ΄μ§€ 1) ---
2025-06-10 23:07:35,154 - INFO -         λ„¤μ΄λ²„ URL: https://n.news.naver.com/mnews/article/056/0011818197?sid=102
2025-06-10 23:07:35,154 - INFO -         μ›λ³Έ URL: https://news.kbs.co.kr/news/pc/view/view.do?ncd=8081165&ref=A
2025-06-10 23:07:35,173 - INFO -     β… μ¶”μ¶ μ™„λ£: λ…Έ ν‚¤μ¦μ΅΄? κ²½λ¶μ€ μ›°μ»΄ ν‚¤μ¦μ΅΄!... | KBS | 2024.10.14.
2025-06-10 23:07:35,173 - INFO - --- π“° λ‰΄μ¤ 5 μ²λ¦¬ μ¤‘ (νμ΄μ§€ 1) ---
2025-06-10 23:07:35,193 - INFO -         λ„¤μ΄λ²„ URL: https://n.news.naver.com/mnews/article/056/0011818446?sid=101
2025-06-10 23:07:35,194 - INFO -         μ›λ³Έ URL: https://news.kbs.co.kr/news/pc/view/view.do?ncd=8081503&ref=A
2025-06-10 23:07:35,217 - INFO -     β… μ¶”μ¶ μ™„λ£: λ…Έ ν‚¤μ¦μ΅΄? κ²½λ¶μ€ μ›°μ»΄ ν‚¤μ¦μ΅΄!... | KBS | 2024.10.15.
2025-06-10 23:07:35,217 - INFO - π“„ νμ΄μ§€ 1 μ™„λ£
2025-06-10 23:07:37,220 - INFO - β… 20241012 to 20241018 λ‰΄μ¤ μμ§‘ μ™„λ£
2025-06-10 23:07:37,220 - INFO - π“… 20241012 to 20241018 μμ§‘ μ™„λ£
2025-06-10 23:07:37,221 - INFO - ================================
2025-06-10 23:07:37,221 - INFO - π“„ 20241019λ¶€ν„° 20241025κΉμ§€μ λ‰΄μ¤ μμ§‘ μ‹μ‘
2025-06-10 23:07:37,221 - INFO - π μ ‘μ† URL: https://search.naver.com/search.naver?where=news&query="λ…Έν‚¤μ¦μ΅΄"&nso=so:r,p:from20241019to20241025,a:all&start=1&service_area=1&office_category=2
2025-06-10 23:07:40,439 - INFO - === π― λ‰΄μ¤ μΉ΄λ“ νƒμ§€ μ‹μ‘ (νμ΄μ§€ 1) ===
2025-06-10 23:07:40,456 - INFO - β… 3κ°μ λ‰΄μ¤ μΉ΄λ“ λ°κ²¬!
2025-06-10 23:07:40,456 - INFO - --- π“° λ‰΄μ¤ 1 μ²λ¦¬ μ¤‘ (νμ΄μ§€ 1) ---
2025-06-10 23:07:40,487 - INFO -         λ„¤μ΄λ²„ URL: https://n.news.naver.com/mnews/article/003/0012857179?sid=102
2025-06-10 23:07:40,487 - INFO -         μ›λ³Έ URL: https://www.newsis.com/view/NISX20241021_0002927589
2025-06-10 23:07:40,510 - INFO -     β… μ¶”μ¶ μ™„λ£: "μ•„μ΄λ“¤ λ°μ€ μ„±μ¥ μ‘μ›ν•λ‹¤"β€¦μ—„λ§λ“¤ μΈλ¦° μ΄ κ°€κ²... | λ‰΄μ‹μ¤ | 2024.10.23.
2025-06-10 23:07:40,511 - INFO - --- π“° λ‰΄μ¤ 2 μ²λ¦¬ μ¤‘ (νμ΄μ§€ 1) ---
2025-06-10 23:07:40,535 - INFO -         λ„¤μ΄λ²„ URL: https://n.news.naver.com/mnews/article/214/0001381274?sid=102
2025-06-10 23:07:40,535 - INFO -         μ›λ³Έ URL: https://imnews.imbc.com/replay/2024/nwtoday/article/6648158_36523.html
2025-06-10 23:07:40,560 - INFO -     β… μ¶”μ¶ μ™„λ£: [μ™€κΈ€μ™€κΈ€] μΈκΈ° λ§μ  'ν‘λ°±μ”λ¦¬μ‚¬' μ‹λ‹Ή, 'λ…Έ ν‚¤μ¦... | MBC | 2024.10.21.
2025-06-10 23:07:40,560 - INFO - --- π“° λ‰΄μ¤ 3 μ²λ¦¬ μ¤‘ (νμ΄μ§€ 1) ---
2025-06-10 23:07:40,580 - INFO -         λ„¤μ΄λ²„ URL: https://n.news.naver.com/mnews/article/003/0012855698?sid=102
2025-06-10 23:07:40,580 - INFO -         μ›λ³Έ URL: https://www.newsis.com/view/NISX20241022_0002929363
2025-06-10 23:07:40,601 - INFO -     β… μ¶”μ¶ μ™„λ£: 2024λ…„ μ 9μ°¨ μ¤μ‚°ν•™μƒν† λ΅ λ€νβ€¦ 93λ… μ—΄λ¤ ν† λ΅ ... | λ‰΄μ‹μ¤ | 2024.10.22.
2025-06-10 23:07:40,601 - INFO - π“„ νμ΄μ§€ 1 μ™„λ£
2025-06-10 23:07:42,605 - INFO - β… 20241019 to 20241025 λ‰΄μ¤ μμ§‘ μ™„λ£
2025-06-10 23:07:42,605 - INFO - π“… 20241019 to 20241025 μμ§‘ μ™„λ£
2025-06-10 23:07:42,605 - INFO - ================================
2025-06-10 23:07:42,605 - INFO - π“„ 20241026λ¶€ν„° 20241101κΉμ§€μ λ‰΄μ¤ μμ§‘ μ‹μ‘
2025-06-10 23:07:42,605 - INFO - π μ ‘μ† URL: https://search.naver.com/search.naver?where=news&query="λ…Έν‚¤μ¦μ΅΄"&nso=so:r,p:from20241026to20241101,a:all&start=1&service_area=1&office_category=2
2025-06-10 23:07:45,977 - INFO - === π― λ‰΄μ¤ μΉ΄λ“ νƒμ§€ μ‹μ‘ (νμ΄μ§€ 1) ===
2025-06-10 23:07:45,998 - INFO - β… 5κ°μ λ‰΄μ¤ μΉ΄λ“ λ°κ²¬!
2025-06-10 23:07:45,998 - INFO - --- π“° λ‰΄μ¤ 1 μ²λ¦¬ μ¤‘ (νμ΄μ§€ 1) ---
2025-06-10 23:07:46,029 - INFO -         λ„¤μ΄λ²„ URL: https://n.news.naver.com/mnews/article/052/0002106577?sid=102
2025-06-10 23:07:46,029 - INFO -         μ›λ³Έ URL: https://www.ytn.co.kr/_ln/0103_202410292255105417
2025-06-10 23:07:46,053 - INFO -     β… μ¶”μ¶ μ™„λ£: "μ–΄λ¥΄μ‹ μ€ μ• λ©λ‹λ‹¤"... ν—¬μ¤μ¥λ„ 'λ…Έμ‹¤λ²„μ΅΄'? [... | YTN | 2024.10.29.
2025-06-10 23:07:46,053 - INFO - --- π“° λ‰΄μ¤ 2 μ²λ¦¬ μ¤‘ (νμ΄μ§€ 1) ---
2025-06-10 23:07:46,073 - INFO -         λ„¤μ΄λ²„ URL: https://n.news.naver.com/mnews/article/422/0000689873?sid=101
2025-06-10 23:07:46,073 - INFO -         μ›λ³Έ URL: http://www.yonhapnewstv.co.kr/MYH20241030014900641/?input=1825m
2025-06-10 23:07:46,103 - INFO -     β… μ¶”μ¶ μ™„λ£: [κ²½μ μ™μ™] 'μνΌ'μ— λΉ μ§„ MZβ€¦μ‡Όν•‘λ„ 1λ¶„ λ§μ— λ... | μ—°ν•©λ‰΄μ¤TV | 2024.10.30.
2025-06-10 23:07:46,103 - INFO - --- π“° λ‰΄μ¤ 3 μ²λ¦¬ μ¤‘ (νμ΄μ§€ 1) ---
2025-06-10 23:07:46,121 - INFO -         λ„¤μ΄λ²„ URL: 
2025-06-10 23:07:46,121 - INFO -         μ›λ³Έ URL: https://www.ytn.co.kr/_ln/0107_202410291606580979
2025-06-10 23:07:46,142 - INFO -     β… μ¶”μ¶ μ™„λ£: κ°€μ„μ•Όκµ¬ μ”μΉ ν•κµ­μ‹λ¦¬μ¦ λλ‚¬μ§€λ§, λ°°λ‹ΉκΈ&λ³΄λ„μ¤ μ”μΉ... | YTN | 2024.10.29.
2025-06-10 23:07:46,142 - INFO - --- π“° λ‰΄μ¤ 4 μ²λ¦¬ μ¤‘ (νμ΄μ§€ 1) ---
2025-06-10 23:07:46,161 - INFO -         λ„¤μ΄λ²„ URL: https://n.news.naver.com/mnews/article/214/0001383010?sid=102
2025-06-10 23:07:46,161 - INFO -         μ›λ³Έ URL: https://imnews.imbc.com/replay/2024/nwtoday/article/6650779_36523.html
2025-06-10 23:07:46,180 - INFO -     β… μ¶”μ¶ μ™„λ£: [μ™€κΈ€μ™€κΈ€ ν”λ¬μ¤] '65μ„Έ μ΄μƒ κ°€μ… λ¶κ°€'μ— μΈκ¶μ„... | MBC | 2024.10.29.
2025-06-10 23:07:46,180 - INFO - --- π“° λ‰΄μ¤ 5 μ²λ¦¬ μ¤‘ (νμ΄μ§€ 1) ---
2025-06-10 23:07:46,201 - INFO -         λ„¤μ΄λ²„ URL: https://n.news.naver.com/mnews/article/052/0002106096?sid=102
2025-06-10 23:07:46,201 - INFO -         μ›λ³Έ URL: https://www.ytn.co.kr/_ln/0103_202410290705314310
2025-06-10 23:07:46,224 - INFO -     β… μ¶”μ¶ μ™„λ£: [μ¤νƒ€νΈ λΈλ¦¬ν•‘] "μ–Όμ κµ¬ν•΄μ”" λ§μ•½ μ€μ–΄ μ±„ν…λ°© λ²„... | YTN | 2024.10.29.
2025-06-10 23:07:46,224 - INFO - π“„ νμ΄μ§€ 1 μ™„λ£
2025-06-10 23:07:48,229 - INFO - β… 20241026 to 20241101 λ‰΄μ¤ μμ§‘ μ™„λ£
2025-06-10 23:07:48,229 - INFO - π“… 20241026 to 20241101 μμ§‘ μ™„λ£
2025-06-10 23:07:48,229 - INFO - ================================
2025-06-10 23:07:48,229 - INFO - π“„ 20241102λ¶€ν„° 20241108κΉμ§€μ λ‰΄μ¤ μμ§‘ μ‹μ‘
2025-06-10 23:07:48,229 - INFO - π μ ‘μ† URL: https://search.naver.com/search.naver?where=news&query="λ…Έν‚¤μ¦μ΅΄"&nso=so:r,p:from20241102to20241108,a:all&start=1&service_area=1&office_category=2
2025-06-10 23:07:51,340 - INFO - === π― λ‰΄μ¤ μΉ΄λ“ νƒμ§€ μ‹μ‘ (νμ΄μ§€ 1) ===
2025-06-10 23:07:51,356 - INFO - β λ” μ΄μƒ λ‰΄μ¤κ°€ μ—†μµλ‹λ‹¤ (νμ΄μ§€ 1)
2025-06-10 23:07:51,356 - INFO - π“… 20241102 to 20241108 μμ§‘ μ™„λ£
2025-06-10 23:07:51,356 - INFO - ================================
2025-06-10 23:07:51,356 - INFO - π“„ 20241109λ¶€ν„° 20241115κΉμ§€μ λ‰΄μ¤ μμ§‘ μ‹μ‘
2025-06-10 23:07:51,356 - INFO - β° μλ„μ° μ ν•: 0.2μ΄ λ€κΈ° μ¤‘... (60μ΄μ— 10ν μ ν•)
2025-06-10 23:07:52,060 - INFO - π μ ‘μ† URL: https://search.naver.com/search.naver?where=news&query="λ…Έν‚¤μ¦μ΅΄"&nso=so:r,p:from20241109to20241115,a:all&start=1&service_area=1&office_category=2
2025-06-10 23:07:55,168 - INFO - === π― λ‰΄μ¤ μΉ΄λ“ νƒμ§€ μ‹μ‘ (νμ΄μ§€ 1) ===
2025-06-10 23:07:55,219 - INFO - β… 1κ°μ λ‰΄μ¤ μΉ΄λ“ λ°κ²¬!
2025-06-10 23:07:55,219 - INFO - --- π“° λ‰΄μ¤ 1 μ²λ¦¬ μ¤‘ (νμ΄μ§€ 1) ---
2025-06-10 23:07:55,244 - INFO -         λ„¤μ΄λ²„ URL: https://n.news.naver.com/mnews/article/001/0015047872?sid=103
2025-06-10 23:07:55,244 - INFO -         μ›λ³Έ URL: https://www.yna.co.kr/view/AKR20241114162800005?input=1195m
2025-06-10 23:07:55,265 - INFO -     β… μ¶”μ¶ μ™„λ£: [μ‹ κ°„] μ„μ¶μ• λ¶€ν„° μ•μ„ΈμκΉμ§€β€¦'ν•κµ­μ—μ„ μ„ μν•λ” μ—¬μ... | μ—°ν•©λ‰΄μ¤ | 2024.11.15.
2025-06-10 23:07:55,265 - INFO - π“„ νμ΄μ§€ 1 μ™„λ£
2025-06-10 23:07:57,270 - INFO - β… 20241109 to 20241115 λ‰΄μ¤ μμ§‘ μ™„λ£
2025-06-10 23:07:57,270 - INFO - π“… 20241109 to 20241115 μμ§‘ μ™„λ£
2025-06-10 23:07:57,270 - INFO - ================================
2025-06-10 23:07:57,271 - INFO - π“„ 20241116λ¶€ν„° 20241122κΉμ§€μ λ‰΄μ¤ μμ§‘ μ‹μ‘
2025-06-10 23:07:57,271 - INFO - π μ ‘μ† URL: https://search.naver.com/search.naver?where=news&query="λ…Έν‚¤μ¦μ΅΄"&nso=so:r,p:from20241116to20241122,a:all&start=1&service_area=1&office_category=2
2025-06-10 23:08:00,458 - INFO - === π― λ‰΄μ¤ μΉ΄λ“ νƒμ§€ μ‹μ‘ (νμ΄μ§€ 1) ===
2025-06-10 23:08:00,515 - INFO - β… 1κ°μ λ‰΄μ¤ μΉ΄λ“ λ°κ²¬!
2025-06-10 23:08:00,516 - INFO - --- π“° λ‰΄μ¤ 1 μ²λ¦¬ μ¤‘ (νμ΄μ§€ 1) ---
2025-06-10 23:08:00,542 - INFO -         λ„¤μ΄λ²„ URL: https://n.news.naver.com/mnews/article/003/0012915562?sid=110
2025-06-10 23:08:00,542 - INFO -         μ›λ³Έ URL: https://www.newsis.com/view/NISX20241120_0002965856
2025-06-10 23:08:00,563 - INFO -     β… μ¶”μ¶ μ™„λ£: [κΈ°μμμ²©]'λ…Έν‚¤μ¦μ΅΄' μ°¨λ‹¨ λ‹Ήν• μ•„μ΄λ“¤β€¦μ°¨λ³„μ„ λ°°μ΄λ‹¤... | λ‰΄μ‹μ¤ | 2024.11.20.
2025-06-10 23:08:00,563 - INFO - π“„ νμ΄μ§€ 1 μ™„λ£
2025-06-10 23:08:02,568 - INFO - β… 20241116 to 20241122 λ‰΄μ¤ μμ§‘ μ™„λ£
2025-06-10 23:08:02,568 - INFO - π“… 20241116 to 20241122 μμ§‘ μ™„λ£
2025-06-10 23:08:02,569 - INFO - ================================
2025-06-10 23:08:02,569 - INFO - π“„ 20241123λ¶€ν„° 20241129κΉμ§€μ λ‰΄μ¤ μμ§‘ μ‹μ‘
2025-06-10 23:08:02,569 - INFO - π μ ‘μ† URL: https://search.naver.com/search.naver?where=news&query="λ…Έν‚¤μ¦μ΅΄"&nso=so:r,p:from20241123to20241129,a:all&start=1&service_area=1&office_category=2
2025-06-10 23:08:05,894 - INFO - === π― λ‰΄μ¤ μΉ΄λ“ νƒμ§€ μ‹μ‘ (νμ΄μ§€ 1) ===
2025-06-10 23:08:05,948 - INFO - β… 1κ°μ λ‰΄μ¤ μΉ΄λ“ λ°κ²¬!
2025-06-10 23:08:05,948 - INFO - --- π“° λ‰΄μ¤ 1 μ²λ¦¬ μ¤‘ (νμ΄μ§€ 1) ---
2025-06-10 23:08:05,971 - INFO -         λ„¤μ΄λ²„ URL: https://n.news.naver.com/mnews/article/001/0015065098?sid=103
2025-06-10 23:08:05,971 - INFO -         μ›λ³Έ URL: https://www.yna.co.kr/view/AKR20241125067300005?input=1195m
2025-06-10 23:08:05,996 - INFO -     β… μ¶”μ¶ μ™„λ£: κµ­κ°€ μ†λ©Έ λ§‰μΌλ ¤λ©΄ μ‚¬λ κ·€ν• μ¤„ μ•μ•„μ•Όβ€¦μ‹ κ°„ 'μ²λ§κµ­... | μ—°ν•©λ‰΄μ¤ | 2024.11.25.
2025-06-10 23:08:05,996 - INFO - π“„ νμ΄μ§€ 1 μ™„λ£
2025-06-10 23:08:08,001 - INFO - β… 20241123 to 20241129 λ‰΄μ¤ μμ§‘ μ™„λ£
2025-06-10 23:08:08,001 - INFO - π“… 20241123 to 20241129 μμ§‘ μ™„λ£
2025-06-10 23:08:08,002 - INFO - ================================
2025-06-10 23:08:08,002 - INFO - π“„ 20241130λ¶€ν„° 20241206κΉμ§€μ λ‰΄μ¤ μμ§‘ μ‹μ‘
2025-06-10 23:08:08,002 - INFO - π μ ‘μ† URL: https://search.naver.com/search.naver?where=news&query="λ…Έν‚¤μ¦μ΅΄"&nso=so:r,p:from20241130to20241206,a:all&start=1&service_area=1&office_category=2
2025-06-10 23:08:11,122 - INFO - === π― λ‰΄μ¤ μΉ΄λ“ νƒμ§€ μ‹μ‘ (νμ΄μ§€ 1) ===
2025-06-10 23:08:11,139 - INFO - β λ” μ΄μƒ λ‰΄μ¤κ°€ μ—†μµλ‹λ‹¤ (νμ΄μ§€ 1)
2025-06-10 23:08:11,139 - INFO - π“… 20241130 to 20241206 μμ§‘ μ™„λ£
2025-06-10 23:08:11,139 - INFO - ================================
2025-06-10 23:08:11,139 - INFO - π“„ 20241207λ¶€ν„° 20241213κΉμ§€μ λ‰΄μ¤ μμ§‘ μ‹μ‘
2025-06-10 23:08:11,139 - INFO - π“ μ”μ²­ ν†µκ³„: 30ν μ™„λ£, ν‰κ·  λ€κΈ°: 1.1μ΄
2025-06-10 23:08:11,139 - INFO - π μ ‘μ† URL: https://search.naver.com/search.naver?where=news&query="λ…Έν‚¤μ¦μ΅΄"&nso=so:r,p:from20241207to20241213,a:all&start=1&service_area=1&office_category=2
2025-06-10 23:08:14,246 - INFO - === π― λ‰΄μ¤ μΉ΄λ“ νƒμ§€ μ‹μ‘ (νμ΄μ§€ 1) ===
2025-06-10 23:08:14,264 - INFO - β λ” μ΄μƒ λ‰΄μ¤κ°€ μ—†μµλ‹λ‹¤ (νμ΄μ§€ 1)
2025-06-10 23:08:14,265 - INFO - π“… 20241207 to 20241213 μμ§‘ μ™„λ£
2025-06-10 23:08:14,265 - INFO - ================================
2025-06-10 23:08:14,265 - INFO - π“„ 20241214λ¶€ν„° 20241220κΉμ§€μ λ‰΄μ¤ μμ§‘ μ‹μ‘
2025-06-10 23:08:14,265 - INFO - β° μλ„μ° μ ν•: 12.1μ΄ λ€κΈ° μ¤‘... (60μ΄μ— 10ν μ ν•)
2025-06-10 23:08:26,858 - INFO - π μ ‘μ† URL: https://search.naver.com/search.naver?where=news&query="λ…Έν‚¤μ¦μ΅΄"&nso=so:r,p:from20241214to20241220,a:all&start=1&service_area=1&office_category=2
2025-06-10 23:08:30,409 - INFO - === π― λ‰΄μ¤ μΉ΄λ“ νƒμ§€ μ‹μ‘ (νμ΄μ§€ 1) ===
2025-06-10 23:08:30,434 - INFO - β… 4κ°μ λ‰΄μ¤ μΉ΄λ“ λ°κ²¬!
2025-06-10 23:08:30,434 - INFO - --- π“° λ‰΄μ¤ 1 μ²λ¦¬ μ¤‘ (νμ΄μ§€ 1) ---
2025-06-10 23:08:30,473 - INFO -         λ„¤μ΄λ²„ URL: https://n.news.naver.com/mnews/article/001/0015114063?sid=104
2025-06-10 23:08:30,473 - INFO -         μ›λ³Έ URL: https://www.yna.co.kr/view/AKR20241218117700009?input=1195m
2025-06-10 23:08:30,498 - INFO -     β… μ¶”μ¶ μ™„λ£: λ―Έκµ­ν λ…Έν‚¤μ¦μ΅΄?β€¦30μ„Έ λ―Έλ§ μ…μ¥κΈμ§€ μ‹λ‹Ή λ“±μ¥μ— μ‹... | μ—°ν•©λ‰΄μ¤ | 2024.12.18.
2025-06-10 23:08:30,498 - INFO - --- π“° λ‰΄μ¤ 2 μ²λ¦¬ μ¤‘ (νμ΄μ§€ 1) ---
2025-06-10 23:08:30,522 - INFO -         λ„¤μ΄λ²„ URL: https://n.news.naver.com/mnews/article/374/0000416428?sid=104
2025-06-10 23:08:30,522 - INFO -         μ›λ³Έ URL: https://biz.sbs.co.kr/article_hub/20000207941?division=NAVER
2025-06-10 23:08:30,543 - INFO -     β… μ¶”μ¶ μ™„λ£: "μ‹λ„λ¬μ΄ 10Β·20μ€ λ“¤μ–΄μ¤μ§€λ§"β€¦λ―Έκµ­ν 'λ…Έν‚¤μ¦μ΅΄'... | SBS Biz | 2024.12.18.
2025-06-10 23:08:30,543 - INFO - --- π“° λ‰΄μ¤ 3 μ²λ¦¬ μ¤‘ (νμ΄μ§€ 1) ---
2025-06-10 23:08:30,562 - INFO -         λ„¤μ΄λ²„ URL: https://n.news.naver.com/mnews/article/215/0001192192?sid=104
2025-06-10 23:08:30,562 - INFO -         μ›λ³Έ URL: http://www.wowtv.co.kr/NewsCenter/News/Read?articleId=A202412180435&t=NN
2025-06-10 23:08:30,582 - INFO -     β… μ¶”μ¶ μ™„λ£: "30μ„Έ λ―Έλ§ λ“¤μ–΄μ¤μ§€λ§"β€¦λ―Έκµ­ν 'λ…Έν‚¤μ¦μ΅΄' λ“±μ¥... | ν•κµ­κ²½μ TV | 2024.12.18.
2025-06-10 23:08:30,582 - INFO - --- π“° λ‰΄μ¤ 4 μ²λ¦¬ μ¤‘ (νμ΄μ§€ 1) ---
2025-06-10 23:08:30,601 - INFO -         λ„¤μ΄λ²„ URL: https://n.news.naver.com/mnews/article/422/0000699260?sid=102
2025-06-10 23:08:30,601 - INFO -         μ›λ³Έ URL: http://www.yonhapnewstv.co.kr/MYH20241219001100641/?input=1825m
2025-06-10 23:08:30,622 - INFO -     β… μ¶”μ¶ μ™„λ£: [μ΄ μ‹κ° ν•«λ‰΄μ¤] λ³Όλ¦¬λΉ„μ•„ μ „ λ€ν†µλ Ή, 15μ„Έ μ†λ…€ ... | μ—°ν•©λ‰΄μ¤TV | 2024.12.19.
2025-06-10 23:08:30,622 - INFO - π“„ νμ΄μ§€ 1 μ™„λ£
2025-06-10 23:08:32,627 - INFO - β… 20241214 to 20241220 λ‰΄μ¤ μμ§‘ μ™„λ£
2025-06-10 23:08:32,628 - INFO - π“… 20241214 to 20241220 μμ§‘ μ™„λ£
2025-06-10 23:08:32,628 - INFO - ================================
2025-06-10 23:08:32,628 - INFO - π“„ 20241221λ¶€ν„° 20241227κΉμ§€μ λ‰΄μ¤ μμ§‘ μ‹μ‘
2025-06-10 23:08:32,628 - INFO - π μ ‘μ† URL: https://search.naver.com/search.naver?where=news&query="λ…Έν‚¤μ¦μ΅΄"&nso=so:r,p:from20241221to20241227,a:all&start=1&service_area=1&office_category=2
2025-06-10 23:08:35,743 - INFO - === π― λ‰΄μ¤ μΉ΄λ“ νƒμ§€ μ‹μ‘ (νμ΄μ§€ 1) ===
2025-06-10 23:08:35,761 - INFO - β λ” μ΄μƒ λ‰΄μ¤κ°€ μ—†μµλ‹λ‹¤ (νμ΄μ§€ 1)
2025-06-10 23:08:35,761 - INFO - π“… 20241221 to 20241227 μμ§‘ μ™„λ£
2025-06-10 23:08:35,761 - INFO - ================================
2025-06-10 23:08:35,761 - INFO - π“„ 20241228λ¶€ν„° 20250103κΉμ§€μ λ‰΄μ¤ μμ§‘ μ‹μ‘
2025-06-10 23:08:35,761 - INFO - β° μλ„μ° μ ν•: 1.5μ΄ λ€κΈ° μ¤‘... (60μ΄μ— 10ν μ ν•)
2025-06-10 23:08:37,726 - INFO - π μ ‘μ† URL: https://search.naver.com/search.naver?where=news&query="λ…Έν‚¤μ¦μ΅΄"&nso=so:r,p:from20241228to20250103,a:all&start=1&service_area=1&office_category=2
2025-06-10 23:08:40,850 - INFO - === π― λ‰΄μ¤ μΉ΄λ“ νƒμ§€ μ‹μ‘ (νμ΄μ§€ 1) ===
2025-06-10 23:08:40,868 - INFO - β λ” μ΄μƒ λ‰΄μ¤κ°€ μ—†μµλ‹λ‹¤ (νμ΄μ§€ 1)
2025-06-10 23:08:40,868 - INFO - π“… 20241228 to 20250103 μμ§‘ μ™„λ£
2025-06-10 23:08:40,868 - INFO - ================================
2025-06-10 23:08:40,868 - INFO - π“„ 20250104λ¶€ν„° 20250110κΉμ§€μ λ‰΄μ¤ μμ§‘ μ‹μ‘
2025-06-10 23:08:40,868 - INFO - β° μλ„μ° μ ν•: 1.7μ΄ λ€κΈ° μ¤‘... (60μ΄μ— 10ν μ ν•)
2025-06-10 23:08:43,111 - INFO - π μ ‘μ† URL: https://search.naver.com/search.naver?where=news&query="λ…Έν‚¤μ¦μ΅΄"&nso=so:r,p:from20250104to20250110,a:all&start=1&service_area=1&office_category=2
2025-06-10 23:08:46,228 - INFO - === π― λ‰΄μ¤ μΉ΄λ“ νƒμ§€ μ‹μ‘ (νμ΄μ§€ 1) ===
2025-06-10 23:08:46,245 - INFO - β λ” μ΄μƒ λ‰΄μ¤κ°€ μ—†μµλ‹λ‹¤ (νμ΄μ§€ 1)
2025-06-10 23:08:46,245 - INFO - π“… 20250104 to 20250110 μμ§‘ μ™„λ£
2025-06-10 23:08:46,245 - INFO - ================================
2025-06-10 23:08:46,245 - INFO - π“„ 20250111λ¶€ν„° 20250117κΉμ§€μ λ‰΄μ¤ μμ§‘ μ‹μ‘
2025-06-10 23:08:46,245 - INFO - β° μλ„μ° μ ν•: 2.0μ΄ λ€κΈ° μ¤‘... (60μ΄μ— 10ν μ ν•)
2025-06-10 23:08:48,731 - INFO - π μ ‘μ† URL: https://search.naver.com/search.naver?where=news&query="λ…Έν‚¤μ¦μ΅΄"&nso=so:r,p:from20250111to20250117,a:all&start=1&service_area=1&office_category=2
2025-06-10 23:08:52,834 - INFO - === π― λ‰΄μ¤ μΉ΄λ“ νƒμ§€ μ‹μ‘ (νμ΄μ§€ 1) ===
2025-06-10 23:08:52,895 - INFO - β… 1κ°μ λ‰΄μ¤ μΉ΄λ“ λ°κ²¬!
2025-06-10 23:08:52,895 - INFO - --- π“° λ‰΄μ¤ 1 μ²λ¦¬ μ¤‘ (νμ΄μ§€ 1) ---
2025-06-10 23:08:52,918 - INFO -         λ„¤μ΄λ²„ URL: https://n.news.naver.com/mnews/article/421/0008025897?sid=102
2025-06-10 23:08:52,918 - INFO -         μ›λ³Έ URL: https://www.news1.kr/society/general-society/5663245
2025-06-10 23:08:52,939 - INFO -     β… μ¶”μ¶ μ™„λ£: 'μ•„μ΄ μ¤μ¤' λ‹¦μ€ λƒ…ν‚¨, μλ°κ³Ό ν•¨κ» λ°λ‚©β€¦"λ¶€λ¨λ‹,... | λ‰΄μ¤1 | 2025.01.16.
2025-06-10 23:08:52,939 - INFO - π“„ νμ΄μ§€ 1 μ™„λ£
2025-06-10 23:08:54,944 - INFO - β… 20250111 to 20250117 λ‰΄μ¤ μμ§‘ μ™„λ£
2025-06-10 23:08:54,945 - INFO - π“… 20250111 to 20250117 μμ§‘ μ™„λ£
2025-06-10 23:08:54,945 - INFO - ================================
2025-06-10 23:08:54,945 - INFO - π“„ 20250118λ¶€ν„° 20250124κΉμ§€μ λ‰΄μ¤ μμ§‘ μ‹μ‘
2025-06-10 23:08:54,946 - INFO - π μ ‘μ† URL: https://search.naver.com/search.naver?where=news&query="λ…Έν‚¤μ¦μ΅΄"&nso=so:r,p:from20250118to20250124,a:all&start=1&service_area=1&office_category=2
2025-06-10 23:08:58,062 - INFO - === π― λ‰΄μ¤ μΉ΄λ“ νƒμ§€ μ‹μ‘ (νμ΄μ§€ 1) ===
2025-06-10 23:08:58,080 - INFO - β λ” μ΄μƒ λ‰΄μ¤κ°€ μ—†μµλ‹λ‹¤ (νμ΄μ§€ 1)
2025-06-10 23:08:58,080 - INFO - π“… 20250118 to 20250124 μμ§‘ μ™„λ£
2025-06-10 23:08:58,080 - INFO - ================================
2025-06-10 23:08:58,080 - INFO - π“„ 20250125λ¶€ν„° 20250131κΉμ§€μ λ‰΄μ¤ μμ§‘ μ‹μ‘
2025-06-10 23:08:58,080 - INFO - π μ ‘μ† URL: https://search.naver.com/search.naver?where=news&query="λ…Έν‚¤μ¦μ΅΄"&nso=so:r,p:from20250125to20250131,a:all&start=1&service_area=1&office_category=2
2025-06-10 23:09:01,185 - INFO - === π― λ‰΄μ¤ μΉ΄λ“ νƒμ§€ μ‹μ‘ (νμ΄μ§€ 1) ===
2025-06-10 23:09:01,203 - INFO - β λ” μ΄μƒ λ‰΄μ¤κ°€ μ—†μµλ‹λ‹¤ (νμ΄μ§€ 1)
2025-06-10 23:09:01,203 - INFO - π“… 20250125 to 20250131 μμ§‘ μ™„λ£
2025-06-10 23:09:01,203 - INFO - ================================
2025-06-10 23:09:01,203 - INFO - π“„ 20250201λ¶€ν„° 20250207κΉμ§€μ λ‰΄μ¤ μμ§‘ μ‹μ‘
2025-06-10 23:09:01,203 - INFO - β° μλ„μ° μ ν•: 1.4μ΄ λ€κΈ° μ¤‘... (60μ΄μ— 10ν μ ν•)
2025-06-10 23:09:03,073 - INFO - π μ ‘μ† URL: https://search.naver.com/search.naver?where=news&query="λ…Έν‚¤μ¦μ΅΄"&nso=so:r,p:from20250201to20250207,a:all&start=1&service_area=1&office_category=2
2025-06-10 23:09:06,187 - INFO - === π― λ‰΄μ¤ μΉ΄λ“ νƒμ§€ μ‹μ‘ (νμ΄μ§€ 1) ===
2025-06-10 23:09:06,204 - INFO - β λ” μ΄μƒ λ‰΄μ¤κ°€ μ—†μµλ‹λ‹¤ (νμ΄μ§€ 1)
2025-06-10 23:09:06,204 - INFO - π“… 20250201 to 20250207 μμ§‘ μ™„λ£
2025-06-10 23:09:06,204 - INFO - ================================
2025-06-10 23:09:06,205 - INFO - π“„ 20250208λ¶€ν„° 20250214κΉμ§€μ λ‰΄μ¤ μμ§‘ μ‹μ‘
2025-06-10 23:09:06,205 - INFO - β° μλ„μ° μ ν•: 1.8μ΄ λ€κΈ° μ¤‘... (60μ΄μ— 10ν μ ν•)
2025-06-10 23:09:08,506 - INFO - π μ ‘μ† URL: https://search.naver.com/search.naver?where=news&query="λ…Έν‚¤μ¦μ΅΄"&nso=so:r,p:from20250208to20250214,a:all&start=1&service_area=1&office_category=2
2025-06-10 23:09:11,627 - INFO - === π― λ‰΄μ¤ μΉ΄λ“ νƒμ§€ μ‹μ‘ (νμ΄μ§€ 1) ===
2025-06-10 23:09:11,644 - INFO - β λ” μ΄μƒ λ‰΄μ¤κ°€ μ—†μµλ‹λ‹¤ (νμ΄μ§€ 1)
2025-06-10 23:09:11,644 - INFO - π“… 20250208 to 20250214 μμ§‘ μ™„λ£
2025-06-10 23:09:11,644 - INFO - ================================
2025-06-10 23:09:11,644 - INFO - π“„ 20250215λ¶€ν„° 20250221κΉμ§€μ λ‰΄μ¤ μμ§‘ μ‹μ‘
2025-06-10 23:09:11,644 - INFO - π“ μ”μ²­ ν†µκ³„: 40ν μ™„λ£, ν‰κ·  λ€κΈ°: 1.4μ΄
2025-06-10 23:09:11,644 - INFO - π μ ‘μ† URL: https://search.naver.com/search.naver?where=news&query="λ…Έν‚¤μ¦μ΅΄"&nso=so:r,p:from20250215to20250221,a:all&start=1&service_area=1&office_category=2
2025-06-10 23:09:14,754 - INFO - === π― λ‰΄μ¤ μΉ΄λ“ νƒμ§€ μ‹μ‘ (νμ΄μ§€ 1) ===
2025-06-10 23:09:14,772 - INFO - β λ” μ΄μƒ λ‰΄μ¤κ°€ μ—†μµλ‹λ‹¤ (νμ΄μ§€ 1)
2025-06-10 23:09:14,773 - INFO - π“… 20250215 to 20250221 μμ§‘ μ™„λ£
2025-06-10 23:09:14,773 - INFO - ================================
2025-06-10 23:09:14,773 - INFO - π“„ 20250222λ¶€ν„° 20250228κΉμ§€μ λ‰΄μ¤ μμ§‘ μ‹μ‘
2025-06-10 23:09:14,773 - INFO - β° μλ„μ° μ ν•: 12.1μ΄ λ€κΈ° μ¤‘... (60μ΄μ— 10ν μ ν•)
2025-06-10 23:09:27,360 - INFO - π μ ‘μ† URL: https://search.naver.com/search.naver?where=news&query="λ…Έν‚¤μ¦μ΅΄"&nso=so:r,p:from20250222to20250228,a:all&start=1&service_area=1&office_category=2
2025-06-10 23:09:30,643 - INFO - === π― λ‰΄μ¤ μΉ΄λ“ νƒμ§€ μ‹μ‘ (νμ΄μ§€ 1) ===
2025-06-10 23:09:30,698 - INFO - β… 1κ°μ λ‰΄μ¤ μΉ΄λ“ λ°κ²¬!
2025-06-10 23:09:30,698 - INFO - --- π“° λ‰΄μ¤ 1 μ²λ¦¬ μ¤‘ (νμ΄μ§€ 1) ---
2025-06-10 23:09:30,719 - INFO -         λ„¤μ΄λ²„ URL: https://n.news.naver.com/mnews/article/448/0000510922?sid=101
2025-06-10 23:09:30,719 - INFO -         μ›λ³Έ URL: https://news.tvchosun.com/site/data/html_dir/2025/02/27/2025022790258.html
2025-06-10 23:09:30,748 - INFO -     β… μ¶”μ¶ μ™„λ£: "μ°λ¦¬ λ‹¨μ§€μ—” μ–΄λ¦°μ΄μ§‘ μ•λΌ"β€¦μ† νƒ€λ” 'μ›ν‚Ήλ§'... | TVμ΅°μ„  | 2025.02.27.
2025-06-10 23:09:30,748 - INFO - π“„ νμ΄μ§€ 1 μ™„λ£
2025-06-10 23:09:32,752 - INFO - β… 20250222 to 20250228 λ‰΄μ¤ μμ§‘ μ™„λ£
2025-06-10 23:09:32,753 - INFO - π“… 20250222 to 20250228 μμ§‘ μ™„λ£
2025-06-10 23:09:32,753 - INFO - ================================
2025-06-10 23:09:32,753 - INFO - π“„ 20250301λ¶€ν„° 20250307κΉμ§€μ λ‰΄μ¤ μμ§‘ μ‹μ‘
2025-06-10 23:09:32,753 - INFO - π μ ‘μ† URL: https://search.naver.com/search.naver?where=news&query="λ…Έν‚¤μ¦μ΅΄"&nso=so:r,p:from20250301to20250307,a:all&start=1&service_area=1&office_category=2
2025-06-10 23:09:36,056 - INFO - === π― λ‰΄μ¤ μΉ΄λ“ νƒμ§€ μ‹μ‘ (νμ΄μ§€ 1) ===
2025-06-10 23:09:36,077 - INFO - β… 3κ°μ λ‰΄μ¤ μΉ΄λ“ λ°κ²¬!
2025-06-10 23:09:36,077 - INFO - --- π“° λ‰΄μ¤ 1 μ²λ¦¬ μ¤‘ (νμ΄μ§€ 1) ---
2025-06-10 23:09:36,108 - INFO -         λ„¤μ΄λ²„ URL: https://n.news.naver.com/mnews/article/001/0015247283?sid=102
2025-06-10 23:09:36,108 - INFO -         μ›λ³Έ URL: https://www.yna.co.kr/view/AKR20250305113200056?input=1195m
2025-06-10 23:09:36,132 - INFO -     β… μ¶”μ¶ μ™„λ£: μ „κµ­ λ…Έν‚¤μ¦μ΅΄ 20%λ” μ μ£Όμ—β€¦μ—…μ£Όλ“¤ "λ¶„μ„κΈ° ν•΄μΉκ³  ... | μ—°ν•©λ‰΄μ¤ | 2025.03.05.
2025-06-10 23:09:36,132 - INFO - --- π“° λ‰΄μ¤ 2 μ²λ¦¬ μ¤‘ (νμ΄μ§€ 1) ---
2025-06-10 23:09:36,153 - INFO -         λ„¤μ΄λ²„ URL: https://n.news.naver.com/mnews/article/056/0011905677?sid=102
2025-06-10 23:09:36,153 - INFO -         μ›λ³Έ URL: https://news.kbs.co.kr/news/pc/view/view.do?ncd=8193183&ref=A
2025-06-10 23:09:36,174 - INFO -     β… μ¶”μ¶ μ™„λ£: β€μ•„λ™μΉν™”μ‹μ„¤ μ •μ±… μ§€μ›Β·μ‚¬νμ  μΈμ‹ κ°μ„  ν•„μ”β€... | KBS | 2025.03.06.
2025-06-10 23:09:36,174 - INFO - --- π“° λ‰΄μ¤ 3 μ²λ¦¬ μ¤‘ (νμ΄μ§€ 1) ---
2025-06-10 23:09:36,193 - INFO -         λ„¤μ΄λ²„ URL: https://n.news.naver.com/mnews/article/056/0011905166?sid=102
2025-06-10 23:09:36,193 - INFO -         μ›λ³Έ URL: https://news.kbs.co.kr/news/pc/view/view.do?ncd=8192484&ref=A
2025-06-10 23:09:36,219 - INFO -     β… μ¶”μ¶ μ™„λ£: [μ£Όμ” λ‹¨μ‹ ] μ΄λ„λ™ μ•„ννΈ 470μ—¬ κ°€κµ¬ μ •μ „β€¦β€μ›μΈ... | KBS | 2025.03.05.
2025-06-10 23:09:36,219 - INFO - π“„ νμ΄μ§€ 1 μ™„λ£
2025-06-10 23:09:38,219 - INFO - β… 20250301 to 20250307 λ‰΄μ¤ μμ§‘ μ™„λ£
2025-06-10 23:09:38,220 - INFO - π“… 20250301 to 20250307 μμ§‘ μ™„λ£
2025-06-10 23:09:38,220 - INFO - ================================
2025-06-10 23:09:38,220 - INFO - π“„ 20250308λ¶€ν„° 20250314κΉμ§€μ λ‰΄μ¤ μμ§‘ μ‹μ‘
2025-06-10 23:09:38,220 - INFO - π μ ‘μ† URL: https://search.naver.com/search.naver?where=news&query="λ…Έν‚¤μ¦μ΅΄"&nso=so:r,p:from20250308to20250314,a:all&start=1&service_area=1&office_category=2
2025-06-10 23:09:41,662 - INFO - === π― λ‰΄μ¤ μΉ΄λ“ νƒμ§€ μ‹μ‘ (νμ΄μ§€ 1) ===
2025-06-10 23:09:41,692 - INFO - β… 6κ°μ λ‰΄μ¤ μΉ΄λ“ λ°κ²¬!
2025-06-10 23:09:41,692 - INFO - --- π“° λ‰΄μ¤ 1 μ²λ¦¬ μ¤‘ (νμ΄μ§€ 1) ---
2025-06-10 23:09:41,732 - INFO -         λ„¤μ΄λ²„ URL: https://n.news.naver.com/mnews/article/422/0000721222?sid=102
2025-06-10 23:09:41,732 - INFO -         μ›λ³Έ URL: http://www.yonhapnewstv.co.kr/MYH20250314125958745
2025-06-10 23:09:41,761 - INFO -     β… μ¶”μ¶ μ™„λ£: μ „κµ­ 'λ…Έν‚¤μ¦ μ΅΄' 20% μ μ£Όμ—β€¦'μ°¬-λ°' μ—¬μ „... | μ—°ν•©λ‰΄μ¤TV | 2025.03.14.
2025-06-10 23:09:41,761 - INFO - --- π“° λ‰΄μ¤ 2 μ²λ¦¬ μ¤‘ (νμ΄μ§€ 1) ---
2025-06-10 23:09:41,779 - INFO -         λ„¤μ΄λ²„ URL: https://n.news.naver.com/mnews/article/055/0001239338?sid=102
2025-06-10 23:09:41,779 - INFO -         μ›λ³Έ URL: https://news.sbs.co.kr/news/endPage.do?news_id=N1008017733&plink=ORI&cooper=NAVER
2025-06-10 23:09:41,798 - INFO -     β… μ¶”μ¶ μ™„λ£: "λ…Έν‚¤μ¦μ΅΄μ…λ‹λ‹¤"β€¦"μ°λ¦¬ μ• λ” λ² μ΄λΉ„μΈλ° μ™ μ• λμ£ ?... | SBS | 2025.03.12.
2025-06-10 23:09:41,798 - INFO - --- π“° λ‰΄μ¤ 3 μ²λ¦¬ μ¤‘ (νμ΄μ§€ 1) ---
2025-06-10 23:09:41,817 - INFO -         λ„¤μ΄λ²„ URL: https://n.news.naver.com/mnews/article/056/0011910602?sid=102
2025-06-10 23:09:41,817 - INFO -         μ›λ³Έ URL: https://news.kbs.co.kr/news/pc/view/view.do?ncd=8199717&ref=A
2025-06-10 23:09:41,835 - INFO -     β… μ¶”μ¶ μ™„λ£: [λ€λ‹΄] μ μ£Ό, λ…Έν‚¤μ¦μ΅΄ μ „κµ­ 2μ„β€¦β€μ‚¬μ—…μ£Ό λ¶€λ‹΄ λμ–΄... | KBS | 2025.03.13.
2025-06-10 23:09:41,835 - INFO - --- π“° λ‰΄μ¤ 4 μ²λ¦¬ μ¤‘ (νμ΄μ§€ 1) ---
2025-06-10 23:09:41,853 - INFO -         λ„¤μ΄λ²„ URL: https://n.news.naver.com/mnews/article/056/0011910566?sid=102
2025-06-10 23:09:41,853 - INFO -         μ›λ³Έ URL: https://news.kbs.co.kr/news/pc/view/view.do?ncd=8199714&ref=A
2025-06-10 23:09:41,872 - INFO -     β… μ¶”μ¶ μ™„λ£: [μ¤λμ μΊ”λ””] μ μ£Ό λ…Έν‚¤μ¦μ΅΄ μ „κµ­ 2μ„... | KBS | 2025.03.13.
2025-06-10 23:09:41,872 - INFO - --- π“° λ‰΄μ¤ 5 μ²λ¦¬ μ¤‘ (νμ΄μ§€ 1) ---
2025-06-10 23:09:41,893 - INFO -         λ„¤μ΄λ²„ URL: https://n.news.naver.com/mnews/article/421/0008125032?sid=102
2025-06-10 23:09:41,893 - INFO -         μ›λ³Έ URL: https://www.news1.kr/society/general-society/5716627
2025-06-10 23:09:41,914 - INFO -     β… μ¶”μ¶ μ™„λ£: "μ°λ¦¬ μ• λ” ν‚¤μ¦ μ•„λ‹ λ² μ΄λΉ„"β€¦'λ…Έν‚¤μ¦μ΅΄' μΉ΄νμ— μƒ... | λ‰΄μ¤1 | 2025.03.12.
2025-06-10 23:09:41,914 - INFO - --- π“° λ‰΄μ¤ 6 μ²λ¦¬ μ¤‘ (νμ΄μ§€ 1) ---
2025-06-10 23:09:41,934 - INFO -         λ„¤μ΄λ²„ URL: https://n.news.naver.com/mnews/article/003/0013108714?sid=102
2025-06-10 23:09:41,934 - INFO -         μ›λ³Έ URL: https://www.newsis.com/view/NISX20250304_0003086098
2025-06-10 23:09:41,956 - INFO -     β… μ¶”μ¶ μ™„λ£: ν™λ€ λ» λ°›λ” λ¶€λ¨β€¦75% "μ•„μ΄ μΈλ©΄ λμΉ μ¤", 5... | λ‰΄μ‹μ¤ | 2025.03.10.
2025-06-10 23:09:41,956 - INFO - π“„ νμ΄μ§€ 1 μ™„λ£
2025-06-10 23:09:43,958 - INFO - β… 20250308 to 20250314 λ‰΄μ¤ μμ§‘ μ™„λ£
2025-06-10 23:09:43,959 - INFO - π“… 20250308 to 20250314 μμ§‘ μ™„λ£
2025-06-10 23:09:43,959 - INFO - ================================
2025-06-10 23:09:43,959 - INFO - π“„ 20250315λ¶€ν„° 20250321κΉμ§€μ λ‰΄μ¤ μμ§‘ μ‹μ‘
2025-06-10 23:09:43,959 - INFO - π μ ‘μ† URL: https://search.naver.com/search.naver?where=news&query="λ…Έν‚¤μ¦μ΅΄"&nso=so:r,p:from20250315to20250321,a:all&start=1&service_area=1&office_category=2
2025-06-10 23:09:47,189 - INFO - === π― λ‰΄μ¤ μΉ΄λ“ νƒμ§€ μ‹μ‘ (νμ΄μ§€ 1) ===
2025-06-10 23:09:47,211 - INFO - β… 2κ°μ λ‰΄μ¤ μΉ΄λ“ λ°κ²¬!
2025-06-10 23:09:47,211 - INFO - --- π“° λ‰΄μ¤ 1 μ²λ¦¬ μ¤‘ (νμ΄μ§€ 1) ---
2025-06-10 23:09:47,245 - INFO -         λ„¤μ΄λ²„ URL: https://n.news.naver.com/mnews/article/055/0001241288?sid=102
2025-06-10 23:09:47,245 - INFO -         μ›λ³Έ URL: https://news.sbs.co.kr/news/endPage.do?news_id=N1008026309&plink=ORI&cooper=NAVER
2025-06-10 23:09:47,267 - INFO -     β… μ¶”μ¶ μ™„λ£: [μ·¨μ¬νμΌ] μμ‚¬ μ¶μ‹  κ²½μ ν•™μκ°€ λ³΄λ” ν•κµ­ μ‚¬νλ”?... | SBS | 2025.03.19.
2025-06-10 23:09:47,267 - INFO - --- π“° λ‰΄μ¤ 2 μ²λ¦¬ μ¤‘ (νμ΄μ§€ 1) ---
2025-06-10 23:09:47,286 - INFO -         λ„¤μ΄λ²„ URL: https://n.news.naver.com/mnews/article/422/0000721572?sid=102
2025-06-10 23:09:47,286 - INFO -         μ›λ³Έ URL: http://www.yonhapnewstv.co.kr/MYH20250314161422644
2025-06-10 23:09:47,305 - INFO -     β… μ¶”μ¶ μ™„λ£: [νƒμ‚¬λ³΄λ„ λ‰΄μ¤ν”„λ¦¬μ¦] λλ ·ν•΄μ§€λ” μΈκµ¬ μ†λ©Έ λΉ¨κ°„λ“±..... | μ—°ν•©λ‰΄μ¤TV | 2025.03.15.
2025-06-10 23:09:47,306 - INFO - π“„ νμ΄μ§€ 1 μ™„λ£
2025-06-10 23:09:49,310 - INFO - β… 20250315 to 20250321 λ‰΄μ¤ μμ§‘ μ™„λ£
2025-06-10 23:09:49,310 - INFO - π“… 20250315 to 20250321 μμ§‘ μ™„λ£
2025-06-10 23:09:49,311 - INFO - ================================
2025-06-10 23:09:49,311 - INFO - π“„ 20250322λ¶€ν„° 20250328κΉμ§€μ λ‰΄μ¤ μμ§‘ μ‹μ‘
2025-06-10 23:09:49,311 - INFO - π μ ‘μ† URL: https://search.naver.com/search.naver?where=news&query="λ…Έν‚¤μ¦μ΅΄"&nso=so:r,p:from20250322to20250328,a:all&start=1&service_area=1&office_category=2
2025-06-10 23:09:52,548 - INFO - === π― λ‰΄μ¤ μΉ΄λ“ νƒμ§€ μ‹μ‘ (νμ΄μ§€ 1) ===
2025-06-10 23:09:52,610 - INFO - β… 1κ°μ λ‰΄μ¤ μΉ΄λ“ λ°κ²¬!
2025-06-10 23:09:52,610 - INFO - --- π“° λ‰΄μ¤ 1 μ²λ¦¬ μ¤‘ (νμ΄μ§€ 1) ---
2025-06-10 23:09:52,631 - INFO -         λ„¤μ΄λ²„ URL: https://n.news.naver.com/mnews/article/421/0008147253?sid=102
2025-06-10 23:09:52,631 - INFO -         μ›λ³Έ URL: https://www.news1.kr/local/jeju/5728063
2025-06-10 23:09:52,652 - INFO -     β… μ¶”μ¶ μ™„λ£: μ „κµ­ λ…Έν‚¤μ¦μ΅΄ 20%κ°€ μ μ£Όμ—β€¦"κ°λ“± μ—†μ•¨ μ§€μ›Β·κµμ΅ ... | λ‰΄μ¤1 | 2025.03.24.
2025-06-10 23:09:52,652 - INFO - π“„ νμ΄μ§€ 1 μ™„λ£
2025-06-10 23:09:54,656 - INFO - β… 20250322 to 20250328 λ‰΄μ¤ μμ§‘ μ™„λ£
2025-06-10 23:09:54,657 - INFO - π“… 20250322 to 20250328 μμ§‘ μ™„λ£
2025-06-10 23:09:54,657 - INFO - ================================
2025-06-10 23:09:54,657 - INFO - π“„ 20250329λ¶€ν„° 20250404κΉμ§€μ λ‰΄μ¤ μμ§‘ μ‹μ‘
2025-06-10 23:09:54,657 - INFO - β° μλ„μ° μ ν•: 0.3μ΄ λ€κΈ° μ¤‘... (60μ΄μ— 10ν μ ν•)
2025-06-10 23:09:55,451 - INFO - π μ ‘μ† URL: https://search.naver.com/search.naver?where=news&query="λ…Έν‚¤μ¦μ΅΄"&nso=so:r,p:from20250329to20250404,a:all&start=1&service_area=1&office_category=2
2025-06-10 23:09:58,560 - INFO - === π― λ‰΄μ¤ μΉ΄λ“ νƒμ§€ μ‹μ‘ (νμ΄μ§€ 1) ===
2025-06-10 23:09:58,577 - INFO - β λ” μ΄μƒ λ‰΄μ¤κ°€ μ—†μµλ‹λ‹¤ (νμ΄μ§€ 1)
2025-06-10 23:09:58,577 - INFO - π“… 20250329 to 20250404 μμ§‘ μ™„λ£
2025-06-10 23:09:58,577 - INFO - ================================
2025-06-10 23:09:58,577 - INFO - π“„ 20250405λ¶€ν„° 20250411κΉμ§€μ λ‰΄μ¤ μμ§‘ μ‹μ‘
2025-06-10 23:09:58,577 - INFO - π μ ‘μ† URL: https://search.naver.com/search.naver?where=news&query="λ…Έν‚¤μ¦μ΅΄"&nso=so:r,p:from20250405to20250411,a:all&start=1&service_area=1&office_category=2
2025-06-10 23:10:01,685 - INFO - === π― λ‰΄μ¤ μΉ΄λ“ νƒμ§€ μ‹μ‘ (νμ΄μ§€ 1) ===
2025-06-10 23:10:01,702 - INFO - β λ” μ΄μƒ λ‰΄μ¤κ°€ μ—†μµλ‹λ‹¤ (νμ΄μ§€ 1)
2025-06-10 23:10:01,702 - INFO - π“… 20250405 to 20250411 μμ§‘ μ™„λ£
2025-06-10 23:10:01,702 - INFO - ================================
2025-06-10 23:10:01,702 - INFO - π“„ 20250412λ¶€ν„° 20250418κΉμ§€μ λ‰΄μ¤ μμ§‘ μ‹μ‘
2025-06-10 23:10:01,703 - INFO - β° μλ„μ° μ ν•: 1.4μ΄ λ€κΈ° μ¤‘... (60μ΄μ— 10ν μ ν•)
2025-06-10 23:10:03,575 - INFO - π μ ‘μ† URL: https://search.naver.com/search.naver?where=news&query="λ…Έν‚¤μ¦μ΅΄"&nso=so:r,p:from20250412to20250418,a:all&start=1&service_area=1&office_category=2
2025-06-10 23:10:06,968 - INFO - === π― λ‰΄μ¤ μΉ΄λ“ νƒμ§€ μ‹μ‘ (νμ΄μ§€ 1) ===
2025-06-10 23:10:06,990 - INFO - β… 5κ°μ λ‰΄μ¤ μΉ΄λ“ λ°κ²¬!
2025-06-10 23:10:06,991 - INFO - --- π“° λ‰΄μ¤ 1 μ²λ¦¬ μ¤‘ (νμ΄μ§€ 1) ---
2025-06-10 23:10:07,022 - INFO -         λ„¤μ΄λ²„ URL: https://n.news.naver.com/mnews/article/422/0000732019?sid=101
2025-06-10 23:10:07,022 - INFO -         μ›λ³Έ URL: http://www.yonhapnewstv.co.kr/AKR20250417142906185
2025-06-10 23:10:07,046 - INFO -     β… μ¶”μ¶ μ™„λ£: 'μ•„μ΄κ°€ ν€ ν• μ§' λΉµμ§‘, κ²°κµ­ λ®κ° μ„¤μΉβ€¦'μ¤ν” μ§„μ—΄... | μ—°ν•©λ‰΄μ¤TV | 2025.04.17.
2025-06-10 23:10:07,046 - INFO - --- π“° λ‰΄μ¤ 2 μ²λ¦¬ μ¤‘ (νμ΄μ§€ 1) ---
2025-06-10 23:10:07,065 - INFO -         λ„¤μ΄λ²„ URL: https://n.news.naver.com/mnews/article/057/0001881357?sid=102
2025-06-10 23:10:07,065 - INFO -         μ›λ³Έ URL: http://mbn.mk.co.kr/pages/news/newsView.php?category=mbn00009&news_seq_no=5106578
2025-06-10 23:10:07,085 - INFO -     β… μ¶”μ¶ μ™„λ£: μ§„μ—΄λ λΉµ λ§›λ³Έ μ•„μ΄ μμƒμ—β€¦SNSμ„ λΉµμ§‘ μ„μƒ λ…Όλ€... | MBN | 2025.04.14.
2025-06-10 23:10:07,085 - INFO - --- π“° λ‰΄μ¤ 3 μ²λ¦¬ μ¤‘ (νμ΄μ§€ 1) ---
2025-06-10 23:10:07,106 - INFO -         λ„¤μ΄λ²„ URL: https://n.news.naver.com/mnews/article/421/0008190298?sid=102
2025-06-10 23:10:07,106 - INFO -         μ›λ³Έ URL: https://www.news1.kr/society/general-society/5751907
2025-06-10 23:10:07,126 - INFO -     β… μ¶”μ¶ μ™„λ£: λ§¤λ€ μ§„μ—΄λ λΉµμ— 'ν€ ν• μ§'β€¦μ„±μλ™ μ λ… μΉ΄ν μ–΄λ¦°μ΄... | λ‰΄μ¤1 | 2025.04.14.
2025-06-10 23:10:07,126 - INFO - --- π“° λ‰΄μ¤ 4 μ²λ¦¬ μ¤‘ (νμ΄μ§€ 1) ---
2025-06-10 23:10:07,144 - INFO -         λ„¤μ΄λ²„ URL: https://n.news.naver.com/mnews/article/052/0002179922?sid=102
2025-06-10 23:10:07,144 - INFO -         μ›λ³Έ URL: https://www.ytn.co.kr/_ln/0103_202504141453386932
2025-06-10 23:10:07,163 - INFO -     β… μ¶”μ¶ μ™„λ£: μ§„μ—΄λ λΉµμ— ν€ 'μ¬μ©'..."λ¶€λ¨κ°€ κµμ΅μ„..." v... | YTN | 2025.04.14.
2025-06-10 23:10:07,163 - INFO - --- π“° λ‰΄μ¤ 5 μ²λ¦¬ μ¤‘ (νμ΄μ§€ 1) ---
2025-06-10 23:10:07,182 - INFO -         λ„¤μ΄λ²„ URL: https://n.news.naver.com/mnews/article/052/0002180414?sid=102
2025-06-10 23:10:07,182 - INFO -         μ›λ³Έ URL: https://www.ytn.co.kr/_ln/0134_202504151355188047
2025-06-10 23:10:07,203 - INFO -     β… μ¶”μ¶ μ™„λ£: [μλ§‰λ‰΄μ¤] 'μ΄μ  λ» μ‚¬ λ¨Ήκ² λ‹¤'...λΉµμ§‘μ„ μ¶©κ²©μ μΈ... | YTN | 2025.04.15.
2025-06-10 23:10:07,204 - INFO - π“„ νμ΄μ§€ 1 μ™„λ£
2025-06-10 23:10:09,208 - INFO - β… 20250412 to 20250418 λ‰΄μ¤ μμ§‘ μ™„λ£
2025-06-10 23:10:09,209 - INFO - π“… 20250412 to 20250418 μμ§‘ μ™„λ£
2025-06-10 23:10:09,209 - INFO - ================================
2025-06-10 23:10:09,209 - INFO - π“„ 20250419λ¶€ν„° 20250425κΉμ§€μ λ‰΄μ¤ μμ§‘ μ‹μ‘
2025-06-10 23:10:09,209 - INFO - π μ ‘μ† URL: https://search.naver.com/search.naver?where=news&query="λ…Έν‚¤μ¦μ΅΄"&nso=so:r,p:from20250419to20250425,a:all&start=1&service_area=1&office_category=2
2025-06-10 23:10:12,502 - INFO - === π― λ‰΄μ¤ μΉ΄λ“ νƒμ§€ μ‹μ‘ (νμ΄μ§€ 1) ===
2025-06-10 23:10:12,524 - INFO - β… 4κ°μ λ‰΄μ¤ μΉ΄λ“ λ°κ²¬!
2025-06-10 23:10:12,524 - INFO - --- π“° λ‰΄μ¤ 1 μ²λ¦¬ μ¤‘ (νμ΄μ§€ 1) ---
2025-06-10 23:10:12,555 - INFO -         λ„¤μ΄λ²„ URL: https://n.news.naver.com/mnews/article/001/0015350989?sid=102
2025-06-10 23:10:12,555 - INFO -         μ›λ³Έ URL: https://www.yna.co.kr/view/AKR20250414101900505?input=1195m
2025-06-10 23:10:12,578 - INFO -     β… μ¶”μ¶ μ™„λ£: [μƒ·!] "μ•„μ΄ ν‚¤μ°κΈ° μ°Έ νλ“  λ‚λΌμ…λ‹λ‹¤"... | μ—°ν•©λ‰΄μ¤ | 2025.04.25.
2025-06-10 23:10:12,578 - INFO - --- π“° λ‰΄μ¤ 2 μ²λ¦¬ μ¤‘ (νμ΄μ§€ 1) ---
2025-06-10 23:10:12,598 - INFO -         λ„¤μ΄λ²„ URL: https://n.news.naver.com/mnews/article/056/0011939664?sid=102
2025-06-10 23:10:12,598 - INFO -         μ›λ³Έ URL: https://news.kbs.co.kr/news/pc/view/view.do?ncd=8238217&ref=A
2025-06-10 23:10:12,618 - INFO -     β… μ¶”μ¶ μ™„λ£: β€λ…Έν‚¤μ¦μ΅΄β€™ μ΅°λ΅€κΉμ§€ μ‹ν–‰ν–μ§€λ§β€¦μ°¬λ° μ‹κ°μ°¨ μ—¬μ „... | KBS | 2025.04.25.
2025-06-10 23:10:12,618 - INFO - --- π“° λ‰΄μ¤ 3 μ²λ¦¬ μ¤‘ (νμ΄μ§€ 1) ---
2025-06-10 23:10:12,636 - INFO -         λ„¤μ΄λ²„ URL: https://n.news.naver.com/mnews/article/056/0011939672?sid=102
2025-06-10 23:10:12,636 - INFO -         μ›λ³Έ URL: https://news.kbs.co.kr/news/pc/view/view.do?ncd=8238243&ref=A
2025-06-10 23:10:12,656 - INFO -     β… μ¶”μ¶ μ™„λ£: β€λ…Έν‚¤μ¦μ΅΄β€™ μ΅°λ΅€κΉμ§€ μ‹ν–‰ν–μ§€λ§β€¦μ°¬λ° μ‹κ°μ°¨ μ—¬μ „... | KBS | 2025.04.25.
2025-06-10 23:10:12,656 - INFO - --- π“° λ‰΄μ¤ 4 μ²λ¦¬ μ¤‘ (νμ΄μ§€ 1) ---
2025-06-10 23:10:12,673 - INFO -         λ„¤μ΄λ²„ URL: https://n.news.naver.com/mnews/article/421/0008202871?sid=102
2025-06-10 23:10:12,673 - INFO -         μ›λ³Έ URL: https://www.news1.kr/society/general-society/5758489
2025-06-10 23:10:12,693 - INFO -     β… μ¶”μ¶ μ™„λ£: λ§¤λ€ μ§„μ—΄λ λΉµμ— 'ν€ ν• μ§'β€¦λ€ν•™μƒλ“¤ μ¤ν† ν‚Ή ν¬ν™”ν™” ... | λ‰΄μ¤1 | 2025.04.20.
2025-06-10 23:10:12,693 - INFO - π“„ νμ΄μ§€ 1 μ™„λ£
2025-06-10 23:10:14,696 - INFO - β… 20250419 to 20250425 λ‰΄μ¤ μμ§‘ μ™„λ£
2025-06-10 23:10:14,697 - INFO - π“… 20250419 to 20250425 μμ§‘ μ™„λ£
2025-06-10 23:10:14,697 - INFO - ================================
2025-06-10 23:10:14,697 - INFO - π“„ 20250426λ¶€ν„° 20250502κΉμ§€μ λ‰΄μ¤ μμ§‘ μ‹μ‘
2025-06-10 23:10:14,697 - INFO - π“ μ”μ²­ ν†µκ³„: 50ν μ™„λ£, ν‰κ·  λ€κΈ°: 1.4μ΄
2025-06-10 23:10:14,697 - INFO - π μ ‘μ† URL: https://search.naver.com/search.naver?where=news&query="λ…Έν‚¤μ¦μ΅΄"&nso=so:r,p:from20250426to20250502,a:all&start=1&service_area=1&office_category=2
2025-06-10 23:10:18,234 - INFO - === π― λ‰΄μ¤ μΉ΄λ“ νƒμ§€ μ‹μ‘ (νμ΄μ§€ 1) ===
2025-06-10 23:10:18,256 - INFO - β… 9κ°μ λ‰΄μ¤ μΉ΄λ“ λ°κ²¬!
2025-06-10 23:10:18,256 - INFO - --- π“° λ‰΄μ¤ 1 μ²λ¦¬ μ¤‘ (νμ΄μ§€ 1) ---
2025-06-10 23:10:18,287 - INFO -         λ„¤μ΄λ²„ URL: https://n.news.naver.com/mnews/article/056/0011944169?sid=102
2025-06-10 23:10:18,287 - INFO -         μ›λ³Έ URL: https://news.kbs.co.kr/news/pc/view/view.do?ncd=8244247&ref=A
2025-06-10 23:10:18,311 - INFO -     β… μ¶”μ¶ μ™„λ£: μ–΄λ¦°μ΄λ‚  μ•λ‘κ³ β€¦β€No λ…ΈμΈμ΅΄ μƒκΈ°κΈ° μ „μ— β€μ–΄λ¦°μ΄ μ°¨... | KBS | 2025.05.02.
2025-06-10 23:10:18,311 - INFO - --- π“° λ‰΄μ¤ 2 μ²λ¦¬ μ¤‘ (νμ΄μ§€ 1) ---
2025-06-10 23:10:18,331 - INFO -         λ„¤μ΄λ²„ URL: https://n.news.naver.com/mnews/article/001/0015366059?sid=102
2025-06-10 23:10:18,331 - INFO -         μ›λ³Έ URL: https://www.yna.co.kr/view/PYH20250502080000013?input=1196m
2025-06-10 23:10:18,351 - INFO -     β… μ¶”μ¶ μ™„λ£: 'λ…Έν‚¤μ¦ μ΅΄μ€ μ°¨λ³„μ΄λ‹¤'... | μ—°ν•©λ‰΄μ¤ | 2025.05.02.
2025-06-10 23:10:18,351 - INFO - --- π“° λ‰΄μ¤ 3 μ²λ¦¬ μ¤‘ (νμ΄μ§€ 1) ---
2025-06-10 23:10:18,370 - INFO -         λ„¤μ΄λ²„ URL: https://n.news.naver.com/mnews/article/052/0002188362?sid=102
2025-06-10 23:10:18,370 - INFO -         μ›λ³Έ URL: https://www.ytn.co.kr/_ln/0103_202505021557238752
2025-06-10 23:10:18,401 - INFO -     β… μ¶”μ¶ μ™„λ£: μ‹λ―Όλ‹¨μ²΄ "λ…Έν‚¤μ¦μ΅΄μ€ μ–΄λ¦°μ΄ μ°¨λ³„...μ² νν•΄μ•Ό"... | YTN | 2025.05.02.
2025-06-10 23:10:18,401 - INFO - --- π“° λ‰΄μ¤ 4 μ²λ¦¬ μ¤‘ (νμ΄μ§€ 1) ---
2025-06-10 23:10:18,420 - INFO -         λ„¤μ΄λ²„ URL: https://n.news.naver.com/mnews/article/001/0015366058?sid=102
2025-06-10 23:10:18,420 - INFO -         μ›λ³Έ URL: https://www.yna.co.kr/view/PYH20250502079900013?input=1196m
2025-06-10 23:10:18,440 - INFO -     β… μ¶”μ¶ μ™„λ£: 'λ…Έν‚¤μ¦ μ΅΄μ€ μ°¨λ³„μ΄λ‹¤'... | μ—°ν•©λ‰΄μ¤ | 2025.05.02.
2025-06-10 23:10:18,440 - INFO - --- π“° λ‰΄μ¤ 5 μ²λ¦¬ μ¤‘ (νμ΄μ§€ 1) ---
2025-06-10 23:10:18,461 - INFO -         λ„¤μ΄λ²„ URL: https://n.news.naver.com/mnews/article/001/0015366057?sid=102
2025-06-10 23:10:18,461 - INFO -         μ›λ³Έ URL: https://www.yna.co.kr/view/PYH20250502079800013?input=1196m
2025-06-10 23:10:18,482 - INFO -     β… μ¶”μ¶ μ™„λ£: 'λ…Έν‚¤μ¦ μ΅΄μ€ μ°¨λ³„μ΄λ‹¤'... | μ—°ν•©λ‰΄μ¤ | 2025.05.02.
2025-06-10 23:10:18,483 - INFO - --- π“° λ‰΄μ¤ 6 μ²λ¦¬ μ¤‘ (νμ΄μ§€ 1) ---
2025-06-10 23:10:18,503 - INFO -         λ„¤μ΄λ²„ URL: https://n.news.naver.com/mnews/article/001/0015366061?sid=102
2025-06-10 23:10:18,503 - INFO -         μ›λ³Έ URL: https://www.yna.co.kr/view/PYH20250502080200013?input=1196m
2025-06-10 23:10:18,524 - INFO -     β… μ¶”μ¶ μ™„λ£: 'λ…Έν‚¤μ¦ μ΅΄μ€ μ°¨λ³„μ΄λ‹¤'... | μ—°ν•©λ‰΄μ¤ | 2025.05.02.
2025-06-10 23:10:18,524 - INFO - --- π“° λ‰΄μ¤ 7 μ²λ¦¬ μ¤‘ (νμ΄μ§€ 1) ---
2025-06-10 23:10:18,544 - INFO -         λ„¤μ΄λ²„ URL: https://n.news.naver.com/mnews/article/001/0015366060?sid=102
2025-06-10 23:10:18,544 - INFO -         μ›λ³Έ URL: https://www.yna.co.kr/view/PYH20250502080100013?input=1196m
2025-06-10 23:10:18,570 - INFO -     β… μ¶”μ¶ μ™„λ£: 'λ…Έν‚¤μ¦ μ΅΄μ€ μ°¨λ³„μ΄λ‹¤'... | μ—°ν•©λ‰΄μ¤ | 2025.05.02.
2025-06-10 23:10:18,570 - INFO - --- π“° λ‰΄μ¤ 8 μ²λ¦¬ μ¤‘ (νμ΄μ§€ 1) ---
2025-06-10 23:10:18,588 - INFO -         λ„¤μ΄λ²„ URL: https://n.news.naver.com/mnews/article/001/0015365964?sid=102
2025-06-10 23:10:18,588 - INFO -         μ›λ³Έ URL: https://www.yna.co.kr/view/AKR20250502078600004?input=1195m
2025-06-10 23:10:18,607 - INFO -     β… μ¶”μ¶ μ™„λ£: "λ…Έν‚¤μ¦μ΅΄μ€ μ–΄λ¦°μ΄ μ°¨λ³„β€¦μΌμƒ κ³µκ°„μ—μ„ ν‰λ“±μ„"... | μ—°ν•©λ‰΄μ¤ | 2025.05.02.
2025-06-10 23:10:18,607 - INFO - --- π“° λ‰΄μ¤ 9 μ²λ¦¬ μ¤‘ (νμ΄μ§€ 1) ---
2025-06-10 23:10:18,625 - INFO -         λ„¤μ΄λ²„ URL: https://n.news.naver.com/mnews/article/056/0011939842?sid=102
2025-06-10 23:10:18,625 - INFO -         μ›λ³Έ URL: https://news.kbs.co.kr/news/pc/view/view.do?ncd=8238486&ref=A
2025-06-10 23:10:18,644 - INFO -     β… μ¶”μ¶ μ™„λ£: β€λ…Έν‚¤μ¦μ΅΄β€™ μ΅°λ΅€κΉμ§€ μ‹ν–‰ν–μ§€λ§β€¦μ°¬λ° μ‹κ°μ°¨ μ—¬μ „... | KBS | 2025.04.26.
2025-06-10 23:10:18,644 - INFO - π“„ νμ΄μ§€ 1 μ™„λ£
2025-06-10 23:10:20,646 - INFO - β° μλ„μ° μ ν•: 6.7μ΄ λ€κΈ° μ¤‘... (60μ΄μ— 10ν μ ν•)
2025-06-10 23:10:27,861 - INFO - π μ ‘μ† URL: https://search.naver.com/search.naver?where=news&query="λ…Έν‚¤μ¦μ΅΄"&nso=so:r,p:from20250426to20250502,a:all&start=11&service_area=1&office_category=2
2025-06-10 23:10:30,975 - INFO - === π― λ‰΄μ¤ μΉ΄λ“ νƒμ§€ μ‹μ‘ (νμ΄μ§€ 2) ===
2025-06-10 23:10:30,993 - INFO - β λ” μ΄μƒ λ‰΄μ¤κ°€ μ—†μµλ‹λ‹¤ (νμ΄μ§€ 2)
2025-06-10 23:10:30,993 - INFO - π“… 20250426 to 20250502 μμ§‘ μ™„λ£
2025-06-10 23:10:30,993 - INFO - ================================
2025-06-10 23:10:30,993 - INFO - π“„ 20250503λ¶€ν„° 20250509κΉμ§€μ λ‰΄μ¤ μμ§‘ μ‹μ‘
2025-06-10 23:10:30,993 - INFO - β° μλ„μ° μ ν•: 1.8μ΄ λ€κΈ° μ¤‘... (60μ΄μ— 10ν μ ν•)
2025-06-10 23:10:33,258 - INFO - π μ ‘μ† URL: https://search.naver.com/search.naver?where=news&query="λ…Έν‚¤μ¦μ΅΄"&nso=so:r,p:from20250503to20250509,a:all&start=1&service_area=1&office_category=2
2025-06-10 23:10:36,627 - INFO - === π― λ‰΄μ¤ μΉ΄λ“ νƒμ§€ μ‹μ‘ (νμ΄μ§€ 1) ===
2025-06-10 23:10:36,649 - INFO - β… 3κ°μ λ‰΄μ¤ μΉ΄λ“ λ°κ²¬!
2025-06-10 23:10:36,649 - INFO - --- π“° λ‰΄μ¤ 1 μ²λ¦¬ μ¤‘ (νμ΄μ§€ 1) ---
2025-06-10 23:10:36,682 - INFO -         λ„¤μ΄λ²„ URL: https://n.news.naver.com/mnews/article/052/0002188562?sid=102
2025-06-10 23:10:36,682 - INFO -         μ›λ³Έ URL: https://www.ytn.co.kr/_ln/0103_202505030114166162
2025-06-10 23:10:36,705 - INFO -     β… μ¶”μ¶ μ™„λ£: μ‹λ―Όλ‹¨μ²΄ "λ…Έν‚¤μ¦μ΅΄μ€ μ–΄λ¦°μ΄ μ°¨λ³„...μ² νν•΄μ•Ό"... | YTN | 2025.05.03.
2025-06-10 23:10:36,705 - INFO - --- π“° λ‰΄μ¤ 2 μ²λ¦¬ μ¤‘ (νμ΄μ§€ 1) ---
2025-06-10 23:10:36,725 - INFO -         λ„¤μ΄λ²„ URL: https://n.news.naver.com/mnews/article/422/0000737291?sid=102
2025-06-10 23:10:36,725 - INFO -         μ›λ³Έ URL: http://www.yonhapnewstv.co.kr/MYH20250504094907182
2025-06-10 23:10:36,748 - INFO -     β… μ¶”μ¶ μ™„λ£: λ…Έν‚¤μ¦? NO!β€¦μ–΄λ¦°μ΄ ν™μν•λ” 'ν‚¤μ¦ μ¤μΌ€μ΄μ΅΄'... | μ—°ν•©λ‰΄μ¤TV | 2025.05.04.
2025-06-10 23:10:36,748 - INFO - --- π“° λ‰΄μ¤ 3 μ²λ¦¬ μ¤‘ (νμ΄μ§€ 1) ---
2025-06-10 23:10:36,772 - INFO -         λ„¤μ΄λ²„ URL: https://n.news.naver.com/mnews/article/052/0002189005?sid=104
2025-06-10 23:10:36,772 - INFO -         μ›λ³Έ URL: https://www.ytn.co.kr/replay/view.php?idx=277&key=202505041923117717
2025-06-10 23:10:36,791 - INFO -     β… μ¶”μ¶ μ™„λ£: μ•„μ΄ ν‚¤μ°κΈ° ν–‰λ³µν• μ„Έμƒ λ§λ“¤κΈ°... | YTN | 2025.05.04.
2025-06-10 23:10:36,791 - INFO - π“„ νμ΄μ§€ 1 μ™„λ£
2025-06-10 23:10:38,796 - INFO - β… 20250503 to 20250509 λ‰΄μ¤ μμ§‘ μ™„λ£
2025-06-10 23:10:38,796 - INFO - π“… 20250503 to 20250509 μμ§‘ μ™„λ£
2025-06-10 23:10:38,797 - INFO - ================================
2025-06-10 23:10:38,797 - INFO - π“„ 20250510λ¶€ν„° 20250516κΉμ§€μ λ‰΄μ¤ μμ§‘ μ‹μ‘
2025-06-10 23:10:38,797 - INFO - π μ ‘μ† URL: https://search.naver.com/search.naver?where=news&query="λ…Έν‚¤μ¦μ΅΄"&nso=so:r,p:from20250510to20250516,a:all&start=1&service_area=1&office_category=2
2025-06-10 23:10:41,920 - INFO - === π― λ‰΄μ¤ μΉ΄λ“ νƒμ§€ μ‹μ‘ (νμ΄μ§€ 1) ===
2025-06-10 23:10:41,935 - INFO - β λ” μ΄μƒ λ‰΄μ¤κ°€ μ—†μµλ‹λ‹¤ (νμ΄μ§€ 1)
2025-06-10 23:10:41,935 - INFO - π“… 20250510 to 20250516 μμ§‘ μ™„λ£
2025-06-10 23:10:41,935 - INFO - ================================
2025-06-10 23:10:41,935 - INFO - π“„ 20250517λ¶€ν„° 20250523κΉμ§€μ λ‰΄μ¤ μμ§‘ μ‹μ‘
2025-06-10 23:10:41,935 - INFO - β° μλ„μ° μ ν•: 2.0μ΄ λ€κΈ° μ¤‘... (60μ΄μ— 10ν μ ν•)
2025-06-10 23:10:44,464 - INFO - π μ ‘μ† URL: https://search.naver.com/search.naver?where=news&query="λ…Έν‚¤μ¦μ΅΄"&nso=so:r,p:from20250517to20250523,a:all&start=1&service_area=1&office_category=2
2025-06-10 23:10:47,582 - INFO - === π― λ‰΄μ¤ μΉ΄λ“ νƒμ§€ μ‹μ‘ (νμ΄μ§€ 1) ===
2025-06-10 23:10:47,637 - INFO - β… 1κ°μ λ‰΄μ¤ μΉ΄λ“ λ°κ²¬!
2025-06-10 23:10:47,637 - INFO - --- π“° λ‰΄μ¤ 1 μ²λ¦¬ μ¤‘ (νμ΄μ§€ 1) ---
2025-06-10 23:10:47,659 - INFO -         λ„¤μ΄λ²„ URL: https://n.news.naver.com/mnews/article/001/0015395169?sid=102
2025-06-10 23:10:47,659 - INFO -         μ›λ³Έ URL: https://www.yna.co.kr/view/AKR20250516042600051?input=1195m
2025-06-10 23:10:47,740 - INFO -     β… μ¶”μ¶ μ™„λ£: [μ•„λ™ν–‰λ³µλ„μ‹ λ¶€μ‚°] β‘΅"λ…Έν‚¤μ¦μ΅΄μ€ κ¶λ¦¬μΉ¨ν•΄"β€¦μ•„μ΄ λ©... | μ—°ν•©λ‰΄μ¤ | 
2025-06-10 23:10:47,740 - INFO - π“„ νμ΄μ§€ 1 μ™„λ£
2025-06-10 23:10:49,745 - INFO - β… 20250517 to 20250523 λ‰΄μ¤ μμ§‘ μ™„λ£
2025-06-10 23:10:49,746 - INFO - π“… 20250517 to 20250523 μμ§‘ μ™„λ£
2025-06-10 23:10:49,746 - INFO - ================================
2025-06-10 23:10:49,746 - INFO - π“„ 20250524λ¶€ν„° 20250530κΉμ§€μ λ‰΄μ¤ μμ§‘ μ‹μ‘
2025-06-10 23:10:49,747 - INFO - π μ ‘μ† URL: https://search.naver.com/search.naver?where=news&query="λ…Έν‚¤μ¦μ΅΄"&nso=so:r,p:from20250524to20250530,a:all&start=1&service_area=1&office_category=2
2025-06-10 23:10:52,873 - INFO - === π― λ‰΄μ¤ μΉ΄λ“ νƒμ§€ μ‹μ‘ (νμ΄μ§€ 1) ===
2025-06-10 23:10:52,894 - INFO - β… 3κ°μ λ‰΄μ¤ μΉ΄λ“ λ°κ²¬!
2025-06-10 23:10:52,894 - INFO - --- π“° λ‰΄μ¤ 1 μ²λ¦¬ μ¤‘ (νμ΄μ§€ 1) ---
2025-06-10 23:10:52,917 - INFO -         λ„¤μ΄λ²„ URL: https://n.news.naver.com/mnews/article/421/0008278350?sid=104
2025-06-10 23:10:52,919 - INFO -         μ›λ³Έ URL: https://www.news1.kr/world/europe/5796819
2025-06-10 23:10:53,002 - INFO -     β… μ¶”μ¶ μ™„λ£: "λ…Έν‚¤μ¦μ΅΄, μ•„μ΄μ™€ κ°€μ΅± λ°°μ ν•λ” ν­λ ¥"β€¦δ½›, λ§¤μ¥ λ‹¨... | λ‰΄μ¤1 | 
2025-06-10 23:10:53,002 - INFO - --- π“° λ‰΄μ¤ 2 μ²λ¦¬ μ¤‘ (νμ΄μ§€ 1) ---
2025-06-10 23:10:53,020 - INFO -         λ„¤μ΄λ²„ URL: https://n.news.naver.com/mnews/article/003/0013262367?sid=102
2025-06-10 23:10:53,020 - INFO -         μ›λ³Έ URL: https://www.newsis.com/view/NISX20250524_0003188359
2025-06-10 23:10:53,096 - INFO -     β… μ¶”μ¶ μ™„λ£: "μ•„κΈ°μ—„λ§λ“¤ λ•λ¬Έμ— νλ“¤μ–΄μ”" κµ­λ°¥μ§‘ μ‚¬μ¥ ν•μ†μ—°β€¦μ™?... | λ‰΄μ‹μ¤ | 
2025-06-10 23:10:53,096 - INFO - --- π“° λ‰΄μ¤ 3 μ²λ¦¬ μ¤‘ (νμ΄μ§€ 1) ---
2025-06-10 23:10:53,117 - INFO -         λ„¤μ΄λ²„ URL: https://n.news.naver.com/mnews/article/421/0008271092?sid=102
2025-06-10 23:10:53,117 - INFO -         μ›λ³Έ URL: https://www.news1.kr/society/general-society/5793137
2025-06-10 23:10:53,204 - INFO -     β… μ¶”μ¶ μ™„λ£: "κµ­λ°¥μ§‘μ— μ λ¨μ°¨ λκ³  μ¨ μ•„κΈ° μ—„λ§β€¦μ£Όμ λ‹Ήλ¶€ν•μ λ¦¬... | λ‰΄μ¤1 | 
2025-06-10 23:10:53,204 - INFO - π“„ νμ΄μ§€ 1 μ™„λ£
2025-06-10 23:10:55,207 - INFO - β… 20250524 to 20250530 λ‰΄μ¤ μμ§‘ μ™„λ£
2025-06-10 23:10:55,208 - INFO - π“… 20250524 to 20250530 μμ§‘ μ™„λ£
2025-06-10 23:10:55,208 - INFO - ================================
2025-06-10 23:10:55,209 - INFO - π“„ 20250531λ¶€ν„° 20250531κΉμ§€μ λ‰΄μ¤ μμ§‘ μ‹μ‘
2025-06-10 23:10:55,209 - INFO - β° μλ„μ° μ ν•: 0.2μ΄ λ€κΈ° μ¤‘... (60μ΄μ— 10ν μ ν•)
2025-06-10 23:10:55,956 - INFO - π μ ‘μ† URL: https://search.naver.com/search.naver?where=news&query="λ…Έν‚¤μ¦μ΅΄"&nso=so:r,p:from20250531to20250531,a:all&start=1&service_area=1&office_category=2
2025-06-10 23:10:59,063 - INFO - === π― λ‰΄μ¤ μΉ΄λ“ νƒμ§€ μ‹μ‘ (νμ΄μ§€ 1) ===
2025-06-10 23:10:59,080 - INFO - β λ” μ΄μƒ λ‰΄μ¤κ°€ μ—†μµλ‹λ‹¤ (νμ΄μ§€ 1)
2025-06-10 23:10:59,080 - INFO - π“… 20250531 to 20250531 μμ§‘ μ™„λ£
2025-06-10 23:10:59,083 - INFO -    π“° μ „μ²΄ λ‰΄μ¤: 107κ±΄
2025-06-10 23:10:59,083 - INFO -    π”„ μ¤‘λ³µ μ κ±°: 0κ±΄
2025-06-10 23:10:59,083 - INFO -    β… μµμΆ… μ €μ¥: 107κ±΄
2025-06-10 23:10:59,083 - INFO -    β οΈ  λ°ν–‰μΌ μ—†μ: 4κ±΄
2025-06-10 23:10:59,083 - INFO -    π’Ύ μ €μ¥ μ„μΉ: results/naver_news_"λ…Έν‚¤μ¦μ΅΄"_250610_2305_(20240601to20250531).csv
2025-06-10 23:10:59,083 - INFO - π“ λ μ΄νΈ λ¦¬λ―Έν„° μµμΆ… ν†µκ³„:
2025-06-10 23:10:59,083 - INFO -    μ΄ μ”μ²­: 56ν
2025-06-10 23:10:59,083 - INFO -    μ΄ λ€κΈ° μ‹κ°„: 84.7μ΄
2025-06-10 23:10:59,083 - INFO -    ν‰κ·  λ€κΈ° μ‹κ°„: 1.5μ΄
2025-06-10 23:10:59,186 - INFO - --------------------------------------------------
2025-06-10 23:10:59,186 - INFO - β° μΆ…λ£ μ‹κ°„: 2025-06-10 23:10:59
2025-06-10 23:10:59,186 - INFO - β› μ΄ μ‹¤ν–‰ μ‹κ°„: 5λ¶„ 34.7μ΄
