2025-06-10 23:24:21,098 - INFO - π€ λ„¤μ΄λ²„ λ‰΄μ¤ ν¬λ΅¤λ¬ μ‹μ‘
2025-06-10 23:24:21,098 - INFO - β° μ‹μ‘ μ‹κ°„: 2025-06-10 23:24:21
2025-06-10 23:24:21,098 - INFO - --------------------------------------------------
2025-06-10 23:24:22,342 - INFO - ================================
2025-06-10 23:24:22,342 - INFO - π“„ 20240601λ¶€ν„° 20240607κΉμ§€μ λ‰΄μ¤ μμ§‘ μ‹μ‘
2025-06-10 23:24:22,343 - INFO - π μ ‘μ† URL: https://search.naver.com/search.naver?where=news&query="λ…Έν‚¤μ¦μ΅΄"&nso=so:r,p:from20240601to20240607,a:all&start=1&service_area=1&office_category=4
2025-06-10 23:24:25,589 - INFO - === π” νμ΄μ§€ λ””λ²„κΉ… μ‹μ‘ ===
2025-06-10 23:24:25,605 - INFO - β… #main_pack μ΅΄μ¬
2025-06-10 23:24:25,613 - INFO - π“¦ div[class*='news']: 4κ° λ°κ²¬
2025-06-10 23:24:25,622 - INFO -     ν΄λμ¤: news_option
2025-06-10 23:24:25,627 - INFO - π“¦ div[class*='group']: 21κ° λ°κ²¬
2025-06-10 23:24:25,632 - INFO -     ν΄λμ¤: header_group
2025-06-10 23:24:25,636 - INFO - π“¦ div[class*='api']: 22κ° λ°κ²¬
2025-06-10 23:24:25,640 - INFO -     ν΄λμ¤: api_floating_header
2025-06-10 23:24:25,644 - INFO - π“¦ div[class*='subject']: 5κ° λ°κ²¬
2025-06-10 23:24:25,648 - INFO -     ν΄λμ¤: api_subject_bx
2025-06-10 23:24:25,652 - INFO - π“¦ div[class*='area']: 35κ° λ°κ²¬
2025-06-10 23:24:25,655 - INFO -     ν΄λμ¤: search_area
2025-06-10 23:24:25,659 - INFO - π“¦ div[class*='wrap']: 36κ° λ°κ²¬
2025-06-10 23:24:25,663 - INFO -     ν΄λμ¤: gnb_wrap
2025-06-10 23:24:25,666 - INFO - π“¦ div[class*='item']: 1κ° λ°κ²¬
2025-06-10 23:24:25,669 - INFO -     ν΄λμ¤: sds-comps-vertical-layout sds-comps-full-layout fender-news-item-list-tab
2025-06-10 23:24:25,676 - INFO - π“¦ div[class*='list']: 14κ° λ°κ²¬
2025-06-10 23:24:25,679 - INFO -     ν΄λμ¤: mod_list_option_filter
2025-06-10 23:24:25,682 - INFO - π“¦ div[class*='vertical']: 5κ° λ°κ²¬
2025-06-10 23:24:25,685 - INFO -     ν΄λμ¤: sds-comps-vertical-layout sds-comps-full-layout
2025-06-10 23:24:25,688 - INFO - π“¦ div[class*='horizontal']: 6κ° λ°κ²¬
2025-06-10 23:24:25,691 - INFO -     ν΄λμ¤: sds-comps-horizontal-layout sds-comps-full-layout sds-comps-profile type-basic size-lg title-color-g10 yhi5ETyXOtOzuTqs4C6Z
2025-06-10 23:24:25,691 - INFO - === π“ λ§ν¬ μ”μ† λ¶„μ„ ===
2025-06-10 23:24:25,694 - INFO - π”— a[href*='news.naver.com']: 4κ°
2025-06-10 23:24:25,702 - INFO - π”— a[href*='n.news.naver.com']: 1κ°
2025-06-10 23:24:25,706 - INFO -     μ²« λ²μ§Έ ν…μ¤νΈ: λ„¤μ΄λ²„λ‰΄μ¤...
2025-06-10 23:24:25,718 - INFO - === π·οΈ λ¨λ“  λ§ν¬ ν΄λμ¤λ… λ¶„μ„ ===
2025-06-10 23:24:25,818 - INFO - μ΄ 322κ°μ λ§ν¬ λ°κ²¬
2025-06-10 23:24:25,818 - INFO - === π― λ‰΄μ¤ μΉ΄λ“ νƒμ§€ μ‹μ‘ (νμ΄μ§€ 1) ===
2025-06-10 23:24:25,853 - INFO - β… 1κ°μ λ‰΄μ¤ μΉ΄λ“ λ°κ²¬!
2025-06-10 23:24:25,853 - INFO - --- π“° λ‰΄μ¤ 1 μ²λ¦¬ μ¤‘ (νμ΄μ§€ 1) ---
2025-06-10 23:24:25,879 - INFO -         λ„¤μ΄λ²„ URL: https://n.news.naver.com/mnews/article/047/0002435943?sid=102
2025-06-10 23:24:25,879 - INFO -         μ›λ³Έ URL: https://www.ohmynews.com/NWS_Web/View/at_pg.aspx?CNTN_CD=A0003036228&CMPT_CD=P0010&utm_source=naver&utm_medium=newsearch&utm_campaign=naver_news
2025-06-10 23:24:25,904 - INFO -     β… μ¶”μ¶ μ™„λ£: "μ‚΄κΈ°λ„ μ‹«μ€λ° μ•  λ‚³μΌλΌκ³ ?"... 30λ€ ν›„λ° κΈ°νΌ... | μ¤λ§μ΄λ‰΄μ¤ | 2024.06.07.
2025-06-10 23:24:25,904 - INFO - π“„ νμ΄μ§€ 1 μ™„λ£
2025-06-10 23:24:27,909 - INFO - β… 20240601 to 20240607 λ‰΄μ¤ μμ§‘ μ™„λ£
2025-06-10 23:24:27,910 - INFO - π“… 20240601 to 20240607 μμ§‘ μ™„λ£
2025-06-10 23:24:27,910 - INFO - ================================
2025-06-10 23:24:27,910 - INFO - π“„ 20240608λ¶€ν„° 20240614κΉμ§€μ λ‰΄μ¤ μμ§‘ μ‹μ‘
2025-06-10 23:24:27,911 - INFO - π μ ‘μ† URL: https://search.naver.com/search.naver?where=news&query="λ…Έν‚¤μ¦μ΅΄"&nso=so:r,p:from20240608to20240614,a:all&start=1&service_area=1&office_category=4
2025-06-10 23:24:31,067 - INFO - === π― λ‰΄μ¤ μΉ΄λ“ νƒμ§€ μ‹μ‘ (νμ΄μ§€ 1) ===
2025-06-10 23:24:31,091 - INFO - β… 3κ°μ λ‰΄μ¤ μΉ΄λ“ λ°κ²¬!
2025-06-10 23:24:31,091 - INFO - --- π“° λ‰΄μ¤ 1 μ²λ¦¬ μ¤‘ (νμ΄μ§€ 1) ---
2025-06-10 23:24:31,120 - INFO -         λ„¤μ΄λ²„ URL: https://n.news.naver.com/mnews/article/417/0001007480?sid=102
2025-06-10 23:24:31,120 - INFO -         μ›λ³Έ URL: https://www.moneys.co.kr/article/2024061109361158422
2025-06-10 23:24:31,143 - INFO -     β… μ¶”μ¶ μ™„λ£: 'μ•„μ¤λ§ μ¶μ…κΈμ§€'β€¦ λ…Έν‚¤μ¦μ΅΄ μ΄μ–΄ λ…Έμ¤λ§μ΅΄ λ“±μ¥?... | λ¨Έλ‹S | 2024.06.11.
2025-06-10 23:24:31,143 - INFO - --- π“° λ‰΄μ¤ 2 μ²λ¦¬ μ¤‘ (νμ΄μ§€ 1) ---
2025-06-10 23:24:31,163 - INFO -         λ„¤μ΄λ²„ URL: https://n.news.naver.com/mnews/article/031/0000843496?sid=102
2025-06-10 23:24:31,163 - INFO -         μ›λ³Έ URL: http://www.inews24.com/view/1729105
2025-06-10 23:24:31,183 - INFO -     β… μ¶”μ¶ μ™„λ£: μΈμ² ν—¬μ¤μ¥ 'λ…Έ μ¤λ§ μ΅΄' μ„ μ–Έβ€¦"μ°μ•„ν• μ—¬μ„±λ§ μ¶μ…... | μ•„μ΄λ‰΄μ¤24 | 2024.06.11.
2025-06-10 23:24:31,183 - INFO - --- π“° λ‰΄μ¤ 3 μ²λ¦¬ μ¤‘ (νμ΄μ§€ 1) ---
2025-06-10 23:24:31,201 - INFO -         λ„¤μ΄λ²„ URL: https://n.news.naver.com/mnews/article/119/0002838471?sid=103
2025-06-10 23:24:31,201 - INFO -         μ›λ³Έ URL: https://www.dailian.co.kr/news/view/1370464/?sc=Naver
2025-06-10 23:24:31,220 - INFO -     β… μ¶”μ¶ μ™„λ£: "μ•„μ¤λ§ μ¤μ§€λ§, κµμ–‘μκ³  μ°μ•„ν• ε¥³λ§ μ¶μ…κ°€λ¥" ν—¬μ¤... | λ°μΌλ¦¬μ• | 2024.06.11.
2025-06-10 23:24:31,220 - INFO - π“„ νμ΄μ§€ 1 μ™„λ£
2025-06-10 23:24:33,221 - INFO - β… 20240608 to 20240614 λ‰΄μ¤ μμ§‘ μ™„λ£
2025-06-10 23:24:33,221 - INFO - π“… 20240608 to 20240614 μμ§‘ μ™„λ£
2025-06-10 23:24:33,221 - INFO - ================================
2025-06-10 23:24:33,221 - INFO - π“„ 20240615λ¶€ν„° 20240621κΉμ§€μ λ‰΄μ¤ μμ§‘ μ‹μ‘
2025-06-10 23:24:33,221 - INFO - π μ ‘μ† URL: https://search.naver.com/search.naver?where=news&query="λ…Έν‚¤μ¦μ΅΄"&nso=so:r,p:from20240615to20240621,a:all&start=1&service_area=1&office_category=4
2025-06-10 23:24:36,360 - INFO - === π― λ‰΄μ¤ μΉ΄λ“ νƒμ§€ μ‹μ‘ (νμ΄μ§€ 1) ===
2025-06-10 23:24:36,381 - INFO - β… 4κ°μ λ‰΄μ¤ μΉ΄λ“ λ°κ²¬!
2025-06-10 23:24:36,381 - INFO - --- π“° λ‰΄μ¤ 1 μ²λ¦¬ μ¤‘ (νμ΄μ§€ 1) ---
2025-06-10 23:24:36,411 - INFO -         λ„¤μ΄λ²„ URL: https://n.news.naver.com/mnews/article/002/0002337291?sid=110
2025-06-10 23:24:36,411 - INFO -         μ›λ³Έ URL: https://www.pressian.com/pages/articles/2024062010371884259?utm_source=naver&utm_medium=search
2025-06-10 23:24:36,433 - INFO -     β… μ¶”μ¶ μ™„λ£: κ·Έλλ„ μ• λ” λ‚³μ•„μ•Ό ν•λ‹¤κ³ μ”?[μΈκ¶μ λ°”λ]... | ν”„λ μ‹μ• | 2024.06.20.
2025-06-10 23:24:36,433 - INFO - --- π“° λ‰΄μ¤ 2 μ²λ¦¬ μ¤‘ (νμ΄μ§€ 1) ---
2025-06-10 23:24:36,452 - INFO -         λ„¤μ΄λ²„ URL: https://n.news.naver.com/mnews/article/079/0003906604?sid=102
2025-06-10 23:24:36,452 - INFO -         μ›λ³Έ URL: https://www.nocutnews.co.kr/news/6162811?utm_source=naver&utm_medium=article&utm_campaign=20240618070558
2025-06-10 23:24:36,471 - INFO -     β… μ¶”μ¶ μ™„λ£: λ” λ³Έμ΄ λ” λ²μ—λ‹¤?[μ–΄ν…μ… λ‰΄μ¤]... | λ…Έμ»·λ‰΄μ¤ | 2024.06.18.
2025-06-10 23:24:36,472 - INFO - --- π“° λ‰΄μ¤ 3 μ²λ¦¬ μ¤‘ (νμ΄μ§€ 1) ---
2025-06-10 23:24:36,490 - INFO -         λ„¤μ΄λ²„ URL: https://n.news.naver.com/mnews/article/031/0000844795?sid=102
2025-06-10 23:24:36,490 - INFO -         μ›λ³Έ URL: http://www.inews24.com/view/1730869
2025-06-10 23:24:36,509 - INFO -     β… μ¶”μ¶ μ™„λ£: "μ•„μ¤λ§ μ¶μ…κΈμ§€, ν•κµ­μ€ μ™?'β€¦θ‹± BBC, μΈμ² ν—¬... | μ•„μ΄λ‰΄μ¤24 | 2024.06.15.
2025-06-10 23:24:36,509 - INFO - --- π“° λ‰΄μ¤ 4 μ²λ¦¬ μ¤‘ (νμ΄μ§€ 1) ---
2025-06-10 23:24:36,527 - INFO -         λ„¤μ΄λ²„ URL: https://n.news.naver.com/mnews/article/417/0001008452?sid=102
2025-06-10 23:24:36,527 - INFO -         μ›λ³Έ URL: https://www.moneys.co.kr/article/2024061516384923575
2025-06-10 23:24:36,545 - INFO -     β… μ¶”μ¶ μ™„λ£: ν•΄μ™Έμ„ κΉμ§ λ†€λ€ 'μ•„μ¤λ§ μ¶μ…κΈμ§€'β€¦ BBC "μ¤‘λ…„ ... | λ¨Έλ‹S | 2024.06.15.
2025-06-10 23:24:36,545 - INFO - π“„ νμ΄μ§€ 1 μ™„λ£
2025-06-10 23:24:38,550 - INFO - β… 20240615 to 20240621 λ‰΄μ¤ μμ§‘ μ™„λ£
2025-06-10 23:24:38,551 - INFO - π“… 20240615 to 20240621 μμ§‘ μ™„λ£
2025-06-10 23:24:38,552 - INFO - ================================
2025-06-10 23:24:38,552 - INFO - π“„ 20240622λ¶€ν„° 20240628κΉμ§€μ λ‰΄μ¤ μμ§‘ μ‹μ‘
2025-06-10 23:24:38,552 - INFO - π μ ‘μ† URL: https://search.naver.com/search.naver?where=news&query="λ…Έν‚¤μ¦μ΅΄"&nso=so:r,p:from20240622to20240628,a:all&start=1&service_area=1&office_category=4
2025-06-10 23:24:41,676 - INFO - === π― λ‰΄μ¤ μΉ΄λ“ νƒμ§€ μ‹μ‘ (νμ΄μ§€ 1) ===
2025-06-10 23:24:41,698 - INFO - β… 2κ°μ λ‰΄μ¤ μΉ΄λ“ λ°κ²¬!
2025-06-10 23:24:41,698 - INFO - --- π“° λ‰΄μ¤ 1 μ²λ¦¬ μ¤‘ (νμ΄μ§€ 1) ---
2025-06-10 23:24:41,728 - INFO -         λ„¤μ΄λ²„ URL: https://n.news.naver.com/mnews/article/002/0002338548?sid=102
2025-06-10 23:24:41,728 - INFO -         μ›λ³Έ URL: https://www.pressian.com/pages/articles/2024062815004874630?utm_source=naver&utm_medium=search
2025-06-10 23:24:41,750 - INFO -     β… μ¶”μ¶ μ™„λ£: κ²½κΈ°λ„, 'λ…Έν‚¤μ¦μ΅΄ μ•„λ™μΈκ¶ μ°¨λ³„μ  ν–‰μ„' μΈμ‹κ°μ„  ν™... | ν”„λ μ‹μ• | 2024.06.28.
2025-06-10 23:24:41,750 - INFO - --- π“° λ‰΄μ¤ 2 μ²λ¦¬ μ¤‘ (νμ΄μ§€ 1) ---
2025-06-10 23:24:41,770 - INFO -         λ„¤μ΄λ²„ URL: https://n.news.naver.com/mnews/article/629/0000300056?sid=102
2025-06-10 23:24:41,770 - INFO -         μ›λ³Έ URL: http://news.tf.co.kr/read/national/2111117.htm
2025-06-10 23:24:41,789 - INFO -     β… μ¶”μ¶ μ™„λ£: κ²½κΈ°λ„, μ•„λ™μΉν™”λ„μ‹ μ΅°μ„± λ³Έκ²© λ“λΌμ΄λΈβ€¦μ‹¤λ¬΄ν‘μνμ„ ... | λ”ν©νΈ | 2024.06.28.
2025-06-10 23:24:41,789 - INFO - π“„ νμ΄μ§€ 1 μ™„λ£
2025-06-10 23:24:43,793 - INFO - β… 20240622 to 20240628 λ‰΄μ¤ μμ§‘ μ™„λ£
2025-06-10 23:24:43,794 - INFO - π“… 20240622 to 20240628 μμ§‘ μ™„λ£
2025-06-10 23:24:43,794 - INFO - ================================
2025-06-10 23:24:43,795 - INFO - π“„ 20240629λ¶€ν„° 20240705κΉμ§€μ λ‰΄μ¤ μμ§‘ μ‹μ‘
2025-06-10 23:24:43,795 - INFO - π μ ‘μ† URL: https://search.naver.com/search.naver?where=news&query="λ…Έν‚¤μ¦μ΅΄"&nso=so:r,p:from20240629to20240705,a:all&start=1&service_area=1&office_category=4
2025-06-10 23:24:46,934 - INFO - === π― λ‰΄μ¤ μΉ΄λ“ νƒμ§€ μ‹μ‘ (νμ΄μ§€ 1) ===
2025-06-10 23:24:46,957 - INFO - β… 2κ°μ λ‰΄μ¤ μΉ΄λ“ λ°κ²¬!
2025-06-10 23:24:46,957 - INFO - --- π“° λ‰΄μ¤ 1 μ²λ¦¬ μ¤‘ (νμ΄μ§€ 1) ---
2025-06-10 23:24:46,987 - INFO -         λ„¤μ΄λ²„ URL: https://n.news.naver.com/mnews/article/417/0001011353?sid=102
2025-06-10 23:24:46,987 - INFO -         μ›λ³Έ URL: https://www.moneys.co.kr/article/2024062911002770680
2025-06-10 23:24:47,009 - INFO -     β… μ¶”μ¶ μ™„λ£: μ–΄λ¦°μ΄ μ λ€ μ•λΌβ€¦ μ μ£Ό ν•΄λΉ„μΉ μμμ¥λ§μ €, 'λ…Έν‚¤μ¦ ... | λ¨Έλ‹S | 2024.06.29.
2025-06-10 23:24:47,009 - INFO - --- π“° λ‰΄μ¤ 2 μ²λ¦¬ μ¤‘ (νμ΄μ§€ 1) ---
2025-06-10 23:24:47,029 - INFO -         λ„¤μ΄λ²„ URL: https://n.news.naver.com/mnews/article/079/0003910678?sid=102
2025-06-10 23:24:47,029 - INFO -         μ›λ³Έ URL: https://www.nocutnews.co.kr/news/6169290?utm_source=naver&utm_medium=article&utm_campaign=20240629090233
2025-06-10 23:24:47,048 - INFO -     β… μ¶”μ¶ μ™„λ£: μ†΅κ²½μ„­ λ³Έλ¶€μ¥ "μ €μ¶μ‚° κ·Ήλ³µ, μ „μ‚¬νμ  κ΄€μ‹¬κ³Ό μ°Έμ—¬ ν•„... | λ…Έμ»·λ‰΄μ¤ | 2024.06.29.
2025-06-10 23:24:47,048 - INFO - π“„ νμ΄μ§€ 1 μ™„λ£
2025-06-10 23:24:49,051 - INFO - β… 20240629 to 20240705 λ‰΄μ¤ μμ§‘ μ™„λ£
2025-06-10 23:24:49,051 - INFO - π“… 20240629 to 20240705 μμ§‘ μ™„λ£
2025-06-10 23:24:49,052 - INFO - ================================
2025-06-10 23:24:49,052 - INFO - π“„ 20240706λ¶€ν„° 20240712κΉμ§€μ λ‰΄μ¤ μμ§‘ μ‹μ‘
2025-06-10 23:24:49,052 - INFO - π μ ‘μ† URL: https://search.naver.com/search.naver?where=news&query="λ…Έν‚¤μ¦μ΅΄"&nso=so:r,p:from20240706to20240712,a:all&start=1&service_area=1&office_category=4
2025-06-10 23:24:52,177 - INFO - === π― λ‰΄μ¤ μΉ΄λ“ νƒμ§€ μ‹μ‘ (νμ΄μ§€ 1) ===
2025-06-10 23:24:52,210 - INFO - β… 1κ°μ λ‰΄μ¤ μΉ΄λ“ λ°κ²¬!
2025-06-10 23:24:52,210 - INFO - --- π“° λ‰΄μ¤ 1 μ²λ¦¬ μ¤‘ (νμ΄μ§€ 1) ---
2025-06-10 23:24:52,230 - INFO -         λ„¤μ΄λ²„ URL: https://n.news.naver.com/mnews/article/119/0002848032?sid=101
2025-06-10 23:24:52,230 - INFO -         μ›λ³Έ URL: https://www.dailian.co.kr/news/view/1380730/?sc=Naver
2025-06-10 23:24:52,250 - INFO -     β… μ¶”μ¶ μ™„λ£: 11λ²κ°€, νλΌλ‹¤μ΄μ¤μ‹ν‹° νΈμΊ‰μ¤ ν¨ν‚¤μ§€ λ‹¨λ… νΉκ°€ νλ§¤... | λ°μΌλ¦¬μ• | 2024.07.08.
2025-06-10 23:24:52,250 - INFO - π“„ νμ΄μ§€ 1 μ™„λ£
2025-06-10 23:24:54,250 - INFO - β… 20240706 to 20240712 λ‰΄μ¤ μμ§‘ μ™„λ£
2025-06-10 23:24:54,250 - INFO - π“… 20240706 to 20240712 μμ§‘ μ™„λ£
2025-06-10 23:24:54,251 - INFO - ================================
2025-06-10 23:24:54,251 - INFO - π“„ 20240713λ¶€ν„° 20240719κΉμ§€μ λ‰΄μ¤ μμ§‘ μ‹μ‘
2025-06-10 23:24:54,251 - INFO - π μ ‘μ† URL: https://search.naver.com/search.naver?where=news&query="λ…Έν‚¤μ¦μ΅΄"&nso=so:r,p:from20240713to20240719,a:all&start=1&service_area=1&office_category=4
2025-06-10 23:24:57,376 - INFO - === π― λ‰΄μ¤ μΉ΄λ“ νƒμ§€ μ‹μ‘ (νμ΄μ§€ 1) ===
2025-06-10 23:24:57,426 - INFO - β… 1κ°μ λ‰΄μ¤ μΉ΄λ“ λ°κ²¬!
2025-06-10 23:24:57,426 - INFO - --- π“° λ‰΄μ¤ 1 μ²λ¦¬ μ¤‘ (νμ΄μ§€ 1) ---
2025-06-10 23:24:57,448 - INFO -         λ„¤μ΄λ²„ URL: https://n.news.naver.com/mnews/article/002/0002341682?sid=102
2025-06-10 23:24:57,448 - INFO -         μ›λ³Έ URL: https://www.pressian.com/pages/articles/2024071710095035020?utm_source=naver&utm_medium=search
2025-06-10 23:24:57,468 - INFO -     β… μ¶”μ¶ μ™„λ£: λ…Έν‚¤μ¦Β·λ…Έμ‹¤λ²„Β·λ…ΈκµμΒ·λ…Έ20λ€β€¦'λ…Έβ—‹β—‹μ΅΄'μ ν•¨μ •[λ‚΄κ°€... | ν”„λ μ‹μ• | 2024.07.17.
2025-06-10 23:24:57,468 - INFO - π“„ νμ΄μ§€ 1 μ™„λ£
2025-06-10 23:24:59,473 - INFO - β… 20240713 to 20240719 λ‰΄μ¤ μμ§‘ μ™„λ£
2025-06-10 23:24:59,473 - INFO - π“… 20240713 to 20240719 μμ§‘ μ™„λ£
2025-06-10 23:24:59,474 - INFO - ================================
2025-06-10 23:24:59,474 - INFO - π“„ 20240720λ¶€ν„° 20240726κΉμ§€μ λ‰΄μ¤ μμ§‘ μ‹μ‘
2025-06-10 23:24:59,474 - INFO - π μ ‘μ† URL: https://search.naver.com/search.naver?where=news&query="λ…Έν‚¤μ¦μ΅΄"&nso=so:r,p:from20240720to20240726,a:all&start=1&service_area=1&office_category=4
2025-06-10 23:25:02,602 - INFO - === π― λ‰΄μ¤ μΉ΄λ“ νƒμ§€ μ‹μ‘ (νμ΄μ§€ 1) ===
2025-06-10 23:25:02,616 - INFO - β… 2κ°μ λ‰΄μ¤ μΉ΄λ“ λ°κ²¬!
2025-06-10 23:25:02,616 - INFO - --- π“° λ‰΄μ¤ 1 μ²λ¦¬ μ¤‘ (νμ΄μ§€ 1) ---
2025-06-10 23:25:02,643 - INFO -         λ„¤μ΄λ²„ URL: https://n.news.naver.com/mnews/article/031/0000855886?sid=102
2025-06-10 23:25:02,643 - INFO -         μ›λ³Έ URL: http://www.inews24.com/view/1745284
2025-06-10 23:25:02,665 - INFO -     β… μ¶”μ¶ μ™„λ£: "μ΄λ¬λ‹ λ…Έν‚¤μ¦μ΅΄ ν•μ§€"β€¦μ•„μ΄ μ† λ¬Έμ— λΌμ΄μ λ¬Έ μ—° ... | μ•„μ΄λ‰΄μ¤24 | 2024.07.23.
2025-06-10 23:25:02,665 - INFO - --- π“° λ‰΄μ¤ 2 μ²λ¦¬ μ¤‘ (νμ΄μ§€ 1) ---
2025-06-10 23:25:02,684 - INFO -         λ„¤μ΄λ²„ URL: https://n.news.naver.com/mnews/article/119/0002854326?sid=102
2025-06-10 23:25:02,684 - INFO -         μ›λ³Έ URL: https://www.dailian.co.kr/news/view/1387532/?sc=Naver
2025-06-10 23:25:02,703 - INFO -     β… μ¶”μ¶ μ™„λ£: "λ¬Έ μ• μ΅μ•„μ¤€ νƒ“" μ•„μ΄ μ† λΌμ΄μ 'λ°°μƒ' μ”κµ¬ν• ... | λ°μΌλ¦¬μ• | 2024.07.24.
2025-06-10 23:25:02,704 - INFO - π“„ νμ΄μ§€ 1 μ™„λ£
2025-06-10 23:25:04,709 - INFO - β… 20240720 to 20240726 λ‰΄μ¤ μμ§‘ μ™„λ£
2025-06-10 23:25:04,709 - INFO - π“… 20240720 to 20240726 μμ§‘ μ™„λ£
2025-06-10 23:25:04,710 - INFO - ================================
2025-06-10 23:25:04,710 - INFO - π“„ 20240727λ¶€ν„° 20240802κΉμ§€μ λ‰΄μ¤ μμ§‘ μ‹μ‘
2025-06-10 23:25:04,710 - INFO - π μ ‘μ† URL: https://search.naver.com/search.naver?where=news&query="λ…Έν‚¤μ¦μ΅΄"&nso=so:r,p:from20240727to20240802,a:all&start=1&service_area=1&office_category=4
2025-06-10 23:25:07,847 - INFO - === π― λ‰΄μ¤ μΉ΄λ“ νƒμ§€ μ‹μ‘ (νμ΄μ§€ 1) ===
2025-06-10 23:25:07,869 - INFO - β… 4κ°μ λ‰΄μ¤ μΉ΄λ“ λ°κ²¬!
2025-06-10 23:25:07,869 - INFO - --- π“° λ‰΄μ¤ 1 μ²λ¦¬ μ¤‘ (νμ΄μ§€ 1) ---
2025-06-10 23:25:07,898 - INFO -         λ„¤μ΄λ²„ URL: https://n.news.naver.com/mnews/article/031/0000858493?sid=102
2025-06-10 23:25:07,898 - INFO -         μ›λ³Έ URL: http://www.inews24.com/view/1748463
2025-06-10 23:25:07,920 - INFO -     β… μ¶”μ¶ μ™„λ£: λ€κµ¬ λ™κµ¬, λ€κµ¬ μµμ΄ β€μμ¤ν‚¤μ¦μ΅΄β€™ μ§€μ •μμ‹μ  λ¨μ§‘β€¦... | μ•„μ΄λ‰΄μ¤24 | 2024.08.01.
2025-06-10 23:25:07,920 - INFO - --- π“° λ‰΄μ¤ 2 μ²λ¦¬ μ¤‘ (νμ΄μ§€ 1) ---
2025-06-10 23:25:07,940 - INFO -         λ„¤μ΄λ²„ URL: https://n.news.naver.com/mnews/article/629/0000308305?sid=102
2025-06-10 23:25:07,940 - INFO -         μ›λ³Έ URL: http://news.tf.co.kr/read/life/2119732.htm
2025-06-10 23:25:07,967 - INFO -     β… μ¶”μ¶ μ™„λ£: λ…Έν‚¤μ¦μ΅΄ λ€μ‹  λ³΄ν— κ°€μ…ν•μ„Έμ”β€¦μ•μ „μ‚¬κ³  2000λ§μ› λ³΄... | λ”ν©νΈ | 2024.07.28.
2025-06-10 23:25:07,967 - INFO - --- π“° λ‰΄μ¤ 3 μ²λ¦¬ μ¤‘ (νμ΄μ§€ 1) ---
2025-06-10 23:25:07,985 - INFO -         λ„¤μ΄λ²„ URL: https://n.news.naver.com/mnews/article/417/0001017553?sid=101
2025-06-10 23:25:07,985 - INFO -         μ›λ³Έ URL: https://www.moneys.co.kr/article/2024072916461098524
2025-06-10 23:25:08,004 - INFO -     β… μ¶”μ¶ μ™„λ£: "μΉ΄νΒ·μ‹λ‹Ή, μ–΄λ¦°μ΄ μ‚¬κ³  κ±±μ •ν•μ§€ λ§μ„Έμ”" μ›°μ»΄ν‚¤μ¦ ... | λ¨Έλ‹S | 2024.07.30.
2025-06-10 23:25:08,004 - INFO - --- π“° λ‰΄μ¤ 4 μ²λ¦¬ μ¤‘ (νμ΄μ§€ 1) ---
2025-06-10 23:25:08,021 - INFO -         λ„¤μ΄λ²„ URL: https://n.news.naver.com/mnews/article/006/0000125270?sid=102
2025-06-10 23:25:08,021 - INFO -         μ›λ³Έ URL: https://www.mediatoday.co.kr/news/articleView.html?idxno=319928
2025-06-10 23:25:08,039 - INFO -     β… μ¶”μ¶ μ™„λ£: EBS λ”©λ™λ• μ μΉμ›, μ–΄λ¦°μ΄λ“¤μ΄ κΉμΉλ°μ„ λ“λ” μ΄μ λ”... | λ―Έλ””μ–΄μ¤λ | 2024.08.01.
2025-06-10 23:25:08,039 - INFO - π“„ νμ΄μ§€ 1 μ™„λ£
2025-06-10 23:25:10,044 - INFO - β… 20240727 to 20240802 λ‰΄μ¤ μμ§‘ μ™„λ£
2025-06-10 23:25:10,045 - INFO - π“… 20240727 to 20240802 μμ§‘ μ™„λ£
2025-06-10 23:25:10,045 - INFO - ================================
2025-06-10 23:25:10,045 - INFO - π“„ 20240803λ¶€ν„° 20240809κΉμ§€μ λ‰΄μ¤ μμ§‘ μ‹μ‘
2025-06-10 23:25:10,046 - INFO - π“ μ”μ²­ ν†µκ³„: 10ν μ™„λ£, ν‰κ·  λ€κΈ°: 0.0μ΄
2025-06-10 23:25:10,046 - INFO - π μ ‘μ† URL: https://search.naver.com/search.naver?where=news&query="λ…Έν‚¤μ¦μ΅΄"&nso=so:r,p:from20240803to20240809,a:all&start=1&service_area=1&office_category=4
2025-06-10 23:25:13,186 - INFO - === π― λ‰΄μ¤ μΉ΄λ“ νƒμ§€ μ‹μ‘ (νμ΄μ§€ 1) ===
2025-06-10 23:25:13,209 - INFO - β… 4κ°μ λ‰΄μ¤ μΉ΄λ“ λ°κ²¬!
2025-06-10 23:25:13,209 - INFO - --- π“° λ‰΄μ¤ 1 μ²λ¦¬ μ¤‘ (νμ΄μ§€ 1) ---
2025-06-10 23:25:13,239 - INFO -         λ„¤μ΄λ²„ URL: https://n.news.naver.com/mnews/article/119/0002860381?sid=102
2025-06-10 23:25:13,239 - INFO -         μ›λ³Έ URL: https://www.dailian.co.kr/news/view/1393975/?sc=Naver
2025-06-10 23:25:13,261 - INFO -     β… μ¶”μ¶ μ™„λ£: 'λ…Έν‚¤μ¦μ΅΄' λ²„μ “μ΄ λ§λ“¤μ–΄ λ†“κ³ β€¦'μ €μ¶μƒ' κ±±μ •ν•λ” λ‚... | λ°μΌλ¦¬μ• | 2024.08.09.
2025-06-10 23:25:13,261 - INFO - --- π“° λ‰΄μ¤ 2 μ²λ¦¬ μ¤‘ (νμ΄μ§€ 1) ---
2025-06-10 23:25:13,280 - INFO -         λ„¤μ΄λ²„ URL: https://n.news.naver.com/mnews/article/417/0001019988?sid=102
2025-06-10 23:25:13,280 - INFO -         μ›λ³Έ URL: https://www.moneys.co.kr/article/2024080912583642966
2025-06-10 23:25:13,299 - INFO -     β… μ¶”μ¶ μ™„λ£: "μ•„λ™μ°¨λ³„ μ—†λ” 'κ΄‘λ…' λ§λ“¤μ–΄ μ£Όμ„Έμ”"... | λ¨Έλ‹S | 2024.08.09.
2025-06-10 23:25:13,299 - INFO - --- π“° λ‰΄μ¤ 3 μ²λ¦¬ μ¤‘ (νμ΄μ§€ 1) ---
2025-06-10 23:25:13,317 - INFO -         λ„¤μ΄λ²„ URL: https://n.news.naver.com/mnews/article/629/0000312098?sid=102
2025-06-10 23:25:13,317 - INFO -         μ›λ³Έ URL: http://news.tf.co.kr/read/national/2123800.htm
2025-06-10 23:25:13,340 - INFO -     β… μ¶”μ¶ μ™„λ£: κ΄‘λ…μ‹, μ•„μ΄λ“¤ λλ†’μ΄λ΅ μ•„λ™ μ°¨λ³„ μ—†λ” ν–‰λ³µ λ„μ‹ λ§... | λ”ν©νΈ | 2024.08.09.
2025-06-10 23:25:13,341 - INFO - --- π“° λ‰΄μ¤ 4 μ²λ¦¬ μ¤‘ (νμ΄μ§€ 1) ---
2025-06-10 23:25:13,358 - INFO -         λ„¤μ΄λ²„ URL: https://n.news.naver.com/mnews/article/047/0002442183?sid=102
2025-06-10 23:25:13,359 - INFO -         μ›λ³Έ URL: https://www.ohmynews.com/NWS_Web/View/at_pg.aspx?CNTN_CD=A0003044704&CMPT_CD=P0010&utm_source=naver&utm_medium=newsearch&utm_campaign=naver_news
2025-06-10 23:25:13,377 - INFO -     β… μ¶”μ¶ μ™„λ£: "κΈ°ν›„μ„κΈ° λ•λ¬Έμ— μ¶μ‚° κ±°λ¶€? κ·Έκ±Έ λ€ν•λ” μ‹λ―Όλ“¤ νƒλ„... | μ¤λ§μ΄λ‰΄μ¤ | 2024.08.06.
2025-06-10 23:25:13,377 - INFO - π“„ νμ΄μ§€ 1 μ™„λ£
2025-06-10 23:25:15,382 - INFO - β… 20240803 to 20240809 λ‰΄μ¤ μμ§‘ μ™„λ£
2025-06-10 23:25:15,383 - INFO - π“… 20240803 to 20240809 μμ§‘ μ™„λ£
2025-06-10 23:25:15,383 - INFO - ================================
2025-06-10 23:25:15,383 - INFO - π“„ 20240810λ¶€ν„° 20240816κΉμ§€μ λ‰΄μ¤ μμ§‘ μ‹μ‘
2025-06-10 23:25:15,384 - INFO - β° μλ„μ° μ ν•: 7.0μ΄ λ€κΈ° μ¤‘... (60μ΄μ— 10ν μ ν•)
2025-06-10 23:25:22,845 - INFO - π μ ‘μ† URL: https://search.naver.com/search.naver?where=news&query="λ…Έν‚¤μ¦μ΅΄"&nso=so:r,p:from20240810to20240816,a:all&start=1&service_area=1&office_category=4
2025-06-10 23:25:25,972 - INFO - === π― λ‰΄μ¤ μΉ΄λ“ νƒμ§€ μ‹μ‘ (νμ΄μ§€ 1) ===
2025-06-10 23:25:26,021 - INFO - β… 1κ°μ λ‰΄μ¤ μΉ΄λ“ λ°κ²¬!
2025-06-10 23:25:26,021 - INFO - --- π“° λ‰΄μ¤ 1 μ²λ¦¬ μ¤‘ (νμ΄μ§€ 1) ---
2025-06-10 23:25:26,041 - INFO -         λ„¤μ΄λ²„ URL: 
2025-06-10 23:25:26,041 - INFO -         μ›λ³Έ URL: http://news.tf.co.kr/read/entertain/2124320.htm
2025-06-10 23:25:26,068 - INFO -     β… μ¶”μ¶ μ™„λ£: [μΉκµ¬λ“¤! λ¨μ—¬λΌβ‘΅] μ•„μ΄λ“¤μ λ€ν†µλ Ή, μΊλ¦­ν„° 'λ² λ² ν•€... | λ”ν©νΈ | 2024.08.13.
2025-06-10 23:25:26,068 - INFO - π“„ νμ΄μ§€ 1 μ™„λ£
2025-06-10 23:25:28,071 - INFO - β… 20240810 to 20240816 λ‰΄μ¤ μμ§‘ μ™„λ£
2025-06-10 23:25:28,071 - INFO - π“… 20240810 to 20240816 μμ§‘ μ™„λ£
2025-06-10 23:25:28,072 - INFO - ================================
2025-06-10 23:25:28,072 - INFO - π“„ 20240817λ¶€ν„° 20240823κΉμ§€μ λ‰΄μ¤ μμ§‘ μ‹μ‘
2025-06-10 23:25:28,072 - INFO - π μ ‘μ† URL: https://search.naver.com/search.naver?where=news&query="λ…Έν‚¤μ¦μ΅΄"&nso=so:r,p:from20240817to20240823,a:all&start=1&service_area=1&office_category=4
2025-06-10 23:25:31,192 - INFO - === π― λ‰΄μ¤ μΉ΄λ“ νƒμ§€ μ‹μ‘ (νμ΄μ§€ 1) ===
2025-06-10 23:25:31,204 - INFO - β λ” μ΄μƒ λ‰΄μ¤κ°€ μ—†μµλ‹λ‹¤ (νμ΄μ§€ 1)
2025-06-10 23:25:31,204 - INFO - π“… 20240817 to 20240823 μμ§‘ μ™„λ£
2025-06-10 23:25:31,204 - INFO - ================================
2025-06-10 23:25:31,204 - INFO - π“„ 20240824λ¶€ν„° 20240830κΉμ§€μ λ‰΄μ¤ μμ§‘ μ‹μ‘
2025-06-10 23:25:31,204 - INFO - β° μλ„μ° μ ν•: 2.0μ΄ λ€κΈ° μ¤‘... (60μ΄μ— 10ν μ ν•)
2025-06-10 23:25:33,722 - INFO - π μ ‘μ† URL: https://search.naver.com/search.naver?where=news&query="λ…Έν‚¤μ¦μ΅΄"&nso=so:r,p:from20240824to20240830,a:all&start=1&service_area=1&office_category=4
2025-06-10 23:25:36,885 - INFO - === π― λ‰΄μ¤ μΉ΄λ“ νƒμ§€ μ‹μ‘ (νμ΄μ§€ 1) ===
2025-06-10 23:25:36,906 - INFO - β… 3κ°μ λ‰΄μ¤ μΉ΄λ“ λ°κ²¬!
2025-06-10 23:25:36,907 - INFO - --- π“° λ‰΄μ¤ 1 μ²λ¦¬ μ¤‘ (νμ΄μ§€ 1) ---
2025-06-10 23:25:36,936 - INFO -         λ„¤μ΄λ²„ URL: https://n.news.naver.com/mnews/article/031/0000865976?sid=102
2025-06-10 23:25:36,936 - INFO -         μ›λ³Έ URL: http://www.inews24.com/view/1758167
2025-06-10 23:25:36,958 - INFO -     β… μ¶”μ¶ μ™„λ£: "μ΄λ¬λ‹ λ…Έν‚¤μ¦μ΅΄ ν•΄μ•Ό"β€¦λ§¤μ¥μ— λ—μλ¦¬ κΉ”κ³  λ†€κ² ν• ... | μ•„μ΄λ‰΄μ¤24 | 2024.08.30.
2025-06-10 23:25:36,958 - INFO - --- π“° λ‰΄μ¤ 2 μ²λ¦¬ μ¤‘ (νμ΄μ§€ 1) ---
2025-06-10 23:25:36,978 - INFO -         λ„¤μ΄λ²„ URL: https://n.news.naver.com/mnews/article/079/0003933217?sid=102
2025-06-10 23:25:36,978 - INFO -         μ›λ³Έ URL: https://www.nocutnews.co.kr/news/6203872?utm_source=naver&utm_medium=article&utm_campaign=20240830090513
2025-06-10 23:25:36,997 - INFO -     β… μ¶”μ¶ μ™„λ£: μ•λ™μ‹, μ•„λ™μΉν™”μμ‹μ  'μ›°μ»΄-ν‚¤μ¦μ΅΄' μ΄μβ€¦"μ €μ¶μƒ ... | λ…Έμ»·λ‰΄μ¤ | 2024.08.30.
2025-06-10 23:25:36,997 - INFO - --- π“° λ‰΄μ¤ 3 μ²λ¦¬ μ¤‘ (νμ΄μ§€ 1) ---
2025-06-10 23:25:37,014 - INFO -         λ„¤μ΄λ²„ URL: https://n.news.naver.com/mnews/article/417/0001024074?sid=102
2025-06-10 23:25:37,015 - INFO -         μ›λ³Έ URL: https://www.moneys.co.kr/article/2024082915012650302
2025-06-10 23:25:37,033 - INFO -     β… μ¶”μ¶ μ™„λ£: "μ΄λ¬λ‹ λ…Έν‚¤μ¦μ΅΄ ν•μ§€"β€¦ λ§¤μ¥μ„ λ—μλ¦¬ κΉ”κ³  μ•„μ΄λ“¤ ... | λ¨Έλ‹S | 2024.08.29.
2025-06-10 23:25:37,033 - INFO - π“„ νμ΄μ§€ 1 μ™„λ£
2025-06-10 23:25:39,038 - INFO - β… 20240824 to 20240830 λ‰΄μ¤ μμ§‘ μ™„λ£
2025-06-10 23:25:39,038 - INFO - π“… 20240824 to 20240830 μμ§‘ μ™„λ£
2025-06-10 23:25:39,039 - INFO - ================================
2025-06-10 23:25:39,039 - INFO - π“„ 20240831λ¶€ν„° 20240906κΉμ§€μ λ‰΄μ¤ μμ§‘ μ‹μ‘
2025-06-10 23:25:39,039 - INFO - π μ ‘μ† URL: https://search.naver.com/search.naver?where=news&query="λ…Έν‚¤μ¦μ΅΄"&nso=so:r,p:from20240831to20240906,a:all&start=1&service_area=1&office_category=4
2025-06-10 23:25:42,174 - INFO - === π― λ‰΄μ¤ μΉ΄λ“ νƒμ§€ μ‹μ‘ (νμ΄μ§€ 1) ===
2025-06-10 23:25:42,224 - INFO - β… 1κ°μ λ‰΄μ¤ μΉ΄λ“ λ°κ²¬!
2025-06-10 23:25:42,225 - INFO - --- π“° λ‰΄μ¤ 1 μ²λ¦¬ μ¤‘ (νμ΄μ§€ 1) ---
2025-06-10 23:25:42,246 - INFO -         λ„¤μ΄λ²„ URL: https://n.news.naver.com/mnews/article/002/0002348523?sid=103
2025-06-10 23:25:42,246 - INFO -         μ›λ³Έ URL: https://www.pressian.com/pages/articles/2024082917014960756?utm_source=naver&utm_medium=search
2025-06-10 23:25:42,270 - INFO -     β… μ¶”μ¶ μ™„λ£: λ¬΄μ©μκ°€ λ μ¥μ• μΈ λ³€νΈμ‚¬ "μ¶¤μ¶”λ” λ―Όμ£Όμ£Όμμ™€ μ¨μ „ν• ... | ν”„λ μ‹μ• | 2024.08.31.
2025-06-10 23:25:42,270 - INFO - π“„ νμ΄μ§€ 1 μ™„λ£
2025-06-10 23:25:44,272 - INFO - β… 20240831 to 20240906 λ‰΄μ¤ μμ§‘ μ™„λ£
2025-06-10 23:25:44,272 - INFO - π“… 20240831 to 20240906 μμ§‘ μ™„λ£
2025-06-10 23:25:44,272 - INFO - ================================
2025-06-10 23:25:44,273 - INFO - π“„ 20240907λ¶€ν„° 20240913κΉμ§€μ λ‰΄μ¤ μμ§‘ μ‹μ‘
2025-06-10 23:25:44,273 - INFO - π μ ‘μ† URL: https://search.naver.com/search.naver?where=news&query="λ…Έν‚¤μ¦μ΅΄"&nso=so:r,p:from20240907to20240913,a:all&start=1&service_area=1&office_category=4
2025-06-10 23:25:47,392 - INFO - === π― λ‰΄μ¤ μΉ΄λ“ νƒμ§€ μ‹μ‘ (νμ΄μ§€ 1) ===
2025-06-10 23:25:47,414 - INFO - β… 2κ°μ λ‰΄μ¤ μΉ΄λ“ λ°κ²¬!
2025-06-10 23:25:47,414 - INFO - --- π“° λ‰΄μ¤ 1 μ²λ¦¬ μ¤‘ (νμ΄μ§€ 1) ---
2025-06-10 23:25:47,443 - INFO -         λ„¤μ΄λ²„ URL: https://n.news.naver.com/mnews/article/119/0002871124?sid=103
2025-06-10 23:25:47,444 - INFO -         μ›λ³Έ URL: https://www.dailian.co.kr/news/view/1405668/?sc=Naver
2025-06-10 23:25:47,466 - INFO -     β… μ¶”μ¶ μ™„λ£: "μ¶μ‚°μ¨ κΌ΄μ° ν•κµ­β€¦μ λ¨μ°¨λ³΄λ‹¤ κ°λ¨μ°¨ λ” ν”λ ¤"... | λ°μΌλ¦¬μ• | 2024.09.10.
2025-06-10 23:25:47,466 - INFO - --- π“° λ‰΄μ¤ 2 μ²λ¦¬ μ¤‘ (νμ΄μ§€ 1) ---
2025-06-10 23:25:47,485 - INFO -         λ„¤μ΄λ²„ URL: https://n.news.naver.com/mnews/article/417/0001026548?sid=104
2025-06-10 23:25:47,485 - INFO -         μ›λ³Έ URL: https://www.moneys.co.kr/article/2024091010510943872
2025-06-10 23:25:47,505 - INFO -     β… μ¶”μ¶ μ™„λ£: "μ λ¨μ°¨λ³΄λ‹¤ 'κ°λ¨μ°¨'μ λ‚λΌ"β€¦ λ―Έκµ­, ν•κµ­ μ €μ¶μ‚° ... | λ¨Έλ‹S | 2024.09.10.
2025-06-10 23:25:47,505 - INFO - π“„ νμ΄μ§€ 1 μ™„λ£
2025-06-10 23:25:49,510 - INFO - β… 20240907 to 20240913 λ‰΄μ¤ μμ§‘ μ™„λ£
2025-06-10 23:25:49,510 - INFO - π“… 20240907 to 20240913 μμ§‘ μ™„λ£
2025-06-10 23:25:49,511 - INFO - ================================
2025-06-10 23:25:49,511 - INFO - π“„ 20240914λ¶€ν„° 20240920κΉμ§€μ λ‰΄μ¤ μμ§‘ μ‹μ‘
2025-06-10 23:25:49,511 - INFO - π μ ‘μ† URL: https://search.naver.com/search.naver?where=news&query="λ…Έν‚¤μ¦μ΅΄"&nso=so:r,p:from20240914to20240920,a:all&start=1&service_area=1&office_category=4
2025-06-10 23:25:52,636 - INFO - === π― λ‰΄μ¤ μΉ΄λ“ νƒμ§€ μ‹μ‘ (νμ΄μ§€ 1) ===
2025-06-10 23:25:52,654 - INFO - β λ” μ΄μƒ λ‰΄μ¤κ°€ μ—†μµλ‹λ‹¤ (νμ΄μ§€ 1)
2025-06-10 23:25:52,654 - INFO - π“… 20240914 to 20240920 μμ§‘ μ™„λ£
2025-06-10 23:25:52,654 - INFO - ================================
2025-06-10 23:25:52,654 - INFO - π“„ 20240921λ¶€ν„° 20240927κΉμ§€μ λ‰΄μ¤ μμ§‘ μ‹μ‘
2025-06-10 23:25:52,654 - INFO - β° μλ„μ° μ ν•: 1.6μ΄ λ€κΈ° μ¤‘... (60μ΄μ— 10ν μ ν•)
2025-06-10 23:25:54,752 - INFO - π μ ‘μ† URL: https://search.naver.com/search.naver?where=news&query="λ…Έν‚¤μ¦μ΅΄"&nso=so:r,p:from20240921to20240927,a:all&start=1&service_area=1&office_category=4
2025-06-10 23:25:57,883 - INFO - === π― λ‰΄μ¤ μΉ΄λ“ νƒμ§€ μ‹μ‘ (νμ΄μ§€ 1) ===
2025-06-10 23:25:57,900 - INFO - β λ” μ΄μƒ λ‰΄μ¤κ°€ μ—†μµλ‹λ‹¤ (νμ΄μ§€ 1)
2025-06-10 23:25:57,900 - INFO - π“… 20240921 to 20240927 μμ§‘ μ™„λ£
2025-06-10 23:25:57,901 - INFO - ================================
2025-06-10 23:25:57,901 - INFO - π“„ 20240928λ¶€ν„° 20241004κΉμ§€μ λ‰΄μ¤ μμ§‘ μ‹μ‘
2025-06-10 23:25:57,901 - INFO - β° μλ„μ° μ ν•: 1.6μ΄ λ€κΈ° μ¤‘... (60μ΄μ— 10ν μ ν•)
2025-06-10 23:25:59,978 - INFO - π μ ‘μ† URL: https://search.naver.com/search.naver?where=news&query="λ…Έν‚¤μ¦μ΅΄"&nso=so:r,p:from20240928to20241004,a:all&start=1&service_area=1&office_category=4
2025-06-10 23:26:03,169 - INFO - === π― λ‰΄μ¤ μΉ΄λ“ νƒμ§€ μ‹μ‘ (νμ΄μ§€ 1) ===
2025-06-10 23:26:03,191 - INFO - β… 4κ°μ λ‰΄μ¤ μΉ΄λ“ λ°κ²¬!
2025-06-10 23:26:03,192 - INFO - --- π“° λ‰΄μ¤ 1 μ²λ¦¬ μ¤‘ (νμ΄μ§€ 1) ---
2025-06-10 23:26:03,221 - INFO -         λ„¤μ΄λ²„ URL: https://n.news.naver.com/mnews/article/031/0000873367?sid=102
2025-06-10 23:26:03,221 - INFO -         μ›λ³Έ URL: http://www.inews24.com/view/1767812
2025-06-10 23:26:03,244 - INFO -     β… μ¶”μ¶ μ™„λ£: κ²½μ‚°μ‹, 2024λ…„ μ•„λ™μΉν™”μμ‹μ  'μ›°μ»΄ ν‚¤μ¦μ΅΄' μ§€μ •... | μ•„μ΄λ‰΄μ¤24 | 2024.10.02.
2025-06-10 23:26:03,244 - INFO - --- π“° λ‰΄μ¤ 2 μ²λ¦¬ μ¤‘ (νμ΄μ§€ 1) ---
2025-06-10 23:26:03,264 - INFO -         λ„¤μ΄λ²„ URL: https://n.news.naver.com/mnews/article/629/0000325329?sid=102
2025-06-10 23:26:03,264 - INFO -         μ›λ³Έ URL: http://news.tf.co.kr/read/national/2137712.htm
2025-06-10 23:26:03,283 - INFO -     β… μ¶”μ¶ μ™„λ£: μ•„λ™μΉν™”λ„μ‹ μ™„μ£Όκµ°, β€λ…Έν‚¤μ¦μ΅΄β€™ λ€μ•μΌλ΅ β€μ•„μ΄λ¬λΈμ΅΄... | λ”ν©νΈ | 2024.09.30.
2025-06-10 23:26:03,283 - INFO - --- π“° λ‰΄μ¤ 3 μ²λ¦¬ μ¤‘ (νμ΄μ§€ 1) ---
2025-06-10 23:26:03,301 - INFO -         λ„¤μ΄λ²„ URL: https://n.news.naver.com/mnews/article/002/0002352813?sid=102
2025-06-10 23:26:03,301 - INFO -         μ›λ³Έ URL: https://www.pressian.com/pages/articles/2024093016504346021?utm_source=naver&utm_medium=search
2025-06-10 23:26:03,319 - INFO -     β… μ¶”μ¶ μ™„λ£: μ•„λ™μΉν™”λ„μ‹ μ™„μ£Όκµ°, μ•„λ™μΉν™”μƒμ  β€μ•„μ΄λ¬λΈμ΅΄β€™ μ§€μ • ... | ν”„λ μ‹μ• | 2024.10.01.
2025-06-10 23:26:03,319 - INFO - --- π“° λ‰΄μ¤ 4 μ²λ¦¬ μ¤‘ (νμ΄μ§€ 1) ---
2025-06-10 23:26:03,337 - INFO -         λ„¤μ΄λ²„ URL: https://n.news.naver.com/mnews/article/047/0002447503?sid=102
2025-06-10 23:26:03,337 - INFO -         μ›λ³Έ URL: https://www.ohmynews.com/NWS_Web/View/at_pg.aspx?CNTN_CD=A0003067028&CMPT_CD=P0010&utm_source=naver&utm_medium=newsearch&utm_campaign=naver_news
2025-06-10 23:26:03,355 - INFO -     β… μ¶”μ¶ μ™„λ£: κΎ€κΌ¬λ¦¬ κ°™μ€ λ©μ†λ¦¬λ΅ μμ•μ„ ν•΄λ€λ” μ•„μ΄λ“¤... | μ¤λ§μ΄λ‰΄μ¤ | 2024.09.30.
2025-06-10 23:26:03,355 - INFO - π“„ νμ΄μ§€ 1 μ™„λ£
2025-06-10 23:26:05,357 - INFO - β… 20240928 to 20241004 λ‰΄μ¤ μμ§‘ μ™„λ£
2025-06-10 23:26:05,358 - INFO - π“… 20240928 to 20241004 μμ§‘ μ™„λ£
2025-06-10 23:26:05,358 - INFO - ================================
2025-06-10 23:26:05,358 - INFO - π“„ 20241005λ¶€ν„° 20241011κΉμ§€μ λ‰΄μ¤ μμ§‘ μ‹μ‘
2025-06-10 23:26:05,358 - INFO - π μ ‘μ† URL: https://search.naver.com/search.naver?where=news&query="λ…Έν‚¤μ¦μ΅΄"&nso=so:r,p:from20241005to20241011,a:all&start=1&service_area=1&office_category=4
2025-06-10 23:26:08,492 - INFO - === π― λ‰΄μ¤ μΉ΄λ“ νƒμ§€ μ‹μ‘ (νμ΄μ§€ 1) ===
2025-06-10 23:26:08,514 - INFO - β… 2κ°μ λ‰΄μ¤ μΉ΄λ“ λ°κ²¬!
2025-06-10 23:26:08,514 - INFO - --- π“° λ‰΄μ¤ 1 μ²λ¦¬ μ¤‘ (νμ΄μ§€ 1) ---
2025-06-10 23:26:08,544 - INFO -         λ„¤μ΄λ²„ URL: https://n.news.naver.com/mnews/article/002/0002354249?sid=110
2025-06-10 23:26:08,544 - INFO -         μ›λ³Έ URL: https://www.pressian.com/pages/articles/2024101110122114408?utm_source=naver&utm_medium=search
2025-06-10 23:26:08,566 - INFO -     β… μ¶”μ¶ μ™„λ£: 'μ‹λ°μ 'μ΄ μ•? μ²­μ†λ…„μ— 'νƒ•ν›„λ£¨' λ¬Όμ—λ‹¤λ©΄ λ¬Έν•΄λ ¥ ... | ν”„λ μ‹μ• | 2024.10.11.
2025-06-10 23:26:08,566 - INFO - --- π“° λ‰΄μ¤ 2 μ²λ¦¬ μ¤‘ (νμ΄μ§€ 1) ---
2025-06-10 23:26:08,585 - INFO -         λ„¤μ΄λ²„ URL: https://n.news.naver.com/mnews/article/047/0002447995?sid=103
2025-06-10 23:26:08,585 - INFO -         μ›λ³Έ URL: https://www.ohmynews.com/NWS_Web/View/at_pg.aspx?CNTN_CD=A0003066049&CMPT_CD=P0010&utm_source=naver&utm_medium=newsearch&utm_campaign=naver_news
2025-06-10 23:26:08,605 - INFO -     β… μ¶”μ¶ μ™„λ£: μ•„μ΄λ“¤ μ• λ°κΈ°λ” μ„Έμƒ, κ·Όλ° μ—¬κΈ°λ” μΆ€ λ‹¤λ¥΄λ„¤μ”... | μ¤λ§μ΄λ‰΄μ¤ | 2024.10.06.
2025-06-10 23:26:08,605 - INFO - π“„ νμ΄μ§€ 1 μ™„λ£
2025-06-10 23:26:10,609 - INFO - β… 20241005 to 20241011 λ‰΄μ¤ μμ§‘ μ™„λ£
2025-06-10 23:26:10,610 - INFO - π“… 20241005 to 20241011 μμ§‘ μ™„λ£
2025-06-10 23:26:10,610 - INFO - ================================
2025-06-10 23:26:10,610 - INFO - π“„ 20241012λ¶€ν„° 20241018κΉμ§€μ λ‰΄μ¤ μμ§‘ μ‹μ‘
2025-06-10 23:26:10,611 - INFO - π“ μ”μ²­ ν†µκ³„: 20ν μ™„λ£, ν‰κ·  λ€κΈ°: 0.7μ΄
2025-06-10 23:26:10,611 - INFO - π μ ‘μ† URL: https://search.naver.com/search.naver?where=news&query="λ…Έν‚¤μ¦μ΅΄"&nso=so:r,p:from20241012to20241018,a:all&start=1&service_area=1&office_category=4
2025-06-10 23:26:13,736 - INFO - === π― λ‰΄μ¤ μΉ΄λ“ νƒμ§€ μ‹μ‘ (νμ΄μ§€ 1) ===
2025-06-10 23:26:13,754 - INFO - β λ” μ΄μƒ λ‰΄μ¤κ°€ μ—†μµλ‹λ‹¤ (νμ΄μ§€ 1)
2025-06-10 23:26:13,754 - INFO - π“… 20241012 to 20241018 μμ§‘ μ™„λ£
2025-06-10 23:26:13,754 - INFO - ================================
2025-06-10 23:26:13,754 - INFO - π“„ 20241019λ¶€ν„° 20241025κΉμ§€μ λ‰΄μ¤ μμ§‘ μ‹μ‘
2025-06-10 23:26:13,754 - INFO - β° μλ„μ° μ ν•: 9.1μ΄ λ€κΈ° μ¤‘... (60μ΄μ— 10ν μ ν•)
2025-06-10 23:26:23,350 - INFO - π μ ‘μ† URL: https://search.naver.com/search.naver?where=news&query="λ…Έν‚¤μ¦μ΅΄"&nso=so:r,p:from20241019to20241025,a:all&start=1&service_area=1&office_category=4
2025-06-10 23:26:26,484 - INFO - === π― λ‰΄μ¤ μΉ΄λ“ νƒμ§€ μ‹μ‘ (νμ΄μ§€ 1) ===
2025-06-10 23:26:26,501 - INFO - β λ” μ΄μƒ λ‰΄μ¤κ°€ μ—†μµλ‹λ‹¤ (νμ΄μ§€ 1)
2025-06-10 23:26:26,502 - INFO - π“… 20241019 to 20241025 μμ§‘ μ™„λ£
2025-06-10 23:26:26,502 - INFO - ================================
2025-06-10 23:26:26,502 - INFO - π“„ 20241026λ¶€ν„° 20241101κΉμ§€μ λ‰΄μ¤ μμ§‘ μ‹μ‘
2025-06-10 23:26:26,502 - INFO - β° μλ„μ° μ ν•: 1.6μ΄ λ€κΈ° μ¤‘... (60μ΄μ— 10ν μ ν•)
2025-06-10 23:26:28,572 - INFO - π μ ‘μ† URL: https://search.naver.com/search.naver?where=news&query="λ…Έν‚¤μ¦μ΅΄"&nso=so:r,p:from20241026to20241101,a:all&start=1&service_area=1&office_category=4
2025-06-10 23:26:31,707 - INFO - === π― λ‰΄μ¤ μΉ΄λ“ νƒμ§€ μ‹μ‘ (νμ΄μ§€ 1) ===
2025-06-10 23:26:31,725 - INFO - β λ” μ΄μƒ λ‰΄μ¤κ°€ μ—†μµλ‹λ‹¤ (νμ΄μ§€ 1)
2025-06-10 23:26:31,725 - INFO - π“… 20241026 to 20241101 μμ§‘ μ™„λ£
2025-06-10 23:26:31,725 - INFO - ================================
2025-06-10 23:26:31,725 - INFO - π“„ 20241102λ¶€ν„° 20241108κΉμ§€μ λ‰΄μ¤ μμ§‘ μ‹μ‘
2025-06-10 23:26:31,725 - INFO - β° μλ„μ° μ ν•: 2.0μ΄ λ€κΈ° μ¤‘... (60μ΄μ— 10ν μ ν•)
2025-06-10 23:26:34,226 - INFO - π μ ‘μ† URL: https://search.naver.com/search.naver?where=news&query="λ…Έν‚¤μ¦μ΅΄"&nso=so:r,p:from20241102to20241108,a:all&start=1&service_area=1&office_category=4
2025-06-10 23:26:37,356 - INFO - === π― λ‰΄μ¤ μΉ΄λ“ νƒμ§€ μ‹μ‘ (νμ΄μ§€ 1) ===
2025-06-10 23:26:37,406 - INFO - β… 1κ°μ λ‰΄μ¤ μΉ΄λ“ λ°κ²¬!
2025-06-10 23:26:37,406 - INFO - --- π“° λ‰΄μ¤ 1 μ²λ¦¬ μ¤‘ (νμ΄μ§€ 1) ---
2025-06-10 23:26:37,428 - INFO -         λ„¤μ΄λ²„ URL: https://n.news.naver.com/mnews/article/079/0003955094?sid=102
2025-06-10 23:26:37,428 - INFO -         μ›λ³Έ URL: https://www.nocutnews.co.kr/news/6238458?utm_source=naver&utm_medium=article&utm_campaign=20241104031625
2025-06-10 23:26:37,449 - INFO -     β… μ¶”μ¶ μ™„λ£: κ²½μƒλ¶λ„μν, 2024λ…„ μ²­μ†λ…„μνκµμ‹¤ λ§λ¬΄λ¦¬... | λ…Έμ»·λ‰΄μ¤ | 2024.11.04.
2025-06-10 23:26:37,449 - INFO - π“„ νμ΄μ§€ 1 μ™„λ£
2025-06-10 23:26:39,450 - INFO - β… 20241102 to 20241108 λ‰΄μ¤ μμ§‘ μ™„λ£
2025-06-10 23:26:39,450 - INFO - π“… 20241102 to 20241108 μμ§‘ μ™„λ£
2025-06-10 23:26:39,451 - INFO - ================================
2025-06-10 23:26:39,451 - INFO - π“„ 20241109λ¶€ν„° 20241115κΉμ§€μ λ‰΄μ¤ μμ§‘ μ‹μ‘
2025-06-10 23:26:39,451 - INFO - π μ ‘μ† URL: https://search.naver.com/search.naver?where=news&query="λ…Έν‚¤μ¦μ΅΄"&nso=so:r,p:from20241109to20241115,a:all&start=1&service_area=1&office_category=4
2025-06-10 23:26:42,578 - INFO - === π― λ‰΄μ¤ μΉ΄λ“ νƒμ§€ μ‹μ‘ (νμ΄μ§€ 1) ===
2025-06-10 23:26:42,595 - INFO - β λ” μ΄μƒ λ‰΄μ¤κ°€ μ—†μµλ‹λ‹¤ (νμ΄μ§€ 1)
2025-06-10 23:26:42,595 - INFO - π“… 20241109 to 20241115 μμ§‘ μ™„λ£
2025-06-10 23:26:42,595 - INFO - ================================
2025-06-10 23:26:42,595 - INFO - π“„ 20241116λ¶€ν„° 20241122κΉμ§€μ λ‰΄μ¤ μμ§‘ μ‹μ‘
2025-06-10 23:26:42,595 - INFO - β° μλ„μ° μ ν•: 1.7μ΄ λ€κΈ° μ¤‘... (60μ΄μ— 10ν μ ν•)
2025-06-10 23:26:44,778 - INFO - π μ ‘μ† URL: https://search.naver.com/search.naver?where=news&query="λ…Έν‚¤μ¦μ΅΄"&nso=so:r,p:from20241116to20241122,a:all&start=1&service_area=1&office_category=4
2025-06-10 23:26:47,917 - INFO - === π― λ‰΄μ¤ μΉ΄λ“ νƒμ§€ μ‹μ‘ (νμ΄μ§€ 1) ===
2025-06-10 23:26:47,934 - INFO - β λ” μ΄μƒ λ‰΄μ¤κ°€ μ—†μµλ‹λ‹¤ (νμ΄μ§€ 1)
2025-06-10 23:26:47,934 - INFO - π“… 20241116 to 20241122 μμ§‘ μ™„λ£
2025-06-10 23:26:47,934 - INFO - ================================
2025-06-10 23:26:47,934 - INFO - π“„ 20241123λ¶€ν„° 20241129κΉμ§€μ λ‰΄μ¤ μμ§‘ μ‹μ‘
2025-06-10 23:26:47,934 - INFO - β° μλ„μ° μ ν•: 1.6μ΄ λ€κΈ° μ¤‘... (60μ΄μ— 10ν μ ν•)
2025-06-10 23:26:50,012 - INFO - π μ ‘μ† URL: https://search.naver.com/search.naver?where=news&query="λ…Έν‚¤μ¦μ΅΄"&nso=so:r,p:from20241123to20241129,a:all&start=1&service_area=1&office_category=4
2025-06-10 23:26:53,148 - INFO - === π― λ‰΄μ¤ μΉ΄λ“ νƒμ§€ μ‹μ‘ (νμ΄μ§€ 1) ===
2025-06-10 23:26:53,166 - INFO - β λ” μ΄μƒ λ‰΄μ¤κ°€ μ—†μµλ‹λ‹¤ (νμ΄μ§€ 1)
2025-06-10 23:26:53,166 - INFO - π“… 20241123 to 20241129 μμ§‘ μ™„λ£
2025-06-10 23:26:53,166 - INFO - ================================
2025-06-10 23:26:53,166 - INFO - π“„ 20241130λ¶€ν„° 20241206κΉμ§€μ λ‰΄μ¤ μμ§‘ μ‹μ‘
2025-06-10 23:26:53,166 - INFO - β° μλ„μ° μ ν•: 1.6μ΄ λ€κΈ° μ¤‘... (60μ΄μ— 10ν μ ν•)
2025-06-10 23:26:55,256 - INFO - π μ ‘μ† URL: https://search.naver.com/search.naver?where=news&query="λ…Έν‚¤μ¦μ΅΄"&nso=so:r,p:from20241130to20241206,a:all&start=1&service_area=1&office_category=4
2025-06-10 23:26:58,394 - INFO - === π― λ‰΄μ¤ μΉ΄λ“ νƒμ§€ μ‹μ‘ (νμ΄μ§€ 1) ===
2025-06-10 23:26:58,412 - INFO - β λ” μ΄μƒ λ‰΄μ¤κ°€ μ—†μµλ‹λ‹¤ (νμ΄μ§€ 1)
2025-06-10 23:26:58,413 - INFO - π“… 20241130 to 20241206 μμ§‘ μ™„λ£
2025-06-10 23:26:58,413 - INFO - ================================
2025-06-10 23:26:58,413 - INFO - π“„ 20241207λ¶€ν„° 20241213κΉμ§€μ λ‰΄μ¤ μμ§‘ μ‹μ‘
2025-06-10 23:26:58,413 - INFO - β° μλ„μ° μ ν•: 1.6μ΄ λ€κΈ° μ¤‘... (60μ΄μ— 10ν μ ν•)
2025-06-10 23:27:00,483 - INFO - π μ ‘μ† URL: https://search.naver.com/search.naver?where=news&query="λ…Έν‚¤μ¦μ΅΄"&nso=so:r,p:from20241207to20241213,a:all&start=1&service_area=1&office_category=4
2025-06-10 23:27:03,611 - INFO - === π― λ‰΄μ¤ μΉ΄λ“ νƒμ§€ μ‹μ‘ (νμ΄μ§€ 1) ===
2025-06-10 23:27:03,627 - INFO - β λ” μ΄μƒ λ‰΄μ¤κ°€ μ—†μµλ‹λ‹¤ (νμ΄μ§€ 1)
2025-06-10 23:27:03,627 - INFO - π“… 20241207 to 20241213 μμ§‘ μ™„λ£
2025-06-10 23:27:03,627 - INFO - ================================
2025-06-10 23:27:03,627 - INFO - π“„ 20241214λ¶€ν„° 20241220κΉμ§€μ λ‰΄μ¤ μμ§‘ μ‹μ‘
2025-06-10 23:27:03,627 - INFO - β° μλ„μ° μ ν•: 1.7μ΄ λ€κΈ° μ¤‘... (60μ΄μ— 10ν μ ν•)
2025-06-10 23:27:05,862 - INFO - π μ ‘μ† URL: https://search.naver.com/search.naver?where=news&query="λ…Έν‚¤μ¦μ΅΄"&nso=so:r,p:from20241214to20241220,a:all&start=1&service_area=1&office_category=4
2025-06-10 23:27:08,981 - INFO - === π― λ‰΄μ¤ μΉ΄λ“ νƒμ§€ μ‹μ‘ (νμ΄μ§€ 1) ===
2025-06-10 23:27:08,997 - INFO - β λ” μ΄μƒ λ‰΄μ¤κ°€ μ—†μµλ‹λ‹¤ (νμ΄μ§€ 1)
2025-06-10 23:27:08,997 - INFO - π“… 20241214 to 20241220 μμ§‘ μ™„λ£
2025-06-10 23:27:08,997 - INFO - ================================
2025-06-10 23:27:08,997 - INFO - π“„ 20241221λ¶€ν„° 20241227κΉμ§€μ λ‰΄μ¤ μμ§‘ μ‹μ‘
2025-06-10 23:27:08,997 - INFO - β° μλ„μ° μ ν•: 1.6μ΄ λ€κΈ° μ¤‘... (60μ΄μ— 10ν μ ν•)
2025-06-10 23:27:11,115 - INFO - π“ μ”μ²­ ν†µκ³„: 30ν μ™„λ£, ν‰κ·  λ€κΈ°: 1.4μ΄
2025-06-10 23:27:11,115 - INFO - π μ ‘μ† URL: https://search.naver.com/search.naver?where=news&query="λ…Έν‚¤μ¦μ΅΄"&nso=so:r,p:from20241221to20241227,a:all&start=1&service_area=1&office_category=4
2025-06-10 23:27:14,239 - INFO - === π― λ‰΄μ¤ μΉ΄λ“ νƒμ§€ μ‹μ‘ (νμ΄μ§€ 1) ===
2025-06-10 23:27:14,290 - INFO - β… 1κ°μ λ‰΄μ¤ μΉ΄λ“ λ°κ²¬!
2025-06-10 23:27:14,290 - INFO - --- π“° λ‰΄μ¤ 1 μ²λ¦¬ μ¤‘ (νμ΄μ§€ 1) ---
2025-06-10 23:27:14,311 - INFO -         λ„¤μ΄λ²„ URL: https://n.news.naver.com/mnews/article/047/0002457410?sid=102
2025-06-10 23:27:14,311 - INFO -         μ›λ³Έ URL: https://www.ohmynews.com/NWS_Web/View/at_pg.aspx?CNTN_CD=A0003090495&CMPT_CD=P0010&utm_source=naver&utm_medium=newsearch&utm_campaign=naver_news
2025-06-10 23:27:14,332 - INFO -     β… μ¶”μ¶ μ™„λ£: κΈμ½μ΄ λ…Έλ™μμ μΌν„° μƒμ΅΄κΈ°... | μ¤λ§μ΄λ‰΄μ¤ | 2024.12.24.
2025-06-10 23:27:14,333 - INFO - π“„ νμ΄μ§€ 1 μ™„λ£
2025-06-10 23:27:16,336 - INFO - β… 20241221 to 20241227 λ‰΄μ¤ μμ§‘ μ™„λ£
2025-06-10 23:27:16,337 - INFO - π“… 20241221 to 20241227 μμ§‘ μ™„λ£
2025-06-10 23:27:16,337 - INFO - ================================
2025-06-10 23:27:16,337 - INFO - π“„ 20241228λ¶€ν„° 20250103κΉμ§€μ λ‰΄μ¤ μμ§‘ μ‹μ‘
2025-06-10 23:27:16,338 - INFO - β° μλ„μ° μ ν•: 7.0μ΄ λ€κΈ° μ¤‘... (60μ΄μ— 10ν μ ν•)
2025-06-10 23:27:23,854 - INFO - π μ ‘μ† URL: https://search.naver.com/search.naver?where=news&query="λ…Έν‚¤μ¦μ΅΄"&nso=so:r,p:from20241228to20250103,a:all&start=1&service_area=1&office_category=4
2025-06-10 23:27:26,978 - INFO - === π― λ‰΄μ¤ μΉ΄λ“ νƒμ§€ μ‹μ‘ (νμ΄μ§€ 1) ===
2025-06-10 23:27:26,996 - INFO - β λ” μ΄μƒ λ‰΄μ¤κ°€ μ—†μµλ‹λ‹¤ (νμ΄μ§€ 1)
2025-06-10 23:27:26,996 - INFO - π“… 20241228 to 20250103 μμ§‘ μ™„λ£
2025-06-10 23:27:26,997 - INFO - ================================
2025-06-10 23:27:26,997 - INFO - π“„ 20250104λ¶€ν„° 20250110κΉμ§€μ λ‰΄μ¤ μμ§‘ μ‹μ‘
2025-06-10 23:27:26,997 - INFO - β° μλ„μ° μ ν•: 1.6μ΄ λ€κΈ° μ¤‘... (60μ΄μ— 10ν μ ν•)
2025-06-10 23:27:29,077 - INFO - π μ ‘μ† URL: https://search.naver.com/search.naver?where=news&query="λ…Έν‚¤μ¦μ΅΄"&nso=so:r,p:from20250104to20250110,a:all&start=1&service_area=1&office_category=4
2025-06-10 23:27:32,204 - INFO - === π― λ‰΄μ¤ μΉ΄λ“ νƒμ§€ μ‹μ‘ (νμ΄μ§€ 1) ===
2025-06-10 23:27:32,220 - INFO - β λ” μ΄μƒ λ‰΄μ¤κ°€ μ—†μµλ‹λ‹¤ (νμ΄μ§€ 1)
2025-06-10 23:27:32,220 - INFO - π“… 20250104 to 20250110 μμ§‘ μ™„λ£
2025-06-10 23:27:32,221 - INFO - ================================
2025-06-10 23:27:32,221 - INFO - π“„ 20250111λ¶€ν„° 20250117κΉμ§€μ λ‰΄μ¤ μμ§‘ μ‹μ‘
2025-06-10 23:27:32,221 - INFO - β° μλ„μ° μ ν•: 2.0μ΄ λ€κΈ° μ¤‘... (60μ΄μ— 10ν μ ν•)
2025-06-10 23:27:34,731 - INFO - π μ ‘μ† URL: https://search.naver.com/search.naver?where=news&query="λ…Έν‚¤μ¦μ΅΄"&nso=so:r,p:from20250111to20250117,a:all&start=1&service_area=1&office_category=4
2025-06-10 23:27:37,858 - INFO - === π― λ‰΄μ¤ μΉ΄λ“ νƒμ§€ μ‹μ‘ (νμ΄μ§€ 1) ===
2025-06-10 23:27:37,880 - INFO - β… 2κ°μ λ‰΄μ¤ μΉ΄λ“ λ°κ²¬!
2025-06-10 23:27:37,880 - INFO - --- π“° λ‰΄μ¤ 1 μ²λ¦¬ μ¤‘ (νμ΄μ§€ 1) ---
2025-06-10 23:27:37,910 - INFO -         λ„¤μ΄λ²„ URL: https://n.news.naver.com/mnews/article/031/0000900572?sid=101
2025-06-10 23:27:37,911 - INFO -         μ›λ³Έ URL: http://www.inews24.com/view/1802951
2025-06-10 23:27:37,933 - INFO -     β… μ¶”μ¶ μ™„λ£: "ν‚¤μ¦μΉ΄ν λ€μ‹  λ°±ν™”μ "β‹―μ΅μ•„κ³ κ° λ¨μ‹λ” μ ν†µκ°€... | μ•„μ΄λ‰΄μ¤24 | 2025.01.12.
2025-06-10 23:27:37,933 - INFO - --- π“° λ‰΄μ¤ 2 μ²λ¦¬ μ¤‘ (νμ΄μ§€ 1) ---
2025-06-10 23:27:37,952 - INFO -         λ„¤μ΄λ²„ URL: https://n.news.naver.com/mnews/article/417/0001052602?sid=102
2025-06-10 23:27:37,952 - INFO -         μ›λ³Έ URL: https://www.moneys.co.kr/article/2025011707551765126
2025-06-10 23:27:37,971 - INFO -     β… μ¶”μ¶ μ™„λ£: "μ΄κ±΄ μΆ€"β€¦ μΉ΄νμ— λ°λ‚©λ μ –μ€ ν΄μ§€, μ•κ³ λ³΄λ‹ μ•„μ΄... | λ¨Έλ‹S | 2025.01.17.
2025-06-10 23:27:37,971 - INFO - π“„ νμ΄μ§€ 1 μ™„λ£
2025-06-10 23:27:39,974 - INFO - β… 20250111 to 20250117 λ‰΄μ¤ μμ§‘ μ™„λ£
2025-06-10 23:27:39,975 - INFO - π“… 20250111 to 20250117 μμ§‘ μ™„λ£
2025-06-10 23:27:39,975 - INFO - ================================
2025-06-10 23:27:39,975 - INFO - π“„ 20250118λ¶€ν„° 20250124κΉμ§€μ λ‰΄μ¤ μμ§‘ μ‹μ‘
2025-06-10 23:27:39,975 - INFO - π μ ‘μ† URL: https://search.naver.com/search.naver?where=news&query="λ…Έν‚¤μ¦μ΅΄"&nso=so:r,p:from20250118to20250124,a:all&start=1&service_area=1&office_category=4
2025-06-10 23:27:43,100 - INFO - === π― λ‰΄μ¤ μΉ΄λ“ νƒμ§€ μ‹μ‘ (νμ΄μ§€ 1) ===
2025-06-10 23:27:43,151 - INFO - β… 1κ°μ λ‰΄μ¤ μΉ΄λ“ λ°κ²¬!
2025-06-10 23:27:43,151 - INFO - --- π“° λ‰΄μ¤ 1 μ²λ¦¬ μ¤‘ (νμ΄μ§€ 1) ---
2025-06-10 23:27:43,173 - INFO -         λ„¤μ΄λ²„ URL: https://n.news.naver.com/mnews/article/002/0002369812?sid=102
2025-06-10 23:27:43,173 - INFO -         μ›λ³Έ URL: https://www.pressian.com/pages/articles/2025012111392203322?utm_source=naver&utm_medium=search
2025-06-10 23:27:43,193 - INFO -     β… μ¶”μ¶ μ™„λ£: μ•„λ™μΉν™”λ„μ‹ μ™„μ£Όκµ°μ— μ²« μ•„λ™μΉν™”μƒμ  μ•„μ΄λ¬λΈμ΅΄ κ°μ†ν–... | ν”„λ μ‹μ• | 2025.01.21.
2025-06-10 23:27:43,193 - INFO - π“„ νμ΄μ§€ 1 μ™„λ£
2025-06-10 23:27:45,197 - INFO - β… 20250118 to 20250124 λ‰΄μ¤ μμ§‘ μ™„λ£
2025-06-10 23:27:45,198 - INFO - π“… 20250118 to 20250124 μμ§‘ μ™„λ£
2025-06-10 23:27:45,198 - INFO - ================================
2025-06-10 23:27:45,198 - INFO - π“„ 20250125λ¶€ν„° 20250131κΉμ§€μ λ‰΄μ¤ μμ§‘ μ‹μ‘
2025-06-10 23:27:45,198 - INFO - π μ ‘μ† URL: https://search.naver.com/search.naver?where=news&query="λ…Έν‚¤μ¦μ΅΄"&nso=so:r,p:from20250125to20250131,a:all&start=1&service_area=1&office_category=4
2025-06-10 23:27:48,341 - INFO - === π― λ‰΄μ¤ μΉ΄λ“ νƒμ§€ μ‹μ‘ (νμ΄μ§€ 1) ===
2025-06-10 23:27:48,358 - INFO - β λ” μ΄μƒ λ‰΄μ¤κ°€ μ—†μµλ‹λ‹¤ (νμ΄μ§€ 1)
2025-06-10 23:27:48,358 - INFO - π“… 20250125 to 20250131 μμ§‘ μ™„λ£
2025-06-10 23:27:48,358 - INFO - ================================
2025-06-10 23:27:48,358 - INFO - π“„ 20250201λ¶€ν„° 20250207κΉμ§€μ λ‰΄μ¤ μμ§‘ μ‹μ‘
2025-06-10 23:27:48,358 - INFO - β° μλ„μ° μ ν•: 1.7μ΄ λ€κΈ° μ¤‘... (60μ΄μ— 10ν μ ν•)
2025-06-10 23:27:50,513 - INFO - π μ ‘μ† URL: https://search.naver.com/search.naver?where=news&query="λ…Έν‚¤μ¦μ΅΄"&nso=so:r,p:from20250201to20250207,a:all&start=1&service_area=1&office_category=4
2025-06-10 23:27:53,661 - INFO - === π― λ‰΄μ¤ μΉ΄λ“ νƒμ§€ μ‹μ‘ (νμ΄μ§€ 1) ===
2025-06-10 23:27:53,683 - INFO - β… 3κ°μ λ‰΄μ¤ μΉ΄λ“ λ°κ²¬!
2025-06-10 23:27:53,683 - INFO - --- π“° λ‰΄μ¤ 1 μ²λ¦¬ μ¤‘ (νμ΄μ§€ 1) ---
2025-06-10 23:27:53,712 - INFO -         λ„¤μ΄λ²„ URL: https://n.news.naver.com/mnews/article/629/0000361945?sid=102
2025-06-10 23:27:53,712 - INFO -         μ›λ³Έ URL: https://news.tf.co.kr/read/national/2176147.htm
2025-06-10 23:27:53,735 - INFO -     β… μ¶”μ¶ μ™„λ£: μ™„μ£Όκµ°, μ•„λ™μΉν™”μƒμ  'μ•„μ΄λ¬λΈμ΅΄' 40κ³³μΌλ΅ ν™•λ€... | λ”ν©νΈ | 2025.02.05.
2025-06-10 23:27:53,735 - INFO - --- π“° λ‰΄μ¤ 2 μ²λ¦¬ μ¤‘ (νμ΄μ§€ 1) ---
2025-06-10 23:27:53,754 - INFO -         λ„¤μ΄λ²„ URL: https://n.news.naver.com/mnews/article/031/0000905956?sid=102
2025-06-10 23:27:53,754 - INFO -         μ›λ³Έ URL: http://www.inews24.com/view/1810248
2025-06-10 23:27:53,773 - INFO -     β… μ¶”μ¶ μ™„λ£: μ™„μ£Όκµ°, μ•„λ™μΉν™”μƒμ  'μ•„μ΄λ¬λΈμ΅΄' μ΅°μ„± μ‚¬μ—… μ¶”μ§„... | μ•„μ΄λ‰΄μ¤24 | 2025.02.05.
2025-06-10 23:27:53,773 - INFO - --- π“° λ‰΄μ¤ 3 μ²λ¦¬ μ¤‘ (νμ΄μ§€ 1) ---
2025-06-10 23:27:53,790 - INFO -         λ„¤μ΄λ²„ URL: https://n.news.naver.com/mnews/article/002/0002371498?sid=102
2025-06-10 23:27:53,790 - INFO -         μ›λ³Έ URL: https://www.pressian.com/pages/articles/2025020511020664080?utm_source=naver&utm_medium=search
2025-06-10 23:27:53,809 - INFO -     β… μ¶”μ¶ μ™„λ£: "18μ„Έ μ΄ν• κ³ κ°μ—κ² 10% ν• μΈ"β€¦μ™„μ£Όκµ°, μ•„λ™μΉν™”... | ν”„λ μ‹μ• | 2025.02.05.
2025-06-10 23:27:53,809 - INFO - π“„ νμ΄μ§€ 1 μ™„λ£
2025-06-10 23:27:55,810 - INFO - β… 20250201 to 20250207 λ‰΄μ¤ μμ§‘ μ™„λ£
2025-06-10 23:27:55,811 - INFO - π“… 20250201 to 20250207 μμ§‘ μ™„λ£
2025-06-10 23:27:55,811 - INFO - ================================
2025-06-10 23:27:55,812 - INFO - π“„ 20250208λ¶€ν„° 20250214κΉμ§€μ λ‰΄μ¤ μμ§‘ μ‹μ‘
2025-06-10 23:27:55,812 - INFO - π μ ‘μ† URL: https://search.naver.com/search.naver?where=news&query="λ…Έν‚¤μ¦μ΅΄"&nso=so:r,p:from20250208to20250214,a:all&start=1&service_area=1&office_category=4
2025-06-10 23:27:58,936 - INFO - === π― λ‰΄μ¤ μΉ΄λ“ νƒμ§€ μ‹μ‘ (νμ΄μ§€ 1) ===
2025-06-10 23:27:58,953 - INFO - β λ” μ΄μƒ λ‰΄μ¤κ°€ μ—†μµλ‹λ‹¤ (νμ΄μ§€ 1)
2025-06-10 23:27:58,954 - INFO - π“… 20250208 to 20250214 μμ§‘ μ™„λ£
2025-06-10 23:27:58,954 - INFO - ================================
2025-06-10 23:27:58,954 - INFO - π“„ 20250215λ¶€ν„° 20250221κΉμ§€μ λ‰΄μ¤ μμ§‘ μ‹μ‘
2025-06-10 23:27:58,954 - INFO - β° μλ„μ° μ ν•: 1.5μ΄ λ€κΈ° μ¤‘... (60μ΄μ— 10ν μ ν•)
2025-06-10 23:28:00,987 - INFO - π μ ‘μ† URL: https://search.naver.com/search.naver?where=news&query="λ…Έν‚¤μ¦μ΅΄"&nso=so:r,p:from20250215to20250221,a:all&start=1&service_area=1&office_category=4
2025-06-10 23:28:04,122 - INFO - === π― λ‰΄μ¤ μΉ΄λ“ νƒμ§€ μ‹μ‘ (νμ΄μ§€ 1) ===
2025-06-10 23:28:04,141 - INFO - β λ” μ΄μƒ λ‰΄μ¤κ°€ μ—†μµλ‹λ‹¤ (νμ΄μ§€ 1)
2025-06-10 23:28:04,141 - INFO - π“… 20250215 to 20250221 μμ§‘ μ™„λ£
2025-06-10 23:28:04,141 - INFO - ================================
2025-06-10 23:28:04,141 - INFO - π“„ 20250222λ¶€ν„° 20250228κΉμ§€μ λ‰΄μ¤ μμ§‘ μ‹μ‘
2025-06-10 23:28:04,141 - INFO - β° μλ„μ° μ ν•: 1.7μ΄ λ€κΈ° μ¤‘... (60μ΄μ— 10ν μ ν•)
2025-06-10 23:28:06,366 - INFO - π μ ‘μ† URL: https://search.naver.com/search.naver?where=news&query="λ…Έν‚¤μ¦μ΅΄"&nso=so:r,p:from20250222to20250228,a:all&start=1&service_area=1&office_category=4
2025-06-10 23:28:09,493 - INFO - === π― λ‰΄μ¤ μΉ΄λ“ νƒμ§€ μ‹μ‘ (νμ΄μ§€ 1) ===
2025-06-10 23:28:09,544 - INFO - β… 1κ°μ λ‰΄μ¤ μΉ΄λ“ λ°κ²¬!
2025-06-10 23:28:09,544 - INFO - --- π“° λ‰΄μ¤ 1 μ²λ¦¬ μ¤‘ (νμ΄μ§€ 1) ---
2025-06-10 23:28:09,566 - INFO -         λ„¤μ΄λ²„ URL: https://n.news.naver.com/mnews/article/031/0000912024?sid=102
2025-06-10 23:28:09,566 - INFO -         μ›λ³Έ URL: http://www.inews24.com/view/1817918
2025-06-10 23:28:09,592 - INFO -     β… μ¶”μ¶ μ™„λ£: κ²½μ‚°μ‹, 2025λ…„ μ•„λ™μΉν™”μμ‹μ ,'μ›°μ»΄ν‚¤μ¦μ΅΄' μ΄μ ... | μ•„μ΄λ‰΄μ¤24 | 2025.02.26.
2025-06-10 23:28:09,593 - INFO - π“„ νμ΄μ§€ 1 μ™„λ£
2025-06-10 23:28:11,597 - INFO - β… 20250222 to 20250228 λ‰΄μ¤ μμ§‘ μ™„λ£
2025-06-10 23:28:11,597 - INFO - π“… 20250222 to 20250228 μμ§‘ μ™„λ£
2025-06-10 23:28:11,597 - INFO - ================================
2025-06-10 23:28:11,598 - INFO - π“„ 20250301λ¶€ν„° 20250307κΉμ§€μ λ‰΄μ¤ μμ§‘ μ‹μ‘
2025-06-10 23:28:11,598 - INFO - π“ μ”μ²­ ν†µκ³„: 40ν μ™„λ£, ν‰κ·  λ€κΈ°: 1.5μ΄
2025-06-10 23:28:11,598 - INFO - π μ ‘μ† URL: https://search.naver.com/search.naver?where=news&query="λ…Έν‚¤μ¦μ΅΄"&nso=so:r,p:from20250301to20250307,a:all&start=1&service_area=1&office_category=4
2025-06-10 23:28:14,727 - INFO - === π― λ‰΄μ¤ μΉ΄λ“ νƒμ§€ μ‹μ‘ (νμ΄μ§€ 1) ===
2025-06-10 23:28:14,744 - INFO - β λ” μ΄μƒ λ‰΄μ¤κ°€ μ—†μµλ‹λ‹¤ (νμ΄μ§€ 1)
2025-06-10 23:28:14,744 - INFO - π“… 20250301 to 20250307 μμ§‘ μ™„λ£
2025-06-10 23:28:14,744 - INFO - ================================
2025-06-10 23:28:14,744 - INFO - π“„ 20250308λ¶€ν„° 20250314κΉμ§€μ λ‰΄μ¤ μμ§‘ μ‹μ‘
2025-06-10 23:28:14,744 - INFO - β° μλ„μ° μ ν•: 9.1μ΄ λ€κΈ° μ¤‘... (60μ΄μ— 10ν μ ν•)
2025-06-10 23:28:24,359 - INFO - π μ ‘μ† URL: https://search.naver.com/search.naver?where=news&query="λ…Έν‚¤μ¦μ΅΄"&nso=so:r,p:from20250308to20250314,a:all&start=1&service_area=1&office_category=4
2025-06-10 23:28:27,483 - INFO - === π― λ‰΄μ¤ μΉ΄λ“ νƒμ§€ μ‹μ‘ (νμ΄μ§€ 1) ===
2025-06-10 23:28:27,535 - INFO - β… 1κ°μ λ‰΄μ¤ μΉ΄λ“ λ°κ²¬!
2025-06-10 23:28:27,535 - INFO - --- π“° λ‰΄μ¤ 1 μ²λ¦¬ μ¤‘ (νμ΄μ§€ 1) ---
2025-06-10 23:28:27,557 - INFO -         λ„¤μ΄λ²„ URL: https://n.news.naver.com/mnews/article/417/0001063266?sid=102
2025-06-10 23:28:27,557 - INFO -         μ›λ³Έ URL: https://www.moneys.co.kr/article/2025031208445287067
2025-06-10 23:28:27,578 - INFO -     β… μ¶”μ¶ μ™„λ£: 'λ…Έν‚¤μ¦μ΅΄' μΉ΄νμ„ μ μ§€λ‹Ήν•μβ€¦ "μ°λ¦¬ μ• λ” ν‚¤μ¦ μ•„λ‹... | λ¨Έλ‹S | 2025.03.12.
2025-06-10 23:28:27,578 - INFO - π“„ νμ΄μ§€ 1 μ™„λ£
2025-06-10 23:28:29,582 - INFO - β… 20250308 to 20250314 λ‰΄μ¤ μμ§‘ μ™„λ£
2025-06-10 23:28:29,583 - INFO - π“… 20250308 to 20250314 μμ§‘ μ™„λ£
2025-06-10 23:28:29,583 - INFO - ================================
2025-06-10 23:28:29,584 - INFO - π“„ 20250315λ¶€ν„° 20250321κΉμ§€μ λ‰΄μ¤ μμ§‘ μ‹μ‘
2025-06-10 23:28:29,584 - INFO - π μ ‘μ† URL: https://search.naver.com/search.naver?where=news&query="λ…Έν‚¤μ¦μ΅΄"&nso=so:r,p:from20250315to20250321,a:all&start=1&service_area=1&office_category=4
2025-06-10 23:28:32,705 - INFO - === π― λ‰΄μ¤ μΉ΄λ“ νƒμ§€ μ‹μ‘ (νμ΄μ§€ 1) ===
2025-06-10 23:28:32,756 - INFO - β… 1κ°μ λ‰΄μ¤ μΉ΄λ“ λ°κ²¬!
2025-06-10 23:28:32,756 - INFO - --- π“° λ‰΄μ¤ 1 μ²λ¦¬ μ¤‘ (νμ΄μ§€ 1) ---
2025-06-10 23:28:32,777 - INFO -         λ„¤μ΄λ²„ URL: https://n.news.naver.com/mnews/article/079/0004004464?sid=102
2025-06-10 23:28:32,777 - INFO -         μ›λ³Έ URL: https://www.nocutnews.co.kr/news/6311399?utm_source=naver&utm_medium=article&utm_campaign=20250320054832
2025-06-10 23:28:32,798 - INFO -     β… μ¶”μ¶ μ™„λ£: μ΄νλ€ κµ­μ¥ "μ μ£Όλ„λ―Ό λ„κµ¬λ‚ νΈν λ„λ¦¬λ” μ μ£Όν• λ³µμ§€... | λ…Έμ»·λ‰΄μ¤ | 2025.03.20.
2025-06-10 23:28:32,798 - INFO - π“„ νμ΄μ§€ 1 μ™„λ£
2025-06-10 23:28:34,799 - INFO - β… 20250315 to 20250321 λ‰΄μ¤ μμ§‘ μ™„λ£
2025-06-10 23:28:34,800 - INFO - π“… 20250315 to 20250321 μμ§‘ μ™„λ£
2025-06-10 23:28:34,800 - INFO - ================================
2025-06-10 23:28:34,800 - INFO - π“„ 20250322λ¶€ν„° 20250328κΉμ§€μ λ‰΄μ¤ μμ§‘ μ‹μ‘
2025-06-10 23:28:34,800 - INFO - π μ ‘μ† URL: https://search.naver.com/search.naver?where=news&query="λ…Έν‚¤μ¦μ΅΄"&nso=so:r,p:from20250322to20250328,a:all&start=1&service_area=1&office_category=4
2025-06-10 23:28:37,926 - INFO - === π― λ‰΄μ¤ μΉ΄λ“ νƒμ§€ μ‹μ‘ (νμ΄μ§€ 1) ===
2025-06-10 23:28:37,943 - INFO - β λ” μ΄μƒ λ‰΄μ¤κ°€ μ—†μµλ‹λ‹¤ (νμ΄μ§€ 1)
2025-06-10 23:28:37,944 - INFO - π“… 20250322 to 20250328 μμ§‘ μ™„λ£
2025-06-10 23:28:37,944 - INFO - ================================
2025-06-10 23:28:37,944 - INFO - π“„ 20250329λ¶€ν„° 20250404κΉμ§€μ λ‰΄μ¤ μμ§‘ μ‹μ‘
2025-06-10 23:28:37,944 - INFO - β° μλ„μ° μ ν•: 2.0μ΄ λ€κΈ° μ¤‘... (60μ΄μ— 10ν μ ν•)
2025-06-10 23:28:40,480 - INFO - π μ ‘μ† URL: https://search.naver.com/search.naver?where=news&query="λ…Έν‚¤μ¦μ΅΄"&nso=so:r,p:from20250329to20250404,a:all&start=1&service_area=1&office_category=4
2025-06-10 23:28:43,610 - INFO - === π― λ‰΄μ¤ μΉ΄λ“ νƒμ§€ μ‹μ‘ (νμ΄μ§€ 1) ===
2025-06-10 23:28:43,628 - INFO - β λ” μ΄μƒ λ‰΄μ¤κ°€ μ—†μµλ‹λ‹¤ (νμ΄μ§€ 1)
2025-06-10 23:28:43,628 - INFO - π“… 20250329 to 20250404 μμ§‘ μ™„λ£
2025-06-10 23:28:43,628 - INFO - ================================
2025-06-10 23:28:43,628 - INFO - π“„ 20250405λ¶€ν„° 20250411κΉμ§€μ λ‰΄μ¤ μμ§‘ μ‹μ‘
2025-06-10 23:28:43,628 - INFO - β° μλ„μ° μ ν•: 1.6μ΄ λ€κΈ° μ¤‘... (60μ΄μ— 10ν μ ν•)
2025-06-10 23:28:45,702 - INFO - π μ ‘μ† URL: https://search.naver.com/search.naver?where=news&query="λ…Έν‚¤μ¦μ΅΄"&nso=so:r,p:from20250405to20250411,a:all&start=1&service_area=1&office_category=4
2025-06-10 23:28:48,819 - INFO - === π― λ‰΄μ¤ μΉ΄λ“ νƒμ§€ μ‹μ‘ (νμ΄μ§€ 1) ===
2025-06-10 23:28:48,832 - INFO - β λ” μ΄μƒ λ‰΄μ¤κ°€ μ—†μµλ‹λ‹¤ (νμ΄μ§€ 1)
2025-06-10 23:28:48,832 - INFO - π“… 20250405 to 20250411 μμ§‘ μ™„λ£
2025-06-10 23:28:48,832 - INFO - ================================
2025-06-10 23:28:48,832 - INFO - π“„ 20250412λ¶€ν„° 20250418κΉμ§€μ λ‰΄μ¤ μμ§‘ μ‹μ‘
2025-06-10 23:28:48,832 - INFO - β° μλ„μ° μ ν•: 1.7μ΄ λ€κΈ° μ¤‘... (60μ΄μ— 10ν μ ν•)
2025-06-10 23:28:51,016 - INFO - π μ ‘μ† URL: https://search.naver.com/search.naver?where=news&query="λ…Έν‚¤μ¦μ΅΄"&nso=so:r,p:from20250412to20250418,a:all&start=1&service_area=1&office_category=4
2025-06-10 23:28:54,142 - INFO - === π― λ‰΄μ¤ μΉ΄λ“ νƒμ§€ μ‹μ‘ (νμ΄μ§€ 1) ===
2025-06-10 23:28:54,166 - INFO - β… 2κ°μ λ‰΄μ¤ μΉ΄λ“ λ°κ²¬!
2025-06-10 23:28:54,166 - INFO - --- π“° λ‰΄μ¤ 1 μ²λ¦¬ μ¤‘ (νμ΄μ§€ 1) ---
2025-06-10 23:28:54,196 - INFO -         λ„¤μ΄λ²„ URL: https://n.news.naver.com/mnews/article/002/0002383915?sid=102
2025-06-10 23:28:54,196 - INFO -         μ›λ³Έ URL: https://www.pressian.com/pages/articles/2025041615192448888?utm_source=naver&utm_medium=search
2025-06-10 23:28:54,218 - INFO -     β… μ¶”μ¶ μ™„λ£: μλ•κµ°, μ•„λ™μΉν™” μμ‹μ  β€μ›°μ»΄ν‚¤μ¦μ΅΄β€™ ν™•λ€ β€¦3κ°μ† ... | ν”„λ μ‹μ• | 2025.04.16.
2025-06-10 23:28:54,218 - INFO - --- π“° λ‰΄μ¤ 2 μ²λ¦¬ μ¤‘ (νμ΄μ§€ 1) ---
2025-06-10 23:28:54,237 - INFO -         λ„¤μ΄λ²„ URL: https://n.news.naver.com/mnews/article/006/0000129470?sid=103
2025-06-10 23:28:54,238 - INFO -         μ›λ³Έ URL: https://www.mediatoday.co.kr/news/articleView.html?idxno=325598
2025-06-10 23:28:54,257 - INFO -     β… μ¶”μ¶ μ™„λ£: 'λ”©λ™λ• μ μΉμ›' λ°λ‹¬μ¥μ•  μΊλ¦­ν„° λ§λ“  PDκ°€ λ“¤μ€ λ§... | λ―Έλ””μ–΄μ¤λ | 2025.04.13.
2025-06-10 23:28:54,257 - INFO - π“„ νμ΄μ§€ 1 μ™„λ£
2025-06-10 23:28:56,258 - INFO - β… 20250412 to 20250418 λ‰΄μ¤ μμ§‘ μ™„λ£
2025-06-10 23:28:56,258 - INFO - π“… 20250412 to 20250418 μμ§‘ μ™„λ£
2025-06-10 23:28:56,259 - INFO - ================================
2025-06-10 23:28:56,259 - INFO - π“„ 20250419λ¶€ν„° 20250425κΉμ§€μ λ‰΄μ¤ μμ§‘ μ‹μ‘
2025-06-10 23:28:56,259 - INFO - π μ ‘μ† URL: https://search.naver.com/search.naver?where=news&query="λ…Έν‚¤μ¦μ΅΄"&nso=so:r,p:from20250419to20250425,a:all&start=1&service_area=1&office_category=4
2025-06-10 23:28:59,382 - INFO - === π― λ‰΄μ¤ μΉ΄λ“ νƒμ§€ μ‹μ‘ (νμ΄μ§€ 1) ===
2025-06-10 23:28:59,433 - INFO - β… 1κ°μ λ‰΄μ¤ μΉ΄λ“ λ°κ²¬!
2025-06-10 23:28:59,433 - INFO - --- π“° λ‰΄μ¤ 1 μ²λ¦¬ μ¤‘ (νμ΄μ§€ 1) ---
2025-06-10 23:28:59,454 - INFO -         λ„¤μ΄λ²„ URL: https://n.news.naver.com/mnews/article/031/0000926832?sid=102
2025-06-10 23:28:59,454 - INFO -         μ›λ³Έ URL: http://www.inews24.com/view/1837230
2025-06-10 23:28:59,474 - INFO -     β… μ¶”μ¶ μ™„λ£: λ€κµ¬ λ‹¬μ„±κµ°, κ°€μ •μ λ‹¬ 5μ›” μ–΄λ¦°μ΄ μ²΄ν— ν”„λ΅κ·Έλ¨ ν’... | μ•„μ΄λ‰΄μ¤24 | 2025.04.23.
2025-06-10 23:28:59,474 - INFO - π“„ νμ΄μ§€ 1 μ™„λ£
2025-06-10 23:29:01,478 - INFO - β… 20250419 to 20250425 λ‰΄μ¤ μμ§‘ μ™„λ£
2025-06-10 23:29:01,478 - INFO - π“… 20250419 to 20250425 μμ§‘ μ™„λ£
2025-06-10 23:29:01,479 - INFO - ================================
2025-06-10 23:29:01,479 - INFO - π“„ 20250426λ¶€ν„° 20250502κΉμ§€μ λ‰΄μ¤ μμ§‘ μ‹μ‘
2025-06-10 23:29:01,479 - INFO - π μ ‘μ† URL: https://search.naver.com/search.naver?where=news&query="λ…Έν‚¤μ¦μ΅΄"&nso=so:r,p:from20250426to20250502,a:all&start=1&service_area=1&office_category=4
2025-06-10 23:29:04,616 - INFO - === π― λ‰΄μ¤ μΉ΄λ“ νƒμ§€ μ‹μ‘ (νμ΄μ§€ 1) ===
2025-06-10 23:29:04,668 - INFO - β… 1κ°μ λ‰΄μ¤ μΉ΄λ“ λ°κ²¬!
2025-06-10 23:29:04,669 - INFO - --- π“° λ‰΄μ¤ 1 μ²λ¦¬ μ¤‘ (νμ΄μ§€ 1) ---
2025-06-10 23:29:04,689 - INFO -         λ„¤μ΄λ²„ URL: https://n.news.naver.com/mnews/article/002/0002386494?sid=102
2025-06-10 23:29:04,690 - INFO -         μ›λ³Έ URL: https://www.pressian.com/pages/articles/2025050112501314948?utm_source=naver&utm_medium=search
2025-06-10 23:29:04,710 - INFO -     β… μ¶”μ¶ μ™„λ£: μ™„μ£Όκµ° β€μ•„λ™μΉν™”μƒμ β€™, μ•„λ™μΉν™”μ£Όκ°„ λ§μ•„ 10% ν• μΈ... | ν”„λ μ‹μ• | 2025.05.01.
2025-06-10 23:29:04,710 - INFO - π“„ νμ΄μ§€ 1 μ™„λ£
2025-06-10 23:29:06,712 - INFO - β… 20250426 to 20250502 λ‰΄μ¤ μμ§‘ μ™„λ£
2025-06-10 23:29:06,713 - INFO - π“… 20250426 to 20250502 μμ§‘ μ™„λ£
2025-06-10 23:29:06,713 - INFO - ================================
2025-06-10 23:29:06,713 - INFO - π“„ 20250503λ¶€ν„° 20250509κΉμ§€μ λ‰΄μ¤ μμ§‘ μ‹μ‘
2025-06-10 23:29:06,713 - INFO - π μ ‘μ† URL: https://search.naver.com/search.naver?where=news&query="λ…Έν‚¤μ¦μ΅΄"&nso=so:r,p:from20250503to20250509,a:all&start=1&service_area=1&office_category=4
2025-06-10 23:29:09,846 - INFO - === π― λ‰΄μ¤ μΉ΄λ“ νƒμ§€ μ‹μ‘ (νμ΄μ§€ 1) ===
2025-06-10 23:29:09,868 - INFO - β… 2κ°μ λ‰΄μ¤ μΉ΄λ“ λ°κ²¬!
2025-06-10 23:29:09,869 - INFO - --- π“° λ‰΄μ¤ 1 μ²λ¦¬ μ¤‘ (νμ΄μ§€ 1) ---
2025-06-10 23:29:09,898 - INFO -         λ„¤μ΄λ²„ URL: https://n.news.naver.com/mnews/article/002/0002386927?sid=102
2025-06-10 23:29:09,898 - INFO -         μ›λ³Έ URL: https://www.pressian.com/pages/articles/2025050500140125830?utm_source=naver&utm_medium=search
2025-06-10 23:29:09,921 - INFO -     β… μ¶”μ¶ μ™„λ£: 5μ›” 5μΌμ—λ„ μ—¬μ „ν 'λ…Έν‚¤μ¦μ΅΄'μΈ μ‚¬ν[μ²­μ†λ…„ μΈκ¶μ„... | ν”„λ μ‹μ• | 2025.05.05.
2025-06-10 23:29:09,921 - INFO - --- π“° λ‰΄μ¤ 2 μ²λ¦¬ μ¤‘ (νμ΄μ§€ 1) ---
2025-06-10 23:29:09,940 - INFO -         λ„¤μ΄λ²„ URL: https://n.news.naver.com/mnews/article/047/0002472039?sid=102
2025-06-10 23:29:09,940 - INFO -         μ›λ³Έ URL: https://www.ohmynews.com/NWS_Web/View/at_pg.aspx?CNTN_CD=A0003125247&CMPT_CD=P0010&utm_source=naver&utm_medium=newsearch&utm_campaign=naver_news
2025-06-10 23:29:09,959 - INFO -     β… μ¶”μ¶ μ™„λ£: "λ…Έν‚¤μ¦μ΅΄μ€ μ°¨λ³„, μ—…μ¥ μ‚¬λ΅€ μμ§‘ ν›„ λ…λ‹¨ κ³µκ°ν•  κ²ƒ... | μ¤λ§μ΄λ‰΄μ¤ | 2025.05.03.
2025-06-10 23:29:09,960 - INFO - π“„ νμ΄μ§€ 1 μ™„λ£
2025-06-10 23:29:11,962 - INFO - β… 20250503 to 20250509 λ‰΄μ¤ μμ§‘ μ™„λ£
2025-06-10 23:29:11,962 - INFO - π“… 20250503 to 20250509 μμ§‘ μ™„λ£
2025-06-10 23:29:11,963 - INFO - ================================
2025-06-10 23:29:11,963 - INFO - π“„ 20250510λ¶€ν„° 20250516κΉμ§€μ λ‰΄μ¤ μμ§‘ μ‹μ‘
2025-06-10 23:29:11,963 - INFO - π“ μ”μ²­ ν†µκ³„: 50ν μ™„λ£, ν‰κ·  λ€κΈ°: 1.5μ΄
2025-06-10 23:29:11,963 - INFO - π μ ‘μ† URL: https://search.naver.com/search.naver?where=news&query="λ…Έν‚¤μ¦μ΅΄"&nso=so:r,p:from20250510to20250516,a:all&start=1&service_area=1&office_category=4
2025-06-10 23:29:15,090 - INFO - === π― λ‰΄μ¤ μΉ΄λ“ νƒμ§€ μ‹μ‘ (νμ΄μ§€ 1) ===
2025-06-10 23:29:15,103 - INFO - β λ” μ΄μƒ λ‰΄μ¤κ°€ μ—†μµλ‹λ‹¤ (νμ΄μ§€ 1)
2025-06-10 23:29:15,103 - INFO - π“… 20250510 to 20250516 μμ§‘ μ™„λ£
2025-06-10 23:29:15,103 - INFO - ================================
2025-06-10 23:29:15,103 - INFO - π“„ 20250517λ¶€ν„° 20250523κΉμ§€μ λ‰΄μ¤ μμ§‘ μ‹μ‘
2025-06-10 23:29:15,103 - INFO - β° μλ„μ° μ ν•: 9.3μ΄ λ€κΈ° μ¤‘... (60μ΄μ— 10ν μ ν•)
2025-06-10 23:29:24,860 - INFO - π μ ‘μ† URL: https://search.naver.com/search.naver?where=news&query="λ…Έν‚¤μ¦μ΅΄"&nso=so:r,p:from20250517to20250523,a:all&start=1&service_area=1&office_category=4
2025-06-10 23:29:27,988 - INFO - === π― λ‰΄μ¤ μΉ΄λ“ νƒμ§€ μ‹μ‘ (νμ΄μ§€ 1) ===
2025-06-10 23:29:28,010 - INFO - β… 2κ°μ λ‰΄μ¤ μΉ΄λ“ λ°κ²¬!
2025-06-10 23:29:28,011 - INFO - --- π“° λ‰΄μ¤ 1 μ²λ¦¬ μ¤‘ (νμ΄μ§€ 1) ---
2025-06-10 23:29:28,040 - INFO -         λ„¤μ΄λ²„ URL: https://n.news.naver.com/mnews/article/047/0002474329?sid=102
2025-06-10 23:29:28,040 - INFO -         μ›λ³Έ URL: https://www.ohmynews.com/NWS_Web/View/at_pg.aspx?CNTN_CD=A0003132946&CMPT_CD=P0010&utm_source=naver&utm_medium=newsearch&utm_campaign=naver_news
2025-06-10 23:29:28,126 - INFO -     β… μ¶”μ¶ μ™„λ£: μ΄λ™μ¥μ—μ„ "μ£„μ†΅ν•λ‹¤" μ™ΈμΉ μ•„μ΄λ“¤... λ„λ¬΄ μ¬ν” μ΄... | μ¤λ§μ΄λ‰΄μ¤ | 
2025-06-10 23:29:28,126 - INFO - --- π“° λ‰΄μ¤ 2 μ²λ¦¬ μ¤‘ (νμ΄μ§€ 1) ---
2025-06-10 23:29:28,144 - INFO -         λ„¤μ΄λ²„ URL: https://n.news.naver.com/mnews/article/047/0002474164?sid=154
2025-06-10 23:29:28,144 - INFO -         μ›λ³Έ URL: https://www.ohmynews.com/NWS_Web/View/at_pg.aspx?CNTN_CD=A0003131298&CMPT_CD=P0010&utm_source=naver&utm_medium=newsearch&utm_campaign=naver_news
2025-06-10 23:29:28,214 - INFO -     β… μ¶”μ¶ μ™„λ£: λ€μ„ ν›„λ³΄λ“¤μ€ λ¨λ¥΄λ”, μ—¬μ„±λ“¤μ΄ μ¶μ‚°μ„ κΊΌλ¦¬λ” μλ§μ€ μ΄... | μ¤λ§μ΄λ‰΄μ¤ | 
2025-06-10 23:29:28,214 - INFO - π“„ νμ΄μ§€ 1 μ™„λ£
2025-06-10 23:29:30,215 - INFO - β… 20250517 to 20250523 λ‰΄μ¤ μμ§‘ μ™„λ£
2025-06-10 23:29:30,216 - INFO - π“… 20250517 to 20250523 μμ§‘ μ™„λ£
2025-06-10 23:29:30,216 - INFO - ================================
2025-06-10 23:29:30,217 - INFO - π“„ 20250524λ¶€ν„° 20250530κΉμ§€μ λ‰΄μ¤ μμ§‘ μ‹μ‘
2025-06-10 23:29:30,217 - INFO - π μ ‘μ† URL: https://search.naver.com/search.naver?where=news&query="λ…Έν‚¤μ¦μ΅΄"&nso=so:r,p:from20250524to20250530,a:all&start=1&service_area=1&office_category=4
2025-06-10 23:29:33,340 - INFO - === π― λ‰΄μ¤ μΉ΄λ“ νƒμ§€ μ‹μ‘ (νμ΄μ§€ 1) ===
2025-06-10 23:29:33,357 - INFO - β λ” μ΄μƒ λ‰΄μ¤κ°€ μ—†μµλ‹λ‹¤ (νμ΄μ§€ 1)
2025-06-10 23:29:33,357 - INFO - π“… 20250524 to 20250530 μμ§‘ μ™„λ£
2025-06-10 23:29:33,357 - INFO - ================================
2025-06-10 23:29:33,357 - INFO - π“„ 20250531λ¶€ν„° 20250531κΉμ§€μ λ‰΄μ¤ μμ§‘ μ‹μ‘
2025-06-10 23:29:33,357 - INFO - β° μλ„μ° μ ν•: 1.4μ΄ λ€κΈ° μ¤‘... (60μ΄μ— 10ν μ ν•)
2025-06-10 23:29:35,305 - INFO - π μ ‘μ† URL: https://search.naver.com/search.naver?where=news&query="λ…Έν‚¤μ¦μ΅΄"&nso=so:r,p:from20250531to20250531,a:all&start=1&service_area=1&office_category=4
2025-06-10 23:29:38,436 - INFO - === π― λ‰΄μ¤ μΉ΄λ“ νƒμ§€ μ‹μ‘ (νμ΄μ§€ 1) ===
2025-06-10 23:29:38,452 - INFO - β λ” μ΄μƒ λ‰΄μ¤κ°€ μ—†μµλ‹λ‹¤ (νμ΄μ§€ 1)
2025-06-10 23:29:38,452 - INFO - π“… 20250531 to 20250531 μμ§‘ μ™„λ£
2025-06-10 23:29:38,455 - INFO -    π“° μ „μ²΄ λ‰΄μ¤: 56κ±΄
2025-06-10 23:29:38,455 - INFO -    π”„ μ¤‘λ³µ μ κ±°: 0κ±΄
2025-06-10 23:29:38,455 - INFO -    β… μµμΆ… μ €μ¥: 56κ±΄
2025-06-10 23:29:38,455 - INFO -    β οΈ  λ°ν–‰μΌ μ—†μ: 2κ±΄
2025-06-10 23:29:38,455 - INFO -    π’Ύ μ €μ¥ μ„μΉ: results/naver_news_"λ…Έν‚¤μ¦μ΅΄"_250610_2324_(20240601to20250531).csv
2025-06-10 23:29:38,455 - INFO - π“ λ μ΄νΈ λ¦¬λ―Έν„° μµμΆ… ν†µκ³„:
2025-06-10 23:29:38,455 - INFO -    μ΄ μ”μ²­: 53ν
2025-06-10 23:29:38,455 - INFO -    μ΄ λ€κΈ° μ‹κ°„: 87.6μ΄
2025-06-10 23:29:38,455 - INFO -    ν‰κ·  λ€κΈ° μ‹κ°„: 1.7μ΄
2025-06-10 23:29:38,556 - INFO - --------------------------------------------------
2025-06-10 23:29:38,556 - INFO - β° μΆ…λ£ μ‹κ°„: 2025-06-10 23:29:38
2025-06-10 23:29:38,556 - INFO - β› μ΄ μ‹¤ν–‰ μ‹κ°„: 5λ¶„ 17.5μ΄
